#
# There is insufficient memory for the Java Runtime Environment to continue.
# Native memory allocation (malloc) failed to allocate 32744 bytes for ChunkPool::allocate
# Possible reasons:
#   The system is out of physical RAM or swap space
#   In 32 bit mode, the process size limit was hit
# Possible solutions:
#   Reduce memory load on the system
#   Increase physical memory or swap space
#   Check if swap backing store is full
#   Use 64 bit Java on a 64 bit OS
#   Decrease Java heap size (-Xmx/-Xms)
#   Decrease number of Java threads
#   Decrease Java thread stack sizes (-Xss)
#   Set larger code cache with -XX:ReservedCodeCacheSize=
# This output file may be truncated or incomplete.
#
#  Out of Memory Error (allocation.cpp:273), pid=9656, tid=0x0000000000002d2c
#
# JRE version: OpenJDK Runtime Environment (8.0_112-b06) (build 1.8.0_112-release-b06)
# Java VM: OpenJDK 64-Bit Server VM (25.112-b06 mixed mode windows-amd64 compressed oops)
# Failed to write core dump. Minidumps are not enabled by default on client versions of Windows
#

---------------  T H R E A D  ---------------

Current thread (0x00000000153f8800):  JavaThread "C2 CompilerThread1" daemon [_thread_in_native, id=11564, stack(0x0000000016b70000,0x0000000016c70000)]

Stack: [0x0000000016b70000,0x0000000016c70000]
[error occurred during error reporting (printing stack bounds), id 0xc0000005]

Native frames: (J=compiled Java code, j=interpreted, Vv=VM code, C=native code)


Current CompileTask:
C2:   5146 1199   !   4       com.android.dx.cf.code.BytecodeArray::parseInstruction (2764 bytes)


---------------  P R O C E S S  ---------------

Java Threads: ( => current thread )
  0x0000000016fe5800 JavaThread "pool-1-thread-4" [_thread_blocked, id=4068, stack(0x0000000017770000,0x0000000017870000)]
  0x0000000016fe2800 JavaThread "pool-1-thread-3" [_thread_in_Java, id=9032, stack(0x0000000017670000,0x0000000017770000)]
  0x0000000016fe1800 JavaThread "pool-1-thread-2" [_thread_in_Java, id=3424, stack(0x0000000017570000,0x0000000017670000)]
  0x0000000016fd7000 JavaThread "pool-2-thread-1" [_thread_blocked, id=9668, stack(0x0000000017470000,0x0000000017570000)]
  0x0000000016fb8800 JavaThread "pool-1-thread-1" [_thread_blocked, id=12084, stack(0x0000000017370000,0x0000000017470000)]
  0x0000000016d85800 JavaThread "Service Thread" daemon [_thread_blocked, id=12112, stack(0x0000000017170000,0x0000000017270000)]
  0x0000000015402000 JavaThread "C1 CompilerThread2" daemon [_thread_blocked, id=10868, stack(0x0000000016c70000,0x0000000016d70000)]
=>0x00000000153f8800 JavaThread "C2 CompilerThread1" daemon [_thread_in_native, id=11564, stack(0x0000000016b70000,0x0000000016c70000)]
  0x0000000015408800 JavaThread "C2 CompilerThread0" daemon [_thread_in_native, id=12068, stack(0x0000000016a70000,0x0000000016b70000)]
  0x0000000015407000 JavaThread "Attach Listener" daemon [_thread_blocked, id=5352, stack(0x0000000016970000,0x0000000016a70000)]
  0x0000000015406000 JavaThread "Signal Dispatcher" daemon [_thread_blocked, id=9584, stack(0x0000000016870000,0x0000000016970000)]
  0x0000000002c2c000 JavaThread "Finalizer" daemon [_thread_blocked, id=4204, stack(0x0000000016660000,0x0000000016760000)]
  0x0000000002c21800 JavaThread "Reference Handler" daemon [_thread_blocked, id=8040, stack(0x0000000016560000,0x0000000016660000)]
  0x0000000002b30800 JavaThread "main" [_thread_blocked, id=12000, stack(0x00000000029f0000,0x0000000002af0000)]

Other Threads:
  0x00000000153c4800 VMThread [stack: 0x0000000016460000,0x0000000016560000] [id=11568]
  0x0000000016d71800 WatcherThread [stack: 0x0000000017270000,0x0000000017370000] [id=4940]

VM state:not at safepoint (normal execution)

VM Mutex/Monitor currently owned by a thread: None

Heap:
 PSYoungGen      total 35328K, used 4770K [0x00000000eab00000, 0x00000000ed000000, 0x0000000100000000)
  eden space 32768K, 6% used [0x00000000eab00000,0x00000000ead2ade8,0x00000000ecb00000)
  from space 2560K, 99% used [0x00000000ecd80000,0x00000000ecffdc78,0x00000000ed000000)
  to   space 2560K, 0% used [0x00000000ecb00000,0x00000000ecb00000,0x00000000ecd80000)
 ParOldGen       total 44032K, used 3344K [0x00000000c0000000, 0x00000000c2b00000, 0x00000000eab00000)
  object space 44032K, 7% used [0x00000000c0000000,0x00000000c0344288,0x00000000c2b00000)
 Metaspace       used 5852K, capacity 6960K, committed 7040K, reserved 1056768K
  class space    used 564K, capacity 616K, committed 640K, reserved 1048576K

Card table byte_map: [0x00000000120f0000,0x0000000012300000] byte_map_base: 0x0000000011af0000

Marking Bits: (ParMarkBitMap*) 0x00000000535118f0
 Begin Bits: [0x0000000012860000, 0x0000000013860000)
 End Bits:   [0x0000000013860000, 0x0000000014860000)

Polling page: 0x0000000000f10000

CodeCache: size=245760Kb used=5248Kb max_used=5248Kb free=240511Kb
 bounds [0x0000000002d30000, 0x0000000003260000, 0x0000000011d30000]
 total_blobs=1539 nmethods=1275 adapters=176
 compilation: enabled

Compilation events (10 events):
Event: 5.134 Thread 0x0000000015402000 1276       3       com.android.dx.rop.type.Prototype::makeParameterArray (131 bytes)
Event: 5.135 Thread 0x0000000015402000 nmethod 1276 0x000000000324f050 code [0x000000000324f280, 0x000000000324fe58]
Event: 5.137 Thread 0x0000000015402000 1277       3       java.util.concurrent.ThreadPoolExecutor::workerCountOf (5 bytes)
Event: 5.137 Thread 0x0000000015402000 nmethod 1277 0x000000000323be50 code [0x000000000323bfa0, 0x000000000323c0d0]
Event: 5.138 Thread 0x0000000015402000 1278       3       com.android.dx.rop.cst.CstString::stringToUtf8Bytes (175 bytes)
Event: 5.139 Thread 0x0000000015402000 nmethod 1278 0x00000000032503d0 code [0x00000000032505a0, 0x0000000003250e18]
Event: 5.139 Thread 0x0000000015402000 1279       3       com.android.dx.ssa.BasicRegisterMapper::<init> (17 bytes)
Event: 5.140 Thread 0x0000000015402000 nmethod 1279 0x0000000003251210 code [0x0000000003251380, 0x0000000003251648]
Event: 5.140 Thread 0x0000000015402000 1280       3       com.android.dx.cf.code.ConcreteMethod::getMaxLocals (8 bytes)
Event: 5.140 Thread 0x0000000015402000 nmethod 1280 0x0000000003251790 code [0x00000000032518e0, 0x0000000003251ad0]

GC Heap History (4 events):
Event: 1.947 GC heap before
{Heap before GC invocations=1 (full 0):
 PSYoungGen      total 18944K, used 16384K [0x00000000eab00000, 0x00000000ec000000, 0x0000000100000000)
  eden space 16384K, 100% used [0x00000000eab00000,0x00000000ebb00000,0x00000000ebb00000)
  from space 2560K, 0% used [0x00000000ebd80000,0x00000000ebd80000,0x00000000ec000000)
  to   space 2560K, 0% used [0x00000000ebb00000,0x00000000ebb00000,0x00000000ebd80000)
 ParOldGen       total 44032K, used 0K [0x00000000c0000000, 0x00000000c2b00000, 0x00000000eab00000)
  object space 44032K, 0% used [0x00000000c0000000,0x00000000c0000000,0x00000000c2b00000)
 Metaspace       used 5573K, capacity 6768K, committed 7040K, reserved 1056768K
  class space    used 561K, capacity 616K, committed 640K, reserved 1048576K
Event: 2.277 GC heap after
Heap after GC invocations=1 (full 0):
 PSYoungGen      total 18944K, used 2533K [0x00000000eab00000, 0x00000000ed000000, 0x0000000100000000)
  eden space 16384K, 0% used [0x00000000eab00000,0x00000000eab00000,0x00000000ebb00000)
  from space 2560K, 98% used [0x00000000ebb00000,0x00000000ebd79630,0x00000000ebd80000)
  to   space 2560K, 0% used [0x00000000ecd80000,0x00000000ecd80000,0x00000000ed000000)
 ParOldGen       total 44032K, used 1281K [0x00000000c0000000, 0x00000000c2b00000, 0x00000000eab00000)
  object space 44032K, 2% used [0x00000000c0000000,0x00000000c0140670,0x00000000c2b00000)
 Metaspace       used 5573K, capacity 6768K, committed 7040K, reserved 1056768K
  class space    used 561K, capacity 616K, committed 640K, reserved 1048576K
}
Event: 5.056 GC heap before
{Heap before GC invocations=2 (full 0):
 PSYoungGen      total 18944K, used 18917K [0x00000000eab00000, 0x00000000ed000000, 0x0000000100000000)
  eden space 16384K, 100% used [0x00000000eab00000,0x00000000ebb00000,0x00000000ebb00000)
  from space 2560K, 98% used [0x00000000ebb00000,0x00000000ebd79630,0x00000000ebd80000)
  to   space 2560K, 0% used [0x00000000ecd80000,0x00000000ecd80000,0x00000000ed000000)
 ParOldGen       total 44032K, used 1281K [0x00000000c0000000, 0x00000000c2b00000, 0x00000000eab00000)
  object space 44032K, 2% used [0x00000000c0000000,0x00000000c0140670,0x00000000c2b00000)
 Metaspace       used 5845K, capacity 6960K, committed 7040K, reserved 1056768K
  class space    used 564K, capacity 616K, committed 640K, reserved 1048576K
Event: 5.123 GC heap after
Heap after GC invocations=2 (full 0):
 PSYoungGen      total 35328K, used 2551K [0x00000000eab00000, 0x00000000ed000000, 0x0000000100000000)
  eden space 32768K, 0% used [0x00000000eab00000,0x00000000eab00000,0x00000000ecb00000)
  from space 2560K, 99% used [0x00000000ecd80000,0x00000000ecffdc78,0x00000000ed000000)
  to   space 2560K, 0% used [0x00000000ecb00000,0x00000000ecb00000,0x00000000ecd80000)
 ParOldGen       total 44032K, used 3344K [0x00000000c0000000, 0x00000000c2b00000, 0x00000000eab00000)
  object space 44032K, 7% used [0x00000000c0000000,0x00000000c0344288,0x00000000c2b00000)
 Metaspace       used 5845K, capacity 6960K, committed 7040K, reserved 1056768K
  class space    used 564K, capacity 616K, committed 640K, reserved 1048576K
}

Deoptimization events (7 events):
Event: 0.595 Thread 0x0000000002b30800 Uncommon trap: reason=unstable_if action=reinterpret pc=0x0000000002e72814 method=java.lang.String.indexOf(II)I @ 49
Event: 1.462 Thread 0x0000000016fb8800 Uncommon trap: reason=unstable_if action=reinterpret pc=0x0000000002f7a450 method=java.util.HashMap.getNode(ILjava/lang/Object;)Ljava/util/HashMap$Node; @ 62
Event: 3.435 Thread 0x0000000002b30800 Uncommon trap: reason=class_check action=maybe_recompile pc=0x0000000003025894 method=com.android.dx.ssa.NormalSsaInsn.accept(Lcom/android/dx/ssa/SsaInsn$Visitor;)V @ 9
Event: 3.435 Thread 0x0000000002b30800 Uncommon trap: reason=class_check action=maybe_recompile pc=0x0000000003025894 method=com.android.dx.ssa.NormalSsaInsn.accept(Lcom/android/dx/ssa/SsaInsn$Visitor;)V @ 9
Event: 3.435 Thread 0x0000000002b30800 Uncommon trap: reason=class_check action=maybe_recompile pc=0x0000000003025894 method=com.android.dx.ssa.NormalSsaInsn.accept(Lcom/android/dx/ssa/SsaInsn$Visitor;)V @ 9
Event: 3.439 Thread 0x0000000002b30800 Uncommon trap: reason=class_check action=maybe_recompile pc=0x0000000003025894 method=com.android.dx.ssa.NormalSsaInsn.accept(Lcom/android/dx/ssa/SsaInsn$Visitor;)V @ 9
Event: 3.440 Thread 0x0000000002b30800 Uncommon trap: reason=class_check action=maybe_recompile pc=0x0000000002f962b0 method=com.android.dx.ssa.NormalSsaInsn.accept(Lcom/android/dx/ssa/SsaInsn$Visitor;)V @ 9

Internal exceptions (2 events):
Event: 0.086 Thread 0x0000000002b30800 Exception <a 'java/lang/NoSuchMethodError': Method sun.misc.Unsafe.defineClass(Ljava/lang/String;[BII)Ljava/lang/Class; name or signature does not match> (0x00000000eab07c78) thrown at [C:\src\android\AOSP-openjdk\external\jetbrains\jdk\hotspot\src\share\v«Ê’^ ¶?
Event: 0.086 Thread 0x0000000002b30800 Exception <a 'java/lang/NoSuchMethodError': Method sun.misc.Unsafe.prefetchRead(Ljava/lang/Object;J)V name or signature does not match> (0x00000000eab07f60) thrown at [C:\src\android\AOSP-openjdk\external\jetbrains\jdk\hotspot\src\share\vm\prims\jni.cpp, l

Events (10 events):
Event: 4.512 loading class java/util/TreeMap$EntrySet
Event: 4.512 loading class java/util/TreeMap$EntrySet done
Event: 4.512 loading class java/util/TreeMap$EntryIterator
Event: 4.512 loading class java/util/TreeMap$EntryIterator done
Event: 4.512 Executing VM operation: Deoptimize
Event: 4.513 Executing VM operation: Deoptimize done
Event: 4.514 Thread 0x0000000016fe2800 DEOPT PACKING pc=0x00000000031a54b4 sp=0x000000001776eb80
Event: 4.514 Thread 0x0000000016fe2800 DEOPT UNPACKING pc=0x0000000002d775bf sp=0x000000001776e8c8 mode 0
Event: 4.646 Executing VM operation: ParallelGCFailedAllocation
Event: 5.123 Executing VM operation: ParallelGCFailedAllocation done


Dynamic libraries:
0x00007ff605d70000 - 0x00007ff605da1000 	C:\Program Files\Android\Android Studio\jre\bin\java.exe
0x00007ffb16310000 - 0x00007ffb164eb000 	C:\WINDOWS\SYSTEM32\ntdll.dll
0x00007ffb161b0000 - 0x00007ffb1625e000 	C:\WINDOWS\System32\KERNEL32.DLL
0x00007ffb12320000 - 0x00007ffb12569000 	C:\WINDOWS\System32\KERNELBASE.dll
0x00007ffb160f0000 - 0x00007ffb16191000 	C:\WINDOWS\System32\ADVAPI32.dll
0x00007ffb15f10000 - 0x00007ffb15fad000 	C:\WINDOWS\System32\msvcrt.dll
0x00007ffb158b0000 - 0x00007ffb15909000 	C:\WINDOWS\System32\sechost.dll
0x00007ffb15cc0000 - 0x00007ffb15de5000 	C:\WINDOWS\System32\RPCRT4.dll
0x00007ffb13ad0000 - 0x00007ffb13c1a000 	C:\WINDOWS\System32\USER32.dll
0x00007ffb13050000 - 0x00007ffb1306e000 	C:\WINDOWS\System32\win32u.dll
0x00007ffb15fb0000 - 0x00007ffb15fd7000 	C:\WINDOWS\System32\GDI32.dll
0x00007ffb12710000 - 0x00007ffb12899000 	C:\WINDOWS\System32\gdi32full.dll
0x00007ffb12670000 - 0x00007ffb1270a000 	C:\WINDOWS\System32\msvcp_win.dll
0x00007ffb12570000 - 0x00007ffb12666000 	C:\WINDOWS\System32\ucrtbase.dll
0x00007ffb07c00000 - 0x00007ffb07e67000 	C:\WINDOWS\WinSxS\amd64_microsoft.windows.common-controls_6595b64144ccf1df_6.0.15063.0_none_108e4f62dfe5d999\COMCTL32.dll
0x00007ffb155b0000 - 0x00007ffb158a9000 	C:\WINDOWS\System32\combase.dll
0x00007ffb122b0000 - 0x00007ffb1231a000 	C:\WINDOWS\System32\bcryptPrimitives.dll
0x00007ffb13f70000 - 0x00007ffb13f9d000 	C:\WINDOWS\System32\IMM32.DLL
0x0000000052c70000 - 0x0000000052d42000 	C:\Program Files\Android\Android Studio\jre\jre\bin\msvcr100.dll
0x0000000052d50000 - 0x000000005358c000 	C:\Program Files\Android\Android Studio\jre\jre\bin\server\jvm.dll
0x00007ffb161a0000 - 0x00007ffb161a8000 	C:\WINDOWS\System32\PSAPI.DLL
0x00007ffb00600000 - 0x00007ffb00609000 	C:\WINDOWS\SYSTEM32\WSOCK32.dll
0x00007ffb13a60000 - 0x00007ffb13acc000 	C:\WINDOWS\System32\WS2_32.dll
0x00007ffb104a0000 - 0x00007ffb104c3000 	C:\WINDOWS\SYSTEM32\WINMM.dll
0x00007ffb00610000 - 0x00007ffb0061a000 	C:\WINDOWS\SYSTEM32\VERSION.dll
0x00007ffb10410000 - 0x00007ffb1043b000 	C:\WINDOWS\SYSTEM32\WINMMBASE.dll
0x00007ffb13070000 - 0x00007ffb130b9000 	C:\WINDOWS\System32\cfgmgr32.dll
0x00007ffaf3bb0000 - 0x00007ffaf3bbf000 	C:\Program Files\Android\Android Studio\jre\jre\bin\verify.dll
0x00007ffae6400000 - 0x00007ffae6429000 	C:\Program Files\Android\Android Studio\jre\jre\bin\java.dll
0x00007ffaeb470000 - 0x00007ffaeb486000 	C:\Program Files\Android\Android Studio\jre\jre\bin\zip.dll
0x00007ffb14170000 - 0x00007ffb155a7000 	C:\WINDOWS\System32\SHELL32.dll
0x00007ffb16260000 - 0x00007ffb1630a000 	C:\WINDOWS\System32\shcore.dll
0x00007ffb12950000 - 0x00007ffb13042000 	C:\WINDOWS\System32\windows.storage.dll
0x00007ffb13c20000 - 0x00007ffb13c71000 	C:\WINDOWS\System32\shlwapi.dll
0x00007ffb12060000 - 0x00007ffb12071000 	C:\WINDOWS\System32\kernel.appcore.dll
0x00007ffb11fd0000 - 0x00007ffb1201c000 	C:\WINDOWS\System32\powrprof.dll
0x00007ffb12020000 - 0x00007ffb12035000 	C:\WINDOWS\System32\profapi.dll

VM Arguments:
jvm_args: -Djava.awt.headless=true -Xmx1024M -Dfile.encoding=windows-1252 -Duser.country=GT -Duser.language=es -Duser.variant 
java_command: com.android.dx.command.Main --dex --num-threads=4 --output C:\Android Studio WorkSpace\TDPSYNC\app\build\intermediates\pre-dexed\debug\classes_f82887e2ac40d5f42504cc468c968a3a84e40d9f.jar C:\Users\Isaias\.android\build-cache\2478f470c5b88bd11f69bc9f0ac48121dc711ac8\output\jars\classes.jar
java_class_path (initial): C:\Users\Isaias\AppData\Local\Android\sdk\build-tools\25.0.0\lib\dx.jar
Launcher Type: SUN_STANDARD

Environment Variables:
PATH=C:\ProgramData\Oracle\Java\javapath;C:\Program Files (x86)\Intel\iCLS Client\;C:\Program Files\Intel\iCLS Client\;C:\WINDOWS\system32;C:\WINDOWS;C:\WINDOWS\System32\Wbem;C:\WINDOWS\System32\WindowsPowerShell\v1.0\;C:\Program Files\Intel\Intel(R) Management Engine Components\DAL;C:\Program Files (x86)\Intel\Intel(R) Management Engine Components\DAL;C:\Program Files\Intel\Intel(R) Management Engine Components\IPT;C:\Program Files (x86)\Intel\Intel(R) Management Engine Components\IPT;C:\Program Files (x86)\Common Files\lenovo\easyplussdk\bin;C:\Program Files (x86)\Lenovo\Password Manager\;C:\Users\Isaias\AppData\Local\Microsoft\WindowsApps;
USERNAME=Isaias
OS=Windows_NT
PROCESSOR_IDENTIFIER=Intel64 Family 6 Model 69 Stepping 1, GenuineIntel



---------------  S Y S T E M  ---------------

OS: Windows 10.0 , 64 bit Build 15063 (10.0.15063.0)

CPU:total 4 (2 cores per cpu, 2 threads per core) family 6 model 69 stepping 1, cmov, cx8, fxsr, mmx, sse, sse2, sse3, ssse3, sse4.1, sse4.2, popcnt, avx, avx2, aes, clmul, erms, lzcnt, ht, tsc, tscinvbit, bmi1, bmi2

Memory: 4k page, physical 4117440k(1010544k free), swap 5548992k(3708k free)

vm_info: OpenJDK 64-Bit Server VM (25.112-b06) for windows-amd64 JRE (1.8.0_112-release-b06), built on Dec  8 2016 00:54:26 by "builder" with MS VC++ 10.0 (VS2010)

time: Fri Apr 28 21:43:17 2017
elapsed time: 5 seconds (0d 0h 0m 5s)

