#
# There is insufficient memory for the Java Runtime Environment to continue.
# Native memory allocation (malloc) failed to allocate 602496 bytes for Chunk::new
# Possible reasons:
#   The system is out of physical RAM or swap space
#   In 32 bit mode, the process size limit was hit
# Possible solutions:
#   Reduce memory load on the system
#   Increase physical memory or swap space
#   Check if swap backing store is full
#   Use 64 bit Java on a 64 bit OS
#   Decrease Java heap size (-Xmx/-Xms)
#   Decrease number of Java threads
#   Decrease Java thread stack sizes (-Xss)
#   Set larger code cache with -XX:ReservedCodeCacheSize=
# This output file may be truncated or incomplete.
#
#  Out of Memory Error (allocation.cpp:390), pid=5556, tid=0x000000000000212c
#
# JRE version: OpenJDK Runtime Environment (8.0_112-b06) (build 1.8.0_112-release-b06)
# Java VM: OpenJDK 64-Bit Server VM (25.112-b06 mixed mode windows-amd64 compressed oops)
# Failed to write core dump. Minidumps are not enabled by default on client versions of Windows
#

---------------  T H R E A D  ---------------

Current thread (0x00000000154af000):  JavaThread "C2 CompilerThread1" daemon [_thread_in_native, id=8492, stack(0x0000000016be0000,0x0000000016ce0000)]

Stack: [0x0000000016be0000,0x0000000016ce0000]
[error occurred during error reporting (printing stack bounds), id 0xc0000005]

Native frames: (J=compiled Java code, j=interpreted, Vv=VM code, C=native code)


Current CompileTask:
C2:   5024 1304       4       com.android.dx.ssa.SCCP::simulateStmt (481 bytes)


---------------  P R O C E S S  ---------------

Java Threads: ( => current thread )
  0x000000001709e000 JavaThread "pool-1-thread-4" [_thread_in_Java, id=1776, stack(0x00000000177e0000,0x00000000178e0000)]
  0x000000001709d000 JavaThread "pool-1-thread-3" [_thread_in_Java, id=2744, stack(0x00000000176e0000,0x00000000177e0000)]
  0x000000001709c800 JavaThread "pool-1-thread-2" [_thread_blocked, id=3164, stack(0x00000000175e0000,0x00000000176e0000)]
  0x000000001715a000 JavaThread "pool-2-thread-1" [_thread_blocked, id=10268, stack(0x00000000174e0000,0x00000000175e0000)]
  0x000000001716d800 JavaThread "pool-1-thread-1" [_thread_blocked, id=11080, stack(0x00000000173e0000,0x00000000174e0000)]
  0x0000000016dea800 JavaThread "Service Thread" daemon [_thread_blocked, id=5396, stack(0x00000000171e0000,0x00000000172e0000)]
  0x00000000154ba800 JavaThread "C1 CompilerThread2" daemon [_thread_blocked, id=9004, stack(0x0000000016ce0000,0x0000000016de0000)]
=>0x00000000154af000 JavaThread "C2 CompilerThread1" daemon [_thread_in_native, id=8492, stack(0x0000000016be0000,0x0000000016ce0000)]
  0x000000001545a800 JavaThread "C2 CompilerThread0" daemon [_thread_in_native, id=1344, stack(0x0000000016ae0000,0x0000000016be0000)]
  0x0000000015459000 JavaThread "Attach Listener" daemon [_thread_blocked, id=1384, stack(0x00000000169e0000,0x0000000016ae0000)]
  0x0000000015458000 JavaThread "Signal Dispatcher" daemon [_thread_blocked, id=12020, stack(0x00000000168e0000,0x00000000169e0000)]
  0x0000000002d8b000 JavaThread "Finalizer" daemon [_thread_blocked, id=11584, stack(0x00000000166c0000,0x00000000167c0000)]
  0x0000000002d80800 JavaThread "Reference Handler" daemon [_thread_blocked, id=11228, stack(0x00000000165c0000,0x00000000166c0000)]
  0x0000000002c90800 JavaThread "main" [_thread_in_vm, id=12060, stack(0x0000000002b40000,0x0000000002c40000)]

Other Threads:
  0x0000000015424800 VMThread [stack: 0x00000000164c0000,0x00000000165c0000] [id=3568]
  0x0000000016de0800 WatcherThread [stack: 0x00000000172e0000,0x00000000173e0000] [id=11696]

VM state:not at safepoint (normal execution)

VM Mutex/Monitor currently owned by a thread: None

Heap:
 PSYoungGen      total 18944K, used 14437K [0x00000000eab00000, 0x00000000ec000000, 0x0000000100000000)
  eden space 16384K, 72% used [0x00000000eab00000,0x00000000eb6a1650,0x00000000ebb00000)
  from space 2560K, 98% used [0x00000000ebd80000,0x00000000ebff8018,0x00000000ec000000)
  to   space 2560K, 0% used [0x00000000ebb00000,0x00000000ebb00000,0x00000000ebd80000)
 ParOldGen       total 44032K, used 2036K [0x00000000c0000000, 0x00000000c2b00000, 0x00000000eab00000)
  object space 44032K, 4% used [0x00000000c0000000,0x00000000c01fd180,0x00000000c2b00000)
 Metaspace       used 5917K, capacity 7024K, committed 7296K, reserved 1056768K
  class space    used 566K, capacity 616K, committed 640K, reserved 1048576K

Card table byte_map: [0x0000000012150000,0x0000000012360000] byte_map_base: 0x0000000011b50000

Marking Bits: (ParMarkBitMap*) 0x00000000535118f0
 Begin Bits: [0x00000000128c0000, 0x00000000138c0000)
 End Bits:   [0x00000000138c0000, 0x00000000148c0000)

Polling page: 0x0000000001090000

CodeCache: size=245760Kb used=5598Kb max_used=5598Kb free=240161Kb
 bounds [0x0000000002d90000, 0x0000000003310000, 0x0000000011d90000]
 total_blobs=1628 nmethods=1366 adapters=176
 compilation: enabled

Compilation events (10 events):
Event: 4.977 Thread 0x00000000154ba800 nmethod 1367 0x00000000032e9b90 code [0x00000000032e9d20, 0x00000000032ea378]
Event: 4.977 Thread 0x00000000154ba800 1365       3       com.android.dx.cf.code.Ropper::addSynchExceptionHandlerBlock (206 bytes)
Event: 4.983 Thread 0x00000000154ba800 nmethod 1365 0x00000000032f4590 code [0x00000000032f4b40, 0x00000000032f88b8]
Event: 4.983 Thread 0x00000000154ba800 1366       3       com.android.dx.rop.cst.CstBaseMethodRef::getParameterWordCount (12 bytes)
Event: 4.984 Thread 0x00000000154ba800 nmethod 1366 0x00000000032fbb90 code [0x00000000032fbd40, 0x00000000032fc5a8]
Event: 4.984 Thread 0x00000000154ba800 1368       3       com.android.dx.cf.iface.StdMember::getName (8 bytes)
Event: 4.984 Thread 0x00000000154ba800 nmethod 1368 0x00000000032fc8d0 code [0x00000000032fca20, 0x00000000032fcc10]
Event: 4.984 Thread 0x00000000154ba800 1369       3       com.android.dx.dex.cf.OptimizerOptions::shouldOptimize (38 bytes)
Event: 4.985 Thread 0x00000000154ba800 nmethod 1369 0x00000000032fccd0 code [0x00000000032fcec0, 0x00000000032fd818]
Event: 5.012 Thread 0x00000000154ba800 1373       3       com.android.dx.cf.direct.StdAttributeFactory::code (613 bytes)

GC Heap History (4 events):
Event: 1.798 GC heap before
{Heap before GC invocations=1 (full 0):
 PSYoungGen      total 18944K, used 16384K [0x00000000eab00000, 0x00000000ec000000, 0x0000000100000000)
  eden space 16384K, 100% used [0x00000000eab00000,0x00000000ebb00000,0x00000000ebb00000)
  from space 2560K, 0% used [0x00000000ebd80000,0x00000000ebd80000,0x00000000ec000000)
  to   space 2560K, 0% used [0x00000000ebb00000,0x00000000ebb00000,0x00000000ebd80000)
 ParOldGen       total 44032K, used 0K [0x00000000c0000000, 0x00000000c2b00000, 0x00000000eab00000)
  object space 44032K, 0% used [0x00000000c0000000,0x00000000c0000000,0x00000000c2b00000)
 Metaspace       used 5228K, capacity 6384K, committed 6528K, reserved 1056768K
  class space    used 555K, capacity 616K, committed 640K, reserved 1048576K
Event: 1.804 GC heap after
Heap after GC invocations=1 (full 0):
 PSYoungGen      total 18944K, used 2546K [0x00000000eab00000, 0x00000000ec000000, 0x0000000100000000)
  eden space 16384K, 0% used [0x00000000eab00000,0x00000000eab00000,0x00000000ebb00000)
  from space 2560K, 99% used [0x00000000ebb00000,0x00000000ebd7c8b8,0x00000000ebd80000)
  to   space 2560K, 0% used [0x00000000ebd80000,0x00000000ebd80000,0x00000000ec000000)
 ParOldGen       total 44032K, used 505K [0x00000000c0000000, 0x00000000c2b00000, 0x00000000eab00000)
  object space 44032K, 1% used [0x00000000c0000000,0x00000000c007e6c8,0x00000000c2b00000)
 Metaspace       used 5228K, capacity 6384K, committed 6528K, reserved 1056768K
  class space    used 555K, capacity 616K, committed 640K, reserved 1048576K
}
Event: 3.809 GC heap before
{Heap before GC invocations=2 (full 0):
 PSYoungGen      total 18944K, used 18930K [0x00000000eab00000, 0x00000000ec000000, 0x0000000100000000)
  eden space 16384K, 100% used [0x00000000eab00000,0x00000000ebb00000,0x00000000ebb00000)
  from space 2560K, 99% used [0x00000000ebb00000,0x00000000ebd7c8b8,0x00000000ebd80000)
  to   space 2560K, 0% used [0x00000000ebd80000,0x00000000ebd80000,0x00000000ec000000)
 ParOldGen       total 44032K, used 505K [0x00000000c0000000, 0x00000000c2b00000, 0x00000000eab00000)
  object space 44032K, 1% used [0x00000000c0000000,0x00000000c007e6c8,0x00000000c2b00000)
 Metaspace       used 5834K, capacity 6896K, committed 7040K, reserved 1056768K
  class space    used 566K, capacity 616K, committed 640K, reserved 1048576K
Event: 4.257 GC heap after
Heap after GC invocations=2 (full 0):
 PSYoungGen      total 18944K, used 2528K [0x00000000eab00000, 0x00000000ec000000, 0x0000000100000000)
  eden space 16384K, 0% used [0x00000000eab00000,0x00000000eab00000,0x00000000ebb00000)
  from space 2560K, 98% used [0x00000000ebd80000,0x00000000ebff8018,0x00000000ec000000)
  to   space 2560K, 0% used [0x00000000ebb00000,0x00000000ebb00000,0x00000000ebd80000)
 ParOldGen       total 44032K, used 2036K [0x00000000c0000000, 0x00000000c2b00000, 0x00000000eab00000)
  object space 44032K, 4% used [0x00000000c0000000,0x00000000c01fd180,0x00000000c2b00000)
 Metaspace       used 5834K, capacity 6896K, committed 7040K, reserved 1056768K
  class space    used 566K, capacity 616K, committed 640K, reserved 1048576K
}

Deoptimization events (10 events):
Event: 2.488 Thread 0x0000000002c90800 Uncommon trap: reason=unstable_if action=reinterpret pc=0x0000000002f9fcb0 method=java.util.BitSet.nextSetBit(I)I @ 87
Event: 2.490 Thread 0x0000000002c90800 Uncommon trap: reason=unstable_if action=reinterpret pc=0x0000000002fa2cc4 method=java.util.HashMap.getNode(ILjava/lang/Object;)Ljava/util/HashMap$Node; @ 62
Event: 2.903 Thread 0x000000001709c800 Uncommon trap: reason=unstable_if action=reinterpret pc=0x000000000312bbdc method=java.util.HashMap.getNode(ILjava/lang/Object;)Ljava/util/HashMap$Node; @ 62
Event: 2.910 Thread 0x000000001709d000 Uncommon trap: reason=class_check action=maybe_recompile pc=0x00000000030e170c method=com.android.dx.rop.type.Type.equals(Ljava/lang/Object;)Z @ 8
Event: 2.911 Thread 0x000000001709d000 Uncommon trap: reason=unstable_if action=reinterpret pc=0x0000000002fb6cf0 method=java.util.HashMap.getNode(ILjava/lang/Object;)Ljava/util/HashMap$Node; @ 62
Event: 2.911 Thread 0x000000001709d000 Uncommon trap: reason=unstable_if action=reinterpret pc=0x00000000030e16f0 method=com.android.dx.rop.code.RegisterSpec.equals(ILcom/android/dx/rop/type/TypeBearer;Lcom/android/dx/rop/code/LocalItem;)Z @ 16
Event: 3.537 Thread 0x000000001709e000 Uncommon trap: reason=unstable_if action=reinterpret pc=0x00000000031599ec method=com.android.dx.rop.code.RegisterSpecSet.put(Lcom/android/dx/rop/code/RegisterSpec;)V @ 77
Event: 3.537 Thread 0x000000001709e000 Uncommon trap: reason=unstable_if action=reinterpret pc=0x00000000031c1fa0 method=com.android.dx.rop.code.RegisterSpecSet.put(Lcom/android/dx/rop/code/RegisterSpec;)V @ 77
Event: 3.598 Thread 0x000000001716d800 Uncommon trap: reason=unstable_if action=reinterpret pc=0x00000000031434d0 method=java.util.HashMap.getNode(ILjava/lang/Object;)Ljava/util/HashMap$Node; @ 62
Event: 4.828 Thread 0x000000001709c800 Uncommon trap: reason=null_check action=make_not_entrant pc=0x000000000318f190 method=com.android.dx.ssa.SsaRenamer.getLocalForNewReg(I)Lcom/android/dx/rop/code/LocalItem; @ 19

Internal exceptions (3 events):
Event: 0.061 Thread 0x0000000002c90800 Exception <a 'java/lang/NoSuchMethodError': Method sun.misc.Unsafe.defineClass(Ljava/lang/String;[BII)Ljava/lang/Class; name or signature does not match> (0x00000000eab07c78) thrown at [C:\src\android\AOSP-openjdk\external\jetbrains\jdk\hotspot\src\share\v¤áªÂê3¯?
Event: 0.061 Thread 0x0000000002c90800 Exception <a 'java/lang/NoSuchMethodError': Method sun.misc.Unsafe.prefetchRead(Ljava/lang/Object;J)V name or signature does not match> (0x00000000eab07f60) thrown at [C:\src\android\AOSP-openjdk\external\jetbrains\jdk\hotspot\src\share\vm\prims\jni.cpp, l;±E]O@
Event: 4.828 Thread 0x000000001709c800 Implicit null exception at 0x000000000318dc43 to 0x000000000318f15d

Events (10 events):
Event: 3.537 Thread 0x000000001709e000 DEOPT PACKING pc=0x00000000031c1fa0 sp=0x00000000178dea00
Event: 3.537 Thread 0x000000001709e000 DEOPT UNPACKING pc=0x0000000002dd556a sp=0x00000000178de920 mode 2
Event: 3.598 Thread 0x000000001716d800 Uncommon trap: trap_request=0xffffff65 fr.pc=0x00000000031434d0
Event: 3.598 Thread 0x000000001716d800 DEOPT PACKING pc=0x00000000031434d0 sp=0x00000000174deca0
Event: 3.598 Thread 0x000000001716d800 DEOPT UNPACKING pc=0x0000000002dd556a sp=0x00000000174de9c8 mode 2
Event: 3.638 Executing VM operation: ParallelGCFailedAllocation
Event: 4.257 Executing VM operation: ParallelGCFailedAllocation done
Event: 4.828 Thread 0x000000001709c800 Uncommon trap: trap_request=0xfffffff4 fr.pc=0x000000000318f190
Event: 4.828 Thread 0x000000001709c800 DEOPT PACKING pc=0x000000000318f190 sp=0x00000000176deb00
Event: 4.828 Thread 0x000000001709c800 DEOPT UNPACKING pc=0x0000000002dd556a sp=0x00000000176de958 mode 2


Dynamic libraries:
0x00007ff605d70000 - 0x00007ff605da1000 	C:\Program Files\Android\Android Studio\jre\bin\java.exe
0x00007ffb16310000 - 0x00007ffb164eb000 	C:\WINDOWS\SYSTEM32\ntdll.dll
0x00007ffb161b0000 - 0x00007ffb1625e000 	C:\WINDOWS\System32\KERNEL32.DLL
0x00007ffb12320000 - 0x00007ffb12569000 	C:\WINDOWS\System32\KERNELBASE.dll
0x00007ffb160f0000 - 0x00007ffb16191000 	C:\WINDOWS\System32\ADVAPI32.dll
0x00007ffb15f10000 - 0x00007ffb15fad000 	C:\WINDOWS\System32\msvcrt.dll
0x00007ffb158b0000 - 0x00007ffb15909000 	C:\WINDOWS\System32\sechost.dll
0x00007ffb15cc0000 - 0x00007ffb15de5000 	C:\WINDOWS\System32\RPCRT4.dll
0x00007ffb13ad0000 - 0x00007ffb13c1a000 	C:\WINDOWS\System32\USER32.dll
0x00007ffb13050000 - 0x00007ffb1306e000 	C:\WINDOWS\System32\win32u.dll
0x00007ffb15fb0000 - 0x00007ffb15fd7000 	C:\WINDOWS\System32\GDI32.dll
0x00007ffb12710000 - 0x00007ffb12899000 	C:\WINDOWS\System32\gdi32full.dll
0x00007ffb12670000 - 0x00007ffb1270a000 	C:\WINDOWS\System32\msvcp_win.dll
0x00007ffb12570000 - 0x00007ffb12666000 	C:\WINDOWS\System32\ucrtbase.dll
0x00007ffb07c00000 - 0x00007ffb07e67000 	C:\WINDOWS\WinSxS\amd64_microsoft.windows.common-controls_6595b64144ccf1df_6.0.15063.0_none_108e4f62dfe5d999\COMCTL32.dll
0x00007ffb155b0000 - 0x00007ffb158a9000 	C:\WINDOWS\System32\combase.dll
0x00007ffb122b0000 - 0x00007ffb1231a000 	C:\WINDOWS\System32\bcryptPrimitives.dll
0x00007ffb13f70000 - 0x00007ffb13f9d000 	C:\WINDOWS\System32\IMM32.DLL
0x0000000052c70000 - 0x0000000052d42000 	C:\Program Files\Android\Android Studio\jre\jre\bin\msvcr100.dll
0x0000000052d50000 - 0x000000005358c000 	C:\Program Files\Android\Android Studio\jre\jre\bin\server\jvm.dll
0x00007ffb161a0000 - 0x00007ffb161a8000 	C:\WINDOWS\System32\PSAPI.DLL
0x00007ffb00600000 - 0x00007ffb00609000 	C:\WINDOWS\SYSTEM32\WSOCK32.dll
0x00007ffb13a60000 - 0x00007ffb13acc000 	C:\WINDOWS\System32\WS2_32.dll
0x00007ffb104a0000 - 0x00007ffb104c3000 	C:\WINDOWS\SYSTEM32\WINMM.dll
0x00007ffb00610000 - 0x00007ffb0061a000 	C:\WINDOWS\SYSTEM32\VERSION.dll
0x00007ffb10410000 - 0x00007ffb1043b000 	C:\WINDOWS\SYSTEM32\WINMMBASE.dll
0x00007ffb13070000 - 0x00007ffb130b9000 	C:\WINDOWS\System32\cfgmgr32.dll
0x00007ffaf3bb0000 - 0x00007ffaf3bbf000 	C:\Program Files\Android\Android Studio\jre\jre\bin\verify.dll
0x00007ffae6400000 - 0x00007ffae6429000 	C:\Program Files\Android\Android Studio\jre\jre\bin\java.dll
0x00007ffaeb470000 - 0x00007ffaeb486000 	C:\Program Files\Android\Android Studio\jre\jre\bin\zip.dll
0x00007ffb14170000 - 0x00007ffb155a7000 	C:\WINDOWS\System32\SHELL32.dll
0x00007ffb16260000 - 0x00007ffb1630a000 	C:\WINDOWS\System32\shcore.dll
0x00007ffb12950000 - 0x00007ffb13042000 	C:\WINDOWS\System32\windows.storage.dll
0x00007ffb13c20000 - 0x00007ffb13c71000 	C:\WINDOWS\System32\shlwapi.dll
0x00007ffb12060000 - 0x00007ffb12071000 	C:\WINDOWS\System32\kernel.appcore.dll
0x00007ffb11fd0000 - 0x00007ffb1201c000 	C:\WINDOWS\System32\powrprof.dll
0x00007ffb12020000 - 0x00007ffb12035000 	C:\WINDOWS\System32\profapi.dll

VM Arguments:
jvm_args: -Djava.awt.headless=true -Xmx1024M -Dfile.encoding=windows-1252 -Duser.country=GT -Duser.language=es -Duser.variant 
java_command: com.android.dx.command.Main --dex --num-threads=4 --output C:\Android Studio WorkSpace\TDPSYNC\app\build\intermediates\pre-dexed\debug\classes_6855700adf35bad1ffb701163afa1dcf7cd0e057.jar C:\Users\Isaias\.android\build-cache\4dd8bf4a2066541b141cc9aec33a4a404695e7ae\output\jars\classes.jar
java_class_path (initial): C:\Users\Isaias\AppData\Local\Android\sdk\build-tools\25.0.0\lib\dx.jar
Launcher Type: SUN_STANDARD

Environment Variables:
PATH=C:\ProgramData\Oracle\Java\javapath;C:\Program Files (x86)\Intel\iCLS Client\;C:\Program Files\Intel\iCLS Client\;C:\WINDOWS\system32;C:\WINDOWS;C:\WINDOWS\System32\Wbem;C:\WINDOWS\System32\WindowsPowerShell\v1.0\;C:\Program Files\Intel\Intel(R) Management Engine Components\DAL;C:\Program Files (x86)\Intel\Intel(R) Management Engine Components\DAL;C:\Program Files\Intel\Intel(R) Management Engine Components\IPT;C:\Program Files (x86)\Intel\Intel(R) Management Engine Components\IPT;C:\Program Files (x86)\Common Files\lenovo\easyplussdk\bin;C:\Program Files (x86)\Lenovo\Password Manager\;C:\Users\Isaias\AppData\Local\Microsoft\WindowsApps;
USERNAME=Isaias
OS=Windows_NT
PROCESSOR_IDENTIFIER=Intel64 Family 6 Model 69 Stepping 1, GenuineIntel



---------------  S Y S T E M  ---------------

OS: Windows 10.0 , 64 bit Build 15063 (10.0.15063.0)

CPU:total 4 (2 cores per cpu, 2 threads per core) family 6 model 69 stepping 1, cmov, cx8, fxsr, mmx, sse, sse2, sse3, ssse3, sse4.1, sse4.2, popcnt, avx, avx2, aes, clmul, erms, lzcnt, ht, tsc, tscinvbit, bmi1, bmi2

Memory: 4k page, physical 4117440k(1017796k free), swap 5548992k(4428k free)

vm_info: OpenJDK 64-Bit Server VM (25.112-b06) for windows-amd64 JRE (1.8.0_112-release-b06), built on Dec  8 2016 00:54:26 by "builder" with MS VC++ 10.0 (VS2010)

time: Fri Apr 28 21:43:17 2017
elapsed time: 5 seconds (0d 0h 0m 5s)

