#
# There is insufficient memory for the Java Runtime Environment to continue.
# Native memory allocation (malloc) failed to allocate 449456 bytes for Chunk::new
# Possible reasons:
#   The system is out of physical RAM or swap space
#   In 32 bit mode, the process size limit was hit
# Possible solutions:
#   Reduce memory load on the system
#   Increase physical memory or swap space
#   Check if swap backing store is full
#   Use 64 bit Java on a 64 bit OS
#   Decrease Java heap size (-Xmx/-Xms)
#   Decrease number of Java threads
#   Decrease Java thread stack sizes (-Xss)
#   Set larger code cache with -XX:ReservedCodeCacheSize=
# This output file may be truncated or incomplete.
#
#  Out of Memory Error (allocation.cpp:390), pid=7272, tid=0x00000000000009c4
#
# JRE version: OpenJDK Runtime Environment (8.0_112-b06) (build 1.8.0_112-release-b06)
# Java VM: OpenJDK 64-Bit Server VM (25.112-b06 mixed mode windows-amd64 compressed oops)
# Failed to write core dump. Minidumps are not enabled by default on client versions of Windows
#

---------------  T H R E A D  ---------------

Current thread (0x0000000014b44000):  JavaThread "C2 CompilerThread1" daemon [_thread_in_native, id=2500, stack(0x0000000016260000,0x0000000016360000)]

Stack: [0x0000000016260000,0x0000000016360000]
[error occurred during error reporting (printing stack bounds), id 0xc0000005]

Native frames: (J=compiled Java code, j=interpreted, Vv=VM code, C=native code)


Current CompileTask:
C2:   3260 1109   !   4       com.android.dx.cf.cst.ConstantPoolParser::parse0 (731 bytes)


---------------  P R O C E S S  ---------------

Java Threads: ( => current thread )
  0x000000001672f000 JavaThread "pool-1-thread-4" [_thread_in_Java, id=9080, stack(0x0000000016e60000,0x0000000016f60000)]
  0x000000001672e800 JavaThread "pool-1-thread-3" [_thread_blocked, id=7624, stack(0x0000000016d60000,0x0000000016e60000)]
  0x000000001678b800 JavaThread "pool-1-thread-2" [_thread_in_Java, id=2740, stack(0x0000000016c60000,0x0000000016d60000)]
  0x0000000016783000 JavaThread "pool-2-thread-1" [_thread_blocked, id=3424, stack(0x0000000016b60000,0x0000000016c60000)]
  0x0000000016782000 JavaThread "pool-1-thread-1" [_thread_in_Java, id=10228, stack(0x0000000016a60000,0x0000000016b60000)]
  0x0000000016461800 JavaThread "Service Thread" daemon [_thread_blocked, id=9944, stack(0x0000000016860000,0x0000000016960000)]
  0x0000000014b47000 JavaThread "C1 CompilerThread2" daemon [_thread_blocked, id=10056, stack(0x0000000016360000,0x0000000016460000)]
=>0x0000000014b44000 JavaThread "C2 CompilerThread1" daemon [_thread_in_native, id=2500, stack(0x0000000016260000,0x0000000016360000)]
  0x0000000014aea800 JavaThread "C2 CompilerThread0" daemon [_thread_in_native, id=3308, stack(0x0000000016160000,0x0000000016260000)]
  0x0000000014ae9000 JavaThread "Attach Listener" daemon [_thread_blocked, id=4544, stack(0x0000000016060000,0x0000000016160000)]
  0x0000000014ae8000 JavaThread "Signal Dispatcher" daemon [_thread_blocked, id=2444, stack(0x0000000015f60000,0x0000000016060000)]
  0x000000000241b000 JavaThread "Finalizer" daemon [_thread_blocked, id=10344, stack(0x0000000015d50000,0x0000000015e50000)]
  0x0000000002410800 JavaThread "Reference Handler" daemon [_thread_blocked, id=7424, stack(0x0000000015c50000,0x0000000015d50000)]
  0x0000000002320800 JavaThread "main" [_thread_in_vm, id=10036, stack(0x0000000002160000,0x0000000002260000)]

Other Threads:
  0x0000000014ab5800 VMThread [stack: 0x0000000015b50000,0x0000000015c50000] [id=7568]
  0x0000000016463800 WatcherThread [stack: 0x0000000016960000,0x0000000016a60000] [id=3368]

VM state:not at safepoint (normal execution)

VM Mutex/Monitor currently owned by a thread: None

Heap:
 PSYoungGen      total 18944K, used 13171K [0x00000000eab00000, 0x00000000ed000000, 0x0000000100000000)
  eden space 16384K, 64% used [0x00000000eab00000,0x00000000eb55dee0,0x00000000ebb00000)
  from space 2560K, 99% used [0x00000000ebb00000,0x00000000ebd7ed40,0x00000000ebd80000)
  to   space 2560K, 0% used [0x00000000ecd80000,0x00000000ecd80000,0x00000000ed000000)
 ParOldGen       total 44032K, used 799K [0x00000000c0000000, 0x00000000c2b00000, 0x00000000eab00000)
  object space 44032K, 1% used [0x00000000c0000000,0x00000000c00c7d08,0x00000000c2b00000)
 Metaspace       used 5763K, capacity 6896K, committed 7040K, reserved 1056768K
  class space    used 564K, capacity 616K, committed 640K, reserved 1048576K

Card table byte_map: [0x00000000117e0000,0x00000000119f0000] byte_map_base: 0x00000000111e0000

Marking Bits: (ParMarkBitMap*) 0x00000000535118f0
 Begin Bits: [0x0000000011f50000, 0x0000000012f50000)
 End Bits:   [0x0000000012f50000, 0x0000000013f50000)

Polling page: 0x0000000000530000

CodeCache: size=245760Kb used=4635Kb max_used=4635Kb free=241124Kb
 bounds [0x0000000002420000, 0x00000000028b0000, 0x0000000011420000]
 total_blobs=1403 nmethods=1141 adapters=176
 compilation: enabled

Compilation events (10 events):
Event: 3.247 Thread 0x0000000014b47000 1142       3       com.android.dx.ssa.SsaMethod::getCountReachableBlocks (44 bytes)
Event: 3.248 Thread 0x0000000014b47000 nmethod 1142 0x00000000028a0390 code [0x00000000028a0560, 0x00000000028a0e18]
Event: 3.248 Thread 0x0000000014b47000 1143       3       com.android.dx.ssa.back.SsaToRop::convertBasicBlocks (151 bytes)
Event: 3.251 Thread 0x0000000014b47000 nmethod 1143 0x00000000028a11d0 code [0x00000000028a14e0, 0x00000000028a2db8]
Event: 3.251 Thread 0x0000000014b47000 1144       3       com.android.dx.ssa.LocalVariableExtractor::doit (59 bytes)
Event: 3.252 Thread 0x0000000014b47000 nmethod 1144 0x00000000028a3b90 code [0x00000000028a3d40, 0x00000000028a4288]
Event: 3.253 Thread 0x0000000014b47000 1145       3       com.android.dx.ssa.ConstCollector::updateConstUses (248 bytes)
Event: 3.257 Thread 0x0000000014b47000 nmethod 1145 0x00000000028a4490 code [0x00000000028a4860, 0x00000000028a6e98]
Event: 3.258 Thread 0x0000000014b47000 1146       3       com.android.dx.rop.cst.CstBaseMethodRef::getType (8 bytes)
Event: 3.258 Thread 0x0000000014b47000 nmethod 1146 0x00000000028a8590 code [0x00000000028a86e0, 0x00000000028a88d0]

GC Heap History (2 events):
Event: 2.375 GC heap before
{Heap before GC invocations=1 (full 0):
 PSYoungGen      total 18944K, used 16384K [0x00000000eab00000, 0x00000000ec000000, 0x0000000100000000)
  eden space 16384K, 100% used [0x00000000eab00000,0x00000000ebb00000,0x00000000ebb00000)
  from space 2560K, 0% used [0x00000000ebd80000,0x00000000ebd80000,0x00000000ec000000)
  to   space 2560K, 0% used [0x00000000ebb00000,0x00000000ebb00000,0x00000000ebd80000)
 ParOldGen       total 44032K, used 0K [0x00000000c0000000, 0x00000000c2b00000, 0x00000000eab00000)
  object space 44032K, 0% used [0x00000000c0000000,0x00000000c0000000,0x00000000c2b00000)
 Metaspace       used 5382K, capacity 6512K, committed 6784K, reserved 1056768K
  class space    used 561K, capacity 616K, committed 640K, reserved 1048576K
Event: 2.440 GC heap after
Heap after GC invocations=1 (full 0):
 PSYoungGen      total 18944K, used 2555K [0x00000000eab00000, 0x00000000ed000000, 0x0000000100000000)
  eden space 16384K, 0% used [0x00000000eab00000,0x00000000eab00000,0x00000000ebb00000)
  from space 2560K, 99% used [0x00000000ebb00000,0x00000000ebd7ed40,0x00000000ebd80000)
  to   space 2560K, 0% used [0x00000000ecd80000,0x00000000ecd80000,0x00000000ed000000)
 ParOldGen       total 44032K, used 799K [0x00000000c0000000, 0x00000000c2b00000, 0x00000000eab00000)
  object space 44032K, 1% used [0x00000000c0000000,0x00000000c00c7d08,0x00000000c2b00000)
 Metaspace       used 5382K, capacity 6512K, committed 6784K, reserved 1056768K
  class space    used 561K, capacity 616K, committed 640K, reserved 1048576K
}

Deoptimization events (8 events):
Event: 0.906 Thread 0x0000000002320800 Uncommon trap: reason=unstable_if action=reinterpret pc=0x0000000002585014 method=java.lang.String.compareTo(Ljava/lang/String;)I @ 38
Event: 1.029 Thread 0x0000000002320800 Uncommon trap: reason=unstable_if action=reinterpret pc=0x000000000257bf9c method=java.lang.String.indexOf(II)I @ 49
Event: 2.193 Thread 0x0000000002320800 Uncommon trap: reason=unstable_if action=reinterpret pc=0x0000000002659e08 method=java.util.HashMap.getNode(ILjava/lang/Object;)Ljava/util/HashMap$Node; @ 62
Event: 3.119 Thread 0x000000001678b800 Uncommon trap: reason=bimorphic action=maybe_recompile pc=0x000000000267e598 method=java.util.HashMap.getNode(ILjava/lang/Object;)Ljava/util/HashMap$Node; @ 126
Event: 3.138 Thread 0x000000001672e800 Uncommon trap: reason=unstable_if action=reinterpret pc=0x00000000027bba14 method=com.android.dx.rop.code.LocalItem.hashCode()I @ 25
Event: 3.138 Thread 0x000000001672e800 Uncommon trap: reason=unstable_if action=reinterpret pc=0x0000000002787618 method=com.android.dx.rop.code.LocalItem.hashCode()I @ 25
Event: 3.148 Thread 0x000000001678b800 Uncommon trap: reason=unstable_if action=reinterpret pc=0x00000000027e45ec method=com.android.dx.rop.code.RegisterSpecSet.put(Lcom/android/dx/rop/code/RegisterSpec;)V @ 77
Event: 3.148 Thread 0x000000001678b800 Uncommon trap: reason=unstable_if action=reinterpret pc=0x0000000002837d2c method=com.android.dx.rop.code.RegisterSpecSet.put(Lcom/android/dx/rop/code/RegisterSpec;)V @ 77

Internal exceptions (2 events):
Event: 0.212 Thread 0x0000000002320800 Exception <a 'java/lang/NoSuchMethodError': Method sun.misc.Unsafe.defineClass(Ljava/lang/String;[BII)Ljava/lang/Class; name or signature does not match> (0x00000000eab07c78) thrown at [C:\src\android\AOSP-openjdk\external\jetbrains\jdk\hotspot\src\share\v2,&¼,Ë?
Event: 0.212 Thread 0x0000000002320800 Exception <a 'java/lang/NoSuchMethodError': Method sun.misc.Unsafe.prefetchRead(Ljava/lang/Object;J)V name or signature does not match> (0x00000000eab07f60) thrown at [C:\src\android\AOSP-openjdk\external\jetbrains\jdk\hotspot\src\share\vm\prims\jni.cpp, l

Events (10 events):
Event: 3.138 Thread 0x000000001672e800 DEOPT UNPACKING pc=0x000000000246556a sp=0x0000000016e5e968 mode 2
Event: 3.138 Thread 0x000000001672e800 Uncommon trap: trap_request=0xffffff65 fr.pc=0x0000000002787618
Event: 3.138 Thread 0x000000001672e800 DEOPT PACKING pc=0x0000000002787618 sp=0x0000000016e5ea90
Event: 3.138 Thread 0x000000001672e800 DEOPT UNPACKING pc=0x000000000246556a sp=0x0000000016e5e9e0 mode 2
Event: 3.148 Thread 0x000000001678b800 Uncommon trap: trap_request=0xffffff65 fr.pc=0x00000000027e45ec
Event: 3.148 Thread 0x000000001678b800 DEOPT PACKING pc=0x00000000027e45ec sp=0x0000000016d5e780
Event: 3.148 Thread 0x000000001678b800 DEOPT UNPACKING pc=0x000000000246556a sp=0x0000000016d5e708 mode 2
Event: 3.148 Thread 0x000000001678b800 Uncommon trap: trap_request=0xffffff65 fr.pc=0x0000000002837d2c
Event: 3.148 Thread 0x000000001678b800 DEOPT PACKING pc=0x0000000002837d2c sp=0x0000000016d5e770
Event: 3.148 Thread 0x000000001678b800 DEOPT UNPACKING pc=0x000000000246556a sp=0x0000000016d5e690 mode 2


Dynamic libraries:
0x00007ff605d70000 - 0x00007ff605da1000 	C:\Program Files\Android\Android Studio\jre\bin\java.exe
0x00007ffb16310000 - 0x00007ffb164eb000 	C:\WINDOWS\SYSTEM32\ntdll.dll
0x00007ffb161b0000 - 0x00007ffb1625e000 	C:\WINDOWS\System32\KERNEL32.DLL
0x00007ffb12320000 - 0x00007ffb12569000 	C:\WINDOWS\System32\KERNELBASE.dll
0x00007ffb160f0000 - 0x00007ffb16191000 	C:\WINDOWS\System32\ADVAPI32.dll
0x00007ffb15f10000 - 0x00007ffb15fad000 	C:\WINDOWS\System32\msvcrt.dll
0x00007ffb158b0000 - 0x00007ffb15909000 	C:\WINDOWS\System32\sechost.dll
0x00007ffb15cc0000 - 0x00007ffb15de5000 	C:\WINDOWS\System32\RPCRT4.dll
0x00007ffb13ad0000 - 0x00007ffb13c1a000 	C:\WINDOWS\System32\USER32.dll
0x00007ffb13050000 - 0x00007ffb1306e000 	C:\WINDOWS\System32\win32u.dll
0x00007ffb15fb0000 - 0x00007ffb15fd7000 	C:\WINDOWS\System32\GDI32.dll
0x00007ffb12710000 - 0x00007ffb12899000 	C:\WINDOWS\System32\gdi32full.dll
0x00007ffb12670000 - 0x00007ffb1270a000 	C:\WINDOWS\System32\msvcp_win.dll
0x00007ffb12570000 - 0x00007ffb12666000 	C:\WINDOWS\System32\ucrtbase.dll
0x00007ffb07c00000 - 0x00007ffb07e67000 	C:\WINDOWS\WinSxS\amd64_microsoft.windows.common-controls_6595b64144ccf1df_6.0.15063.0_none_108e4f62dfe5d999\COMCTL32.dll
0x00007ffb155b0000 - 0x00007ffb158a9000 	C:\WINDOWS\System32\combase.dll
0x00007ffb122b0000 - 0x00007ffb1231a000 	C:\WINDOWS\System32\bcryptPrimitives.dll
0x00007ffb13f70000 - 0x00007ffb13f9d000 	C:\WINDOWS\System32\IMM32.DLL
0x0000000052c70000 - 0x0000000052d42000 	C:\Program Files\Android\Android Studio\jre\jre\bin\msvcr100.dll
0x0000000052d50000 - 0x000000005358c000 	C:\Program Files\Android\Android Studio\jre\jre\bin\server\jvm.dll
0x00007ffb161a0000 - 0x00007ffb161a8000 	C:\WINDOWS\System32\PSAPI.DLL
0x00007ffb00600000 - 0x00007ffb00609000 	C:\WINDOWS\SYSTEM32\WSOCK32.dll
0x00007ffb13a60000 - 0x00007ffb13acc000 	C:\WINDOWS\System32\WS2_32.dll
0x00007ffb104a0000 - 0x00007ffb104c3000 	C:\WINDOWS\SYSTEM32\WINMM.dll
0x00007ffb00610000 - 0x00007ffb0061a000 	C:\WINDOWS\SYSTEM32\VERSION.dll
0x00007ffb10410000 - 0x00007ffb1043b000 	C:\WINDOWS\SYSTEM32\WINMMBASE.dll
0x00007ffb13070000 - 0x00007ffb130b9000 	C:\WINDOWS\System32\cfgmgr32.dll
0x00007ffaf3bb0000 - 0x00007ffaf3bbf000 	C:\Program Files\Android\Android Studio\jre\jre\bin\verify.dll
0x00007ffae6400000 - 0x00007ffae6429000 	C:\Program Files\Android\Android Studio\jre\jre\bin\java.dll
0x00007ffaeb470000 - 0x00007ffaeb486000 	C:\Program Files\Android\Android Studio\jre\jre\bin\zip.dll
0x00007ffb14170000 - 0x00007ffb155a7000 	C:\WINDOWS\System32\SHELL32.dll
0x00007ffb16260000 - 0x00007ffb1630a000 	C:\WINDOWS\System32\shcore.dll
0x00007ffb12950000 - 0x00007ffb13042000 	C:\WINDOWS\System32\windows.storage.dll
0x00007ffb13c20000 - 0x00007ffb13c71000 	C:\WINDOWS\System32\shlwapi.dll
0x00007ffb12060000 - 0x00007ffb12071000 	C:\WINDOWS\System32\kernel.appcore.dll
0x00007ffb11fd0000 - 0x00007ffb1201c000 	C:\WINDOWS\System32\powrprof.dll
0x00007ffb12020000 - 0x00007ffb12035000 	C:\WINDOWS\System32\profapi.dll

VM Arguments:
jvm_args: -Djava.awt.headless=true -Xmx1024M -Dfile.encoding=windows-1252 -Duser.country=GT -Duser.language=es -Duser.variant 
java_command: com.android.dx.command.Main --dex --num-threads=4 --output C:\Android Studio WorkSpace\TDPSYNC\app\build\intermediates\pre-dexed\debug\classes_d1dbaeabe32f67b1d4f8a5e91ee4e4f47bed8339.jar C:\Users\Isaias\.android\build-cache\2104fa80814f7957ec02e24c24d3e50d308caa45\output\jars\classes.jar
java_class_path (initial): C:\Users\Isaias\AppData\Local\Android\sdk\build-tools\25.0.0\lib\dx.jar
Launcher Type: SUN_STANDARD

Environment Variables:
PATH=C:\ProgramData\Oracle\Java\javapath;C:\Program Files (x86)\Intel\iCLS Client\;C:\Program Files\Intel\iCLS Client\;C:\WINDOWS\system32;C:\WINDOWS;C:\WINDOWS\System32\Wbem;C:\WINDOWS\System32\WindowsPowerShell\v1.0\;C:\Program Files\Intel\Intel(R) Management Engine Components\DAL;C:\Program Files (x86)\Intel\Intel(R) Management Engine Components\DAL;C:\Program Files\Intel\Intel(R) Management Engine Components\IPT;C:\Program Files (x86)\Intel\Intel(R) Management Engine Components\IPT;C:\Program Files (x86)\Common Files\lenovo\easyplussdk\bin;C:\Program Files (x86)\Lenovo\Password Manager\;C:\Users\Isaias\AppData\Local\Microsoft\WindowsApps;
USERNAME=Isaias
OS=Windows_NT
PROCESSOR_IDENTIFIER=Intel64 Family 6 Model 69 Stepping 1, GenuineIntel



---------------  S Y S T E M  ---------------

OS: Windows 10.0 , 64 bit Build 15063 (10.0.15063.0)

CPU:total 4 (2 cores per cpu, 2 threads per core) family 6 model 69 stepping 1, cmov, cx8, fxsr, mmx, sse, sse2, sse3, ssse3, sse4.1, sse4.2, popcnt, avx, avx2, aes, clmul, erms, lzcnt, ht, tsc, tscinvbit, bmi1, bmi2

Memory: 4k page, physical 4117440k(1060264k free), swap 5548992k(3632k free)

vm_info: OpenJDK 64-Bit Server VM (25.112-b06) for windows-amd64 JRE (1.8.0_112-release-b06), built on Dec  8 2016 00:54:26 by "builder" with MS VC++ 10.0 (VS2010)

time: Fri Apr 28 19:58:03 2017
elapsed time: 3 seconds (0d 0h 0m 3s)

