#
# There is insufficient memory for the Java Runtime Environment to continue.
# Native memory allocation (malloc) failed to allocate 404256 bytes for Chunk::new
# Possible reasons:
#   The system is out of physical RAM or swap space
#   In 32 bit mode, the process size limit was hit
# Possible solutions:
#   Reduce memory load on the system
#   Increase physical memory or swap space
#   Check if swap backing store is full
#   Use 64 bit Java on a 64 bit OS
#   Decrease Java heap size (-Xmx/-Xms)
#   Decrease number of Java threads
#   Decrease Java thread stack sizes (-Xss)
#   Set larger code cache with -XX:ReservedCodeCacheSize=
# This output file may be truncated or incomplete.
#
#  Out of Memory Error (allocation.cpp:390), pid=11484, tid=0x0000000000002f2c
#
# JRE version: OpenJDK Runtime Environment (8.0_112-b06) (build 1.8.0_112-release-b06)
# Java VM: OpenJDK 64-Bit Server VM (25.112-b06 mixed mode windows-amd64 compressed oops)
# Failed to write core dump. Minidumps are not enabled by default on client versions of Windows
#

---------------  T H R E A D  ---------------

Current thread (0x0000000015836800):  JavaThread "C2 CompilerThread0" daemon [_thread_in_native, id=12076, stack(0x0000000016ea0000,0x0000000016fa0000)]

Stack: [0x0000000016ea0000,0x0000000016fa0000]
[error occurred during error reporting (printing stack bounds), id 0xc0000005]

Native frames: (J=compiled Java code, j=interpreted, Vv=VM code, C=native code)


Current CompileTask:
C2:   5052 1259       4       com.android.dx.ssa.SCCP::simulateStmt (481 bytes)


---------------  P R O C E S S  ---------------

Java Threads: ( => current thread )
  0x0000000017305000 JavaThread "pool-1-thread-4" [_thread_blocked, id=7780, stack(0x0000000017ba0000,0x0000000017ca0000)]
  0x00000000172f7000 JavaThread "pool-1-thread-3" [_thread_blocked, id=10996, stack(0x0000000017aa0000,0x0000000017ba0000)]
  0x00000000172f5800 JavaThread "pool-1-thread-2" [_thread_blocked, id=11368, stack(0x00000000179a0000,0x0000000017aa0000)]
  0x00000000172f2800 JavaThread "pool-2-thread-1" [_thread_blocked, id=12092, stack(0x00000000178a0000,0x00000000179a0000)]
  0x00000000172eb000 JavaThread "pool-1-thread-1" [_thread_in_Java, id=9344, stack(0x00000000177a0000,0x00000000178a0000)]
  0x00000000171aa800 JavaThread "Service Thread" daemon [_thread_blocked, id=11692, stack(0x00000000175a0000,0x00000000176a0000)]
  0x000000001588a800 JavaThread "C1 CompilerThread2" daemon [_thread_blocked, id=11708, stack(0x00000000170a0000,0x00000000171a0000)]
  0x000000001587f000 JavaThread "C2 CompilerThread1" daemon [_thread_in_native, id=8076, stack(0x0000000016fa0000,0x00000000170a0000)]
=>0x0000000015836800 JavaThread "C2 CompilerThread0" daemon [_thread_in_native, id=12076, stack(0x0000000016ea0000,0x0000000016fa0000)]
  0x0000000015835000 JavaThread "Attach Listener" daemon [_thread_blocked, id=11248, stack(0x0000000016da0000,0x0000000016ea0000)]
  0x0000000015833800 JavaThread "Signal Dispatcher" daemon [_thread_blocked, id=10564, stack(0x0000000016ca0000,0x0000000016da0000)]
  0x000000000315c000 JavaThread "Finalizer" daemon [_thread_blocked, id=6972, stack(0x0000000016a90000,0x0000000016b90000)]
  0x0000000003151000 JavaThread "Reference Handler" daemon [_thread_blocked, id=8764, stack(0x0000000016990000,0x0000000016a90000)]
  0x0000000003060800 JavaThread "main" [_thread_in_native, id=9324, stack(0x0000000002e80000,0x0000000002f80000)]

Other Threads:
  0x00000000157f4800 VMThread [stack: 0x0000000016890000,0x0000000016990000] [id=11860]
  0x00000000171a0800 WatcherThread [stack: 0x00000000176a0000,0x00000000177a0000] [id=11548]

VM state:not at safepoint (normal execution)

VM Mutex/Monitor currently owned by a thread: None

Heap:
 PSYoungGen      total 18944K, used 13513K [0x00000000eab00000, 0x00000000ed000000, 0x0000000100000000)
  eden space 16384K, 66% used [0x00000000eab00000,0x00000000eb5b3b80,0x00000000ebb00000)
  from space 2560K, 99% used [0x00000000ebb00000,0x00000000ebd7ea38,0x00000000ebd80000)
  to   space 2560K, 0% used [0x00000000ecd80000,0x00000000ecd80000,0x00000000ed000000)
 ParOldGen       total 44032K, used 2630K [0x00000000c0000000, 0x00000000c2b00000, 0x00000000eab00000)
  object space 44032K, 5% used [0x00000000c0000000,0x00000000c0291928,0x00000000c2b00000)
 Metaspace       used 5731K, capacity 6896K, committed 7040K, reserved 1056768K
  class space    used 553K, capacity 616K, committed 640K, reserved 1048576K

Card table byte_map: [0x0000000012520000,0x0000000012730000] byte_map_base: 0x0000000011f20000

Marking Bits: (ParMarkBitMap*) 0x00000000535118f0
 Begin Bits: [0x0000000012c90000, 0x0000000013c90000)
 End Bits:   [0x0000000013c90000, 0x0000000014c90000)

Polling page: 0x0000000002f80000

CodeCache: size=245760Kb used=5191Kb max_used=5203Kb free=240568Kb
 bounds [0x0000000003160000, 0x0000000003680000, 0x0000000012160000]
 total_blobs=1521 nmethods=1259 adapters=175
 compilation: enabled

Compilation events (10 events):
Event: 4.988 Thread 0x000000001588a800 nmethod 1260 0x0000000003671890 code [0x0000000003671b00, 0x0000000003672d48]
Event: 4.989 Thread 0x000000001588a800 1261       3       com.android.dx.rop.code.DexTranslationAdvice::totalRopWidth (36 bytes)
Event: 4.990 Thread 0x000000001588a800 nmethod 1261 0x0000000003670b90 code [0x0000000003670d40, 0x0000000003671528]
Event: 4.992 Thread 0x000000001587f000 1262       4       com.android.dx.ssa.SsaMethod::forEachInsn (36 bytes)
Event: 5.007 Thread 0x000000001587f000 nmethod 1262 0x0000000003676910 code [0x0000000003676aa0, 0x0000000003676f88]
Event: 5.036 Thread 0x000000001587f000 1263       4       com.android.dx.ssa.SsaBasicBlock::forEachPhiInsn (54 bytes)
Event: 5.044 Thread 0x000000001588a800 1264       3       com.android.dx.ssa.SsaBasicBlock::replaceSuccessor (125 bytes)
Event: 5.046 Thread 0x000000001588a800 nmethod 1264 0x0000000003677910 code [0x0000000003677ba0, 0x0000000003678a18]
Event: 5.046 Thread 0x000000001587f000 nmethod 1263 0x0000000003679390 code [0x0000000003679520, 0x0000000003679968]
Event: 5.047 Thread 0x000000001587f000 1265   !   4       com.android.dx.cf.cst.ConstantPoolParser::parseUtf8 (47 bytes)

GC Heap History (2 events):
Event: 2.215 GC heap before
{Heap before GC invocations=1 (full 0):
 PSYoungGen      total 18944K, used 16384K [0x00000000eab00000, 0x00000000ec000000, 0x0000000100000000)
  eden space 16384K, 100% used [0x00000000eab00000,0x00000000ebb00000,0x00000000ebb00000)
  from space 2560K, 0% used [0x00000000ebd80000,0x00000000ebd80000,0x00000000ec000000)
  to   space 2560K, 0% used [0x00000000ebb00000,0x00000000ebb00000,0x00000000ebd80000)
 ParOldGen       total 44032K, used 0K [0x00000000c0000000, 0x00000000c2b00000, 0x00000000eab00000)
  object space 44032K, 0% used [0x00000000c0000000,0x00000000c0000000,0x00000000c2b00000)
 Metaspace       used 5538K, capacity 6768K, committed 7040K, reserved 1056768K
  class space    used 548K, capacity 616K, committed 640K, reserved 1048576K
Event: 2.512 GC heap after
Heap after GC invocations=1 (full 0):
 PSYoungGen      total 18944K, used 2554K [0x00000000eab00000, 0x00000000ed000000, 0x0000000100000000)
  eden space 16384K, 0% used [0x00000000eab00000,0x00000000eab00000,0x00000000ebb00000)
  from space 2560K, 99% used [0x00000000ebb00000,0x00000000ebd7ea38,0x00000000ebd80000)
  to   space 2560K, 0% used [0x00000000ecd80000,0x00000000ecd80000,0x00000000ed000000)
 ParOldGen       total 44032K, used 2630K [0x00000000c0000000, 0x00000000c2b00000, 0x00000000eab00000)
  object space 44032K, 5% used [0x00000000c0000000,0x00000000c0291928,0x00000000c2b00000)
 Metaspace       used 5538K, capacity 6768K, committed 7040K, reserved 1056768K
  class space    used 548K, capacity 616K, committed 640K, reserved 1048576K
}

Deoptimization events (10 events):
Event: 3.401 Thread 0x00000000172f5800 Uncommon trap: reason=unstable_if action=reinterpret pc=0x00000000035d5160 method=com.android.dx.util.IntList.binarysearch(I)I @ 26
Event: 3.403 Thread 0x00000000172f5800 Uncommon trap: reason=unstable_if action=reinterpret pc=0x00000000035dd884 method=com.android.dx.rop.code.RegisterSpec.equals(ILcom/android/dx/rop/type/TypeBearer;Lcom/android/dx/rop/code/LocalItem;)Z @ 16
Event: 3.403 Thread 0x00000000172f5800 Uncommon trap: reason=class_check action=maybe_recompile pc=0x0000000003544e68 method=com.android.dx.rop.type.Type.equals(Ljava/lang/Object;)Z @ 8
Event: 3.403 Thread 0x00000000172f5800 Uncommon trap: reason=unstable_if action=reinterpret pc=0x0000000003585064 method=com.android.dx.rop.code.RegisterSpec.equals(ILcom/android/dx/rop/type/TypeBearer;Lcom/android/dx/rop/code/LocalItem;)Z @ 16
Event: 3.408 Thread 0x00000000172f5800 Uncommon trap: reason=class_check action=maybe_recompile pc=0x0000000003544e68 method=com.android.dx.rop.type.Type.equals(Ljava/lang/Object;)Z @ 8
Event: 3.409 Thread 0x00000000172f5800 Uncommon trap: reason=class_check action=maybe_recompile pc=0x00000000035a52ec method=com.android.dx.ssa.back.LivenessAnalyzer.liveOutAtStatement()V @ 14
Event: 3.413 Thread 0x00000000172f5800 Uncommon trap: reason=unstable_if action=reinterpret pc=0x00000000035d9474 method=com.android.dx.rop.code.RegisterSpec.equals(ILcom/android/dx/rop/type/TypeBearer;Lcom/android/dx/rop/code/LocalItem;)Z @ 16
Event: 3.413 Thread 0x00000000172f5800 Uncommon trap: reason=class_check action=maybe_recompile pc=0x0000000003544e68 method=com.android.dx.rop.type.Type.equals(Ljava/lang/Object;)Z @ 8
Event: 3.415 Thread 0x00000000172f5800 Uncommon trap: reason=unstable_if action=reinterpret pc=0x00000000035e8244 method=com.android.dx.ssa.SsaRenamer$BlockRenamer.addMapping(ILcom/android/dx/rop/code/RegisterSpec;)V @ 120
Event: 3.418 Thread 0x00000000172f5800 Uncommon trap: reason=class_check action=maybe_recompile pc=0x0000000003544e68 method=com.android.dx.rop.type.Type.equals(Ljava/lang/Object;)Z @ 8

Internal exceptions (2 events):
Event: 0.057 Thread 0x0000000003060800 Exception <a 'java/lang/NoSuchMethodError': Method sun.misc.Unsafe.defineClass(Ljava/lang/String;[BII)Ljava/lang/Class; name or signature does not match> (0x00000000eab07c78) thrown at [C:\src\android\AOSP-openjdk\external\jetbrains\jdk\hotspot\src\share\víúÉ»v­?
Event: 0.058 Thread 0x0000000003060800 Exception <a 'java/lang/NoSuchMethodError': Method sun.misc.Unsafe.prefetchRead(Ljava/lang/Object;J)V name or signature does not match> (0x00000000eab07f60) thrown at [C:\src\android\AOSP-openjdk\external\jetbrains\jdk\hotspot\src\share\vm\prims\jni.cpp, l

Events (10 events):
Event: 3.418 Thread 0x00000000172f5800 DEOPT PACKING pc=0x0000000003544e68 sp=0x0000000017a9e6d0
Event: 3.418 Thread 0x00000000172f5800 DEOPT UNPACKING pc=0x00000000031a556a sp=0x0000000017a9e668 mode 2
Event: 3.423 Thread 0x0000000017305000 DEOPT PACKING pc=0x000000000339b122 sp=0x0000000017c9ea20
Event: 3.423 Thread 0x0000000017305000 DEOPT UNPACKING pc=0x00000000031a75bf sp=0x0000000017c9e788 mode 0
Event: 3.515 Executing VM operation: ForceSafepoint
Event: 3.681 Executing VM operation: ForceSafepoint done
Event: 4.222 Executing VM operation: EnableBiasedLocking
Event: 4.666 Executing VM operation: EnableBiasedLocking done
Event: 4.923 loading class com/android/dx/cf/iface/ParseObserver
Event: 4.923 loading class com/android/dx/cf/iface/ParseObserver done


Dynamic libraries:
0x00007ff605d70000 - 0x00007ff605da1000 	C:\Program Files\Android\Android Studio\jre\bin\java.exe
0x00007ffb16310000 - 0x00007ffb164eb000 	C:\WINDOWS\SYSTEM32\ntdll.dll
0x00007ffb161b0000 - 0x00007ffb1625e000 	C:\WINDOWS\System32\KERNEL32.DLL
0x00007ffb12320000 - 0x00007ffb12569000 	C:\WINDOWS\System32\KERNELBASE.dll
0x00007ffb160f0000 - 0x00007ffb16191000 	C:\WINDOWS\System32\ADVAPI32.dll
0x00007ffb15f10000 - 0x00007ffb15fad000 	C:\WINDOWS\System32\msvcrt.dll
0x00007ffb158b0000 - 0x00007ffb15909000 	C:\WINDOWS\System32\sechost.dll
0x00007ffb15cc0000 - 0x00007ffb15de5000 	C:\WINDOWS\System32\RPCRT4.dll
0x00007ffb13ad0000 - 0x00007ffb13c1a000 	C:\WINDOWS\System32\USER32.dll
0x00007ffb13050000 - 0x00007ffb1306e000 	C:\WINDOWS\System32\win32u.dll
0x00007ffb15fb0000 - 0x00007ffb15fd7000 	C:\WINDOWS\System32\GDI32.dll
0x00007ffb12710000 - 0x00007ffb12899000 	C:\WINDOWS\System32\gdi32full.dll
0x00007ffb12670000 - 0x00007ffb1270a000 	C:\WINDOWS\System32\msvcp_win.dll
0x00007ffb12570000 - 0x00007ffb12666000 	C:\WINDOWS\System32\ucrtbase.dll
0x00007ffb07c00000 - 0x00007ffb07e67000 	C:\WINDOWS\WinSxS\amd64_microsoft.windows.common-controls_6595b64144ccf1df_6.0.15063.0_none_108e4f62dfe5d999\COMCTL32.dll
0x00007ffb155b0000 - 0x00007ffb158a9000 	C:\WINDOWS\System32\combase.dll
0x00007ffb122b0000 - 0x00007ffb1231a000 	C:\WINDOWS\System32\bcryptPrimitives.dll
0x00007ffb13f70000 - 0x00007ffb13f9d000 	C:\WINDOWS\System32\IMM32.DLL
0x0000000052c70000 - 0x0000000052d42000 	C:\Program Files\Android\Android Studio\jre\jre\bin\msvcr100.dll
0x0000000052d50000 - 0x000000005358c000 	C:\Program Files\Android\Android Studio\jre\jre\bin\server\jvm.dll
0x00007ffb161a0000 - 0x00007ffb161a8000 	C:\WINDOWS\System32\PSAPI.DLL
0x00007ffb00600000 - 0x00007ffb00609000 	C:\WINDOWS\SYSTEM32\WSOCK32.dll
0x00007ffb13a60000 - 0x00007ffb13acc000 	C:\WINDOWS\System32\WS2_32.dll
0x00007ffb104a0000 - 0x00007ffb104c3000 	C:\WINDOWS\SYSTEM32\WINMM.dll
0x00007ffb00610000 - 0x00007ffb0061a000 	C:\WINDOWS\SYSTEM32\VERSION.dll
0x00007ffb10410000 - 0x00007ffb1043b000 	C:\WINDOWS\SYSTEM32\WINMMBASE.dll
0x00007ffb13070000 - 0x00007ffb130b9000 	C:\WINDOWS\System32\cfgmgr32.dll
0x00007ffaf3bb0000 - 0x00007ffaf3bbf000 	C:\Program Files\Android\Android Studio\jre\jre\bin\verify.dll
0x00007ffae6400000 - 0x00007ffae6429000 	C:\Program Files\Android\Android Studio\jre\jre\bin\java.dll
0x00007ffaeb470000 - 0x00007ffaeb486000 	C:\Program Files\Android\Android Studio\jre\jre\bin\zip.dll
0x00007ffb14170000 - 0x00007ffb155a7000 	C:\WINDOWS\System32\SHELL32.dll
0x00007ffb16260000 - 0x00007ffb1630a000 	C:\WINDOWS\System32\shcore.dll
0x00007ffb12950000 - 0x00007ffb13042000 	C:\WINDOWS\System32\windows.storage.dll
0x00007ffb13c20000 - 0x00007ffb13c71000 	C:\WINDOWS\System32\shlwapi.dll
0x00007ffb12060000 - 0x00007ffb12071000 	C:\WINDOWS\System32\kernel.appcore.dll
0x00007ffb11fd0000 - 0x00007ffb1201c000 	C:\WINDOWS\System32\powrprof.dll
0x00007ffb12020000 - 0x00007ffb12035000 	C:\WINDOWS\System32\profapi.dll

VM Arguments:
jvm_args: -Djava.awt.headless=true -Xmx1024M -Dfile.encoding=windows-1252 -Duser.country=GT -Duser.language=es -Duser.variant 
java_command: com.android.dx.command.Main --dex --num-threads=4 --output C:\Android Studio WorkSpace\TDPSYNC\app\build\intermediates\pre-dexed\debug\debug_ead6ca3a28157b9261fae307ec6f1a57de2342f5.jar C:\Android Studio WorkSpace\TDPSYNC\app\build\intermediates\classes\debug
java_class_path (initial): C:\Users\Isaias\AppData\Local\Android\sdk\build-tools\25.0.0\lib\dx.jar
Launcher Type: SUN_STANDARD

Environment Variables:
PATH=C:\ProgramData\Oracle\Java\javapath;C:\Program Files (x86)\Intel\iCLS Client\;C:\Program Files\Intel\iCLS Client\;C:\WINDOWS\system32;C:\WINDOWS;C:\WINDOWS\System32\Wbem;C:\WINDOWS\System32\WindowsPowerShell\v1.0\;C:\Program Files\Intel\Intel(R) Management Engine Components\DAL;C:\Program Files (x86)\Intel\Intel(R) Management Engine Components\DAL;C:\Program Files\Intel\Intel(R) Management Engine Components\IPT;C:\Program Files (x86)\Intel\Intel(R) Management Engine Components\IPT;C:\Program Files (x86)\Common Files\lenovo\easyplussdk\bin;C:\Program Files (x86)\Lenovo\Password Manager\;C:\Users\Isaias\AppData\Local\Microsoft\WindowsApps;
USERNAME=Isaias
OS=Windows_NT
PROCESSOR_IDENTIFIER=Intel64 Family 6 Model 69 Stepping 1, GenuineIntel



---------------  S Y S T E M  ---------------

OS: Windows 10.0 , 64 bit Build 15063 (10.0.15063.0)

CPU:total 4 (2 cores per cpu, 2 threads per core) family 6 model 69 stepping 1, cmov, cx8, fxsr, mmx, sse, sse2, sse3, ssse3, sse4.1, sse4.2, popcnt, avx, avx2, aes, clmul, erms, lzcnt, ht, tsc, tscinvbit, bmi1, bmi2

Memory: 4k page, physical 4117440k(1017452k free), swap 5548992k(3640k free)

vm_info: OpenJDK 64-Bit Server VM (25.112-b06) for windows-amd64 JRE (1.8.0_112-release-b06), built on Dec  8 2016 00:54:26 by "builder" with MS VC++ 10.0 (VS2010)

time: Fri Apr 28 21:43:17 2017
elapsed time: 5 seconds (0d 0h 0m 5s)

