#
# There is insufficient memory for the Java Runtime Environment to continue.
# Native memory allocation (malloc) failed to allocate 672576 bytes for Chunk::new
# Possible reasons:
#   The system is out of physical RAM or swap space
#   In 32 bit mode, the process size limit was hit
# Possible solutions:
#   Reduce memory load on the system
#   Increase physical memory or swap space
#   Check if swap backing store is full
#   Use 64 bit Java on a 64 bit OS
#   Decrease Java heap size (-Xmx/-Xms)
#   Decrease number of Java threads
#   Decrease Java thread stack sizes (-Xss)
#   Set larger code cache with -XX:ReservedCodeCacheSize=
# This output file may be truncated or incomplete.
#
#  Out of Memory Error (allocation.cpp:390), pid=548, tid=0x000000000000247c
#
# JRE version: OpenJDK Runtime Environment (8.0_112-b06) (build 1.8.0_112-release-b06)
# Java VM: OpenJDK 64-Bit Server VM (25.112-b06 mixed mode windows-amd64 compressed oops)
# Failed to write core dump. Minidumps are not enabled by default on client versions of Windows
#

---------------  T H R E A D  ---------------

Current thread (0x000000001538a800):  JavaThread "C2 CompilerThread0" daemon [_thread_in_native, id=9340, stack(0x0000000016a00000,0x0000000016b00000)]

Stack: [0x0000000016a00000,0x0000000016b00000]
[error occurred during error reporting (printing stack bounds), id 0xc0000005]

Native frames: (J=compiled Java code, j=interpreted, Vv=VM code, C=native code)


Current CompileTask:
C2:   7282 1499   !   4       com.android.dx.cf.cst.ConstantPoolParser::parse0 (731 bytes)


---------------  P R O C E S S  ---------------

Java Threads: ( => current thread )
  0x0000000016fb1000 JavaThread "pool-1-thread-4" [_thread_in_Java, id=4828, stack(0x0000000017700000,0x0000000017800000)]
  0x0000000016fb0000 JavaThread "pool-1-thread-3" [_thread_blocked, id=7576, stack(0x0000000017600000,0x0000000017700000)]
  0x0000000016fa2800 JavaThread "pool-1-thread-2" [_thread_blocked, id=8040, stack(0x0000000017500000,0x0000000017600000)]
  0x0000000016fa1000 JavaThread "pool-2-thread-1" [_thread_blocked, id=9912, stack(0x0000000017400000,0x0000000017500000)]
  0x0000000017053800 JavaThread "pool-1-thread-1" [_thread_in_Java, id=10204, stack(0x0000000017300000,0x0000000017400000)]
  0x0000000016d0a800 JavaThread "Service Thread" daemon [_thread_blocked, id=9160, stack(0x0000000017100000,0x0000000017200000)]
  0x00000000153ea800 JavaThread "C1 CompilerThread2" daemon [_thread_blocked, id=8352, stack(0x0000000016c00000,0x0000000016d00000)]
  0x000000001538d800 JavaThread "C2 CompilerThread1" daemon [_thread_in_vm, id=6552, stack(0x0000000016b00000,0x0000000016c00000)]
=>0x000000001538a800 JavaThread "C2 CompilerThread0" daemon [_thread_in_native, id=9340, stack(0x0000000016a00000,0x0000000016b00000)]
  0x0000000015389000 JavaThread "Attach Listener" daemon [_thread_blocked, id=592, stack(0x0000000016900000,0x0000000016a00000)]
  0x0000000015388000 JavaThread "Signal Dispatcher" daemon [_thread_blocked, id=11104, stack(0x0000000016800000,0x0000000016900000)]
  0x0000000002cb5800 JavaThread "Finalizer" daemon [_thread_blocked, id=7796, stack(0x00000000165f0000,0x00000000166f0000)]
  0x0000000002cb0800 JavaThread "Reference Handler" daemon [_thread_blocked, id=6908, stack(0x00000000164f0000,0x00000000165f0000)]
  0x0000000002bc0800 JavaThread "main" [_thread_in_Java, id=9908, stack(0x0000000002aa0000,0x0000000002ba0000)]

Other Threads:
  0x0000000015355800 VMThread [stack: 0x00000000163f0000,0x00000000164f0000] [id=7436]
  0x0000000016d00800 WatcherThread [stack: 0x0000000017200000,0x0000000017300000] [id=1628]

VM state:not at safepoint (normal execution)

VM Mutex/Monitor currently owned by a thread: None

Heap:
 PSYoungGen      total 35328K, used 27277K [0x00000000eab00000, 0x00000000ed000000, 0x0000000100000000)
  eden space 32768K, 75% used [0x00000000eab00000,0x00000000ec32b5d0,0x00000000ecb00000)
  from space 2560K, 98% used [0x00000000ecd80000,0x00000000ecff8038,0x00000000ed000000)
  to   space 2560K, 0% used [0x00000000ecb00000,0x00000000ecb00000,0x00000000ecd80000)
 ParOldGen       total 44032K, used 2191K [0x00000000c0000000, 0x00000000c2b00000, 0x00000000eab00000)
  object space 44032K, 4% used [0x00000000c0000000,0x00000000c0223c30,0x00000000c2b00000)
 Metaspace       used 6015K, capacity 7088K, committed 7296K, reserved 1056768K
  class space    used 566K, capacity 616K, committed 640K, reserved 1048576K

Card table byte_map: [0x0000000012080000,0x0000000012290000] byte_map_base: 0x0000000011a80000

Marking Bits: (ParMarkBitMap*) 0x00000000535118f0
 Begin Bits: [0x00000000127f0000, 0x00000000137f0000)
 End Bits:   [0x00000000137f0000, 0x00000000147f0000)

Polling page: 0x0000000000bf0000

CodeCache: size=245760Kb used=6546Kb max_used=6554Kb free=239213Kb
 bounds [0x0000000002cc0000, 0x0000000003330000, 0x0000000011cc0000]
 total_blobs=1786 nmethods=1524 adapters=176
 compilation: enabled

Compilation events (10 events):
Event: 7.265 Thread 0x00000000153ea800 nmethod 1524 0x0000000003303950 code [0x0000000003303b00, 0x0000000003304118]
Event: 7.265 Thread 0x00000000153ea800 1525       3       com.android.dx.dex.file.AnnotationItem::addContents (27 bytes)
Event: 7.265 Thread 0x00000000153ea800 nmethod 1525 0x000000000330d110 code [0x000000000330d280, 0x000000000330d638]
Event: 7.265 Thread 0x00000000153ea800 1526       3       com.android.dx.rop.annotation.Annotation::getNameValuePairs (11 bytes)
Event: 7.266 Thread 0x00000000153ea800 nmethod 1526 0x00000000033058d0 code [0x0000000003305a80, 0x00000000033060a8]
Event: 7.267 Thread 0x000000001538d800 1527       4       com.android.dx.cf.code.BaseMachine::getLocalTarget (151 bytes)
Event: 7.272 Thread 0x000000001538d800 nmethod 1527 0x00000000033105d0 code [0x0000000003310740, 0x0000000003310988]
Event: 7.272 Thread 0x000000001538d800 1529       4       com.android.dx.ssa.LocalVariableExtractor::processBlock (383 bytes)
Event: 7.273 Thread 0x00000000153ea800 1530       3       com.android.dx.rop.code.SourcePosition::equals (46 bytes)
Event: 7.274 Thread 0x00000000153ea800 nmethod 1530 0x0000000003305150 code [0x00000000033052e0, 0x00000000033057e8]

GC Heap History (4 events):
Event: 1.952 GC heap before
{Heap before GC invocations=1 (full 0):
 PSYoungGen      total 18944K, used 16384K [0x00000000eab00000, 0x00000000ec000000, 0x0000000100000000)
  eden space 16384K, 100% used [0x00000000eab00000,0x00000000ebb00000,0x00000000ebb00000)
  from space 2560K, 0% used [0x00000000ebd80000,0x00000000ebd80000,0x00000000ec000000)
  to   space 2560K, 0% used [0x00000000ebb00000,0x00000000ebb00000,0x00000000ebd80000)
 ParOldGen       total 44032K, used 0K [0x00000000c0000000, 0x00000000c2b00000, 0x00000000eab00000)
  object space 44032K, 0% used [0x00000000c0000000,0x00000000c0000000,0x00000000c2b00000)
 Metaspace       used 5236K, capacity 6448K, committed 6528K, reserved 1056768K
  class space    used 555K, capacity 616K, committed 640K, reserved 1048576K
Event: 2.195 GC heap after
Heap after GC invocations=1 (full 0):
 PSYoungGen      total 18944K, used 2552K [0x00000000eab00000, 0x00000000ed000000, 0x0000000100000000)
  eden space 16384K, 0% used [0x00000000eab00000,0x00000000eab00000,0x00000000ebb00000)
  from space 2560K, 99% used [0x00000000ebb00000,0x00000000ebd7e2f8,0x00000000ebd80000)
  to   space 2560K, 0% used [0x00000000ecd80000,0x00000000ecd80000,0x00000000ed000000)
 ParOldGen       total 44032K, used 583K [0x00000000c0000000, 0x00000000c2b00000, 0x00000000eab00000)
  object space 44032K, 1% used [0x00000000c0000000,0x00000000c0091fe0,0x00000000c2b00000)
 Metaspace       used 5236K, capacity 6448K, committed 6528K, reserved 1056768K
  class space    used 555K, capacity 616K, committed 640K, reserved 1048576K
}
Event: 5.593 GC heap before
{Heap before GC invocations=2 (full 0):
 PSYoungGen      total 18944K, used 18936K [0x00000000eab00000, 0x00000000ed000000, 0x0000000100000000)
  eden space 16384K, 100% used [0x00000000eab00000,0x00000000ebb00000,0x00000000ebb00000)
  from space 2560K, 99% used [0x00000000ebb00000,0x00000000ebd7e2f8,0x00000000ebd80000)
  to   space 2560K, 0% used [0x00000000ecd80000,0x00000000ecd80000,0x00000000ed000000)
 ParOldGen       total 44032K, used 583K [0x00000000c0000000, 0x00000000c2b00000, 0x00000000eab00000)
  object space 44032K, 1% used [0x00000000c0000000,0x00000000c0091fe0,0x00000000c2b00000)
 Metaspace       used 5821K, capacity 6896K, committed 7040K, reserved 1056768K
  class space    used 566K, capacity 616K, committed 640K, reserved 1048576K
Event: 5.976 GC heap after
Heap after GC invocations=2 (full 0):
 PSYoungGen      total 35328K, used 2528K [0x00000000eab00000, 0x00000000ed000000, 0x0000000100000000)
  eden space 32768K, 0% used [0x00000000eab00000,0x00000000eab00000,0x00000000ecb00000)
  from space 2560K, 98% used [0x00000000ecd80000,0x00000000ecff8038,0x00000000ed000000)
  to   space 2560K, 0% used [0x00000000ecb00000,0x00000000ecb00000,0x00000000ecd80000)
 ParOldGen       total 44032K, used 2191K [0x00000000c0000000, 0x00000000c2b00000, 0x00000000eab00000)
  object space 44032K, 4% used [0x00000000c0000000,0x00000000c0223c30,0x00000000c2b00000)
 Metaspace       used 5821K, capacity 6896K, committed 7040K, reserved 1056768K
  class space    used 566K, capacity 616K, committed 640K, reserved 1048576K
}

Deoptimization events (10 events):
Event: 3.491 Thread 0x0000000016fb0000 Uncommon trap: reason=unstable_if action=reinterpret pc=0x0000000002ebea80 method=java.util.HashMap.getNode(ILjava/lang/Object;)Ljava/util/HashMap$Node; @ 62
Event: 3.492 Thread 0x0000000016fb0000 Uncommon trap: reason=unstable_if action=reinterpret pc=0x0000000002ed5fb0 method=java.util.BitSet.nextSetBit(I)I @ 87
Event: 3.526 Thread 0x0000000017053800 Uncommon trap: reason=class_check action=maybe_recompile pc=0x0000000002f34eb0 method=com.android.dx.ssa.NormalSsaInsn.accept(Lcom/android/dx/ssa/SsaInsn$Visitor;)V @ 9
Event: 3.578 Thread 0x0000000016fb1000 Uncommon trap: reason=unstable_if action=reinterpret pc=0x00000000030a0394 method=com.android.dx.rop.code.RegisterSpec.equals(ILcom/android/dx/rop/type/TypeBearer;Lcom/android/dx/rop/code/LocalItem;)Z @ 16
Event: 3.578 Thread 0x0000000016fb1000 Uncommon trap: reason=unstable_if action=reinterpret pc=0x0000000002fe0930 method=com.android.dx.rop.code.RegisterSpec.equals(ILcom/android/dx/rop/type/TypeBearer;Lcom/android/dx/rop/code/LocalItem;)Z @ 16
Event: 3.578 Thread 0x0000000016fb1000 Uncommon trap: reason=unstable_if action=reinterpret pc=0x00000000030b04d4 method=com.android.dx.rop.code.RegisterSpec.equals(ILcom/android/dx/rop/type/TypeBearer;Lcom/android/dx/rop/code/LocalItem;)Z @ 16
Event: 4.210 Thread 0x0000000016fb0000 Uncommon trap: reason=unstable_if action=reinterpret pc=0x000000000309506c method=com.android.dx.rop.code.RegisterSpecSet.put(Lcom/android/dx/rop/code/RegisterSpec;)V @ 77
Event: 6.234 Thread 0x0000000017053800 Uncommon trap: reason=unstable_if action=reinterpret pc=0x00000000030c8e7c method=com.android.dx.rop.code.RegisterSpec.equals(ILcom/android/dx/rop/type/TypeBearer;Lcom/android/dx/rop/code/LocalItem;)Z @ 16
Event: 6.411 Thread 0x0000000016fb1000 Uncommon trap: reason=unstable_if action=reinterpret pc=0x0000000003232620 method=com.android.dx.cf.code.BytecodeArray.parseInstruction(ILcom/android/dx/cf/code/BytecodeArray$Visitor;)I @ 1198
Event: 6.563 Thread 0x0000000016fb0000 Uncommon trap: reason=null_check action=make_not_entrant pc=0x0000000003097370 method=com.android.dx.ssa.SsaRenamer.getLocalForNewReg(I)Lcom/android/dx/rop/code/LocalItem; @ 19

Internal exceptions (3 events):
Event: 0.067 Thread 0x0000000002bc0800 Exception <a 'java/lang/NoSuchMethodError': Method sun.misc.Unsafe.defineClass(Ljava/lang/String;[BII)Ljava/lang/Class; name or signature does not match> (0x00000000eab07c78) thrown at [C:\src\android\AOSP-openjdk\external\jetbrains\jdk\hotspot\src\share\vjﬂlñ√+±?
Event: 0.067 Thread 0x0000000002bc0800 Exception <a 'java/lang/NoSuchMethodError': Method sun.misc.Unsafe.prefetchRead(Ljava/lang/Object;J)V name or signature does not match> (0x00000000eab07f60) thrown at [C:\src\android\AOSP-openjdk\external\jetbrains\jdk\hotspot\src\share\vm\prims\jni.cpp, lcWê
Event: 6.563 Thread 0x0000000016fb0000 Implicit null exception at 0x0000000003095a88 to 0x0000000003097325

Events (10 events):
Event: 5.976 Executing VM operation: ParallelGCFailedAllocation done
Event: 6.234 Thread 0x0000000017053800 Uncommon trap: trap_request=0xffffff65 fr.pc=0x00000000030c8e7c
Event: 6.234 Thread 0x0000000017053800 DEOPT PACKING pc=0x00000000030c8e7c sp=0x00000000173feb10
Event: 6.234 Thread 0x0000000017053800 DEOPT UNPACKING pc=0x0000000002d0556a sp=0x00000000173fe950 mode 2
Event: 6.411 Thread 0x0000000016fb1000 Uncommon trap: trap_request=0xffffff65 fr.pc=0x0000000003232620
Event: 6.411 Thread 0x0000000016fb1000 DEOPT PACKING pc=0x0000000003232620 sp=0x00000000177fec30
Event: 6.411 Thread 0x0000000016fb1000 DEOPT UNPACKING pc=0x0000000002d0556a sp=0x00000000177febc8 mode 2
Event: 6.563 Thread 0x0000000016fb0000 Uncommon trap: trap_request=0xfffffff4 fr.pc=0x0000000003097370
Event: 6.563 Thread 0x0000000016fb0000 DEOPT PACKING pc=0x0000000003097370 sp=0x00000000176fe420
Event: 6.563 Thread 0x0000000016fb0000 DEOPT UNPACKING pc=0x0000000002d0556a sp=0x00000000176fe228 mode 2


Dynamic libraries:
0x00007ff605d70000 - 0x00007ff605da1000 	C:\Program Files\Android\Android Studio\jre\bin\java.exe
0x00007ffb16310000 - 0x00007ffb164eb000 	C:\WINDOWS\SYSTEM32\ntdll.dll
0x00007ffb161b0000 - 0x00007ffb1625e000 	C:\WINDOWS\System32\KERNEL32.DLL
0x00007ffb12320000 - 0x00007ffb12569000 	C:\WINDOWS\System32\KERNELBASE.dll
0x00007ffb160f0000 - 0x00007ffb16191000 	C:\WINDOWS\System32\ADVAPI32.dll
0x00007ffb15f10000 - 0x00007ffb15fad000 	C:\WINDOWS\System32\msvcrt.dll
0x00007ffb158b0000 - 0x00007ffb15909000 	C:\WINDOWS\System32\sechost.dll
0x00007ffb15cc0000 - 0x00007ffb15de5000 	C:\WINDOWS\System32\RPCRT4.dll
0x00007ffb13ad0000 - 0x00007ffb13c1a000 	C:\WINDOWS\System32\USER32.dll
0x00007ffb13050000 - 0x00007ffb1306e000 	C:\WINDOWS\System32\win32u.dll
0x00007ffb15fb0000 - 0x00007ffb15fd7000 	C:\WINDOWS\System32\GDI32.dll
0x00007ffb12710000 - 0x00007ffb12899000 	C:\WINDOWS\System32\gdi32full.dll
0x00007ffb12670000 - 0x00007ffb1270a000 	C:\WINDOWS\System32\msvcp_win.dll
0x00007ffb12570000 - 0x00007ffb12666000 	C:\WINDOWS\System32\ucrtbase.dll
0x00007ffb07c00000 - 0x00007ffb07e67000 	C:\WINDOWS\WinSxS\amd64_microsoft.windows.common-controls_6595b64144ccf1df_6.0.15063.0_none_108e4f62dfe5d999\COMCTL32.dll
0x00007ffb155b0000 - 0x00007ffb158a9000 	C:\WINDOWS\System32\combase.dll
0x00007ffb122b0000 - 0x00007ffb1231a000 	C:\WINDOWS\System32\bcryptPrimitives.dll
0x00007ffb13f70000 - 0x00007ffb13f9d000 	C:\WINDOWS\System32\IMM32.DLL
0x0000000052c70000 - 0x0000000052d42000 	C:\Program Files\Android\Android Studio\jre\jre\bin\msvcr100.dll
0x0000000052d50000 - 0x000000005358c000 	C:\Program Files\Android\Android Studio\jre\jre\bin\server\jvm.dll
0x00007ffb161a0000 - 0x00007ffb161a8000 	C:\WINDOWS\System32\PSAPI.DLL
0x00007ffb00600000 - 0x00007ffb00609000 	C:\WINDOWS\SYSTEM32\WSOCK32.dll
0x00007ffb13a60000 - 0x00007ffb13acc000 	C:\WINDOWS\System32\WS2_32.dll
0x00007ffb104a0000 - 0x00007ffb104c3000 	C:\WINDOWS\SYSTEM32\WINMM.dll
0x00007ffb00610000 - 0x00007ffb0061a000 	C:\WINDOWS\SYSTEM32\VERSION.dll
0x00007ffb10410000 - 0x00007ffb1043b000 	C:\WINDOWS\SYSTEM32\WINMMBASE.dll
0x00007ffb13070000 - 0x00007ffb130b9000 	C:\WINDOWS\System32\cfgmgr32.dll
0x00007ffaf3bb0000 - 0x00007ffaf3bbf000 	C:\Program Files\Android\Android Studio\jre\jre\bin\verify.dll
0x00007ffae6400000 - 0x00007ffae6429000 	C:\Program Files\Android\Android Studio\jre\jre\bin\java.dll
0x00007ffaeb470000 - 0x00007ffaeb486000 	C:\Program Files\Android\Android Studio\jre\jre\bin\zip.dll
0x00007ffb14170000 - 0x00007ffb155a7000 	C:\WINDOWS\System32\SHELL32.dll
0x00007ffb16260000 - 0x00007ffb1630a000 	C:\WINDOWS\System32\shcore.dll
0x00007ffb12950000 - 0x00007ffb13042000 	C:\WINDOWS\System32\windows.storage.dll
0x00007ffb13c20000 - 0x00007ffb13c71000 	C:\WINDOWS\System32\shlwapi.dll
0x00007ffb12060000 - 0x00007ffb12071000 	C:\WINDOWS\System32\kernel.appcore.dll
0x00007ffb11fd0000 - 0x00007ffb1201c000 	C:\WINDOWS\System32\powrprof.dll
0x00007ffb12020000 - 0x00007ffb12035000 	C:\WINDOWS\System32\profapi.dll

VM Arguments:
jvm_args: -Djava.awt.headless=true -Xmx1024M -Dfile.encoding=windows-1252 -Duser.country=GT -Duser.language=es -Duser.variant 
java_command: com.android.dx.command.Main --dex --num-threads=4 --output C:\Android Studio WorkSpace\TDPSYNC\app\build\intermediates\pre-dexed\debug\classes_6855700adf35bad1ffb701163afa1dcf7cd0e057.jar C:\Users\Isaias\.android\build-cache\4dd8bf4a2066541b141cc9aec33a4a404695e7ae\output\jars\classes.jar
java_class_path (initial): C:\Users\Isaias\AppData\Local\Android\sdk\build-tools\25.0.0\lib\dx.jar
Launcher Type: SUN_STANDARD

Environment Variables:
PATH=C:\ProgramData\Oracle\Java\javapath;C:\Program Files (x86)\Intel\iCLS Client\;C:\Program Files\Intel\iCLS Client\;C:\WINDOWS\system32;C:\WINDOWS;C:\WINDOWS\System32\Wbem;C:\WINDOWS\System32\WindowsPowerShell\v1.0\;C:\Program Files\Intel\Intel(R) Management Engine Components\DAL;C:\Program Files (x86)\Intel\Intel(R) Management Engine Components\DAL;C:\Program Files\Intel\Intel(R) Management Engine Components\IPT;C:\Program Files (x86)\Intel\Intel(R) Management Engine Components\IPT;C:\Program Files (x86)\Common Files\lenovo\easyplussdk\bin;C:\Program Files (x86)\Lenovo\Password Manager\;C:\Users\Isaias\AppData\Local\Microsoft\WindowsApps;
USERNAME=Isaias
OS=Windows_NT
PROCESSOR_IDENTIFIER=Intel64 Family 6 Model 69 Stepping 1, GenuineIntel



---------------  S Y S T E M  ---------------

OS: Windows 10.0 , 64 bit Build 15063 (10.0.15063.0)

CPU:total 4 (2 cores per cpu, 2 threads per core) family 6 model 69 stepping 1, cmov, cx8, fxsr, mmx, sse, sse2, sse3, ssse3, sse4.1, sse4.2, popcnt, avx, avx2, aes, clmul, erms, lzcnt, ht, tsc, tscinvbit, bmi1, bmi2

Memory: 4k page, physical 4117440k(1033188k free), swap 5548992k(5704k free)

vm_info: OpenJDK 64-Bit Server VM (25.112-b06) for windows-amd64 JRE (1.8.0_112-release-b06), built on Dec  8 2016 00:54:26 by "builder" with MS VC++ 10.0 (VS2010)

time: Fri Apr 28 20:01:21 2017
elapsed time: 7 seconds (0d 0h 0m 7s)

