#
# There is insufficient memory for the Java Runtime Environment to continue.
# Native memory allocation (malloc) failed to allocate 459216 bytes for Chunk::new
# Possible reasons:
#   The system is out of physical RAM or swap space
#   In 32 bit mode, the process size limit was hit
# Possible solutions:
#   Reduce memory load on the system
#   Increase physical memory or swap space
#   Check if swap backing store is full
#   Use 64 bit Java on a 64 bit OS
#   Decrease Java heap size (-Xmx/-Xms)
#   Decrease number of Java threads
#   Decrease Java thread stack sizes (-Xss)
#   Set larger code cache with -XX:ReservedCodeCacheSize=
# This output file may be truncated or incomplete.
#
#  Out of Memory Error (allocation.cpp:390), pid=8408, tid=0x0000000000002684
#
# JRE version: OpenJDK Runtime Environment (8.0_112-b06) (build 1.8.0_112-release-b06)
# Java VM: OpenJDK 64-Bit Server VM (25.112-b06 mixed mode windows-amd64 compressed oops)
# Failed to write core dump. Minidumps are not enabled by default on client versions of Windows
#

---------------  T H R E A D  ---------------

Current thread (0x0000000015988800):  JavaThread "C2 CompilerThread1" daemon [_thread_in_native, id=9860, stack(0x0000000017110000,0x0000000017210000)]

Stack: [0x0000000017110000,0x0000000017210000]
[error occurred during error reporting (printing stack bounds), id 0xc0000005]

Native frames: (J=compiled Java code, j=interpreted, Vv=VM code, C=native code)


Current CompileTask:
C2:   7279 1392       4       com.android.dx.ssa.LocalVariableExtractor::processBlock (383 bytes)


---------------  P R O C E S S  ---------------

Java Threads: ( => current thread )
  0x0000000017467800 JavaThread "pool-1-thread-4" [_thread_blocked, id=8264, stack(0x0000000017d10000,0x0000000017e10000)]
  0x0000000017466800 JavaThread "pool-1-thread-3" [_thread_blocked, id=8808, stack(0x0000000017c10000,0x0000000017d10000)]
  0x0000000017466000 JavaThread "pool-1-thread-2" [_thread_blocked, id=9264, stack(0x0000000017b10000,0x0000000017c10000)]
  0x0000000017462000 JavaThread "pool-2-thread-1" [_thread_blocked, id=6716, stack(0x0000000017a10000,0x0000000017b10000)]
  0x000000001745a800 JavaThread "pool-1-thread-1" [_thread_in_vm, id=7432, stack(0x0000000017910000,0x0000000017a10000)]
  0x00000000159ee000 JavaThread "Service Thread" daemon [_thread_blocked, id=11100, stack(0x0000000017710000,0x0000000017810000)]
  0x00000000159eb800 JavaThread "C1 CompilerThread2" daemon [_thread_blocked, id=10036, stack(0x0000000017210000,0x0000000017310000)]
=>0x0000000015988800 JavaThread "C2 CompilerThread1" daemon [_thread_in_native, id=9860, stack(0x0000000017110000,0x0000000017210000)]
  0x0000000015997800 JavaThread "C2 CompilerThread0" daemon [_thread_in_native, id=8568, stack(0x0000000017010000,0x0000000017110000)]
  0x0000000015996000 JavaThread "Attach Listener" daemon [_thread_blocked, id=7656, stack(0x0000000016f10000,0x0000000017010000)]
  0x0000000015994800 JavaThread "Signal Dispatcher" daemon [_thread_blocked, id=6996, stack(0x0000000016e10000,0x0000000016f10000)]
  0x0000000015978800 JavaThread "Finalizer" daemon [_thread_blocked, id=7732, stack(0x0000000016bf0000,0x0000000016cf0000)]
  0x0000000003291000 JavaThread "Reference Handler" daemon [_thread_blocked, id=8580, stack(0x0000000016af0000,0x0000000016bf0000)]
  0x00000000031a0800 JavaThread "main" [_thread_in_native, id=9580, stack(0x00000000030a0000,0x00000000031a0000)]

Other Threads:
  0x0000000015954800 VMThread [stack: 0x00000000169f0000,0x0000000016af0000] [id=6620]
  0x0000000017311800 WatcherThread [stack: 0x0000000017810000,0x0000000017910000] [id=10432]

VM state:not at safepoint (normal execution)

VM Mutex/Monitor currently owned by a thread: None

Heap:
 PSYoungGen      total 35328K, used 7848K [0x00000000eab00000, 0x00000000ed000000, 0x0000000100000000)
  eden space 32768K, 16% used [0x00000000eab00000,0x00000000eb02a278,0x00000000ecb00000)
  from space 2560K, 99% used [0x00000000ecd80000,0x00000000ecfffe70,0x00000000ed000000)
  to   space 2560K, 0% used [0x00000000ecb00000,0x00000000ecb00000,0x00000000ecd80000)
 ParOldGen       total 44032K, used 5314K [0x00000000c0000000, 0x00000000c2b00000, 0x00000000eab00000)
  object space 44032K, 12% used [0x00000000c0000000,0x00000000c0530b68,0x00000000c2b00000)
 Metaspace       used 5849K, capacity 6960K, committed 7040K, reserved 1056768K
  class space    used 559K, capacity 616K, committed 640K, reserved 1048576K

Card table byte_map: [0x0000000012660000,0x0000000012870000] byte_map_base: 0x0000000012060000

Marking Bits: (ParMarkBitMap*) 0x00000000535118f0
 Begin Bits: [0x0000000012dd0000, 0x0000000013dd0000)
 End Bits:   [0x0000000013dd0000, 0x0000000014dd0000)

Polling page: 0x00000000017c0000

CodeCache: size=245760Kb used=5984Kb max_used=5984Kb free=239775Kb
 bounds [0x00000000032a0000, 0x0000000003880000, 0x00000000122a0000]
 total_blobs=1665 nmethods=1403 adapters=175
 compilation: enabled

Compilation events (10 events):
Event: 7.221 Thread 0x00000000159eb800 1403       1       com.android.dx.cf.code.OneLocalsArray::getOrNull (7 bytes)
Event: 7.222 Thread 0x00000000159eb800 nmethod 1403 0x0000000003865110 code [0x0000000003865260, 0x0000000003865390]
Event: 7.223 Thread 0x00000000159eb800 1404       3       com.android.dx.rop.code.RegisterSpecSet::intersect (117 bytes)
Event: 7.225 Thread 0x00000000159eb800 nmethod 1404 0x000000000386e310 code [0x000000000386e500, 0x000000000386eef8]
Event: 7.226 Thread 0x00000000159eb800 1405       3       java.util.ArrayList::add (54 bytes)
Event: 7.227 Thread 0x00000000159eb800 nmethod 1405 0x000000000387ae50 code [0x000000000387b020, 0x000000000387b7f8]
Event: 7.231 Thread 0x00000000159eb800 1407       3       com.android.dx.cf.iface.StdMethodList::get (9 bytes)
Event: 7.232 Thread 0x00000000159eb800 nmethod 1407 0x000000000386ddd0 code [0x000000000386df40, 0x000000000386e248]
Event: 7.232 Thread 0x00000000159eb800 1408       3       com.android.dx.rop.code.AccessFlags::isPrivate (12 bytes)
Event: 7.232 Thread 0x00000000159eb800 nmethod 1408 0x0000000003864d90 code [0x0000000003864ee0, 0x0000000003865070]

GC Heap History (4 events):
Event: 2.016 GC heap before
{Heap before GC invocations=1 (full 0):
 PSYoungGen      total 18944K, used 16384K [0x00000000eab00000, 0x00000000ec000000, 0x0000000100000000)
  eden space 16384K, 100% used [0x00000000eab00000,0x00000000ebb00000,0x00000000ebb00000)
  from space 2560K, 0% used [0x00000000ebd80000,0x00000000ebd80000,0x00000000ec000000)
  to   space 2560K, 0% used [0x00000000ebb00000,0x00000000ebb00000,0x00000000ebd80000)
 ParOldGen       total 44032K, used 0K [0x00000000c0000000, 0x00000000c2b00000, 0x00000000eab00000)
  object space 44032K, 0% used [0x00000000c0000000,0x00000000c0000000,0x00000000c2b00000)
 Metaspace       used 5481K, capacity 6704K, committed 6784K, reserved 1056768K
  class space    used 548K, capacity 616K, committed 640K, reserved 1048576K
Event: 2.068 GC heap after
Heap after GC invocations=1 (full 0):
 PSYoungGen      total 18944K, used 2538K [0x00000000eab00000, 0x00000000ed000000, 0x0000000100000000)
  eden space 16384K, 0% used [0x00000000eab00000,0x00000000eab00000,0x00000000ebb00000)
  from space 2560K, 99% used [0x00000000ebb00000,0x00000000ebd7aa40,0x00000000ebd80000)
  to   space 2560K, 0% used [0x00000000ecd80000,0x00000000ecd80000,0x00000000ed000000)
 ParOldGen       total 44032K, used 2542K [0x00000000c0000000, 0x00000000c2b00000, 0x00000000eab00000)
  object space 44032K, 5% used [0x00000000c0000000,0x00000000c027ba08,0x00000000c2b00000)
 Metaspace       used 5481K, capacity 6704K, committed 6784K, reserved 1056768K
  class space    used 548K, capacity 616K, committed 640K, reserved 1048576K
}
Event: 5.682 GC heap before
{Heap before GC invocations=2 (full 0):
 PSYoungGen      total 18944K, used 18922K [0x00000000eab00000, 0x00000000ed000000, 0x0000000100000000)
  eden space 16384K, 100% used [0x00000000eab00000,0x00000000ebb00000,0x00000000ebb00000)
  from space 2560K, 99% used [0x00000000ebb00000,0x00000000ebd7aa40,0x00000000ebd80000)
  to   space 2560K, 0% used [0x00000000ecd80000,0x00000000ecd80000,0x00000000ed000000)
 ParOldGen       total 44032K, used 2542K [0x00000000c0000000, 0x00000000c2b00000, 0x00000000eab00000)
  object space 44032K, 5% used [0x00000000c0000000,0x00000000c027ba08,0x00000000c2b00000)
 Metaspace       used 5818K, capacity 6960K, committed 7040K, reserved 1056768K
  class space    used 558K, capacity 616K, committed 640K, reserved 1048576K
Event: 6.790 GC heap after
Heap after GC invocations=2 (full 0):
 PSYoungGen      total 35328K, used 2559K [0x00000000eab00000, 0x00000000ed000000, 0x0000000100000000)
  eden space 32768K, 0% used [0x00000000eab00000,0x00000000eab00000,0x00000000ecb00000)
  from space 2560K, 99% used [0x00000000ecd80000,0x00000000ecfffe70,0x00000000ed000000)
  to   space 2560K, 0% used [0x00000000ecb00000,0x00000000ecb00000,0x00000000ecd80000)
 ParOldGen       total 44032K, used 5314K [0x00000000c0000000, 0x00000000c2b00000, 0x00000000eab00000)
  object space 44032K, 12% used [0x00000000c0000000,0x00000000c0530b68,0x00000000c2b00000)
 Metaspace       used 5818K, capacity 6960K, committed 7040K, reserved 1056768K
  class space    used 558K, capacity 616K, committed 640K, reserved 1048576K
}

Deoptimization events (10 events):
Event: 3.429 Thread 0x0000000017466800 Uncommon trap: reason=class_check action=maybe_recompile pc=0x00000000035fc8e8 method=com.android.dx.rop.type.Type.equals(Ljava/lang/Object;)Z @ 8
Event: 4.965 Thread 0x00000000031a0800 Uncommon trap: reason=unstable_if action=reinterpret pc=0x00000000037a44d4 method=com.android.dx.cf.direct.StdAttributeFactory.parse0(Lcom/android/dx/cf/direct/DirectClassFile;ILjava/lang/String;IILcom/android/dx/cf/iface/ParseObserver;)Lcom/android/dx/cf/«;,=@
Event: 5.007 Thread 0x0000000017466800 Uncommon trap: reason=class_check action=maybe_recompile pc=0x00000000037b6f88 method=com.android.dx.ssa.NormalSsaInsn.accept(Lcom/android/dx/ssa/SsaInsn$Visitor;)V @ 9
Event: 5.007 Thread 0x0000000017466800 Uncommon trap: reason=class_check action=maybe_recompile pc=0x00000000035239f0 method=com.android.dx.ssa.NormalSsaInsn.accept(Lcom/android/dx/ssa/SsaInsn$Visitor;)V @ 9
Event: 5.007 Thread 0x0000000017466800 Uncommon trap: reason=class_check action=maybe_recompile pc=0x00000000035239f0 method=com.android.dx.ssa.NormalSsaInsn.accept(Lcom/android/dx/ssa/SsaInsn$Visitor;)V @ 9
Event: 5.007 Thread 0x0000000017466800 Uncommon trap: reason=class_check action=maybe_recompile pc=0x00000000035239f0 method=com.android.dx.ssa.NormalSsaInsn.accept(Lcom/android/dx/ssa/SsaInsn$Visitor;)V @ 9
Event: 5.019 Thread 0x0000000017466800 Uncommon trap: reason=class_check action=maybe_recompile pc=0x00000000037b6f88 method=com.android.dx.ssa.NormalSsaInsn.accept(Lcom/android/dx/ssa/SsaInsn$Visitor;)V @ 9
Event: 6.829 Thread 0x000000001745a800 Uncommon trap: reason=unstable_if action=reinterpret pc=0x0000000003713ad8 method=com.android.dx.rop.code.RegisterSpec.equals(ILcom/android/dx/rop/type/TypeBearer;Lcom/android/dx/rop/code/LocalItem;)Z @ 16
Event: 6.851 Thread 0x000000001745a800 Uncommon trap: reason=null_check action=make_not_entrant pc=0x00000000037426a8 method=com.android.dx.rop.type.Type.equals(Ljava/lang/Object;)Z @ 8
Event: 6.856 Thread 0x000000001745a800 Uncommon trap: reason=unstable_if action=reinterpret pc=0x0000000003745180 method=com.android.dx.rop.code.RegisterSpecSet.put(Lcom/android/dx/rop/code/RegisterSpec;)V @ 77

Internal exceptions (3 events):
Event: 0.055 Thread 0x00000000031a0800 Exception <a 'java/lang/NoSuchMethodError': Method sun.misc.Unsafe.defineClass(Ljava/lang/String;[BII)Ljava/lang/Class; name or signature does not match> (0x00000000eab07c78) thrown at [C:\src\android\AOSP-openjdk\external\jetbrains\jdk\hotspot\src\share\v3äV–"¬?
Event: 0.055 Thread 0x00000000031a0800 Exception <a 'java/lang/NoSuchMethodError': Method sun.misc.Unsafe.prefetchRead(Ljava/lang/Object;J)V name or signature does not match> (0x00000000eab07f60) thrown at [C:\src\android\AOSP-openjdk\external\jetbrains\jdk\hotspot\src\share\vm\prims\jni.cpp, lM(Š¶g@
Event: 6.851 Thread 0x000000001745a800 Implicit null exception at 0x00000000037425a2 to 0x000000000374269a

Events (10 events):
Event: 6.846 Thread 0x000000001745a800 DEOPT PACKING pc=0x0000000003739702 sp=0x0000000017a0e4c0
Event: 6.846 Thread 0x000000001745a800 DEOPT UNPACKING pc=0x00000000032e75bf sp=0x0000000017a0e228 mode 0
Event: 6.851 Thread 0x000000001745a800 Uncommon trap: trap_request=0xfffffff4 fr.pc=0x00000000037426a8
Event: 6.851 Thread 0x000000001745a800 DEOPT PACKING pc=0x00000000037426a8 sp=0x0000000017a0e2f0
Event: 6.851 Thread 0x000000001745a800 DEOPT UNPACKING pc=0x00000000032e556a sp=0x0000000017a0e278 mode 2
Event: 6.856 Thread 0x000000001745a800 Uncommon trap: trap_request=0xffffff65 fr.pc=0x0000000003745180
Event: 6.856 Thread 0x000000001745a800 DEOPT PACKING pc=0x0000000003745180 sp=0x0000000017a0e640
Event: 6.856 Thread 0x000000001745a800 DEOPT UNPACKING pc=0x00000000032e556a sp=0x0000000017a0e560 mode 2
Event: 7.231 Thread 0x0000000017466800 DEOPT PACKING pc=0x000000000357e8d4 sp=0x0000000017d0e730
Event: 7.231 Thread 0x0000000017466800 DEOPT UNPACKING pc=0x00000000032e75bf sp=0x0000000017d0e4f8 mode 0


Dynamic libraries:
0x00007ff605d70000 - 0x00007ff605da1000 	C:\Program Files\Android\Android Studio\jre\bin\java.exe
0x00007ffb16310000 - 0x00007ffb164eb000 	C:\WINDOWS\SYSTEM32\ntdll.dll
0x00007ffb161b0000 - 0x00007ffb1625e000 	C:\WINDOWS\System32\KERNEL32.DLL
0x00007ffb12320000 - 0x00007ffb12569000 	C:\WINDOWS\System32\KERNELBASE.dll
0x00007ffb160f0000 - 0x00007ffb16191000 	C:\WINDOWS\System32\ADVAPI32.dll
0x00007ffb15f10000 - 0x00007ffb15fad000 	C:\WINDOWS\System32\msvcrt.dll
0x00007ffb158b0000 - 0x00007ffb15909000 	C:\WINDOWS\System32\sechost.dll
0x00007ffb15cc0000 - 0x00007ffb15de5000 	C:\WINDOWS\System32\RPCRT4.dll
0x00007ffb13ad0000 - 0x00007ffb13c1a000 	C:\WINDOWS\System32\USER32.dll
0x00007ffb13050000 - 0x00007ffb1306e000 	C:\WINDOWS\System32\win32u.dll
0x00007ffb15fb0000 - 0x00007ffb15fd7000 	C:\WINDOWS\System32\GDI32.dll
0x00007ffb12710000 - 0x00007ffb12899000 	C:\WINDOWS\System32\gdi32full.dll
0x00007ffb12670000 - 0x00007ffb1270a000 	C:\WINDOWS\System32\msvcp_win.dll
0x00007ffb12570000 - 0x00007ffb12666000 	C:\WINDOWS\System32\ucrtbase.dll
0x00007ffb07c00000 - 0x00007ffb07e67000 	C:\WINDOWS\WinSxS\amd64_microsoft.windows.common-controls_6595b64144ccf1df_6.0.15063.0_none_108e4f62dfe5d999\COMCTL32.dll
0x00007ffb155b0000 - 0x00007ffb158a9000 	C:\WINDOWS\System32\combase.dll
0x00007ffb122b0000 - 0x00007ffb1231a000 	C:\WINDOWS\System32\bcryptPrimitives.dll
0x00007ffb13f70000 - 0x00007ffb13f9d000 	C:\WINDOWS\System32\IMM32.DLL
0x0000000052c70000 - 0x0000000052d42000 	C:\Program Files\Android\Android Studio\jre\jre\bin\msvcr100.dll
0x0000000052d50000 - 0x000000005358c000 	C:\Program Files\Android\Android Studio\jre\jre\bin\server\jvm.dll
0x00007ffb161a0000 - 0x00007ffb161a8000 	C:\WINDOWS\System32\PSAPI.DLL
0x00007ffb00600000 - 0x00007ffb00609000 	C:\WINDOWS\SYSTEM32\WSOCK32.dll
0x00007ffb104a0000 - 0x00007ffb104c3000 	C:\WINDOWS\SYSTEM32\WINMM.dll
0x00007ffb13a60000 - 0x00007ffb13acc000 	C:\WINDOWS\System32\WS2_32.dll
0x00007ffb00610000 - 0x00007ffb0061a000 	C:\WINDOWS\SYSTEM32\VERSION.dll
0x00007ffb10410000 - 0x00007ffb1043b000 	C:\WINDOWS\SYSTEM32\WINMMBASE.dll
0x00007ffb13070000 - 0x00007ffb130b9000 	C:\WINDOWS\System32\cfgmgr32.dll
0x00007ffaf3bb0000 - 0x00007ffaf3bbf000 	C:\Program Files\Android\Android Studio\jre\jre\bin\verify.dll
0x00007ffae6400000 - 0x00007ffae6429000 	C:\Program Files\Android\Android Studio\jre\jre\bin\java.dll
0x00007ffaeb470000 - 0x00007ffaeb486000 	C:\Program Files\Android\Android Studio\jre\jre\bin\zip.dll
0x00007ffb14170000 - 0x00007ffb155a7000 	C:\WINDOWS\System32\SHELL32.dll
0x00007ffb16260000 - 0x00007ffb1630a000 	C:\WINDOWS\System32\shcore.dll
0x00007ffb12950000 - 0x00007ffb13042000 	C:\WINDOWS\System32\windows.storage.dll
0x00007ffb13c20000 - 0x00007ffb13c71000 	C:\WINDOWS\System32\shlwapi.dll
0x00007ffb12060000 - 0x00007ffb12071000 	C:\WINDOWS\System32\kernel.appcore.dll
0x00007ffb11fd0000 - 0x00007ffb1201c000 	C:\WINDOWS\System32\powrprof.dll
0x00007ffb12020000 - 0x00007ffb12035000 	C:\WINDOWS\System32\profapi.dll

VM Arguments:
jvm_args: -Djava.awt.headless=true -Xmx1024M -Dfile.encoding=windows-1252 -Duser.country=GT -Duser.language=es -Duser.variant 
java_command: com.android.dx.command.Main --dex --num-threads=4 --output C:\Android Studio WorkSpace\TDPSYNC\app\build\intermediates\pre-dexed\debug\debug_ead6ca3a28157b9261fae307ec6f1a57de2342f5.jar C:\Android Studio WorkSpace\TDPSYNC\app\build\intermediates\classes\debug
java_class_path (initial): C:\Users\Isaias\AppData\Local\Android\sdk\build-tools\25.0.0\lib\dx.jar
Launcher Type: SUN_STANDARD

Environment Variables:
PATH=C:\ProgramData\Oracle\Java\javapath;C:\Program Files (x86)\Intel\iCLS Client\;C:\Program Files\Intel\iCLS Client\;C:\WINDOWS\system32;C:\WINDOWS;C:\WINDOWS\System32\Wbem;C:\WINDOWS\System32\WindowsPowerShell\v1.0\;C:\Program Files\Intel\Intel(R) Management Engine Components\DAL;C:\Program Files (x86)\Intel\Intel(R) Management Engine Components\DAL;C:\Program Files\Intel\Intel(R) Management Engine Components\IPT;C:\Program Files (x86)\Intel\Intel(R) Management Engine Components\IPT;C:\Program Files (x86)\Common Files\lenovo\easyplussdk\bin;C:\Program Files (x86)\Lenovo\Password Manager\;C:\Users\Isaias\AppData\Local\Microsoft\WindowsApps;
USERNAME=Isaias
OS=Windows_NT
PROCESSOR_IDENTIFIER=Intel64 Family 6 Model 69 Stepping 1, GenuineIntel



---------------  S Y S T E M  ---------------

OS: Windows 10.0 , 64 bit Build 15063 (10.0.15063.0)

CPU:total 4 (2 cores per cpu, 2 threads per core) family 6 model 69 stepping 1, cmov, cx8, fxsr, mmx, sse, sse2, sse3, ssse3, sse4.1, sse4.2, popcnt, avx, avx2, aes, clmul, erms, lzcnt, ht, tsc, tscinvbit, bmi1, bmi2

Memory: 4k page, physical 4117440k(1033052k free), swap 5548992k(3276k free)

vm_info: OpenJDK 64-Bit Server VM (25.112-b06) for windows-amd64 JRE (1.8.0_112-release-b06), built on Dec  8 2016 00:54:26 by "builder" with MS VC++ 10.0 (VS2010)

time: Fri Apr 28 20:01:21 2017
elapsed time: 7 seconds (0d 0h 0m 7s)

