#
# There is insufficient memory for the Java Runtime Environment to continue.
# Native memory allocation (malloc) failed to allocate 131088 bytes for Chunk::new
# Possible reasons:
#   The system is out of physical RAM or swap space
#   In 32 bit mode, the process size limit was hit
# Possible solutions:
#   Reduce memory load on the system
#   Increase physical memory or swap space
#   Check if swap backing store is full
#   Use 64 bit Java on a 64 bit OS
#   Decrease Java heap size (-Xmx/-Xms)
#   Decrease number of Java threads
#   Decrease Java thread stack sizes (-Xss)
#   Set larger code cache with -XX:ReservedCodeCacheSize=
# This output file may be truncated or incomplete.
#
#  Out of Memory Error (allocation.cpp:390), pid=9292, tid=0x0000000000001fcc
#
# JRE version: OpenJDK Runtime Environment (8.0_112-b06) (build 1.8.0_112-release-b06)
# Java VM: OpenJDK 64-Bit Server VM (25.112-b06 mixed mode windows-amd64 compressed oops)
# Failed to write core dump. Minidumps are not enabled by default on client versions of Windows
#

---------------  T H R E A D  ---------------

Current thread (0x000000001517a800):  JavaThread "C2 CompilerThread0" daemon [_thread_in_native, id=8140, stack(0x00000000167e0000,0x00000000168e0000)]

Stack: [0x00000000167e0000,0x00000000168e0000]
[error occurred during error reporting (printing stack bounds), id 0xc0000005]

Native frames: (J=compiled Java code, j=interpreted, Vv=VM code, C=native code)


Current CompileTask:
C2:   6479 1524       4       com.android.dx.ssa.SCCP::simulateBlock (54 bytes)


---------------  P R O C E S S  ---------------

Java Threads: ( => current thread )
  0x0000000016c48000 JavaThread "pool-1-thread-4" [_thread_blocked, id=8584, stack(0x00000000174e0000,0x00000000175e0000)]
  0x0000000016c47800 JavaThread "pool-1-thread-3" [_thread_in_vm, id=8412, stack(0x00000000173e0000,0x00000000174e0000)]
  0x0000000016c46800 JavaThread "pool-1-thread-2" [_thread_blocked, id=6736, stack(0x00000000172e0000,0x00000000173e0000)]
  0x0000000016c3f800 JavaThread "pool-2-thread-1" [_thread_blocked, id=1224, stack(0x00000000171e0000,0x00000000172e0000)]
  0x0000000016c3c800 JavaThread "pool-1-thread-1" [_thread_in_Java, id=10344, stack(0x00000000170e0000,0x00000000171e0000)]
  0x00000000151de800 JavaThread "Service Thread" daemon [_thread_blocked, id=4336, stack(0x0000000016ee0000,0x0000000016fe0000)]
  0x00000000151da800 JavaThread "C1 CompilerThread2" daemon [_thread_in_vm, id=3816, stack(0x0000000016de0000,0x0000000016ee0000)]
  0x00000000151cf000 JavaThread "C2 CompilerThread1" daemon [_thread_in_native, id=11756, stack(0x00000000168e0000,0x00000000169e0000)]
=>0x000000001517a800 JavaThread "C2 CompilerThread0" daemon [_thread_in_native, id=8140, stack(0x00000000167e0000,0x00000000168e0000)]
  0x0000000015179000 JavaThread "Attach Listener" daemon [_thread_blocked, id=11760, stack(0x00000000166e0000,0x00000000167e0000)]
  0x0000000015178000 JavaThread "Signal Dispatcher" daemon [_thread_blocked, id=11752, stack(0x00000000165e0000,0x00000000166e0000)]
  0x0000000002aab000 JavaThread "Finalizer" daemon [_thread_blocked, id=8260, stack(0x00000000163d0000,0x00000000164d0000)]
  0x0000000002aa0800 JavaThread "Reference Handler" daemon [_thread_blocked, id=9488, stack(0x00000000162d0000,0x00000000163d0000)]
  0x00000000029b0800 JavaThread "main" [_thread_in_Java, id=10420, stack(0x00000000028b0000,0x00000000029b0000)]

Other Threads:
  0x0000000015145800 VMThread [stack: 0x00000000161d0000,0x00000000162d0000] [id=5992]
  0x00000000169eb000 WatcherThread [stack: 0x0000000016fe0000,0x00000000170e0000] [id=6384]

VM state:not at safepoint (normal execution)

VM Mutex/Monitor currently owned by a thread: None

Heap:
 PSYoungGen      total 35328K, used 12469K [0x00000000eab00000, 0x00000000ef000000, 0x0000000100000000)
  eden space 32768K, 30% used [0x00000000eab00000,0x00000000eb4b5500,0x00000000ecb00000)
  from space 2560K, 98% used [0x00000000ecb00000,0x00000000ecd78028,0x00000000ecd80000)
  to   space 2560K, 0% used [0x00000000eed80000,0x00000000eed80000,0x00000000ef000000)
 ParOldGen       total 44032K, used 8917K [0x00000000c0000000, 0x00000000c2b00000, 0x00000000eab00000)
  object space 44032K, 20% used [0x00000000c0000000,0x00000000c08b57e8,0x00000000c2b00000)
 Metaspace       used 5983K, capacity 7088K, committed 7296K, reserved 1056768K
  class space    used 564K, capacity 616K, committed 640K, reserved 1048576K

Card table byte_map: [0x0000000011e70000,0x0000000012080000] byte_map_base: 0x0000000011870000

Marking Bits: (ParMarkBitMap*) 0x00000000535118f0
 Begin Bits: [0x00000000125e0000, 0x00000000135e0000)
 End Bits:   [0x00000000135e0000, 0x00000000145e0000)

Polling page: 0x0000000002750000

CodeCache: size=245760Kb used=6428Kb max_used=6442Kb free=239331Kb
 bounds [0x0000000002ab0000, 0x0000000003100000, 0x0000000011ab0000]
 total_blobs=1801 nmethods=1539 adapters=176
 compilation: enabled

Compilation events (10 events):
Event: 6.421 Thread 0x00000000151da800 1558       2       com.android.dx.ssa.back.SsaToRop::convertToRopMethod (13 bytes)
Event: 6.421 Thread 0x00000000151da800 nmethod 1558 0x00000000030f8310 code [0x00000000030f8480, 0x00000000030f8698]
Event: 6.421 Thread 0x00000000151da800 1559       2       com.android.dx.ssa.back.SsaToRop::<init> (23 bytes)
Event: 6.422 Thread 0x00000000151da800 nmethod 1559 0x00000000030f8790 code [0x00000000030f8900, 0x00000000030f8ac8]
Event: 6.422 Thread 0x00000000151da800 1557       2       sun.misc.SharedSecrets::getJavaLangAccess (4 bytes)
Event: 6.422 Thread 0x00000000151da800 nmethod 1557 0x00000000030f8b90 code [0x00000000030f8ce0, 0x00000000030f8e10]
Event: 6.426 Thread 0x00000000151da800 1573       2       com.android.dx.ssa.LiteralOpUpgrader$1::visitPhiInsn (1 bytes)
Event: 6.426 Thread 0x00000000151da800 nmethod 1573 0x00000000030f8e90 code [0x00000000030f8fe0, 0x00000000030f9130]
Event: 6.470 Thread 0x00000000151cf000 nmethod 1569 0x00000000030fce90 code [0x00000000030fd0c0, 0x00000000030fe110]
Event: 6.470 Thread 0x00000000151cf000 1566       4       com.android.dx.ssa.LocalVariableExtractor::processBlock (383 bytes)

GC Heap History (6 events):
Event: 1.843 GC heap before
{Heap before GC invocations=1 (full 0):
 PSYoungGen      total 18944K, used 16384K [0x00000000eab00000, 0x00000000ec000000, 0x0000000100000000)
  eden space 16384K, 100% used [0x00000000eab00000,0x00000000ebb00000,0x00000000ebb00000)
  from space 2560K, 0% used [0x00000000ebd80000,0x00000000ebd80000,0x00000000ec000000)
  to   space 2560K, 0% used [0x00000000ebb00000,0x00000000ebb00000,0x00000000ebd80000)
 ParOldGen       total 44032K, used 0K [0x00000000c0000000, 0x00000000c2b00000, 0x00000000eab00000)
  object space 44032K, 0% used [0x00000000c0000000,0x00000000c0000000,0x00000000c2b00000)
 Metaspace       used 5512K, capacity 6704K, committed 6784K, reserved 1056768K
  class space    used 561K, capacity 616K, committed 640K, reserved 1048576K
Event: 2.193 GC heap after
Heap after GC invocations=1 (full 0):
 PSYoungGen      total 18944K, used 2538K [0x00000000eab00000, 0x00000000ed000000, 0x0000000100000000)
  eden space 16384K, 0% used [0x00000000eab00000,0x00000000eab00000,0x00000000ebb00000)
  from space 2560K, 99% used [0x00000000ebb00000,0x00000000ebd7aaa8,0x00000000ebd80000)
  to   space 2560K, 0% used [0x00000000ecd80000,0x00000000ecd80000,0x00000000ed000000)
 ParOldGen       total 44032K, used 1352K [0x00000000c0000000, 0x00000000c2b00000, 0x00000000eab00000)
  object space 44032K, 3% used [0x00000000c0000000,0x00000000c01521d0,0x00000000c2b00000)
 Metaspace       used 5512K, capacity 6704K, committed 6784K, reserved 1056768K
  class space    used 561K, capacity 616K, committed 640K, reserved 1048576K
}
Event: 3.293 GC heap before
{Heap before GC invocations=2 (full 0):
 PSYoungGen      total 18944K, used 18922K [0x00000000eab00000, 0x00000000ed000000, 0x0000000100000000)
  eden space 16384K, 100% used [0x00000000eab00000,0x00000000ebb00000,0x00000000ebb00000)
  from space 2560K, 99% used [0x00000000ebb00000,0x00000000ebd7aaa8,0x00000000ebd80000)
  to   space 2560K, 0% used [0x00000000ecd80000,0x00000000ecd80000,0x00000000ed000000)
 ParOldGen       total 44032K, used 1352K [0x00000000c0000000, 0x00000000c2b00000, 0x00000000eab00000)
  object space 44032K, 3% used [0x00000000c0000000,0x00000000c01521d0,0x00000000c2b00000)
 Metaspace       used 5839K, capacity 6960K, committed 7040K, reserved 1056768K
  class space    used 562K, capacity 616K, committed 640K, reserved 1048576K
Event: 3.307 GC heap after
Heap after GC invocations=2 (full 0):
 PSYoungGen      total 35328K, used 2538K [0x00000000eab00000, 0x00000000ed000000, 0x0000000100000000)
  eden space 32768K, 0% used [0x00000000eab00000,0x00000000eab00000,0x00000000ecb00000)
  from space 2560K, 99% used [0x00000000ecd80000,0x00000000ecffaab8,0x00000000ed000000)
  to   space 2560K, 0% used [0x00000000ecb00000,0x00000000ecb00000,0x00000000ecd80000)
 ParOldGen       total 44032K, used 3602K [0x00000000c0000000, 0x00000000c2b00000, 0x00000000eab00000)
  object space 44032K, 8% used [0x00000000c0000000,0x00000000c0384b30,0x00000000c2b00000)
 Metaspace       used 5839K, capacity 6960K, committed 7040K, reserved 1056768K
  class space    used 562K, capacity 616K, committed 640K, reserved 1048576K
}
Event: 5.843 GC heap before
{Heap before GC invocations=3 (full 0):
 PSYoungGen      total 35328K, used 35306K [0x00000000eab00000, 0x00000000ed000000, 0x0000000100000000)
  eden space 32768K, 100% used [0x00000000eab00000,0x00000000ecb00000,0x00000000ecb00000)
  from space 2560K, 99% used [0x00000000ecd80000,0x00000000ecffaab8,0x00000000ed000000)
  to   space 2560K, 0% used [0x00000000ecb00000,0x00000000ecb00000,0x00000000ecd80000)
 ParOldGen       total 44032K, used 3602K [0x00000000c0000000, 0x00000000c2b00000, 0x00000000eab00000)
  object space 44032K, 8% used [0x00000000c0000000,0x00000000c0384b30,0x00000000c2b00000)
 Metaspace       used 5960K, capacity 7088K, committed 7296K, reserved 1056768K
  class space    used 564K, capacity 616K, committed 640K, reserved 1048576K
Event: 6.311 GC heap after
Heap after GC invocations=3 (full 0):
 PSYoungGen      total 35328K, used 2528K [0x00000000eab00000, 0x00000000ef000000, 0x0000000100000000)
  eden space 32768K, 0% used [0x00000000eab00000,0x00000000eab00000,0x00000000ecb00000)
  from space 2560K, 98% used [0x00000000ecb00000,0x00000000ecd78028,0x00000000ecd80000)
  to   space 2560K, 0% used [0x00000000eed80000,0x00000000eed80000,0x00000000ef000000)
 ParOldGen       total 44032K, used 8917K [0x00000000c0000000, 0x00000000c2b00000, 0x00000000eab00000)
  object space 44032K, 20% used [0x00000000c0000000,0x00000000c08b57e8,0x00000000c2b00000)
 Metaspace       used 5960K, capacity 7088K, committed 7296K, reserved 1056768K
  class space    used 564K, capacity 616K, committed 640K, reserved 1048576K
}

Deoptimization events (10 events):
Event: 3.938 Thread 0x0000000016c47800 Uncommon trap: reason=unstable_if action=reinterpret pc=0x0000000002dd802c method=com.android.dx.rop.code.RegisterSpecSet.put(Lcom/android/dx/rop/code/RegisterSpec;)V @ 77
Event: 3.938 Thread 0x0000000016c47800 Uncommon trap: reason=unstable_if action=reinterpret pc=0x0000000002dccc20 method=com.android.dx.rop.code.RegisterSpecSet.put(Lcom/android/dx/rop/code/RegisterSpec;)V @ 77
Event: 4.037 Thread 0x0000000016c47800 Uncommon trap: reason=unstable_if action=reinterpret pc=0x0000000002d82904 method=com.android.dx.rop.code.RegisterSpec.equals(ILcom/android/dx/rop/type/TypeBearer;Lcom/android/dx/rop/code/LocalItem;)Z @ 42
Event: 4.038 Thread 0x0000000016c47800 Uncommon trap: reason=unstable_if action=reinterpret pc=0x0000000002fa8cf0 method=com.android.dx.ssa.SsaRenamer$BlockRenamer.addMapping(ILcom/android/dx/rop/code/RegisterSpec;)V @ 120
Event: 4.038 Thread 0x0000000016c47800 Uncommon trap: reason=unstable_if action=reinterpret pc=0x0000000002f7d2a4 method=com.android.dx.ssa.SsaRenamer$BlockRenamer.addMapping(ILcom/android/dx/rop/code/RegisterSpec;)V @ 120
Event: 4.039 Thread 0x0000000016c47800 Uncommon trap: reason=unstable_if action=reinterpret pc=0x0000000002eafe3c method=com.android.dx.ssa.SsaRenamer$BlockRenamer.addMapping(ILcom/android/dx/rop/code/RegisterSpec;)V @ 120
Event: 4.112 Thread 0x0000000016c3c800 Uncommon trap: reason=bimorphic action=maybe_recompile pc=0x0000000002eea084 method=java.util.HashMap.putVal(ILjava/lang/Object;Ljava/lang/Object;ZZ)Ljava/lang/Object; @ 91
Event: 4.937 Thread 0x0000000016c46800 Uncommon trap: reason=unstable_if action=reinterpret pc=0x0000000002e83adc method=com.android.dx.ssa.SsaMethod.updateOneDefinition(Lcom/android/dx/ssa/SsaInsn;Lcom/android/dx/rop/code/RegisterSpec;)V @ 4
Event: 5.041 Thread 0x0000000016c47800 Uncommon trap: reason=unstable_if action=reinterpret pc=0x00000000030a3df0 method=com.android.dx.ssa.SCCP.simulateBranch(Lcom/android/dx/ssa/SsaInsn;)V @ 64
Event: 6.426 Thread 0x0000000016c47800 Uncommon trap: reason=unstable_if action=reinterpret pc=0x0000000002d5311c method=com.android.dx.rop.cst.Constant.compareTo(Lcom/android/dx/rop/cst/Constant;)I @ 12

Internal exceptions (2 events):
Event: 0.062 Thread 0x00000000029b0800 Exception <a 'java/lang/NoSuchMethodError': Method sun.misc.Unsafe.defineClass(Ljava/lang/String;[BII)Ljava/lang/Class; name or signature does not match> (0x00000000eab07c78) thrown at [C:\src\android\AOSP-openjdk\external\jetbrains\jdk\hotspot\src\share\v± >ÑT ¯?
Event: 0.062 Thread 0x00000000029b0800 Exception <a 'java/lang/NoSuchMethodError': Method sun.misc.Unsafe.prefetchRead(Ljava/lang/Object;J)V name or signature does not match> (0x00000000eab07f60) thrown at [C:\src\android\AOSP-openjdk\external\jetbrains\jdk\hotspot\src\share\vm\prims\jni.cpp, l

Events (10 events):
Event: 4.937 Thread 0x0000000016c46800 DEOPT PACKING pc=0x0000000002e83adc sp=0x00000000173de6e0
Event: 4.937 Thread 0x0000000016c46800 DEOPT UNPACKING pc=0x0000000002af556a sp=0x00000000173de688 mode 2
Event: 5.041 Thread 0x0000000016c47800 Uncommon trap: trap_request=0xffffff65 fr.pc=0x00000000030a3df0
Event: 5.041 Thread 0x0000000016c47800 DEOPT PACKING pc=0x00000000030a3df0 sp=0x00000000174dea30
Event: 5.041 Thread 0x0000000016c47800 DEOPT UNPACKING pc=0x0000000002af556a sp=0x00000000174dea00 mode 2
Event: 5.843 Executing VM operation: ParallelGCFailedAllocation
Event: 6.311 Executing VM operation: ParallelGCFailedAllocation done
Event: 6.426 Thread 0x0000000016c47800 Uncommon trap: trap_request=0xffffff65 fr.pc=0x0000000002d5311c
Event: 6.426 Thread 0x0000000016c47800 DEOPT PACKING pc=0x0000000002d5311c sp=0x00000000174de770
Event: 6.426 Thread 0x0000000016c47800 DEOPT UNPACKING pc=0x0000000002af556a sp=0x00000000174de710 mode 2


Dynamic libraries:
0x00007ff605d70000 - 0x00007ff605da1000 	C:\Program Files\Android\Android Studio\jre\bin\java.exe
0x00007ffb16310000 - 0x00007ffb164eb000 	C:\WINDOWS\SYSTEM32\ntdll.dll
0x00007ffb161b0000 - 0x00007ffb1625e000 	C:\WINDOWS\System32\KERNEL32.DLL
0x00007ffb12320000 - 0x00007ffb12569000 	C:\WINDOWS\System32\KERNELBASE.dll
0x00007ffb160f0000 - 0x00007ffb16191000 	C:\WINDOWS\System32\ADVAPI32.dll
0x00007ffb15f10000 - 0x00007ffb15fad000 	C:\WINDOWS\System32\msvcrt.dll
0x00007ffb158b0000 - 0x00007ffb15909000 	C:\WINDOWS\System32\sechost.dll
0x00007ffb15cc0000 - 0x00007ffb15de5000 	C:\WINDOWS\System32\RPCRT4.dll
0x00007ffb13ad0000 - 0x00007ffb13c1a000 	C:\WINDOWS\System32\USER32.dll
0x00007ffb13050000 - 0x00007ffb1306e000 	C:\WINDOWS\System32\win32u.dll
0x00007ffb15fb0000 - 0x00007ffb15fd7000 	C:\WINDOWS\System32\GDI32.dll
0x00007ffb12710000 - 0x00007ffb12899000 	C:\WINDOWS\System32\gdi32full.dll
0x00007ffb12670000 - 0x00007ffb1270a000 	C:\WINDOWS\System32\msvcp_win.dll
0x00007ffb12570000 - 0x00007ffb12666000 	C:\WINDOWS\System32\ucrtbase.dll
0x00007ffb07c00000 - 0x00007ffb07e67000 	C:\WINDOWS\WinSxS\amd64_microsoft.windows.common-controls_6595b64144ccf1df_6.0.15063.0_none_108e4f62dfe5d999\COMCTL32.dll
0x00007ffb155b0000 - 0x00007ffb158a9000 	C:\WINDOWS\System32\combase.dll
0x00007ffb122b0000 - 0x00007ffb1231a000 	C:\WINDOWS\System32\bcryptPrimitives.dll
0x00007ffb13f70000 - 0x00007ffb13f9d000 	C:\WINDOWS\System32\IMM32.DLL
0x0000000052c70000 - 0x0000000052d42000 	C:\Program Files\Android\Android Studio\jre\jre\bin\msvcr100.dll
0x0000000052d50000 - 0x000000005358c000 	C:\Program Files\Android\Android Studio\jre\jre\bin\server\jvm.dll
0x00007ffb161a0000 - 0x00007ffb161a8000 	C:\WINDOWS\System32\PSAPI.DLL
0x00007ffb00600000 - 0x00007ffb00609000 	C:\WINDOWS\SYSTEM32\WSOCK32.dll
0x00007ffb13a60000 - 0x00007ffb13acc000 	C:\WINDOWS\System32\WS2_32.dll
0x00007ffb104a0000 - 0x00007ffb104c3000 	C:\WINDOWS\SYSTEM32\WINMM.dll
0x00007ffb00610000 - 0x00007ffb0061a000 	C:\WINDOWS\SYSTEM32\VERSION.dll
0x00007ffb10410000 - 0x00007ffb1043b000 	C:\WINDOWS\SYSTEM32\winmmbase.dll
0x00007ffb13070000 - 0x00007ffb130b9000 	C:\WINDOWS\System32\cfgmgr32.dll
0x00007ffaf3bb0000 - 0x00007ffaf3bbf000 	C:\Program Files\Android\Android Studio\jre\jre\bin\verify.dll
0x00007ffae6400000 - 0x00007ffae6429000 	C:\Program Files\Android\Android Studio\jre\jre\bin\java.dll
0x00007ffaeb470000 - 0x00007ffaeb486000 	C:\Program Files\Android\Android Studio\jre\jre\bin\zip.dll
0x00007ffb14170000 - 0x00007ffb155a7000 	C:\WINDOWS\System32\SHELL32.dll
0x00007ffb16260000 - 0x00007ffb1630a000 	C:\WINDOWS\System32\shcore.dll
0x00007ffb12950000 - 0x00007ffb13042000 	C:\WINDOWS\System32\windows.storage.dll
0x00007ffb13c20000 - 0x00007ffb13c71000 	C:\WINDOWS\System32\shlwapi.dll
0x00007ffb12060000 - 0x00007ffb12071000 	C:\WINDOWS\System32\kernel.appcore.dll
0x00007ffb11fd0000 - 0x00007ffb1201c000 	C:\WINDOWS\System32\powrprof.dll
0x00007ffb12020000 - 0x00007ffb12035000 	C:\WINDOWS\System32\profapi.dll

VM Arguments:
jvm_args: -Djava.awt.headless=true -Xmx1024M -Dfile.encoding=windows-1252 -Duser.country=GT -Duser.language=es -Duser.variant 
java_command: com.android.dx.command.Main --dex --num-threads=4 --output C:\Android Studio WorkSpace\TDPSYNC\app\build\intermediates\pre-dexed\debug\classes_f82887e2ac40d5f42504cc468c968a3a84e40d9f.jar C:\Users\Isaias\.android\build-cache\2478f470c5b88bd11f69bc9f0ac48121dc711ac8\output\jars\classes.jar
java_class_path (initial): C:\Users\Isaias\AppData\Local\Android\sdk\build-tools\25.0.0\lib\dx.jar
Launcher Type: SUN_STANDARD

Environment Variables:
PATH=C:\ProgramData\Oracle\Java\javapath;C:\Program Files (x86)\Intel\iCLS Client\;C:\Program Files\Intel\iCLS Client\;C:\WINDOWS\system32;C:\WINDOWS;C:\WINDOWS\System32\Wbem;C:\WINDOWS\System32\WindowsPowerShell\v1.0\;C:\Program Files\Intel\Intel(R) Management Engine Components\DAL;C:\Program Files (x86)\Intel\Intel(R) Management Engine Components\DAL;C:\Program Files\Intel\Intel(R) Management Engine Components\IPT;C:\Program Files (x86)\Intel\Intel(R) Management Engine Components\IPT;C:\Program Files (x86)\Common Files\lenovo\easyplussdk\bin;C:\Program Files (x86)\Lenovo\Password Manager\;C:\Users\Isaias\AppData\Local\Microsoft\WindowsApps;
USERNAME=Isaias
OS=Windows_NT
PROCESSOR_IDENTIFIER=Intel64 Family 6 Model 69 Stepping 1, GenuineIntel



---------------  S Y S T E M  ---------------

OS: Windows 10.0 , 64 bit Build 15063 (10.0.15063.0)

CPU:total 4 (2 cores per cpu, 2 threads per core) family 6 model 69 stepping 1, cmov, cx8, fxsr, mmx, sse, sse2, sse3, ssse3, sse4.1, sse4.2, popcnt, avx, avx2, aes, clmul, erms, lzcnt, ht, tsc, tscinvbit, bmi1, bmi2

Memory: 4k page, physical 4117440k(934908k free), swap 5548992k(3824k free)

vm_info: OpenJDK 64-Bit Server VM (25.112-b06) for windows-amd64 JRE (1.8.0_112-release-b06), built on Dec  8 2016 00:54:26 by "builder" with MS VC++ 10.0 (VS2010)

time: Fri Apr 28 21:41:54 2017
elapsed time: 6 seconds (0d 0h 0m 6s)

