#
# There is insufficient memory for the Java Runtime Environment to continue.
# Native memory allocation (malloc) failed to allocate 1217568 bytes for Chunk::new
# Possible reasons:
#   The system is out of physical RAM or swap space
#   In 32 bit mode, the process size limit was hit
# Possible solutions:
#   Reduce memory load on the system
#   Increase physical memory or swap space
#   Check if swap backing store is full
#   Use 64 bit Java on a 64 bit OS
#   Decrease Java heap size (-Xmx/-Xms)
#   Decrease number of Java threads
#   Decrease Java thread stack sizes (-Xss)
#   Set larger code cache with -XX:ReservedCodeCacheSize=
# This output file may be truncated or incomplete.
#
#  Out of Memory Error (allocation.cpp:390), pid=7660, tid=0x000000000000149c
#
# JRE version: OpenJDK Runtime Environment (8.0_112-b06) (build 1.8.0_112-release-b06)
# Java VM: OpenJDK 64-Bit Server VM (25.112-b06 mixed mode windows-amd64 compressed oops)
# Failed to write core dump. Minidumps are not enabled by default on client versions of Windows
#

---------------  T H R E A D  ---------------

Current thread (0x00000000154fa000):  JavaThread "C2 CompilerThread0" daemon [_thread_in_native, id=5276, stack(0x0000000016b70000,0x0000000016c70000)]

Stack: [0x0000000016b70000,0x0000000016c70000]
[error occurred during error reporting (printing stack bounds), id 0xc0000005]

Native frames: (J=compiled Java code, j=interpreted, Vv=VM code, C=native code)


Current CompileTask:
C2:   7506 1954   !   4       com.android.dx.cf.code.RopperMachine::run (1550 bytes)


---------------  P R O C E S S  ---------------

Java Threads: ( => current thread )
  0x000000001787c800 JavaThread "pool-2-thread-4" [_thread_in_Java, id=12932, stack(0x0000000018070000,0x0000000018170000)]
  0x00000000177ba000 JavaThread "pool-2-thread-3" [_thread_in_Java, id=13208, stack(0x0000000017f70000,0x0000000018070000)]
  0x000000001751c000 JavaThread "pool-2-thread-2" [_thread_blocked, id=1292, stack(0x0000000017e70000,0x0000000017f70000)]
  0x000000001751b800 JavaThread "pool-3-thread-1" [_thread_blocked, id=3180, stack(0x0000000017d70000,0x0000000017e70000)]
  0x000000001726e800 JavaThread "pool-2-thread-1" [_thread_in_Java, id=5504, stack(0x0000000017c70000,0x0000000017d70000)]
  0x0000000016e90800 JavaThread "Service Thread" daemon [_thread_blocked, id=9984, stack(0x0000000017270000,0x0000000017370000)]
  0x0000000015502800 JavaThread "C1 CompilerThread2" daemon [_thread_blocked, id=10528, stack(0x0000000016d70000,0x0000000016e70000)]
  0x00000000154fd000 JavaThread "C2 CompilerThread1" daemon [_thread_in_native, id=9064, stack(0x0000000016c70000,0x0000000016d70000)]
=>0x00000000154fa000 JavaThread "C2 CompilerThread0" daemon [_thread_in_native, id=5276, stack(0x0000000016b70000,0x0000000016c70000)]
  0x00000000154f8800 JavaThread "Attach Listener" daemon [_thread_blocked, id=12764, stack(0x0000000016a70000,0x0000000016b70000)]
  0x00000000154f7000 JavaThread "Signal Dispatcher" daemon [_thread_blocked, id=1808, stack(0x0000000016970000,0x0000000016a70000)]
  0x000000000196b800 JavaThread "Finalizer" daemon [_thread_blocked, id=9972, stack(0x0000000016760000,0x0000000016860000)]
  0x0000000001960000 JavaThread "Reference Handler" daemon [_thread_blocked, id=9084, stack(0x0000000016660000,0x0000000016760000)]
  0x0000000001870800 JavaThread "main" [_thread_in_native, id=6340, stack(0x0000000001710000,0x0000000001810000)]

Other Threads:
  0x00000000154c5800 VMThread [stack: 0x0000000016560000,0x0000000016660000] [id=11116]
  0x0000000016e92000 WatcherThread [stack: 0x0000000017370000,0x0000000017470000] [id=3952]

VM state:not at safepoint (normal execution)

VM Mutex/Monitor currently owned by a thread: None

Heap:
 PSYoungGen      total 142848K, used 140854K [0x00000000eab00000, 0x00000000f4c00000, 0x0000000100000000)
  eden space 128512K, 98% used [0x00000000eab00000,0x00000000f26922b0,0x00000000f2880000)
  from space 14336K, 99% used [0x00000000f3900000,0x00000000f46fb838,0x00000000f4700000)
  to   space 16896K, 0% used [0x00000000f2880000,0x00000000f2880000,0x00000000f3900000)
 ParOldGen       total 87040K, used 51726K [0x00000000c0000000, 0x00000000c5500000, 0x00000000eab00000)
  object space 87040K, 59% used [0x00000000c0000000,0x00000000c3283a20,0x00000000c5500000)
 Metaspace       used 6358K, capacity 7280K, committed 7552K, reserved 1056768K
  class space    used 584K, capacity 616K, committed 640K, reserved 1048576K

Card table byte_map: [0x0000000001d30000,0x0000000001f40000] byte_map_base: 0x0000000001730000

Marking Bits: (ParMarkBitMap*) 0x00000000773018f0
 Begin Bits: [0x0000000012960000, 0x0000000013960000)
 End Bits:   [0x0000000013960000, 0x0000000014960000)

Polling page: 0x0000000001640000

CodeCache: size=245760Kb used=8386Kb max_used=8386Kb free=237373Kb
 bounds [0x0000000003400000, 0x0000000003c40000, 0x0000000012400000]
 total_blobs=2301 nmethods=2038 adapters=176
 compilation: enabled

Compilation events (10 events):
Event: 7.362 Thread 0x0000000015502800 nmethod 2102 0x0000000003c14550 code [0x0000000003c14700, 0x0000000003c14ac8]
Event: 7.362 Thread 0x0000000015502800 2103       1       sun.reflect.generics.reflectiveObjects.ParameterizedTypeImpl::getRawType (5 bytes)
Event: 7.362 Thread 0x0000000015502800 nmethod 2103 0x0000000003c04390 code [0x0000000003c044e0, 0x0000000003c045f0]
Event: 7.393 Thread 0x0000000015502800 2105       2       com.android.dx.rop.code.Rops::opAput (97 bytes)
Event: 7.395 Thread 0x0000000015502800 nmethod 2105 0x0000000003c1a9d0 code [0x0000000003c1aba0, 0x0000000003c1b118]
Event: 7.403 Thread 0x0000000015502800 2106       2       com.android.dx.cf.code.ExecutionStack::peekLocal (46 bytes)
Event: 7.403 Thread 0x0000000015502800 nmethod 2106 0x0000000003c13e50 code [0x0000000003c13fe0, 0x0000000003c142d8]
Event: 7.403 Thread 0x0000000015502800 2107       2       com.android.dx.cf.code.BaseMachine::popArgs (204 bytes)
Event: 7.405 Thread 0x0000000015502800 nmethod 2107 0x0000000003c363d0 code [0x0000000003c36720, 0x0000000003c37488]
Event: 7.472 Thread 0x0000000015502800 2109       2       java.util.TimSort::mergeLo (659 bytes)

GC Heap History (10 events):
Event: 2.628 GC heap before
{Heap before GC invocations=5 (full 0):
 PSYoungGen      total 68096K, used 68091K [0x00000000eab00000, 0x00000000ef000000, 0x0000000100000000)
  eden space 65536K, 100% used [0x00000000eab00000,0x00000000eeb00000,0x00000000eeb00000)
  from space 2560K, 99% used [0x00000000eed80000,0x00000000eeffee80,0x00000000ef000000)
  to   space 2560K, 0% used [0x00000000eeb00000,0x00000000eeb00000,0x00000000eed80000)
 ParOldGen       total 44032K, used 9297K [0x00000000c0000000, 0x00000000c2b00000, 0x00000000eab00000)
  object space 44032K, 21% used [0x00000000c0000000,0x00000000c0914620,0x00000000c2b00000)
 Metaspace       used 6219K, capacity 7152K, committed 7296K, reserved 1056768K
  class space    used 583K, capacity 616K, committed 640K, reserved 1048576K
Event: 2.685 GC heap after
Heap after GC invocations=5 (full 0):
 PSYoungGen      total 68096K, used 2549K [0x00000000eab00000, 0x00000000f4700000, 0x0000000100000000)
  eden space 65536K, 0% used [0x00000000eab00000,0x00000000eab00000,0x00000000eeb00000)
  from space 2560K, 99% used [0x00000000eeb00000,0x00000000eed7d7e8,0x00000000eed80000)
  to   space 14336K, 0% used [0x00000000f3900000,0x00000000f3900000,0x00000000f4700000)
 ParOldGen       total 44032K, used 18990K [0x00000000c0000000, 0x00000000c2b00000, 0x00000000eab00000)
  object space 44032K, 43% used [0x00000000c0000000,0x00000000c128b878,0x00000000c2b00000)
 Metaspace       used 6219K, capacity 7152K, committed 7296K, reserved 1056768K
  class space    used 583K, capacity 616K, committed 640K, reserved 1048576K
}
Event: 3.371 GC heap before
{Heap before GC invocations=6 (full 0):
 PSYoungGen      total 68096K, used 68085K [0x00000000eab00000, 0x00000000f4700000, 0x0000000100000000)
  eden space 65536K, 100% used [0x00000000eab00000,0x00000000eeb00000,0x00000000eeb00000)
  from space 2560K, 99% used [0x00000000eeb00000,0x00000000eed7d7e8,0x00000000eed80000)
  to   space 14336K, 0% used [0x00000000f3900000,0x00000000f3900000,0x00000000f4700000)
 ParOldGen       total 44032K, used 18990K [0x00000000c0000000, 0x00000000c2b00000, 0x00000000eab00000)
  object space 44032K, 43% used [0x00000000c0000000,0x00000000c128b878,0x00000000c2b00000)
 Metaspace       used 6267K, capacity 7216K, committed 7296K, reserved 1056768K
  class space    used 584K, capacity 616K, committed 640K, reserved 1048576K
Event: 3.426 GC heap after
Heap after GC invocations=6 (full 0):
 PSYoungGen      total 142848K, used 13166K [0x00000000eab00000, 0x00000000f4c00000, 0x0000000100000000)
  eden space 128512K, 0% used [0x00000000eab00000,0x00000000eab00000,0x00000000f2880000)
  from space 14336K, 91% used [0x00000000f3900000,0x00000000f45db8f8,0x00000000f4700000)
  to   space 16896K, 0% used [0x00000000f2880000,0x00000000f2880000,0x00000000f3900000)
 ParOldGen       total 44032K, used 18990K [0x00000000c0000000, 0x00000000c2b00000, 0x00000000eab00000)
  object space 44032K, 43% used [0x00000000c0000000,0x00000000c128b878,0x00000000c2b00000)
 Metaspace       used 6267K, capacity 7216K, committed 7296K, reserved 1056768K
  class space    used 584K, capacity 616K, committed 640K, reserved 1048576K
}
Event: 4.563 GC heap before
{Heap before GC invocations=7 (full 0):
 PSYoungGen      total 142848K, used 141678K [0x00000000eab00000, 0x00000000f4c00000, 0x0000000100000000)
  eden space 128512K, 100% used [0x00000000eab00000,0x00000000f2880000,0x00000000f2880000)
  from space 14336K, 91% used [0x00000000f3900000,0x00000000f45db8f8,0x00000000f4700000)
  to   space 16896K, 0% used [0x00000000f2880000,0x00000000f2880000,0x00000000f3900000)
 ParOldGen       total 44032K, used 18990K [0x00000000c0000000, 0x00000000c2b00000, 0x00000000eab00000)
  object space 44032K, 43% used [0x00000000c0000000,0x00000000c128b878,0x00000000c2b00000)
 Metaspace       used 6327K, capacity 7216K, committed 7296K, reserved 1056768K
  class space    used 584K, capacity 616K, committed 640K, reserved 1048576K
Event: 4.705 GC heap after
Heap after GC invocations=7 (full 0):
 PSYoungGen      total 145408K, used 16876K [0x00000000eab00000, 0x00000000f4c00000, 0x0000000100000000)
  eden space 128512K, 0% used [0x00000000eab00000,0x00000000eab00000,0x00000000f2880000)
  from space 16896K, 99% used [0x00000000f2880000,0x00000000f38fb118,0x00000000f3900000)
  to   space 14336K, 0% used [0x00000000f3900000,0x00000000f3900000,0x00000000f4700000)
 ParOldGen       total 44032K, used 33018K [0x00000000c0000000, 0x00000000c2b00000, 0x00000000eab00000)
  object space 44032K, 74% used [0x00000000c0000000,0x00000000c203eb30,0x00000000c2b00000)
 Metaspace       used 6327K, capacity 7216K, committed 7296K, reserved 1056768K
  class space    used 584K, capacity 616K, committed 640K, reserved 1048576K
}
Event: 4.705 GC heap before
{Heap before GC invocations=8 (full 1):
 PSYoungGen      total 145408K, used 16876K [0x00000000eab00000, 0x00000000f4c00000, 0x0000000100000000)
  eden space 128512K, 0% used [0x00000000eab00000,0x00000000eab00000,0x00000000f2880000)
  from space 16896K, 99% used [0x00000000f2880000,0x00000000f38fb118,0x00000000f3900000)
  to   space 14336K, 0% used [0x00000000f3900000,0x00000000f3900000,0x00000000f4700000)
 ParOldGen       total 44032K, used 33018K [0x00000000c0000000, 0x00000000c2b00000, 0x00000000eab00000)
  object space 44032K, 74% used [0x00000000c0000000,0x00000000c203eb30,0x00000000c2b00000)
 Metaspace       used 6327K, capacity 7216K, committed 7296K, reserved 1056768K
  class space    used 584K, capacity 616K, committed 640K, reserved 1048576K
Event: 5.741 GC heap after
Heap after GC invocations=8 (full 1):
 PSYoungGen      total 145408K, used 3043K [0x00000000eab00000, 0x00000000f4c00000, 0x0000000100000000)
  eden space 128512K, 0% used [0x00000000eab00000,0x00000000eab00000,0x00000000f2880000)
  from space 16896K, 18% used [0x00000000f2880000,0x00000000f2b78d88,0x00000000f3900000)
  to   space 14336K, 0% used [0x00000000f3900000,0x00000000f3900000,0x00000000f4700000)
 ParOldGen       total 87040K, used 43740K [0x00000000c0000000, 0x00000000c5500000, 0x00000000eab00000)
  object space 87040K, 50% used [0x00000000c0000000,0x00000000c2ab7178,0x00000000c5500000)
 Metaspace       used 6327K, capacity 7216K, committed 7296K, reserved 1056768K
  class space    used 584K, capacity 616K, committed 640K, reserved 1048576K
}
Event: 6.855 GC heap before
{Heap before GC invocations=9 (full 1):
 PSYoungGen      total 145408K, used 131555K [0x00000000eab00000, 0x00000000f4c00000, 0x0000000100000000)
  eden space 128512K, 100% used [0x00000000eab00000,0x00000000f2880000,0x00000000f2880000)
  from space 16896K, 18% used [0x00000000f2880000,0x00000000f2b78d88,0x00000000f3900000)
  to   space 14336K, 0% used [0x00000000f3900000,0x00000000f3900000,0x00000000f4700000)
 ParOldGen       total 87040K, used 43740K [0x00000000c0000000, 0x00000000c5500000, 0x00000000eab00000)
  object space 87040K, 50% used [0x00000000c0000000,0x00000000c2ab7178,0x00000000c5500000)
 Metaspace       used 6352K, capacity 7280K, committed 7552K, reserved 1056768K
  class space    used 584K, capacity 616K, committed 640K, reserved 1048576K
Event: 6.946 GC heap after
Heap after GC invocations=9 (full 1):
 PSYoungGen      total 142848K, used 14318K [0x00000000eab00000, 0x00000000f4c00000, 0x0000000100000000)
  eden space 128512K, 0% used [0x00000000eab00000,0x00000000eab00000,0x00000000f2880000)
  from space 14336K, 99% used [0x00000000f3900000,0x00000000f46fb838,0x00000000f4700000)
  to   space 16896K, 0% used [0x00000000f2880000,0x00000000f2880000,0x00000000f3900000)
 ParOldGen       total 87040K, used 51726K [0x00000000c0000000, 0x00000000c5500000, 0x00000000eab00000)
  object space 87040K, 59% used [0x00000000c0000000,0x00000000c3283a20,0x00000000c5500000)
 Metaspace       used 6352K, capacity 7280K, committed 7552K, reserved 1056768K
  class space    used 584K, capacity 616K, committed 640K, reserved 1048576K
}

Deoptimization events (10 events):
Event: 2.445 Thread 0x000000001751c000 Uncommon trap: reason=unstable_if action=reinterpret pc=0x00000000039e2604 method=java.util.HashMap.getNode(ILjava/lang/Object;)Ljava/util/HashMap$Node; @ 84
Event: 2.445 Thread 0x000000001751c000 Uncommon trap: reason=unstable_if action=reinterpret pc=0x00000000039e7898 method=java.util.HashMap.getNode(ILjava/lang/Object;)Ljava/util/HashMap$Node; @ 84
Event: 2.446 Thread 0x000000001751c000 Uncommon trap: reason=bimorphic action=maybe_recompile pc=0x00000000039efdbc method=java.util.HashMap.putVal(ILjava/lang/Object;Ljava/lang/Object;ZZ)Ljava/lang/Object; @ 203
Event: 2.879 Thread 0x000000001726e800 Uncommon trap: reason=unstable_if action=reinterpret pc=0x0000000003a14730 method=com.android.dx.ssa.SCCP.simulateBranch(Lcom/android/dx/ssa/SsaInsn;)V @ 64
Event: 3.306 Thread 0x0000000001870800 Uncommon trap: reason=unstable_if action=reinterpret pc=0x00000000038a519c method=com.android.dx.ssa.SsaMethod.updateOneDefinition(Lcom/android/dx/ssa/SsaInsn;Lcom/android/dx/rop/code/RegisterSpec;)V @ 4
Event: 3.431 Thread 0x000000001726e800 Uncommon trap: reason=unstable_if action=reinterpret pc=0x0000000003aed050 method=java.util.HashMap.putVal(ILjava/lang/Object;Ljava/lang/Object;ZZ)Ljava/lang/Object; @ 109
Event: 3.894 Thread 0x000000001787c800 Uncommon trap: reason=bimorphic action=maybe_recompile pc=0x0000000003ac3664 method=com.android.dx.cf.code.BytecodeArray.parseInstruction(ILcom/android/dx/cf/code/BytecodeArray$Visitor;)I @ 1161
Event: 3.894 Thread 0x000000001787c800 Uncommon trap: reason=bimorphic action=maybe_recompile pc=0x0000000003ac3664 method=com.android.dx.cf.code.BytecodeArray.parseInstruction(ILcom/android/dx/cf/code/BytecodeArray$Visitor;)I @ 1161
Event: 4.246 Thread 0x000000001751c000 Uncommon trap: reason=unstable_if action=reinterpret pc=0x0000000003a65988 method=com.android.dx.ssa.SCCP.simulateStmt(Lcom/android/dx/ssa/SsaInsn;)V @ 59
Event: 6.390 Thread 0x0000000001870800 Uncommon trap: reason=unstable_if action=reinterpret pc=0x0000000003893868 method=com.android.dx.dex.code.OutputFinisher.hasLocalInfo(Lcom/android/dx/dex/code/DalvInsn;)Z @ 24

Internal exceptions (7 events):
Event: 0.039 Thread 0x0000000001870800 Exception <a 'java/lang/NoSuchMethodError': Method sun.misc.Unsafe.defineClass(Ljava/lang/String;[BII)Ljava/lang/Class; name or signature does not match> (0x00000000eab07c78) thrown at [C:\src\android\AOSP-openjdk\external\jetbrains\jdk\hotspot\src\share\vOvç'|'¤?
Event: 0.039 Thread 0x0000000001870800 Exception <a 'java/lang/NoSuchMethodError': Method sun.misc.Unsafe.prefetchRead(Ljava/lang/Object;J)V name or signature does not match> (0x00000000eab07f60) thrown at [C:\src\android\AOSP-openjdk\external\jetbrains\jdk\hotspot\src\share\vm\prims\jni.cpp, lkb£¶Üô?
Event: 1.304 Thread 0x00000000177ba000 Implicit null exception at 0x0000000003747562 to 0x0000000003747669
Event: 1.942 Thread 0x000000001787c800 Implicit null exception at 0x00000000037a5f37 to 0x00000000037a8519
Event: 2.441 Thread 0x000000001751c000 Exception <a 'java/lang/ArrayIndexOutOfBoundsException': 18> (0x00000000edbcc508) thrown at [C:\src\android\AOSP-openjdk\external\jetbrains\jdk\hotspot\src\share\vm\interpreter\interpreterRuntime.cpp, line 366]
Event: 2.442 Thread 0x000000001751c000 Exception <a 'java/lang/ArrayIndexOutOfBoundsException'> (0x00000000edbce088) thrown at [C:\src\android\AOSP-openjdk\external\jetbrains\jdk\hotspot\src\share\vm\runtime\sharedRuntime.cpp, line 605]
Event: 2.444 Thread 0x000000001751c000 Exception <a 'java/lang/ArrayIndexOutOfBoundsException'> (0x00000000edbcf370) thrown at [C:\src\android\AOSP-openjdk\external\jetbrains\jdk\hotspot\src\share\vm\runtime\sharedRuntime.cpp, line 605]

Events (10 events):
Event: 5.741 Executing VM operation: ParallelGCFailedAllocation done
Event: 6.078 Thread 0x0000000001870800 DEOPT PACKING pc=0x00000000039e5402 sp=0x000000000180e110
Event: 6.078 Thread 0x0000000001870800 DEOPT UNPACKING pc=0x00000000034475bf sp=0x000000000180de40 mode 0
Event: 6.390 Thread 0x0000000001870800 Uncommon trap: trap_request=0xffffff65 fr.pc=0x0000000003893868
Event: 6.390 Thread 0x0000000001870800 DEOPT PACKING pc=0x0000000003893868 sp=0x000000000180e460
Event: 6.390 Thread 0x0000000001870800 DEOPT UNPACKING pc=0x000000000344556a sp=0x000000000180e378 mode 2
Event: 6.844 Executing VM operation: ParallelGCFailedAllocation
Event: 6.946 Executing VM operation: ParallelGCFailedAllocation done
Event: 7.380 loading class com/android/dx/command/dexer/Main$NotFilter
Event: 7.380 loading class com/android/dx/command/dexer/Main$NotFilter done


Dynamic libraries:
0x00007ff716a50000 - 0x00007ff716a81000 	C:\Program Files\Android\Android Studio\jre\bin\java.exe
0x00007ff86e760000 - 0x00007ff86e93b000 	C:\WINDOWS\SYSTEM32\ntdll.dll
0x00007ff86b950000 - 0x00007ff86b9fe000 	C:\WINDOWS\System32\KERNEL32.DLL
0x00007ff86a5d0000 - 0x00007ff86a819000 	C:\WINDOWS\System32\KERNELBASE.dll
0x00007ff86c9e0000 - 0x00007ff86ca81000 	C:\WINDOWS\System32\ADVAPI32.dll
0x00007ff86c910000 - 0x00007ff86c9ad000 	C:\WINDOWS\System32\msvcrt.dll
0x00007ff86bd10000 - 0x00007ff86bd69000 	C:\WINDOWS\System32\sechost.dll
0x00007ff86caf0000 - 0x00007ff86cc15000 	C:\WINDOWS\System32\RPCRT4.dll
0x00007ff86c0f0000 - 0x00007ff86c23a000 	C:\WINDOWS\System32\USER32.dll
0x00007ff86ac20000 - 0x00007ff86ac3e000 	C:\WINDOWS\System32\win32u.dll
0x00007ff86c9b0000 - 0x00007ff86c9d7000 	C:\WINDOWS\System32\GDI32.dll
0x00007ff86a890000 - 0x00007ff86aa19000 	C:\WINDOWS\System32\gdi32full.dll
0x00007ff86ab80000 - 0x00007ff86ac1a000 	C:\WINDOWS\System32\msvcp_win.dll
0x00007ff86a4d0000 - 0x00007ff86a5c6000 	C:\WINDOWS\System32\ucrtbase.dll
0x00007ff85db30000 - 0x00007ff85dd97000 	C:\WINDOWS\WinSxS\amd64_microsoft.windows.common-controls_6595b64144ccf1df_6.0.15063.0_none_108e4f62dfe5d999\COMCTL32.dll
0x00007ff86cc50000 - 0x00007ff86cf49000 	C:\WINDOWS\System32\combase.dll
0x00007ff86a820000 - 0x00007ff86a88a000 	C:\WINDOWS\System32\bcryptPrimitives.dll
0x00007ff86cc20000 - 0x00007ff86cc4d000 	C:\WINDOWS\System32\IMM32.DLL
0x0000000051b30000 - 0x0000000051c02000 	C:\Program Files\Android\Android Studio\jre\jre\bin\msvcr100.dll
0x0000000076b40000 - 0x000000007737c000 	C:\Program Files\Android\Android Studio\jre\jre\bin\server\jvm.dll
0x00007ff86e730000 - 0x00007ff86e738000 	C:\WINDOWS\System32\PSAPI.DLL
0x00007ff863c90000 - 0x00007ff863cb3000 	C:\WINDOWS\SYSTEM32\WINMM.dll
0x00007ff861e60000 - 0x00007ff861e6a000 	C:\WINDOWS\SYSTEM32\VERSION.dll
0x00007ff8616b0000 - 0x00007ff8616b9000 	C:\WINDOWS\SYSTEM32\WSOCK32.dll
0x00007ff86d280000 - 0x00007ff86d2ec000 	C:\WINDOWS\System32\WS2_32.dll
0x00007ff863c60000 - 0x00007ff863c8b000 	C:\WINDOWS\SYSTEM32\WINMMBASE.dll
0x00007ff86aad0000 - 0x00007ff86ab19000 	C:\WINDOWS\System32\cfgmgr32.dll
0x00007ff84de40000 - 0x00007ff84de4f000 	C:\Program Files\Android\Android Studio\jre\jre\bin\verify.dll
0x00007ff83efe0000 - 0x00007ff83f009000 	C:\Program Files\Android\Android Studio\jre\jre\bin\java.dll
0x00007ff8483e0000 - 0x00007ff8483f6000 	C:\Program Files\Android\Android Studio\jre\jre\bin\zip.dll
0x00007ff86d2f0000 - 0x00007ff86e727000 	C:\WINDOWS\System32\SHELL32.dll
0x00007ff86ba20000 - 0x00007ff86baca000 	C:\WINDOWS\System32\shcore.dll
0x00007ff86ae10000 - 0x00007ff86b502000 	C:\WINDOWS\System32\windows.storage.dll
0x00007ff86c090000 - 0x00007ff86c0e1000 	C:\WINDOWS\System32\shlwapi.dll
0x00007ff86a420000 - 0x00007ff86a431000 	C:\WINDOWS\System32\kernel.appcore.dll
0x00007ff86a460000 - 0x00007ff86a4ac000 	C:\WINDOWS\System32\powrprof.dll
0x00007ff86a4b0000 - 0x00007ff86a4c5000 	C:\WINDOWS\System32\profapi.dll

VM Arguments:
jvm_args: -Djava.awt.headless=true -Xmx1024M -Dfile.encoding=windows-1252 -Duser.country=GT -Duser.language=es -Duser.variant 
java_command: com.android.dx.command.Main --dex --num-threads=4 --multi-dex --main-dex-list C:\Android Studio WorkSpace\TDPSYNC\app\build\intermediates\multi-dex\debug\maindexlist.txt --output C:\Android Studio WorkSpace\TDPSYNC\app\build\intermediates\transforms\dex\debug\folders\1000\1f\main C:\Android Studio WorkSpace\TDPSYNC\app\build\intermediates\transforms\jarMerging\debug\jars\1\1f\combined.jar
java_class_path (initial): C:\Users\Isaias\AppData\Local\Android\sdk\build-tools\25.0.0\lib\dx.jar
Launcher Type: SUN_STANDARD

Environment Variables:
PATH=C:\ProgramData\Oracle\Java\javapath;C:\Program Files (x86)\Intel\iCLS Client\;C:\Program Files\Intel\iCLS Client\;C:\WINDOWS\system32;C:\WINDOWS;C:\WINDOWS\System32\Wbem;C:\WINDOWS\System32\WindowsPowerShell\v1.0\;C:\Program Files\Intel\Intel(R) Management Engine Components\DAL;C:\Program Files (x86)\Intel\Intel(R) Management Engine Components\DAL;C:\Program Files\Intel\Intel(R) Management Engine Components\IPT;C:\Program Files (x86)\Intel\Intel(R) Management Engine Components\IPT;C:\Program Files (x86)\Common Files\lenovo\easyplussdk\bin;C:\Program Files (x86)\Lenovo\Password Manager\;C:\Users\Isaias\AppData\Local\Microsoft\WindowsApps;
USERNAME=Isaias
OS=Windows_NT
PROCESSOR_IDENTIFIER=Intel64 Family 6 Model 69 Stepping 1, GenuineIntel



---------------  S Y S T E M  ---------------

OS: Windows 10.0 , 64 bit Build 15063 (10.0.15063.0)

CPU:total 4 (2 cores per cpu, 2 threads per core) family 6 model 69 stepping 1, cmov, cx8, fxsr, mmx, sse, sse2, sse3, ssse3, sse4.1, sse4.2, popcnt, avx, avx2, aes, clmul, erms, lzcnt, ht, tsc, tscinvbit, bmi1, bmi2

Memory: 4k page, physical 4117440k(313852k free), swap 5548992k(10688k free)

vm_info: OpenJDK 64-Bit Server VM (25.112-b06) for windows-amd64 JRE (1.8.0_112-release-b06), built on Dec  8 2016 00:54:26 by "builder" with MS VC++ 10.0 (VS2010)

time: Mon May 08 15:15:14 2017
elapsed time: 7 seconds (0d 0h 0m 7s)

