#
# There is insufficient memory for the Java Runtime Environment to continue.
# Native memory allocation (malloc) failed to allocate 162736 bytes for Chunk::new
# Possible reasons:
#   The system is out of physical RAM or swap space
#   In 32 bit mode, the process size limit was hit
# Possible solutions:
#   Reduce memory load on the system
#   Increase physical memory or swap space
#   Check if swap backing store is full
#   Use 64 bit Java on a 64 bit OS
#   Decrease Java heap size (-Xmx/-Xms)
#   Decrease number of Java threads
#   Decrease Java thread stack sizes (-Xss)
#   Set larger code cache with -XX:ReservedCodeCacheSize=
# This output file may be truncated or incomplete.
#
#  Out of Memory Error (allocation.cpp:390), pid=11104, tid=0x00000000000021c0
#
# JRE version: OpenJDK Runtime Environment (8.0_112-b06) (build 1.8.0_112-release-b06)
# Java VM: OpenJDK 64-Bit Server VM (25.112-b06 mixed mode windows-amd64 compressed oops)
# Failed to write core dump. Minidumps are not enabled by default on client versions of Windows
#

---------------  T H R E A D  ---------------

Current thread (0x000000001586a800):  JavaThread "C2 CompilerThread0" daemon [_thread_in_native, id=8640, stack(0x0000000016ef0000,0x0000000016ff0000)]

Stack: [0x0000000016ef0000,0x0000000016ff0000]
[error occurred during error reporting (printing stack bounds), id 0xc0000005]

Native frames: (J=compiled Java code, j=interpreted, Vv=VM code, C=native code)


Current CompileTask:
C2:   2345  707   !   4       com.android.dx.cf.cst.ConstantPoolParser::parse0 (731 bytes)


---------------  P R O C E S S  ---------------

Java Threads: ( => current thread )
  0x0000000017373800 JavaThread "pool-1-thread-4" [_thread_blocked, id=1900, stack(0x0000000017bf0000,0x0000000017cf0000)]
  0x0000000017372800 JavaThread "pool-1-thread-3" [_thread_blocked, id=3816, stack(0x0000000017af0000,0x0000000017bf0000)]
  0x0000000017370800 JavaThread "pool-1-thread-2" [_thread_blocked, id=7532, stack(0x00000000179f0000,0x0000000017af0000)]
  0x0000000017343000 JavaThread "pool-2-thread-1" [_thread_blocked, id=6084, stack(0x00000000178f0000,0x00000000179f0000)]
  0x0000000017340000 JavaThread "pool-1-thread-1" [_thread_blocked, id=10796, stack(0x00000000177f0000,0x00000000178f0000)]
  0x00000000171fa800 JavaThread "Service Thread" daemon [_thread_blocked, id=6688, stack(0x00000000175f0000,0x00000000176f0000)]
  0x00000000158ca800 JavaThread "C1 CompilerThread2" daemon [_thread_blocked, id=7732, stack(0x00000000170f0000,0x00000000171f0000)]
  0x00000000158bf000 JavaThread "C2 CompilerThread1" daemon [_thread_blocked, id=8580, stack(0x0000000016ff0000,0x00000000170f0000)]
=>0x000000001586a800 JavaThread "C2 CompilerThread0" daemon [_thread_in_native, id=8640, stack(0x0000000016ef0000,0x0000000016ff0000)]
  0x0000000015869000 JavaThread "Attach Listener" daemon [_thread_blocked, id=7488, stack(0x0000000016df0000,0x0000000016ef0000)]
  0x0000000015868000 JavaThread "Signal Dispatcher" daemon [_thread_blocked, id=9052, stack(0x0000000016cf0000,0x0000000016df0000)]
  0x0000000015858800 JavaThread "Finalizer" daemon [_thread_blocked, id=9728, stack(0x0000000016ae0000,0x0000000016be0000)]
  0x0000000003121000 JavaThread "Reference Handler" daemon [_thread_blocked, id=4880, stack(0x00000000169e0000,0x0000000016ae0000)]
  0x0000000003030800 JavaThread "main" [_thread_in_native, id=5572, stack(0x0000000001760000,0x0000000001860000)]

Other Threads:
  0x0000000015835800 VMThread [stack: 0x00000000168e0000,0x00000000169e0000] [id=6620]
  0x00000000171f0800 WatcherThread [stack: 0x00000000176f0000,0x00000000177f0000] [id=7992]

VM state:not at safepoint (normal execution)

VM Mutex/Monitor currently owned by a thread: None

Heap:
 PSYoungGen      total 18944K, used 12499K [0x00000000eab00000, 0x00000000ec000000, 0x0000000100000000)
  eden space 16384K, 76% used [0x00000000eab00000,0x00000000eb734cd0,0x00000000ebb00000)
  from space 2560K, 0% used [0x00000000ebd80000,0x00000000ebd80000,0x00000000ec000000)
  to   space 2560K, 0% used [0x00000000ebb00000,0x00000000ebb00000,0x00000000ebd80000)
 ParOldGen       total 44032K, used 0K [0x00000000c0000000, 0x00000000c2b00000, 0x00000000eab00000)
  object space 44032K, 0% used [0x00000000c0000000,0x00000000c0000000,0x00000000c2b00000)
 Metaspace       used 5387K, capacity 6576K, committed 6784K, reserved 1056768K
  class space    used 547K, capacity 616K, committed 640K, reserved 1048576K

Card table byte_map: [0x00000000126c0000,0x00000000128d0000] byte_map_base: 0x00000000120c0000

Marking Bits: (ParMarkBitMap*) 0x00000000535118f0
 Begin Bits: [0x0000000012cd0000, 0x0000000013cd0000)
 End Bits:   [0x0000000013cd0000, 0x0000000014cd0000)

Polling page: 0x0000000000ff0000

CodeCache: size=245760Kb used=2955Kb max_used=2967Kb free=242804Kb
 bounds [0x0000000003300000, 0x00000000035f0000, 0x0000000012300000]
 total_blobs=998 nmethods=738 adapters=174
 compilation: enabled

Compilation events (10 events):
Event: 2.328 Thread 0x00000000158ca800  735       3       com.android.dx.rop.code.LocalItem::hashCode (41 bytes)
Event: 2.328 Thread 0x00000000158bf000  737       4       com.android.dx.rop.code.BasicBlockList::get (9 bytes)
Event: 2.329 Thread 0x00000000158ca800 nmethod 735 0x00000000035d8ed0 code [0x00000000035d9060, 0x00000000035d95b8]
Event: 2.329 Thread 0x00000000158ca800  736       1       com.android.dx.rop.type.Prototype::getDescriptor (5 bytes)
Event: 2.329 Thread 0x00000000158ca800 nmethod 736 0x00000000035d8c10 code [0x00000000035d8d60, 0x00000000035d8e70]
Event: 2.329 Thread 0x00000000158ca800  738       3       com.android.dx.ssa.back.RegisterAllocator::getDefinitionSpecForSsaReg (22 bytes)
Event: 2.330 Thread 0x00000000158bf000 nmethod 737 0x00000000035df210 code [0x00000000035df360, 0x00000000035df438]
Event: 2.330 Thread 0x00000000158ca800 nmethod 738 0x00000000035d8690 code [0x00000000035d8800, 0x00000000035d8b08]
Event: 2.331 Thread 0x00000000158bf000  739       4       com.android.dx.util.ByteArray::getInt (47 bytes)
Event: 2.334 Thread 0x00000000158bf000 nmethod 739 0x00000000035e6e10 code [0x00000000035e6f60, 0x00000000035e70d8]

GC Heap History (0 events):
No events

Deoptimization events (5 events):
Event: 0.896 Thread 0x0000000017340000 Uncommon trap: reason=unstable_if action=reinterpret pc=0x0000000003442614 method=java.lang.String.indexOf(II)I @ 49
Event: 1.744 Thread 0x0000000017373800 Uncommon trap: reason=unstable_if action=reinterpret pc=0x0000000003511f18 method=java.util.TreeMap.fixAfterInsertion(Ljava/util/TreeMap$Entry;)V @ 212
Event: 2.163 Thread 0x0000000017372800 Uncommon trap: reason=unstable_if action=reinterpret pc=0x00000000035527c8 method=java.util.HashMap.getNode(ILjava/lang/Object;)Ljava/util/HashMap$Node; @ 62
Event: 2.315 Thread 0x0000000017372800 Uncommon trap: reason=unstable_if action=reinterpret pc=0x000000000350b3e0 method=com.android.dx.rop.cst.CstFieldRef.compareTo0(Lcom/android/dx/rop/cst/Constant;)I @ 7
Event: 2.315 Thread 0x0000000017372800 Uncommon trap: reason=unstable_if action=reinterpret pc=0x00000000034f4888 method=com.android.dx.rop.cst.CstFieldRef.compareTo0(Lcom/android/dx/rop/cst/Constant;)I @ 7

Internal exceptions (2 events):
Event: 0.087 Thread 0x0000000003030800 Exception <a 'java/lang/NoSuchMethodError': Method sun.misc.Unsafe.defineClass(Ljava/lang/String;[BII)Ljava/lang/Class; name or signature does not match> (0x00000000eab07c78) thrown at [C:\src\android\AOSP-openjdk\external\jetbrains\jdk\hotspot\src\share\vèF`Û]¶?
Event: 0.087 Thread 0x0000000003030800 Exception <a 'java/lang/NoSuchMethodError': Method sun.misc.Unsafe.prefetchRead(Ljava/lang/Object;J)V name or signature does not match> (0x00000000eab07f60) thrown at [C:\src\android\AOSP-openjdk\external\jetbrains\jdk\hotspot\src\share\vm\prims\jni.cpp, l

Events (10 events):
Event: 1.744 Thread 0x0000000017373800 DEOPT UNPACKING pc=0x000000000334556a sp=0x0000000017cee880 mode 2
Event: 2.163 Thread 0x0000000017372800 Uncommon trap: trap_request=0xffffff65 fr.pc=0x00000000035527c8
Event: 2.163 Thread 0x0000000017372800 DEOPT PACKING pc=0x00000000035527c8 sp=0x0000000017bee990
Event: 2.163 Thread 0x0000000017372800 DEOPT UNPACKING pc=0x000000000334556a sp=0x0000000017bee908 mode 2
Event: 2.315 Thread 0x0000000017372800 Uncommon trap: trap_request=0xffffff65 fr.pc=0x000000000350b3e0
Event: 2.315 Thread 0x0000000017372800 DEOPT PACKING pc=0x000000000350b3e0 sp=0x0000000017bef110
Event: 2.315 Thread 0x0000000017372800 DEOPT UNPACKING pc=0x000000000334556a sp=0x0000000017beef50 mode 2
Event: 2.315 Thread 0x0000000017372800 Uncommon trap: trap_request=0xffffff65 fr.pc=0x00000000034f4888
Event: 2.315 Thread 0x0000000017372800 DEOPT PACKING pc=0x00000000034f4888 sp=0x0000000017bef040
Event: 2.315 Thread 0x0000000017372800 DEOPT UNPACKING pc=0x000000000334556a sp=0x0000000017beefb8 mode 2


Dynamic libraries:
0x00007ff605d70000 - 0x00007ff605da1000 	C:\Program Files\Android\Android Studio\jre\bin\java.exe
0x00007ffb16310000 - 0x00007ffb164eb000 	C:\WINDOWS\SYSTEM32\ntdll.dll
0x00007ffb161b0000 - 0x00007ffb1625e000 	C:\WINDOWS\System32\KERNEL32.DLL
0x00007ffb12320000 - 0x00007ffb12569000 	C:\WINDOWS\System32\KERNELBASE.dll
0x00007ffb160f0000 - 0x00007ffb16191000 	C:\WINDOWS\System32\ADVAPI32.dll
0x00007ffb15f10000 - 0x00007ffb15fad000 	C:\WINDOWS\System32\msvcrt.dll
0x00007ffb158b0000 - 0x00007ffb15909000 	C:\WINDOWS\System32\sechost.dll
0x00007ffb15cc0000 - 0x00007ffb15de5000 	C:\WINDOWS\System32\RPCRT4.dll
0x00007ffb13ad0000 - 0x00007ffb13c1a000 	C:\WINDOWS\System32\USER32.dll
0x00007ffb13050000 - 0x00007ffb1306e000 	C:\WINDOWS\System32\win32u.dll
0x00007ffb15fb0000 - 0x00007ffb15fd7000 	C:\WINDOWS\System32\GDI32.dll
0x00007ffb12710000 - 0x00007ffb12899000 	C:\WINDOWS\System32\gdi32full.dll
0x00007ffb12670000 - 0x00007ffb1270a000 	C:\WINDOWS\System32\msvcp_win.dll
0x00007ffb12570000 - 0x00007ffb12666000 	C:\WINDOWS\System32\ucrtbase.dll
0x00007ffb07c00000 - 0x00007ffb07e67000 	C:\WINDOWS\WinSxS\amd64_microsoft.windows.common-controls_6595b64144ccf1df_6.0.15063.0_none_108e4f62dfe5d999\COMCTL32.dll
0x00007ffb155b0000 - 0x00007ffb158a9000 	C:\WINDOWS\System32\combase.dll
0x00007ffb122b0000 - 0x00007ffb1231a000 	C:\WINDOWS\System32\bcryptPrimitives.dll
0x00007ffb13f70000 - 0x00007ffb13f9d000 	C:\WINDOWS\System32\IMM32.DLL
0x0000000052c70000 - 0x0000000052d42000 	C:\Program Files\Android\Android Studio\jre\jre\bin\msvcr100.dll
0x0000000052d50000 - 0x000000005358c000 	C:\Program Files\Android\Android Studio\jre\jre\bin\server\jvm.dll
0x00007ffb161a0000 - 0x00007ffb161a8000 	C:\WINDOWS\System32\PSAPI.DLL
0x00007ffb00600000 - 0x00007ffb00609000 	C:\WINDOWS\SYSTEM32\WSOCK32.dll
0x00007ffb13a60000 - 0x00007ffb13acc000 	C:\WINDOWS\System32\WS2_32.dll
0x00007ffb104a0000 - 0x00007ffb104c3000 	C:\WINDOWS\SYSTEM32\WINMM.dll
0x00007ffb00610000 - 0x00007ffb0061a000 	C:\WINDOWS\SYSTEM32\VERSION.dll
0x00007ffb10410000 - 0x00007ffb1043b000 	C:\WINDOWS\SYSTEM32\WINMMBASE.dll
0x00007ffb13070000 - 0x00007ffb130b9000 	C:\WINDOWS\System32\cfgmgr32.dll
0x00007ffaf3bb0000 - 0x00007ffaf3bbf000 	C:\Program Files\Android\Android Studio\jre\jre\bin\verify.dll
0x00007ffae6400000 - 0x00007ffae6429000 	C:\Program Files\Android\Android Studio\jre\jre\bin\java.dll
0x00007ffaeb470000 - 0x00007ffaeb486000 	C:\Program Files\Android\Android Studio\jre\jre\bin\zip.dll
0x00007ffb14170000 - 0x00007ffb155a7000 	C:\WINDOWS\System32\SHELL32.dll
0x00007ffb16260000 - 0x00007ffb1630a000 	C:\WINDOWS\System32\shcore.dll
0x00007ffb12950000 - 0x00007ffb13042000 	C:\WINDOWS\System32\windows.storage.dll
0x00007ffb13c20000 - 0x00007ffb13c71000 	C:\WINDOWS\System32\shlwapi.dll
0x00007ffb12060000 - 0x00007ffb12071000 	C:\WINDOWS\System32\kernel.appcore.dll
0x00007ffb11fd0000 - 0x00007ffb1201c000 	C:\WINDOWS\System32\powrprof.dll
0x00007ffb12020000 - 0x00007ffb12035000 	C:\WINDOWS\System32\profapi.dll

VM Arguments:
jvm_args: -Djava.awt.headless=true -Xmx1024M -Dfile.encoding=windows-1252 -Duser.country=GT -Duser.language=es -Duser.variant 
java_command: com.android.dx.command.Main --dex --num-threads=4 --output C:\Android Studio WorkSpace\TDPSYNC\app\build\intermediates\pre-dexed\debug\debug_ead6ca3a28157b9261fae307ec6f1a57de2342f5.jar C:\Android Studio WorkSpace\TDPSYNC\app\build\intermediates\classes\debug
java_class_path (initial): C:\Users\Isaias\AppData\Local\Android\sdk\build-tools\25.0.0\lib\dx.jar
Launcher Type: SUN_STANDARD

Environment Variables:
PATH=C:\ProgramData\Oracle\Java\javapath;C:\Program Files (x86)\Intel\iCLS Client\;C:\Program Files\Intel\iCLS Client\;C:\WINDOWS\system32;C:\WINDOWS;C:\WINDOWS\System32\Wbem;C:\WINDOWS\System32\WindowsPowerShell\v1.0\;C:\Program Files\Intel\Intel(R) Management Engine Components\DAL;C:\Program Files (x86)\Intel\Intel(R) Management Engine Components\DAL;C:\Program Files\Intel\Intel(R) Management Engine Components\IPT;C:\Program Files (x86)\Intel\Intel(R) Management Engine Components\IPT;C:\Program Files (x86)\Common Files\lenovo\easyplussdk\bin;C:\Program Files (x86)\Lenovo\Password Manager\;C:\Users\Isaias\AppData\Local\Microsoft\WindowsApps;
USERNAME=Isaias
OS=Windows_NT
PROCESSOR_IDENTIFIER=Intel64 Family 6 Model 69 Stepping 1, GenuineIntel



---------------  S Y S T E M  ---------------

OS: Windows 10.0 , 64 bit Build 15063 (10.0.15063.0)

CPU:total 4 (2 cores per cpu, 2 threads per core) family 6 model 69 stepping 1, cmov, cx8, fxsr, mmx, sse, sse2, sse3, ssse3, sse4.1, sse4.2, popcnt, avx, avx2, aes, clmul, erms, lzcnt, ht, tsc, tscinvbit, bmi1, bmi2

Memory: 4k page, physical 4117440k(1077072k free), swap 5548992k(3204k free)

vm_info: OpenJDK 64-Bit Server VM (25.112-b06) for windows-amd64 JRE (1.8.0_112-release-b06), built on Dec  8 2016 00:54:26 by "builder" with MS VC++ 10.0 (VS2010)

time: Fri Apr 28 19:58:39 2017
elapsed time: 2 seconds (0d 0h 0m 2s)

