#
# There is insufficient memory for the Java Runtime Environment to continue.
# Native memory allocation (malloc) failed to allocate 32744 bytes for ChunkPool::allocate
# Possible reasons:
#   The system is out of physical RAM or swap space
#   In 32 bit mode, the process size limit was hit
# Possible solutions:
#   Reduce memory load on the system
#   Increase physical memory or swap space
#   Check if swap backing store is full
#   Use 64 bit Java on a 64 bit OS
#   Decrease Java heap size (-Xmx/-Xms)
#   Decrease number of Java threads
#   Decrease Java thread stack sizes (-Xss)
#   Set larger code cache with -XX:ReservedCodeCacheSize=
# This output file may be truncated or incomplete.
#
#  Out of Memory Error (allocation.cpp:273), pid=8388, tid=0x000000000000203c
#
# JRE version: OpenJDK Runtime Environment (8.0_112-b06) (build 1.8.0_112-release-b06)
# Java VM: OpenJDK 64-Bit Server VM (25.112-b06 mixed mode windows-amd64 compressed oops)
# Failed to write core dump. Minidumps are not enabled by default on client versions of Windows
#

---------------  T H R E A D  ---------------

Current thread (0x00000000155c1800):  JavaThread "C1 CompilerThread2" daemon [_thread_in_native, id=8252, stack(0x0000000016e40000,0x0000000016f40000)]

Stack: [0x0000000016e40000,0x0000000016f40000]
[error occurred during error reporting (printing stack bounds), id 0xc0000005]

Native frames: (J=compiled Java code, j=interpreted, Vv=VM code, C=native code)


Current CompileTask:
C1:   3441  542   !   3       com.android.dx.cf.code.BytecodeArray::parseInstruction (2764 bytes)


---------------  P R O C E S S  ---------------

Java Threads: ( => current thread )
  0x0000000017396800 JavaThread "pool-1-thread-4" [_thread_in_Java, id=5956, stack(0x0000000017940000,0x0000000017a40000)]
  0x0000000017395800 JavaThread "pool-1-thread-3" [_thread_in_vm, id=8952, stack(0x0000000017840000,0x0000000017940000)]
  0x00000000172a8000 JavaThread "pool-1-thread-2" [_thread_in_vm, id=9036, stack(0x0000000017740000,0x0000000017840000)]
  0x000000001729f000 JavaThread "pool-2-thread-1" [_thread_blocked, id=8932, stack(0x0000000017640000,0x0000000017740000)]
  0x000000001729e800 JavaThread "pool-1-thread-1" [_thread_in_Java, id=3404, stack(0x0000000017540000,0x0000000017640000)]
  0x00000000155ce800 JavaThread "Service Thread" daemon [_thread_blocked, id=4644, stack(0x0000000016f40000,0x0000000017040000)]
=>0x00000000155c1800 JavaThread "C1 CompilerThread2" daemon [_thread_in_native, id=8252, stack(0x0000000016e40000,0x0000000016f40000)]
  0x00000000155bd800 JavaThread "C2 CompilerThread1" daemon [_thread_in_native, id=8700, stack(0x0000000016d40000,0x0000000016e40000)]
  0x00000000155ba800 JavaThread "C2 CompilerThread0" daemon [_thread_blocked, id=9904, stack(0x0000000016c40000,0x0000000016d40000)]
  0x00000000155b9000 JavaThread "Attach Listener" daemon [_thread_blocked, id=7916, stack(0x0000000016b40000,0x0000000016c40000)]
  0x00000000155b8000 JavaThread "Signal Dispatcher" daemon [_thread_blocked, id=3048, stack(0x0000000016a40000,0x0000000016b40000)]
  0x0000000002ee5800 JavaThread "Finalizer" daemon [_thread_blocked, id=10060, stack(0x0000000016830000,0x0000000016930000)]
  0x0000000002ee0800 JavaThread "Reference Handler" daemon [_thread_blocked, id=11240, stack(0x0000000016730000,0x0000000016830000)]
  0x0000000002df0800 JavaThread "main" [_thread_in_vm, id=11040, stack(0x0000000002ca0000,0x0000000002da0000)]

Other Threads:
  0x0000000015585800 VMThread [stack: 0x0000000016630000,0x0000000016730000] [id=9284]
  0x00000000155d0800 WatcherThread [stack: 0x0000000017040000,0x0000000017140000] [id=4044]

VM state:synchronizing (normal execution)

VM Mutex/Monitor currently owned by a thread:  ([mutex/lock_event])
[0x000000000106c7e0] Safepoint_lock - owner thread: 0x0000000015585800
[0x000000000106c860] Threads_lock - owner thread: 0x0000000015585800
[0x000000000106be60] Heap_lock - owner thread: 0x00000000172a8000
[0x000000000106d770] MethodData_lock - owner thread: 0x00000000172a8000

Heap:
 PSYoungGen      total 18944K, used 11556K [0x00000000eab00000, 0x00000000ec000000, 0x0000000100000000)
  eden space 16384K, 70% used [0x00000000eab00000,0x00000000eb6491c8,0x00000000ebb00000)
  from space 2560K, 0% used [0x00000000ebd80000,0x00000000ebd80000,0x00000000ec000000)
  to   space 2560K, 0% used [0x00000000ebb00000,0x00000000ebb00000,0x00000000ebd80000)
 ParOldGen       total 44032K, used 0K [0x00000000c0000000, 0x00000000c2b00000, 0x00000000eab00000)
  object space 44032K, 0% used [0x00000000c0000000,0x00000000c0000000,0x00000000c2b00000)
 Metaspace       used 5277K, capacity 6448K, committed 6528K, reserved 1058816K
  class space    used 558K, capacity 616K, committed 640K, reserved 1048576K

Card table byte_map: [0x00000000122b0000,0x00000000124c0000] byte_map_base: 0x0000000011cb0000

Marking Bits: (ParMarkBitMap*) 0x00000000535118f0
 Begin Bits: [0x0000000012a20000, 0x0000000013a20000)
 End Bits:   [0x0000000013a20000, 0x0000000014a20000)

Polling page: 0x0000000000df0000

CodeCache: size=245760Kb used=2115Kb max_used=2126Kb free=243644Kb
 bounds [0x0000000002ef0000, 0x0000000003160000, 0x0000000011ef0000]
 total_blobs=799 nmethods=537 adapters=176
 compilation: enabled

Compilation events (10 events):
Event: 3.406 Thread 0x00000000155c1800  540       3       com.android.dx.dex.code.CodeAddress::<init> (7 bytes)
Event: 3.407 Thread 0x00000000155c1800 nmethod 540 0x0000000003100dd0 code [0x0000000003100f40, 0x00000000031011c8]
Event: 3.407 Thread 0x00000000155c1800  542   !   3       com.android.dx.cf.code.BytecodeArray::parseInstruction (2764 bytes)
Event: 3.411 Thread 0x00000000155bd800  500       4       java.util.BitSet::nextSetBit (102 bytes)
Event: 3.411 Thread 0x00000000155ba800  517       4       com.android.dx.util.Bits::set (19 bytes)
Event: 3.412 Thread 0x00000000155ba800 nmethod 517 0x00000000030e3f10 code [0x00000000030e4040, 0x00000000030e40d8]
Event: 3.413 Thread 0x00000000155bd800 nmethod 500 0x00000000031026d0 code [0x0000000003102820, 0x0000000003102938]
Event: 3.415 Thread 0x00000000155ba800  554   !   4       com.android.dx.util.IntList::get (36 bytes)
Event: 3.416 Thread 0x00000000155ba800 nmethod 554 0x0000000003102410 code [0x0000000003102540, 0x00000000031025f8]
Event: 3.417 Thread 0x00000000155bd800  555       4       java.util.HashMap::get (23 bytes)

GC Heap History (0 events):
No events

Deoptimization events (1 events):
Event: 1.442 Thread 0x0000000002df0800 Uncommon trap: reason=unstable_if action=reinterpret pc=0x0000000003037154 method=java.lang.String.indexOf(II)I @ 49

Internal exceptions (2 events):
Event: 0.304 Thread 0x0000000002df0800 Exception <a 'java/lang/NoSuchMethodError': Method sun.misc.Unsafe.defineClass(Ljava/lang/String;[BII)Ljava/lang/Class; name or signature does not match> (0x00000000eab07c78) thrown at [C:\src\android\AOSP-openjdk\external\jetbrains\jdk\hotspot\src\share\v∆QL…~”?
Event: 0.305 Thread 0x0000000002df0800 Exception <a 'java/lang/NoSuchMethodError': Method sun.misc.Unsafe.prefetchRead(Ljava/lang/Object;J)V name or signature does not match> (0x00000000eab07f60) thrown at [C:\src\android\AOSP-openjdk\external\jetbrains\jdk\hotspot\src\share\vm\prims\jni.cpp, l

Events (10 events):
Event: 3.330 loading class java/util/HashMap$Values
Event: 3.330 loading class java/util/HashMap$Values done
Event: 3.330 loading class java/util/HashMap$ValueIterator
Event: 3.330 loading class java/util/HashMap$ValueIterator done
Event: 3.335 loading class com/android/dx/ssa/PhiInsn$Operand
Event: 3.335 loading class com/android/dx/ssa/PhiInsn$Operand done
Event: 3.355 loading class com/android/dx/ssa/back/FirstFitLocalCombiningAllocator$Multiset
Event: 3.355 loading class com/android/dx/ssa/back/FirstFitLocalCombiningAllocator$Multiset done
Event: 3.387 loading class com/android/dx/dex/file/MethodAnnotationStruct
Event: 3.387 loading class com/android/dx/dex/file/MethodAnnotationStruct done


Dynamic libraries:
0x00007ff605d70000 - 0x00007ff605da1000 	C:\Program Files\Android\Android Studio\jre\bin\java.exe
0x00007ffb16310000 - 0x00007ffb164eb000 	C:\WINDOWS\SYSTEM32\ntdll.dll
0x00007ffb161b0000 - 0x00007ffb1625e000 	C:\WINDOWS\System32\KERNEL32.DLL
0x00007ffb12320000 - 0x00007ffb12569000 	C:\WINDOWS\System32\KERNELBASE.dll
0x00007ffb160f0000 - 0x00007ffb16191000 	C:\WINDOWS\System32\ADVAPI32.dll
0x00007ffb15f10000 - 0x00007ffb15fad000 	C:\WINDOWS\System32\msvcrt.dll
0x00007ffb158b0000 - 0x00007ffb15909000 	C:\WINDOWS\System32\sechost.dll
0x00007ffb15cc0000 - 0x00007ffb15de5000 	C:\WINDOWS\System32\RPCRT4.dll
0x00007ffb13ad0000 - 0x00007ffb13c1a000 	C:\WINDOWS\System32\USER32.dll
0x00007ffb13050000 - 0x00007ffb1306e000 	C:\WINDOWS\System32\win32u.dll
0x00007ffb15fb0000 - 0x00007ffb15fd7000 	C:\WINDOWS\System32\GDI32.dll
0x00007ffb12710000 - 0x00007ffb12899000 	C:\WINDOWS\System32\gdi32full.dll
0x00007ffb12670000 - 0x00007ffb1270a000 	C:\WINDOWS\System32\msvcp_win.dll
0x00007ffb12570000 - 0x00007ffb12666000 	C:\WINDOWS\System32\ucrtbase.dll
0x00007ffb07c00000 - 0x00007ffb07e67000 	C:\WINDOWS\WinSxS\amd64_microsoft.windows.common-controls_6595b64144ccf1df_6.0.15063.0_none_108e4f62dfe5d999\COMCTL32.dll
0x00007ffb155b0000 - 0x00007ffb158a9000 	C:\WINDOWS\System32\combase.dll
0x00007ffb122b0000 - 0x00007ffb1231a000 	C:\WINDOWS\System32\bcryptPrimitives.dll
0x00007ffb13f70000 - 0x00007ffb13f9d000 	C:\WINDOWS\System32\IMM32.DLL
0x0000000052c70000 - 0x0000000052d42000 	C:\Program Files\Android\Android Studio\jre\jre\bin\msvcr100.dll
0x0000000052d50000 - 0x000000005358c000 	C:\Program Files\Android\Android Studio\jre\jre\bin\server\jvm.dll
0x00007ffb161a0000 - 0x00007ffb161a8000 	C:\WINDOWS\System32\PSAPI.DLL
0x00007ffb00600000 - 0x00007ffb00609000 	C:\WINDOWS\SYSTEM32\WSOCK32.dll
0x00007ffb13a60000 - 0x00007ffb13acc000 	C:\WINDOWS\System32\WS2_32.dll
0x00007ffb00610000 - 0x00007ffb0061a000 	C:\WINDOWS\SYSTEM32\VERSION.dll
0x00007ffb104a0000 - 0x00007ffb104c3000 	C:\WINDOWS\SYSTEM32\WINMM.dll
0x00007ffb10410000 - 0x00007ffb1043b000 	C:\WINDOWS\SYSTEM32\WINMMBASE.dll
0x00007ffb13070000 - 0x00007ffb130b9000 	C:\WINDOWS\System32\cfgmgr32.dll
0x00007ffaf3bb0000 - 0x00007ffaf3bbf000 	C:\Program Files\Android\Android Studio\jre\jre\bin\verify.dll
0x00007ffae6400000 - 0x00007ffae6429000 	C:\Program Files\Android\Android Studio\jre\jre\bin\java.dll
0x00007ffaeb470000 - 0x00007ffaeb486000 	C:\Program Files\Android\Android Studio\jre\jre\bin\zip.dll
0x00007ffb14170000 - 0x00007ffb155a7000 	C:\WINDOWS\System32\SHELL32.dll
0x00007ffb16260000 - 0x00007ffb1630a000 	C:\WINDOWS\System32\shcore.dll
0x00007ffb12950000 - 0x00007ffb13042000 	C:\WINDOWS\System32\windows.storage.dll
0x00007ffb13c20000 - 0x00007ffb13c71000 	C:\WINDOWS\System32\shlwapi.dll
0x00007ffb12060000 - 0x00007ffb12071000 	C:\WINDOWS\System32\kernel.appcore.dll
0x00007ffb11fd0000 - 0x00007ffb1201c000 	C:\WINDOWS\System32\powrprof.dll
0x00007ffb12020000 - 0x00007ffb12035000 	C:\WINDOWS\System32\profapi.dll

VM Arguments:
jvm_args: -Djava.awt.headless=true -Xmx1024M -Dfile.encoding=windows-1252 -Duser.country=GT -Duser.language=es -Duser.variant 
java_command: com.android.dx.command.Main --dex --num-threads=4 --output C:\Android Studio WorkSpace\TDPSYNC\app\build\intermediates\pre-dexed\debug\classes_5709f5453a8ea9a3ba825f66e939fdb2e8a07aed.jar C:\Users\Isaias\.android\build-cache\661d6de197756a36e8a24050641e4c5ca918b547\output\jars\classes.jar
java_class_path (initial): C:\Users\Isaias\AppData\Local\Android\sdk\build-tools\25.0.0\lib\dx.jar
Launcher Type: SUN_STANDARD

Environment Variables:
PATH=C:\ProgramData\Oracle\Java\javapath;C:\Program Files (x86)\Intel\iCLS Client\;C:\Program Files\Intel\iCLS Client\;C:\WINDOWS\system32;C:\WINDOWS;C:\WINDOWS\System32\Wbem;C:\WINDOWS\System32\WindowsPowerShell\v1.0\;C:\Program Files\Intel\Intel(R) Management Engine Components\DAL;C:\Program Files (x86)\Intel\Intel(R) Management Engine Components\DAL;C:\Program Files\Intel\Intel(R) Management Engine Components\IPT;C:\Program Files (x86)\Intel\Intel(R) Management Engine Components\IPT;C:\Program Files (x86)\Common Files\lenovo\easyplussdk\bin;C:\Program Files (x86)\Lenovo\Password Manager\;C:\Users\Isaias\AppData\Local\Microsoft\WindowsApps;
USERNAME=Isaias
OS=Windows_NT
PROCESSOR_IDENTIFIER=Intel64 Family 6 Model 69 Stepping 1, GenuineIntel



---------------  S Y S T E M  ---------------

OS: Windows 10.0 , 64 bit Build 15063 (10.0.15063.0)

CPU:total 4 (2 cores per cpu, 2 threads per core) family 6 model 69 stepping 1, cmov, cx8, fxsr, mmx, sse, sse2, sse3, ssse3, sse4.1, sse4.2, popcnt, avx, avx2, aes, clmul, erms, lzcnt, ht, tsc, tscinvbit, bmi1, bmi2

Memory: 4k page, physical 4117440k(1055784k free), swap 5548992k(3092k free)

vm_info: OpenJDK 64-Bit Server VM (25.112-b06) for windows-amd64 JRE (1.8.0_112-release-b06), built on Dec  8 2016 00:54:26 by "builder" with MS VC++ 10.0 (VS2010)

time: Fri Apr 28 19:58:03 2017
elapsed time: 3 seconds (0d 0h 0m 3s)

