#
# There is insufficient memory for the Java Runtime Environment to continue.
# Native memory allocation (malloc) failed to allocate 32784 bytes for Chunk::new
# Possible reasons:
#   The system is out of physical RAM or swap space
#   In 32 bit mode, the process size limit was hit
# Possible solutions:
#   Reduce memory load on the system
#   Increase physical memory or swap space
#   Check if swap backing store is full
#   Use 64 bit Java on a 64 bit OS
#   Decrease Java heap size (-Xmx/-Xms)
#   Decrease number of Java threads
#   Decrease Java thread stack sizes (-Xss)
#   Set larger code cache with -XX:ReservedCodeCacheSize=
# This output file may be truncated or incomplete.
#
#  Out of Memory Error (allocation.cpp:390), pid=12056, tid=0x0000000000002e9c
#
# JRE version: OpenJDK Runtime Environment (8.0_112-b06) (build 1.8.0_112-release-b06)
# Java VM: OpenJDK 64-Bit Server VM (25.112-b06 mixed mode windows-amd64 compressed oops)
# Failed to write core dump. Minidumps are not enabled by default on client versions of Windows
#

---------------  T H R E A D  ---------------

Current thread (0x00000000150cd800):  JavaThread "C2 CompilerThread1" daemon [_thread_in_native, id=11932, stack(0x0000000016830000,0x0000000016930000)]

Stack: [0x0000000016830000,0x0000000016930000]
[error occurred during error reporting (printing stack bounds), id 0xc0000005]

Native frames: (J=compiled Java code, j=interpreted, Vv=VM code, C=native code)


Current CompileTask:
C2:   5109 1405       4       com.android.dx.cf.code.RopperMachine::jopToRopOpcode (1103 bytes)


---------------  P R O C E S S  ---------------

Java Threads: ( => current thread )
  0x0000000016c90000 JavaThread "pool-1-thread-4" [_thread_in_Java, id=3652, stack(0x0000000017430000,0x0000000017530000)]
  0x0000000016c8e000 JavaThread "pool-1-thread-3" [_thread_in_Java, id=9936, stack(0x0000000017330000,0x0000000017430000)]
  0x0000000016c89000 JavaThread "pool-1-thread-2" [_thread_in_Java, id=11684, stack(0x0000000017230000,0x0000000017330000)]
  0x0000000016c80000 JavaThread "pool-2-thread-1" [_thread_blocked, id=10312, stack(0x0000000017130000,0x0000000017230000)]
  0x0000000016c7f800 JavaThread "pool-1-thread-1" [_thread_in_Java, id=11688, stack(0x0000000017030000,0x0000000017130000)]
  0x0000000016a3b000 JavaThread "Service Thread" daemon [_thread_blocked, id=11576, stack(0x0000000016e30000,0x0000000016f30000)]
  0x000000001512a800 JavaThread "C1 CompilerThread2" daemon [_thread_blocked, id=1032, stack(0x0000000016930000,0x0000000016a30000)]
=>0x00000000150cd800 JavaThread "C2 CompilerThread1" daemon [_thread_in_native, id=11932, stack(0x0000000016830000,0x0000000016930000)]
  0x00000000150ca800 JavaThread "C2 CompilerThread0" daemon [_thread_in_native, id=12080, stack(0x0000000016730000,0x0000000016830000)]
  0x00000000150c9000 JavaThread "Attach Listener" daemon [_thread_blocked, id=8344, stack(0x0000000016630000,0x0000000016730000)]
  0x00000000150c8000 JavaThread "Signal Dispatcher" daemon [_thread_blocked, id=8528, stack(0x0000000016530000,0x0000000016630000)]
  0x00000000029fb000 JavaThread "Finalizer" daemon [_thread_blocked, id=8160, stack(0x0000000016320000,0x0000000016420000)]
  0x00000000029f0800 JavaThread "Reference Handler" daemon [_thread_blocked, id=3932, stack(0x0000000016220000,0x0000000016320000)]
  0x0000000002900800 JavaThread "main" [_thread_blocked, id=12096, stack(0x00000000027f0000,0x00000000028f0000)]

Other Threads:
  0x0000000015094800 VMThread [stack: 0x0000000016120000,0x0000000016220000] [id=5548]
  0x0000000016a3c800 WatcherThread [stack: 0x0000000016f30000,0x0000000017030000] [id=12116]

VM state:not at safepoint (normal execution)

VM Mutex/Monitor currently owned by a thread: None

Heap:
 PSYoungGen      total 35328K, used 16055K [0x00000000eab00000, 0x00000000ed000000, 0x0000000100000000)
  eden space 32768K, 41% used [0x00000000eab00000,0x00000000eb8332a0,0x00000000ecb00000)
  from space 2560K, 99% used [0x00000000ecd80000,0x00000000ecffaab8,0x00000000ed000000)
  to   space 2560K, 0% used [0x00000000ecb00000,0x00000000ecb00000,0x00000000ecd80000)
 ParOldGen       total 44032K, used 3220K [0x00000000c0000000, 0x00000000c2b00000, 0x00000000eab00000)
  object space 44032K, 7% used [0x00000000c0000000,0x00000000c0325220,0x00000000c2b00000)
 Metaspace       used 5898K, capacity 7024K, committed 7296K, reserved 1056768K
  class space    used 562K, capacity 616K, committed 640K, reserved 1048576K

Card table byte_map: [0x0000000011dc0000,0x0000000011fd0000] byte_map_base: 0x00000000117c0000

Marking Bits: (ParMarkBitMap*) 0x00000000535118f0
 Begin Bits: [0x0000000012530000, 0x0000000013530000)
 End Bits:   [0x0000000013530000, 0x0000000014530000)

Polling page: 0x0000000000fa0000

CodeCache: size=245760Kb used=6067Kb max_used=6075Kb free=239692Kb
 bounds [0x0000000002a00000, 0x0000000003000000, 0x0000000011a00000]
 total_blobs=1661 nmethods=1399 adapters=176
 compilation: enabled

Compilation events (10 events):
Event: 5.100 Thread 0x000000001512a800 1412       3       java.util.Arrays::rangeCheck (74 bytes)
Event: 5.101 Thread 0x000000001512a800 nmethod 1412 0x0000000002fe09d0 code [0x0000000002fe0c20, 0x0000000002fe1988]
Event: 5.101 Thread 0x000000001512a800 1413       3       com.android.dx.dex.code.RopTranslator::access$000 (5 bytes)
Event: 5.102 Thread 0x000000001512a800 nmethod 1413 0x0000000002f97990 code [0x0000000002f97b00, 0x0000000002f97d68]
Event: 5.102 Thread 0x000000001512a800 1414       3       com.android.dx.dex.code.RopTranslator::getRegs (9 bytes)
Event: 5.102 Thread 0x000000001512a800 nmethod 1414 0x0000000002fe0590 code [0x0000000002fe0700, 0x0000000002fe0908]
Event: 5.103 Thread 0x000000001512a800 1416       3       java.util.RegularEnumSet::remove (74 bytes)
Event: 5.104 Thread 0x000000001512a800 nmethod 1416 0x0000000002fb8e50 code [0x0000000002fb8fe0, 0x0000000002fb9588]
Event: 5.105 Thread 0x000000001512a800 1417  s    3       com.android.dx.dex.file.FieldIdsSection::intern (55 bytes)
Event: 5.107 Thread 0x000000001512a800 nmethod 1417 0x0000000002fea8d0 code [0x0000000002feab00, 0x0000000002feb828]

GC Heap History (4 events):
Event: 2.263 GC heap before
{Heap before GC invocations=1 (full 0):
 PSYoungGen      total 18944K, used 16384K [0x00000000eab00000, 0x00000000ec000000, 0x0000000100000000)
  eden space 16384K, 100% used [0x00000000eab00000,0x00000000ebb00000,0x00000000ebb00000)
  from space 2560K, 0% used [0x00000000ebd80000,0x00000000ebd80000,0x00000000ec000000)
  to   space 2560K, 0% used [0x00000000ebb00000,0x00000000ebb00000,0x00000000ebd80000)
 ParOldGen       total 44032K, used 0K [0x00000000c0000000, 0x00000000c2b00000, 0x00000000eab00000)
  object space 44032K, 0% used [0x00000000c0000000,0x00000000c0000000,0x00000000c2b00000)
 Metaspace       used 5589K, capacity 6768K, committed 7040K, reserved 1056768K
  class space    used 558K, capacity 616K, committed 640K, reserved 1048576K
Event: 2.512 GC heap after
Heap after GC invocations=1 (full 0):
 PSYoungGen      total 18944K, used 2554K [0x00000000eab00000, 0x00000000ed000000, 0x0000000100000000)
  eden space 16384K, 0% used [0x00000000eab00000,0x00000000eab00000,0x00000000ebb00000)
  from space 2560K, 99% used [0x00000000ebb00000,0x00000000ebd7eab8,0x00000000ebd80000)
  to   space 2560K, 0% used [0x00000000ecd80000,0x00000000ecd80000,0x00000000ed000000)
 ParOldGen       total 44032K, used 1541K [0x00000000c0000000, 0x00000000c2b00000, 0x00000000eab00000)
  object space 44032K, 3% used [0x00000000c0000000,0x00000000c0181648,0x00000000c2b00000)
 Metaspace       used 5589K, capacity 6768K, committed 7040K, reserved 1056768K
  class space    used 558K, capacity 616K, committed 640K, reserved 1048576K
}
Event: 3.780 GC heap before
{Heap before GC invocations=2 (full 0):
 PSYoungGen      total 18944K, used 18938K [0x00000000eab00000, 0x00000000ed000000, 0x0000000100000000)
  eden space 16384K, 100% used [0x00000000eab00000,0x00000000ebb00000,0x00000000ebb00000)
  from space 2560K, 99% used [0x00000000ebb00000,0x00000000ebd7eab8,0x00000000ebd80000)
  to   space 2560K, 0% used [0x00000000ecd80000,0x00000000ecd80000,0x00000000ed000000)
 ParOldGen       total 44032K, used 1541K [0x00000000c0000000, 0x00000000c2b00000, 0x00000000eab00000)
  object space 44032K, 3% used [0x00000000c0000000,0x00000000c0181648,0x00000000c2b00000)
 Metaspace       used 5837K, capacity 6960K, committed 7040K, reserved 1056768K
  class space    used 561K, capacity 616K, committed 640K, reserved 1048576K
Event: 3.791 GC heap after
Heap after GC invocations=2 (full 0):
 PSYoungGen      total 35328K, used 2538K [0x00000000eab00000, 0x00000000ed000000, 0x0000000100000000)
  eden space 32768K, 0% used [0x00000000eab00000,0x00000000eab00000,0x00000000ecb00000)
  from space 2560K, 99% used [0x00000000ecd80000,0x00000000ecffaab8,0x00000000ed000000)
  to   space 2560K, 0% used [0x00000000ecb00000,0x00000000ecb00000,0x00000000ecd80000)
 ParOldGen       total 44032K, used 3220K [0x00000000c0000000, 0x00000000c2b00000, 0x00000000eab00000)
  object space 44032K, 7% used [0x00000000c0000000,0x00000000c0325220,0x00000000c2b00000)
 Metaspace       used 5837K, capacity 6960K, committed 7040K, reserved 1056768K
  class space    used 561K, capacity 616K, committed 640K, reserved 1048576K
}

Deoptimization events (10 events):
Event: 3.089 Thread 0x0000000016c90000 Uncommon trap: reason=class_check action=maybe_recompile pc=0x0000000002e05978 method=com.android.dx.rop.type.Type.equals(Ljava/lang/Object;)Z @ 8
Event: 3.796 Thread 0x0000000016c90000 Uncommon trap: reason=unstable_if action=reinterpret pc=0x0000000002d8739c method=com.android.dx.rop.cst.Constant.compareTo(Lcom/android/dx/rop/cst/Constant;)I @ 12
Event: 3.841 Thread 0x0000000016c7f800 Uncommon trap: reason=bimorphic action=maybe_recompile pc=0x0000000002e01e94 method=java.util.HashMap.getNode(ILjava/lang/Object;)Ljava/util/HashMap$Node; @ 126
Event: 3.844 Thread 0x0000000016c7f800 Uncommon trap: reason=unstable_if action=reinterpret pc=0x0000000002d8b0ac method=com.android.dx.rop.code.RegisterSpecSet.put(Lcom/android/dx/rop/code/RegisterSpec;)V @ 77
Event: 3.844 Thread 0x0000000016c7f800 Uncommon trap: reason=unstable_if action=reinterpret pc=0x0000000002e4536c method=com.android.dx.rop.code.RegisterSpecSet.put(Lcom/android/dx/rop/code/RegisterSpec;)V @ 77
Event: 3.845 Thread 0x0000000016c7f800 Uncommon trap: reason=bimorphic action=maybe_recompile pc=0x0000000002e01e94 method=java.util.HashMap.getNode(ILjava/lang/Object;)Ljava/util/HashMap$Node; @ 126
Event: 3.845 Thread 0x0000000016c7f800 Uncommon trap: reason=bimorphic action=maybe_recompile pc=0x0000000002e01e94 method=java.util.HashMap.getNode(ILjava/lang/Object;)Ljava/util/HashMap$Node; @ 126
Event: 3.845 Thread 0x0000000016c7f800 Uncommon trap: reason=bimorphic action=maybe_recompile pc=0x0000000002e01e94 method=java.util.HashMap.getNode(ILjava/lang/Object;)Ljava/util/HashMap$Node; @ 126
Event: 3.846 Thread 0x0000000016c7f800 Uncommon trap: reason=unstable_if action=reinterpret pc=0x0000000002f42cc0 method=com.android.dx.util.BitIntSet.has(I)Z @ 8
Event: 4.572 Thread 0x0000000016c8e000 Uncommon trap: reason=uninitialized action=reinterpret pc=0x0000000002fa3dcc method=com.android.dx.cf.code.BytecodeArray.parseInstruction(ILcom/android/dx/cf/code/BytecodeArray$Visitor;)I @ 1031

Internal exceptions (3 events):
Event: 0.062 Thread 0x0000000002900800 Exception <a 'java/lang/NoSuchMethodError': Method sun.misc.Unsafe.defineClass(Ljava/lang/String;[BII)Ljava/lang/Class; name or signature does not match> (0x00000000eab07c78) thrown at [C:\src\android\AOSP-openjdk\external\jetbrains\jdk\hotspot\src\share\v	≈π	Õ∞?
Event: 0.063 Thread 0x0000000002900800 Exception <a 'java/lang/NoSuchMethodError': Method sun.misc.Unsafe.prefetchRead(Ljava/lang/Object;J)V name or signature does not match> (0x00000000eab07f60) thrown at [C:\src\android\AOSP-openjdk\external\jetbrains\jdk\hotspot\src\share\vm\prims\jni.cpp, lêá#Ù9∞@
Event: 3.086 Thread 0x0000000016c90000 Implicit null exception at 0x0000000002d20029 to 0x0000000002d2235d

Events (10 events):
Event: 3.867 loading class com/android/dx/cf/attrib/BaseParameterAnnotations done
Event: 3.872 Thread 0x0000000016c89000 DEOPT PACKING pc=0x0000000002d31125 sp=0x000000001732e9d0
Event: 3.872 Thread 0x0000000016c89000 DEOPT UNPACKING pc=0x0000000002a475bf sp=0x000000001732e7c0 mode 0
Event: 3.943 Thread 0x0000000002900800 DEOPT PACKING pc=0x0000000002d31125 sp=0x00000000028ee370
Event: 3.943 Thread 0x0000000002900800 DEOPT UNPACKING pc=0x0000000002a475bf sp=0x00000000028ee150 mode 0
Event: 4.238 Executing VM operation: EnableBiasedLocking
Event: 4.531 Executing VM operation: EnableBiasedLocking done
Event: 4.572 Thread 0x0000000016c8e000 Uncommon trap: trap_request=0xffffffb5 fr.pc=0x0000000002fa3dcc
Event: 4.572 Thread 0x0000000016c8e000 DEOPT PACKING pc=0x0000000002fa3dcc sp=0x000000001742e8a0
Event: 4.572 Thread 0x0000000016c8e000 DEOPT UNPACKING pc=0x0000000002a4556a sp=0x000000001742e840 mode 2


Dynamic libraries:
0x00007ff605d70000 - 0x00007ff605da1000 	C:\Program Files\Android\Android Studio\jre\bin\java.exe
0x00007ffb16310000 - 0x00007ffb164eb000 	C:\WINDOWS\SYSTEM32\ntdll.dll
0x00007ffb161b0000 - 0x00007ffb1625e000 	C:\WINDOWS\System32\KERNEL32.DLL
0x00007ffb12320000 - 0x00007ffb12569000 	C:\WINDOWS\System32\KERNELBASE.dll
0x00007ffb160f0000 - 0x00007ffb16191000 	C:\WINDOWS\System32\ADVAPI32.dll
0x00007ffb15f10000 - 0x00007ffb15fad000 	C:\WINDOWS\System32\msvcrt.dll
0x00007ffb158b0000 - 0x00007ffb15909000 	C:\WINDOWS\System32\sechost.dll
0x00007ffb15cc0000 - 0x00007ffb15de5000 	C:\WINDOWS\System32\RPCRT4.dll
0x00007ffb13ad0000 - 0x00007ffb13c1a000 	C:\WINDOWS\System32\USER32.dll
0x00007ffb13050000 - 0x00007ffb1306e000 	C:\WINDOWS\System32\win32u.dll
0x00007ffb15fb0000 - 0x00007ffb15fd7000 	C:\WINDOWS\System32\GDI32.dll
0x00007ffb12710000 - 0x00007ffb12899000 	C:\WINDOWS\System32\gdi32full.dll
0x00007ffb12670000 - 0x00007ffb1270a000 	C:\WINDOWS\System32\msvcp_win.dll
0x00007ffb12570000 - 0x00007ffb12666000 	C:\WINDOWS\System32\ucrtbase.dll
0x00007ffb07c00000 - 0x00007ffb07e67000 	C:\WINDOWS\WinSxS\amd64_microsoft.windows.common-controls_6595b64144ccf1df_6.0.15063.0_none_108e4f62dfe5d999\COMCTL32.dll
0x00007ffb155b0000 - 0x00007ffb158a9000 	C:\WINDOWS\System32\combase.dll
0x00007ffb122b0000 - 0x00007ffb1231a000 	C:\WINDOWS\System32\bcryptPrimitives.dll
0x00007ffb13f70000 - 0x00007ffb13f9d000 	C:\WINDOWS\System32\IMM32.DLL
0x0000000052c70000 - 0x0000000052d42000 	C:\Program Files\Android\Android Studio\jre\jre\bin\msvcr100.dll
0x0000000052d50000 - 0x000000005358c000 	C:\Program Files\Android\Android Studio\jre\jre\bin\server\jvm.dll
0x00007ffb161a0000 - 0x00007ffb161a8000 	C:\WINDOWS\System32\PSAPI.DLL
0x00007ffb00600000 - 0x00007ffb00609000 	C:\WINDOWS\SYSTEM32\WSOCK32.dll
0x00007ffb13a60000 - 0x00007ffb13acc000 	C:\WINDOWS\System32\WS2_32.dll
0x00007ffb104a0000 - 0x00007ffb104c3000 	C:\WINDOWS\SYSTEM32\WINMM.dll
0x00007ffb00610000 - 0x00007ffb0061a000 	C:\WINDOWS\SYSTEM32\VERSION.dll
0x00007ffb10410000 - 0x00007ffb1043b000 	C:\WINDOWS\SYSTEM32\WINMMBASE.dll
0x00007ffb13070000 - 0x00007ffb130b9000 	C:\WINDOWS\System32\cfgmgr32.dll
0x00007ffaf3bb0000 - 0x00007ffaf3bbf000 	C:\Program Files\Android\Android Studio\jre\jre\bin\verify.dll
0x00007ffae6400000 - 0x00007ffae6429000 	C:\Program Files\Android\Android Studio\jre\jre\bin\java.dll
0x00007ffaeb470000 - 0x00007ffaeb486000 	C:\Program Files\Android\Android Studio\jre\jre\bin\zip.dll
0x00007ffb14170000 - 0x00007ffb155a7000 	C:\WINDOWS\System32\SHELL32.dll
0x00007ffb16260000 - 0x00007ffb1630a000 	C:\WINDOWS\System32\shcore.dll
0x00007ffb12950000 - 0x00007ffb13042000 	C:\WINDOWS\System32\windows.storage.dll
0x00007ffb13c20000 - 0x00007ffb13c71000 	C:\WINDOWS\System32\shlwapi.dll
0x00007ffb12060000 - 0x00007ffb12071000 	C:\WINDOWS\System32\kernel.appcore.dll
0x00007ffb11fd0000 - 0x00007ffb1201c000 	C:\WINDOWS\System32\powrprof.dll
0x00007ffb12020000 - 0x00007ffb12035000 	C:\WINDOWS\System32\profapi.dll

VM Arguments:
jvm_args: -Djava.awt.headless=true -Xmx1024M -Dfile.encoding=windows-1252 -Duser.country=GT -Duser.language=es -Duser.variant 
java_command: com.android.dx.command.Main --dex --num-threads=4 --output C:\Android Studio WorkSpace\TDPSYNC\app\build\intermediates\pre-dexed\debug\classes_b52610c1c8e8eeacd06c7e92ede889d3667a9ec3.jar C:\Users\Isaias\.android\build-cache\4b5e74c33245f6778b8cd3f504248201370b971b\output\jars\classes.jar
java_class_path (initial): C:\Users\Isaias\AppData\Local\Android\sdk\build-tools\25.0.0\lib\dx.jar
Launcher Type: SUN_STANDARD

Environment Variables:
PATH=C:\ProgramData\Oracle\Java\javapath;C:\Program Files (x86)\Intel\iCLS Client\;C:\Program Files\Intel\iCLS Client\;C:\WINDOWS\system32;C:\WINDOWS;C:\WINDOWS\System32\Wbem;C:\WINDOWS\System32\WindowsPowerShell\v1.0\;C:\Program Files\Intel\Intel(R) Management Engine Components\DAL;C:\Program Files (x86)\Intel\Intel(R) Management Engine Components\DAL;C:\Program Files\Intel\Intel(R) Management Engine Components\IPT;C:\Program Files (x86)\Intel\Intel(R) Management Engine Components\IPT;C:\Program Files (x86)\Common Files\lenovo\easyplussdk\bin;C:\Program Files (x86)\Lenovo\Password Manager\;C:\Users\Isaias\AppData\Local\Microsoft\WindowsApps;
USERNAME=Isaias
OS=Windows_NT
PROCESSOR_IDENTIFIER=Intel64 Family 6 Model 69 Stepping 1, GenuineIntel



---------------  S Y S T E M  ---------------

OS: Windows 10.0 , 64 bit Build 15063 (10.0.15063.0)

CPU:total 4 (2 cores per cpu, 2 threads per core) family 6 model 69 stepping 1, cmov, cx8, fxsr, mmx, sse, sse2, sse3, ssse3, sse4.1, sse4.2, popcnt, avx, avx2, aes, clmul, erms, lzcnt, ht, tsc, tscinvbit, bmi1, bmi2

Memory: 4k page, physical 4117440k(1011852k free), swap 5548992k(2084k free)

vm_info: OpenJDK 64-Bit Server VM (25.112-b06) for windows-amd64 JRE (1.8.0_112-release-b06), built on Dec  8 2016 00:54:26 by "builder" with MS VC++ 10.0 (VS2010)

time: Fri Apr 28 21:43:17 2017
elapsed time: 5 seconds (0d 0h 0m 5s)

