#
# There is insufficient memory for the Java Runtime Environment to continue.
# Native memory allocation (malloc) failed to allocate 78416 bytes for Chunk::new
# Possible reasons:
#   The system is out of physical RAM or swap space
#   In 32 bit mode, the process size limit was hit
# Possible solutions:
#   Reduce memory load on the system
#   Increase physical memory or swap space
#   Check if swap backing store is full
#   Use 64 bit Java on a 64 bit OS
#   Decrease Java heap size (-Xmx/-Xms)
#   Decrease number of Java threads
#   Decrease Java thread stack sizes (-Xss)
#   Set larger code cache with -XX:ReservedCodeCacheSize=
# This output file may be truncated or incomplete.
#
#  Out of Memory Error (allocation.cpp:390), pid=7344, tid=0x0000000000001b54
#
# JRE version: OpenJDK Runtime Environment (8.0_112-b06) (build 1.8.0_112-release-b06)
# Java VM: OpenJDK 64-Bit Server VM (25.112-b06 mixed mode windows-amd64 compressed oops)
# Failed to write core dump. Minidumps are not enabled by default on client versions of Windows
#

---------------  T H R E A D  ---------------

Current thread (0x0000000014ddb800):  JavaThread "C2 CompilerThread0" daemon [_thread_in_native, id=6996, stack(0x0000000016540000,0x0000000016640000)]

Stack: [0x0000000016540000,0x0000000016640000]
[error occurred during error reporting (printing stack bounds), id 0xc0000005]

Native frames: (J=compiled Java code, j=interpreted, Vv=VM code, C=native code)


Current CompileTask:
C2:   2270  929       4       com.android.dx.rop.code.RegisterSpecSet::mutableCopy (57 bytes)


---------------  P R O C E S S  ---------------

Java Threads: ( => current thread )
  0x0000000016b86800 JavaThread "pool-1-thread-4" [_thread_in_Java, id=10036, stack(0x0000000017240000,0x0000000017340000)]
  0x0000000016b85000 JavaThread "pool-1-thread-3" [_thread_in_vm, id=7436, stack(0x0000000017140000,0x0000000017240000)]
  0x0000000016b83800 JavaThread "pool-1-thread-2" [_thread_blocked, id=4068, stack(0x0000000017040000,0x0000000017140000)]
  0x0000000016b80000 JavaThread "pool-2-thread-1" [_thread_blocked, id=7336, stack(0x0000000016f40000,0x0000000017040000)]
  0x0000000016adc800 JavaThread "pool-1-thread-1" [_thread_blocked, id=9228, stack(0x0000000016e40000,0x0000000016f40000)]
  0x000000001684b000 JavaThread "Service Thread" daemon [_thread_blocked, id=9860, stack(0x0000000016c40000,0x0000000016d40000)]
  0x0000000014e37800 JavaThread "C1 CompilerThread2" daemon [_thread_in_native, id=8568, stack(0x0000000016740000,0x0000000016840000)]
  0x0000000014dde800 JavaThread "C2 CompilerThread1" daemon [_thread_blocked, id=7656, stack(0x0000000016640000,0x0000000016740000)]
=>0x0000000014ddb800 JavaThread "C2 CompilerThread0" daemon [_thread_in_native, id=6996, stack(0x0000000016540000,0x0000000016640000)]
  0x0000000014dda000 JavaThread "Attach Listener" daemon [_thread_blocked, id=6880, stack(0x0000000016440000,0x0000000016540000)]
  0x0000000014dd9000 JavaThread "Signal Dispatcher" daemon [_thread_blocked, id=7616, stack(0x0000000016340000,0x0000000016440000)]
  0x000000000270c800 JavaThread "Finalizer" daemon [_thread_blocked, id=4536, stack(0x0000000016030000,0x0000000016130000)]
  0x0000000002702000 JavaThread "Reference Handler" daemon [_thread_blocked, id=5444, stack(0x0000000015f30000,0x0000000016030000)]
  0x0000000002610800 JavaThread "main" [_thread_in_Java, id=9856, stack(0x0000000002510000,0x0000000002610000)]

Other Threads:
  0x0000000014da5800 VMThread [stack: 0x0000000015e30000,0x0000000015f30000] [id=3600]
  0x0000000016840800 WatcherThread [stack: 0x0000000016d40000,0x0000000016e40000] [id=4452]

VM state:not at safepoint (normal execution)

VM Mutex/Monitor currently owned by a thread:  ([mutex/lock_event])
[0x0000000000d3c1e0] CompiledIC_lock - owner thread: 0x0000000016b86800

Heap:
 PSYoungGen      total 18944K, used 12552K [0x00000000eab00000, 0x00000000ed000000, 0x0000000100000000)
  eden space 16384K, 61% used [0x00000000eab00000,0x00000000eb4c3eb0,0x00000000ebb00000)
  from space 2560K, 99% used [0x00000000ebb00000,0x00000000ebd7e2f8,0x00000000ebd80000)
  to   space 2560K, 0% used [0x00000000ecd80000,0x00000000ecd80000,0x00000000ed000000)
 ParOldGen       total 44032K, used 463K [0x00000000c0000000, 0x00000000c2b00000, 0x00000000eab00000)
  object space 44032K, 1% used [0x00000000c0000000,0x00000000c0073c80,0x00000000c2b00000)
 Metaspace       used 5713K, capacity 6832K, committed 7040K, reserved 1056768K
  class space    used 566K, capacity 616K, committed 640K, reserved 1048576K

Card table byte_map: [0x0000000011ad0000,0x0000000011ce0000] byte_map_base: 0x00000000114d0000

Marking Bits: (ParMarkBitMap*) 0x00000000535118f0
 Begin Bits: [0x0000000012240000, 0x0000000013240000)
 End Bits:   [0x0000000013240000, 0x0000000014240000)

Polling page: 0x0000000000c90000

CodeCache: size=245760Kb used=3659Kb max_used=3659Kb free=242100Kb
 bounds [0x0000000002710000, 0x0000000002ab0000, 0x0000000011710000]
 total_blobs=1178 nmethods=914 adapters=176
 compilation: enabled

Compilation events (10 events):
Event: 2.264 Thread 0x0000000014e37800  922       3       com.android.dx.ssa.PhiInsn::accept (8 bytes)
Event: 2.264 Thread 0x0000000014e37800 nmethod 922 0x0000000002a96450 code [0x0000000002a965c0, 0x0000000002a967e8]
Event: 2.264 Thread 0x0000000014e37800  918       3       com.android.dx.cf.code.Merger::isPossiblyAssignableFrom (202 bytes)
Event: 2.264 Thread 0x0000000014ddb800  929       4       com.android.dx.rop.code.RegisterSpecSet::mutableCopy (57 bytes)
Event: 2.265 Thread 0x0000000014dde800 nmethod 921 0x0000000002a38910 code [0x0000000002a38a40, 0x0000000002a38af8]
Event: 2.265 Thread 0x0000000014dde800  928       4       java.util.ArrayList::<init> (67 bytes)
Event: 2.267 Thread 0x0000000014e37800 nmethod 918 0x0000000002a9f510 code [0x0000000002a9f860, 0x0000000002aa17e8]
Event: 2.267 Thread 0x0000000014e37800  930       1       com.android.dx.cf.code.BasicBlocker::setPreviousOffset (6 bytes)
Event: 2.267 Thread 0x0000000014e37800 nmethod 930 0x0000000002a93410 code [0x0000000002a93560, 0x0000000002a93670]
Event: 2.267 Thread 0x0000000014e37800  933       3       com.android.dx.cf.code.ExecutionStack::peek (42 bytes)

GC Heap History (2 events):
Event: 1.320 GC heap before
{Heap before GC invocations=1 (full 0):
 PSYoungGen      total 18944K, used 16384K [0x00000000eab00000, 0x00000000ec000000, 0x0000000100000000)
  eden space 16384K, 100% used [0x00000000eab00000,0x00000000ebb00000,0x00000000ebb00000)
  from space 2560K, 0% used [0x00000000ebd80000,0x00000000ebd80000,0x00000000ec000000)
  to   space 2560K, 0% used [0x00000000ebb00000,0x00000000ebb00000,0x00000000ebd80000)
 ParOldGen       total 44032K, used 0K [0x00000000c0000000, 0x00000000c2b00000, 0x00000000eab00000)
  object space 44032K, 0% used [0x00000000c0000000,0x00000000c0000000,0x00000000c2b00000)
 Metaspace       used 5232K, capacity 6384K, committed 6528K, reserved 1056768K
  class space    used 556K, capacity 616K, committed 640K, reserved 1048576K
Event: 1.493 GC heap after
Heap after GC invocations=1 (full 0):
 PSYoungGen      total 18944K, used 2552K [0x00000000eab00000, 0x00000000ed000000, 0x0000000100000000)
  eden space 16384K, 0% used [0x00000000eab00000,0x00000000eab00000,0x00000000ebb00000)
  from space 2560K, 99% used [0x00000000ebb00000,0x00000000ebd7e2f8,0x00000000ebd80000)
  to   space 2560K, 0% used [0x00000000ecd80000,0x00000000ecd80000,0x00000000ed000000)
 ParOldGen       total 44032K, used 463K [0x00000000c0000000, 0x00000000c2b00000, 0x00000000eab00000)
  object space 44032K, 1% used [0x00000000c0000000,0x00000000c0073c80,0x00000000c2b00000)
 Metaspace       used 5232K, capacity 6384K, committed 6528K, reserved 1056768K
  class space    used 556K, capacity 616K, committed 640K, reserved 1048576K
}

Deoptimization events (5 events):
Event: 0.840 Thread 0x0000000002610800 Uncommon trap: reason=unstable_if action=reinterpret pc=0x0000000002872c14 method=java.lang.String.compareTo(Ljava/lang/String;)I @ 38
Event: 2.201 Thread 0x0000000016b83800 Uncommon trap: reason=class_check action=maybe_recompile pc=0x0000000002a2820c method=com.android.dx.rop.type.Type.equals(Ljava/lang/Object;)Z @ 8
Event: 2.201 Thread 0x0000000016b83800 Uncommon trap: reason=unstable_if action=reinterpret pc=0x000000000298b9d0 method=java.util.HashMap.getNode(ILjava/lang/Object;)Ljava/util/HashMap$Node; @ 62
Event: 2.201 Thread 0x0000000016b83800 Uncommon trap: reason=unstable_if action=reinterpret pc=0x0000000002a281f0 method=com.android.dx.rop.code.RegisterSpec.equals(ILcom/android/dx/rop/type/TypeBearer;Lcom/android/dx/rop/code/LocalItem;)Z @ 16
Event: 2.201 Thread 0x0000000016b83800 Uncommon trap: reason=unstable_if action=reinterpret pc=0x000000000292846c method=java.util.HashMap.getNode(ILjava/lang/Object;)Ljava/util/HashMap$Node; @ 129

Internal exceptions (2 events):
Event: 0.045 Thread 0x0000000002610800 Exception <a 'java/lang/NoSuchMethodError': Method sun.misc.Unsafe.defineClass(Ljava/lang/String;[BII)Ljava/lang/Class; name or signature does not match> (0x00000000eab07c78) thrown at [C:\src\android\AOSP-openjdk\external\jetbrains\jdk\hotspot\src\share\v—ìd³è%§?
Event: 0.045 Thread 0x0000000002610800 Exception <a 'java/lang/NoSuchMethodError': Method sun.misc.Unsafe.prefetchRead(Ljava/lang/Object;J)V name or signature does not match> (0x00000000eab07f60) thrown at [C:\src\android\AOSP-openjdk\external\jetbrains\jdk\hotspot\src\share\vm\prims\jni.cpp, l

Events (10 events):
Event: 2.201 Thread 0x0000000016b83800 DEOPT PACKING pc=0x000000000292846c sp=0x000000001713ded0
Event: 2.201 Thread 0x0000000016b83800 DEOPT UNPACKING pc=0x000000000275556a sp=0x000000001713de60 mode 2
Event: 2.202 loading class java/util/HashMap$Values
Event: 2.202 loading class java/util/HashMap$Values done
Event: 2.202 loading class java/util/HashMap$ValueIterator
Event: 2.202 loading class java/util/HashMap$ValueIterator done
Event: 2.227 Executing VM operation: ForceSafepoint
Event: 2.236 Executing VM operation: ForceSafepoint done
Event: 2.260 loading class com/android/dx/rop/code/RegOps
Event: 2.260 loading class com/android/dx/rop/code/RegOps done


Dynamic libraries:
0x00007ff605d70000 - 0x00007ff605da1000 	C:\Program Files\Android\Android Studio\jre\bin\java.exe
0x00007ffb16310000 - 0x00007ffb164eb000 	C:\WINDOWS\SYSTEM32\ntdll.dll
0x00007ffb161b0000 - 0x00007ffb1625e000 	C:\WINDOWS\System32\KERNEL32.DLL
0x00007ffb12320000 - 0x00007ffb12569000 	C:\WINDOWS\System32\KERNELBASE.dll
0x00007ffb160f0000 - 0x00007ffb16191000 	C:\WINDOWS\System32\ADVAPI32.dll
0x00007ffb15f10000 - 0x00007ffb15fad000 	C:\WINDOWS\System32\msvcrt.dll
0x00007ffb158b0000 - 0x00007ffb15909000 	C:\WINDOWS\System32\sechost.dll
0x00007ffb15cc0000 - 0x00007ffb15de5000 	C:\WINDOWS\System32\RPCRT4.dll
0x00007ffb13ad0000 - 0x00007ffb13c1a000 	C:\WINDOWS\System32\USER32.dll
0x00007ffb13050000 - 0x00007ffb1306e000 	C:\WINDOWS\System32\win32u.dll
0x00007ffb15fb0000 - 0x00007ffb15fd7000 	C:\WINDOWS\System32\GDI32.dll
0x00007ffb12710000 - 0x00007ffb12899000 	C:\WINDOWS\System32\gdi32full.dll
0x00007ffb12670000 - 0x00007ffb1270a000 	C:\WINDOWS\System32\msvcp_win.dll
0x00007ffb12570000 - 0x00007ffb12666000 	C:\WINDOWS\System32\ucrtbase.dll
0x00007ffb07c00000 - 0x00007ffb07e67000 	C:\WINDOWS\WinSxS\amd64_microsoft.windows.common-controls_6595b64144ccf1df_6.0.15063.0_none_108e4f62dfe5d999\COMCTL32.dll
0x00007ffb155b0000 - 0x00007ffb158a9000 	C:\WINDOWS\System32\combase.dll
0x00007ffb122b0000 - 0x00007ffb1231a000 	C:\WINDOWS\System32\bcryptPrimitives.dll
0x00007ffb13f70000 - 0x00007ffb13f9d000 	C:\WINDOWS\System32\IMM32.DLL
0x0000000052c70000 - 0x0000000052d42000 	C:\Program Files\Android\Android Studio\jre\jre\bin\msvcr100.dll
0x0000000052d50000 - 0x000000005358c000 	C:\Program Files\Android\Android Studio\jre\jre\bin\server\jvm.dll
0x00007ffb161a0000 - 0x00007ffb161a8000 	C:\WINDOWS\System32\PSAPI.DLL
0x00007ffb00600000 - 0x00007ffb00609000 	C:\WINDOWS\SYSTEM32\WSOCK32.dll
0x00007ffb13a60000 - 0x00007ffb13acc000 	C:\WINDOWS\System32\WS2_32.dll
0x00007ffb104a0000 - 0x00007ffb104c3000 	C:\WINDOWS\SYSTEM32\WINMM.dll
0x00007ffb00610000 - 0x00007ffb0061a000 	C:\WINDOWS\SYSTEM32\VERSION.dll
0x00007ffb10410000 - 0x00007ffb1043b000 	C:\WINDOWS\SYSTEM32\WINMMBASE.dll
0x00007ffb13070000 - 0x00007ffb130b9000 	C:\WINDOWS\System32\cfgmgr32.dll
0x00007ffaf3bb0000 - 0x00007ffaf3bbf000 	C:\Program Files\Android\Android Studio\jre\jre\bin\verify.dll
0x00007ffae6400000 - 0x00007ffae6429000 	C:\Program Files\Android\Android Studio\jre\jre\bin\java.dll
0x00007ffaeb470000 - 0x00007ffaeb486000 	C:\Program Files\Android\Android Studio\jre\jre\bin\zip.dll
0x00007ffb14170000 - 0x00007ffb155a7000 	C:\WINDOWS\System32\SHELL32.dll
0x00007ffb16260000 - 0x00007ffb1630a000 	C:\WINDOWS\System32\shcore.dll
0x00007ffb12950000 - 0x00007ffb13042000 	C:\WINDOWS\System32\windows.storage.dll
0x00007ffb13c20000 - 0x00007ffb13c71000 	C:\WINDOWS\System32\shlwapi.dll
0x00007ffb12060000 - 0x00007ffb12071000 	C:\WINDOWS\System32\kernel.appcore.dll
0x00007ffb11fd0000 - 0x00007ffb1201c000 	C:\WINDOWS\System32\powrprof.dll
0x00007ffb12020000 - 0x00007ffb12035000 	C:\WINDOWS\System32\profapi.dll

VM Arguments:
jvm_args: -Djava.awt.headless=true -Xmx1024M -Dfile.encoding=windows-1252 -Duser.country=GT -Duser.language=es -Duser.variant 
java_command: com.android.dx.command.Main --dex --num-threads=4 --output C:\Android Studio WorkSpace\TDPSYNC\app\build\intermediates\pre-dexed\debug\classes_6855700adf35bad1ffb701163afa1dcf7cd0e057.jar C:\Users\Isaias\.android\build-cache\4dd8bf4a2066541b141cc9aec33a4a404695e7ae\output\jars\classes.jar
java_class_path (initial): C:\Users\Isaias\AppData\Local\Android\sdk\build-tools\25.0.0\lib\dx.jar
Launcher Type: SUN_STANDARD

Environment Variables:
PATH=C:\ProgramData\Oracle\Java\javapath;C:\Program Files (x86)\Intel\iCLS Client\;C:\Program Files\Intel\iCLS Client\;C:\WINDOWS\system32;C:\WINDOWS;C:\WINDOWS\System32\Wbem;C:\WINDOWS\System32\WindowsPowerShell\v1.0\;C:\Program Files\Intel\Intel(R) Management Engine Components\DAL;C:\Program Files (x86)\Intel\Intel(R) Management Engine Components\DAL;C:\Program Files\Intel\Intel(R) Management Engine Components\IPT;C:\Program Files (x86)\Intel\Intel(R) Management Engine Components\IPT;C:\Program Files (x86)\Common Files\lenovo\easyplussdk\bin;C:\Program Files (x86)\Lenovo\Password Manager\;C:\Users\Isaias\AppData\Local\Microsoft\WindowsApps;
USERNAME=Isaias
OS=Windows_NT
PROCESSOR_IDENTIFIER=Intel64 Family 6 Model 69 Stepping 1, GenuineIntel



---------------  S Y S T E M  ---------------

OS: Windows 10.0 , 64 bit Build 15063 (10.0.15063.0)

CPU:total 4 (2 cores per cpu, 2 threads per core) family 6 model 69 stepping 1, cmov, cx8, fxsr, mmx, sse, sse2, sse3, ssse3, sse4.1, sse4.2, popcnt, avx, avx2, aes, clmul, erms, lzcnt, ht, tsc, tscinvbit, bmi1, bmi2

Memory: 4k page, physical 4117440k(1073264k free), swap 5548992k(4036k free)

vm_info: OpenJDK 64-Bit Server VM (25.112-b06) for windows-amd64 JRE (1.8.0_112-release-b06), built on Dec  8 2016 00:54:26 by "builder" with MS VC++ 10.0 (VS2010)

time: Fri Apr 28 19:58:39 2017
elapsed time: 2 seconds (0d 0h 0m 2s)

