#
# There is insufficient memory for the Java Runtime Environment to continue.
# Native memory allocation (malloc) failed to allocate 593456 bytes for Chunk::new
# Possible reasons:
#   The system is out of physical RAM or swap space
#   In 32 bit mode, the process size limit was hit
# Possible solutions:
#   Reduce memory load on the system
#   Increase physical memory or swap space
#   Check if swap backing store is full
#   Use 64 bit Java on a 64 bit OS
#   Decrease Java heap size (-Xmx/-Xms)
#   Decrease number of Java threads
#   Decrease Java thread stack sizes (-Xss)
#   Set larger code cache with -XX:ReservedCodeCacheSize=
# This output file may be truncated or incomplete.
#
#  Out of Memory Error (allocation.cpp:390), pid=6824, tid=0x00000000000022d4
#
# JRE version: OpenJDK Runtime Environment (8.0_112-b06) (build 1.8.0_112-release-b06)
# Java VM: OpenJDK 64-Bit Server VM (25.112-b06 mixed mode windows-amd64 compressed oops)
# Failed to write core dump. Minidumps are not enabled by default on client versions of Windows
#

---------------  T H R E A D  ---------------

Current thread (0x0000000014bfe800):  JavaThread "C2 CompilerThread1" daemon [_thread_in_native, id=8916, stack(0x0000000016360000,0x0000000016460000)]

Stack: [0x0000000016360000,0x0000000016460000]
[error occurred during error reporting (printing stack bounds), id 0xc0000005]

Native frames: (J=compiled Java code, j=interpreted, Vv=VM code, C=native code)


Current CompileTask:
C2:   2263 1243   !   4       com.android.dx.cf.code.BytecodeArray::parseInstruction (2764 bytes)


---------------  P R O C E S S  ---------------

Java Threads: ( => current thread )
  0x00000000167de800 JavaThread "pool-1-thread-4" [_thread_blocked, id=10472, stack(0x0000000016f60000,0x0000000017060000)]
  0x00000000167dd800 JavaThread "pool-1-thread-3" [_thread_blocked, id=4016, stack(0x0000000016e60000,0x0000000016f60000)]
  0x0000000016802000 JavaThread "pool-1-thread-2" [_thread_blocked, id=6792, stack(0x0000000016d60000,0x0000000016e60000)]
  0x0000000016847800 JavaThread "pool-2-thread-1" [_thread_blocked, id=9248, stack(0x0000000016c60000,0x0000000016d60000)]
  0x000000001679c000 JavaThread "pool-1-thread-1" [_thread_in_Java, id=8264, stack(0x0000000016b60000,0x0000000016c60000)]
  0x0000000016561800 JavaThread "Service Thread" daemon [_thread_blocked, id=5400, stack(0x0000000016960000,0x0000000016a60000)]
  0x0000000014c02800 JavaThread "C1 CompilerThread2" daemon [_thread_blocked, id=5572, stack(0x0000000016460000,0x0000000016560000)]
=>0x0000000014bfe800 JavaThread "C2 CompilerThread1" daemon [_thread_in_native, id=8916, stack(0x0000000016360000,0x0000000016460000)]
  0x0000000014bfb800 JavaThread "C2 CompilerThread0" daemon [_thread_in_native, id=2576, stack(0x0000000016260000,0x0000000016360000)]
  0x0000000014bfa000 JavaThread "Attach Listener" daemon [_thread_blocked, id=8412, stack(0x0000000016160000,0x0000000016260000)]
  0x0000000014bf9000 JavaThread "Signal Dispatcher" daemon [_thread_blocked, id=8644, stack(0x0000000016060000,0x0000000016160000)]
  0x0000000002526800 JavaThread "Finalizer" daemon [_thread_blocked, id=7520, stack(0x0000000015e50000,0x0000000015f50000)]
  0x0000000002521800 JavaThread "Reference Handler" daemon [_thread_blocked, id=8652, stack(0x0000000015d50000,0x0000000015e50000)]
  0x0000000002430800 JavaThread "main" [_thread_in_Java, id=192, stack(0x0000000002330000,0x0000000002430000)]

Other Threads:
  0x0000000014bc4800 VMThread [stack: 0x0000000015c50000,0x0000000015d50000] [id=9384]
  0x0000000016563000 WatcherThread [stack: 0x0000000016a60000,0x0000000016b60000] [id=7880]

VM state:not at safepoint (normal execution)

VM Mutex/Monitor currently owned by a thread: None

Heap:
 PSYoungGen      total 18944K, used 15525K [0x00000000eab00000, 0x00000000ed000000, 0x0000000100000000)
  eden space 16384K, 79% used [0x00000000eab00000,0x00000000eb7aed00,0x00000000ebb00000)
  from space 2560K, 99% used [0x00000000ebd80000,0x00000000ebffa758,0x00000000ec000000)
  to   space 2560K, 0% used [0x00000000ebb00000,0x00000000ebb00000,0x00000000ebd80000)
 ParOldGen       total 44032K, used 3435K [0x00000000c0000000, 0x00000000c2b00000, 0x00000000eab00000)
  object space 44032K, 7% used [0x00000000c0000000,0x00000000c035acb0,0x00000000c2b00000)
 Metaspace       used 5881K, capacity 7024K, committed 7296K, reserved 1056768K
  class space    used 563K, capacity 616K, committed 640K, reserved 1048576K

Card table byte_map: [0x00000000118f0000,0x0000000011b00000] byte_map_base: 0x00000000112f0000

Marking Bits: (ParMarkBitMap*) 0x00000000535118f0
 Begin Bits: [0x0000000012060000, 0x0000000013060000)
 End Bits:   [0x0000000013060000, 0x0000000014060000)

Polling page: 0x0000000000a80000

CodeCache: size=245760Kb used=5255Kb max_used=5255Kb free=240504Kb
 bounds [0x0000000002530000, 0x0000000002a60000, 0x0000000011530000]
 total_blobs=1560 nmethods=1298 adapters=176
 compilation: enabled

Compilation events (10 events):
Event: 2.254 Thread 0x0000000014c02800 nmethod 1298 0x0000000002a4e990 code [0x0000000002a4eae0, 0x0000000002a4ec50]
Event: 2.254 Thread 0x0000000014c02800 1301       3       com.android.dx.cf.iface.StdMember::<init> (69 bytes)
Event: 2.254 Thread 0x0000000014c02800 nmethod 1301 0x0000000002a4ecd0 code [0x0000000002a4ee80, 0x0000000002a4f348]
Event: 2.254 Thread 0x0000000014c02800 1304   !   3       com.android.dx.cf.code.Ropper::doit (126 bytes)
Event: 2.257 Thread 0x0000000014c02800 nmethod 1304 0x0000000002a4f550 code [0x0000000002a4f840, 0x0000000002a50c98]
Event: 2.257 Thread 0x0000000014c02800 1302       3       com.android.dx.dex.file.EncodedMember::<init> (10 bytes)
Event: 2.257 Thread 0x0000000014c02800 nmethod 1302 0x0000000002a518d0 code [0x0000000002a51a20, 0x0000000002a51bd0]
Event: 2.258 Thread 0x0000000014c02800 1306       3       com.android.dx.cf.direct.StdAttributeFactory::localVariableTable (98 bytes)
Event: 2.260 Thread 0x0000000014c02800 nmethod 1306 0x0000000002a51c90 code [0x0000000002a51f40, 0x0000000002a53098]
Event: 2.260 Thread 0x0000000014c02800 1309       3       com.android.dx.cf.code.OneLocalsArray::<init> (22 bytes)

GC Heap History (4 events):
Event: 1.184 GC heap before
{Heap before GC invocations=1 (full 0):
 PSYoungGen      total 18944K, used 16384K [0x00000000eab00000, 0x00000000ec000000, 0x0000000100000000)
  eden space 16384K, 100% used [0x00000000eab00000,0x00000000ebb00000,0x00000000ebb00000)
  from space 2560K, 0% used [0x00000000ebd80000,0x00000000ebd80000,0x00000000ec000000)
  to   space 2560K, 0% used [0x00000000ebb00000,0x00000000ebb00000,0x00000000ebd80000)
 ParOldGen       total 44032K, used 0K [0x00000000c0000000, 0x00000000c2b00000, 0x00000000eab00000)
  object space 44032K, 0% used [0x00000000c0000000,0x00000000c0000000,0x00000000c2b00000)
 Metaspace       used 5493K, capacity 6640K, committed 6784K, reserved 1056768K
  class space    used 555K, capacity 616K, committed 640K, reserved 1048576K
Event: 1.194 GC heap after
Heap after GC invocations=1 (full 0):
 PSYoungGen      total 18944K, used 2537K [0x00000000eab00000, 0x00000000ec000000, 0x0000000100000000)
  eden space 16384K, 0% used [0x00000000eab00000,0x00000000eab00000,0x00000000ebb00000)
  from space 2560K, 99% used [0x00000000ebb00000,0x00000000ebd7a470,0x00000000ebd80000)
  to   space 2560K, 0% used [0x00000000ebd80000,0x00000000ebd80000,0x00000000ec000000)
 ParOldGen       total 44032K, used 1308K [0x00000000c0000000, 0x00000000c2b00000, 0x00000000eab00000)
  object space 44032K, 2% used [0x00000000c0000000,0x00000000c0147358,0x00000000c2b00000)
 Metaspace       used 5493K, capacity 6640K, committed 6784K, reserved 1056768K
  class space    used 555K, capacity 616K, committed 640K, reserved 1048576K
}
Event: 1.833 GC heap before
{Heap before GC invocations=2 (full 0):
 PSYoungGen      total 18944K, used 18921K [0x00000000eab00000, 0x00000000ec000000, 0x0000000100000000)
  eden space 16384K, 100% used [0x00000000eab00000,0x00000000ebb00000,0x00000000ebb00000)
  from space 2560K, 99% used [0x00000000ebb00000,0x00000000ebd7a470,0x00000000ebd80000)
  to   space 2560K, 0% used [0x00000000ebd80000,0x00000000ebd80000,0x00000000ec000000)
 ParOldGen       total 44032K, used 1308K [0x00000000c0000000, 0x00000000c2b00000, 0x00000000eab00000)
  object space 44032K, 2% used [0x00000000c0000000,0x00000000c0147358,0x00000000c2b00000)
 Metaspace       used 5816K, capacity 6960K, committed 7040K, reserved 1056768K
  class space    used 563K, capacity 616K, committed 640K, reserved 1048576K
Event: 1.844 GC heap after
Heap after GC invocations=2 (full 0):
 PSYoungGen      total 18944K, used 2537K [0x00000000eab00000, 0x00000000ed000000, 0x0000000100000000)
  eden space 16384K, 0% used [0x00000000eab00000,0x00000000eab00000,0x00000000ebb00000)
  from space 2560K, 99% used [0x00000000ebd80000,0x00000000ebffa758,0x00000000ec000000)
  to   space 2560K, 0% used [0x00000000ebb00000,0x00000000ebb00000,0x00000000ebd80000)
 ParOldGen       total 44032K, used 3435K [0x00000000c0000000, 0x00000000c2b00000, 0x00000000eab00000)
  object space 44032K, 7% used [0x00000000c0000000,0x00000000c035acb0,0x00000000c2b00000)
 Metaspace       used 5816K, capacity 6960K, committed 7040K, reserved 1056768K
  class space    used 563K, capacity 616K, committed 640K, reserved 1048576K
}

Deoptimization events (10 events):
Event: 1.224 Thread 0x00000000167de800 Uncommon trap: reason=unstable_if action=reinterpret pc=0x0000000002770834 method=java.util.BitSet.ensureCapacity(I)V @ 6
Event: 1.247 Thread 0x00000000167dd800 Uncommon trap: reason=unstable_if action=reinterpret pc=0x0000000002806fc0 method=java.util.HashMap.getNode(ILjava/lang/Object;)Ljava/util/HashMap$Node; @ 129
Event: 1.255 Thread 0x00000000167dd800 Uncommon trap: reason=class_check action=maybe_recompile pc=0x0000000002769cf0 method=com.android.dx.ssa.NormalSsaInsn.accept(Lcom/android/dx/ssa/SsaInsn$Visitor;)V @ 9
Event: 1.549 Thread 0x00000000167de800 Uncommon trap: reason=unstable_if action=reinterpret pc=0x00000000027982c4 method=java.util.HashMap.getNode(ILjava/lang/Object;)Ljava/util/HashMap$Node; @ 129
Event: 1.549 Thread 0x00000000167de800 Uncommon trap: reason=unstable_if action=reinterpret pc=0x000000000283d1d4 method=java.util.HashMap.putVal(ILjava/lang/Object;Ljava/lang/Object;ZZ)Ljava/lang/Object; @ 193
Event: 1.560 Thread 0x00000000167dd800 Uncommon trap: reason=class_check action=maybe_recompile pc=0x0000000002857618 method=com.android.dx.ssa.NormalSsaInsn.accept(Lcom/android/dx/ssa/SsaInsn$Visitor;)V @ 9
Event: 1.561 Thread 0x00000000167dd800 Uncommon trap: reason=class_check action=maybe_recompile pc=0x0000000002769cf0 method=com.android.dx.ssa.NormalSsaInsn.accept(Lcom/android/dx/ssa/SsaInsn$Visitor;)V @ 9
Event: 1.587 Thread 0x0000000002430800 Uncommon trap: reason=unstable_if action=reinterpret pc=0x00000000028aa448 method=com.android.dx.rop.code.RegisterSpec.equals(ILcom/android/dx/rop/type/TypeBearer;Lcom/android/dx/rop/code/LocalItem;)Z @ 16
Event: 1.587 Thread 0x0000000002430800 Uncommon trap: reason=unstable_if action=reinterpret pc=0x0000000002845670 method=com.android.dx.rop.code.RegisterSpec.equals(ILcom/android/dx/rop/type/TypeBearer;Lcom/android/dx/rop/code/LocalItem;)Z @ 16
Event: 1.972 Thread 0x000000001679c000 Uncommon trap: reason=null_check action=make_not_entrant pc=0x00000000029c7ed8 method=com.android.dx.ssa.SsaRenamer.getLocalForNewReg(I)Lcom/android/dx/rop/code/LocalItem; @ 19

Internal exceptions (3 events):
Event: 0.107 Thread 0x0000000002430800 Exception <a 'java/lang/NoSuchMethodError': Method sun.misc.Unsafe.defineClass(Ljava/lang/String;[BII)Ljava/lang/Class; name or signature does not match> (0x00000000eab07c78) thrown at [C:\src\android\AOSP-openjdk\external\jetbrains\jdk\hotspot\src\share\vGIýi·€»?
Event: 0.107 Thread 0x0000000002430800 Exception <a 'java/lang/NoSuchMethodError': Method sun.misc.Unsafe.prefetchRead(Ljava/lang/Object;J)V name or signature does not match> (0x00000000eab07f60) thrown at [C:\src\android\AOSP-openjdk\external\jetbrains\jdk\hotspot\src\share\vm\prims\jni.cpp, l.‰»ùŒÿ?
Event: 1.972 Thread 0x000000001679c000 Implicit null exception at 0x00000000029c536a to 0x00000000029c7e9d

Events (10 events):
Event: 1.587 Thread 0x0000000002430800 Uncommon trap: trap_request=0xffffff65 fr.pc=0x0000000002845670
Event: 1.587 Thread 0x0000000002430800 DEOPT PACKING pc=0x0000000002845670 sp=0x000000000242d800
Event: 1.587 Thread 0x0000000002430800 DEOPT UNPACKING pc=0x000000000257556a sp=0x000000000242d798 mode 2
Event: 1.601 loading class com/android/dx/rop/code/RegOps
Event: 1.601 loading class com/android/dx/rop/code/RegOps done
Event: 1.832 Executing VM operation: ParallelGCFailedAllocation
Event: 1.844 Executing VM operation: ParallelGCFailedAllocation done
Event: 1.972 Thread 0x000000001679c000 Uncommon trap: trap_request=0xfffffff4 fr.pc=0x00000000029c7ed8
Event: 1.972 Thread 0x000000001679c000 DEOPT PACKING pc=0x00000000029c7ed8 sp=0x0000000016c5e7f0
Event: 1.972 Thread 0x000000001679c000 DEOPT UNPACKING pc=0x000000000257556a sp=0x0000000016c5e658 mode 2


Dynamic libraries:
0x00007ff605d70000 - 0x00007ff605da1000 	C:\Program Files\Android\Android Studio\jre\bin\java.exe
0x00007ffb16310000 - 0x00007ffb164eb000 	C:\WINDOWS\SYSTEM32\ntdll.dll
0x00007ffb161b0000 - 0x00007ffb1625e000 	C:\WINDOWS\System32\KERNEL32.DLL
0x00007ffb12320000 - 0x00007ffb12569000 	C:\WINDOWS\System32\KERNELBASE.dll
0x00007ffb160f0000 - 0x00007ffb16191000 	C:\WINDOWS\System32\ADVAPI32.dll
0x00007ffb15f10000 - 0x00007ffb15fad000 	C:\WINDOWS\System32\msvcrt.dll
0x00007ffb158b0000 - 0x00007ffb15909000 	C:\WINDOWS\System32\sechost.dll
0x00007ffb15cc0000 - 0x00007ffb15de5000 	C:\WINDOWS\System32\RPCRT4.dll
0x00007ffb13ad0000 - 0x00007ffb13c1a000 	C:\WINDOWS\System32\USER32.dll
0x00007ffb13050000 - 0x00007ffb1306e000 	C:\WINDOWS\System32\win32u.dll
0x00007ffb15fb0000 - 0x00007ffb15fd7000 	C:\WINDOWS\System32\GDI32.dll
0x00007ffb12710000 - 0x00007ffb12899000 	C:\WINDOWS\System32\gdi32full.dll
0x00007ffb12670000 - 0x00007ffb1270a000 	C:\WINDOWS\System32\msvcp_win.dll
0x00007ffb12570000 - 0x00007ffb12666000 	C:\WINDOWS\System32\ucrtbase.dll
0x00007ffb07c00000 - 0x00007ffb07e67000 	C:\WINDOWS\WinSxS\amd64_microsoft.windows.common-controls_6595b64144ccf1df_6.0.15063.0_none_108e4f62dfe5d999\COMCTL32.dll
0x00007ffb155b0000 - 0x00007ffb158a9000 	C:\WINDOWS\System32\combase.dll
0x00007ffb122b0000 - 0x00007ffb1231a000 	C:\WINDOWS\System32\bcryptPrimitives.dll
0x00007ffb13f70000 - 0x00007ffb13f9d000 	C:\WINDOWS\System32\IMM32.DLL
0x0000000052c70000 - 0x0000000052d42000 	C:\Program Files\Android\Android Studio\jre\jre\bin\msvcr100.dll
0x0000000052d50000 - 0x000000005358c000 	C:\Program Files\Android\Android Studio\jre\jre\bin\server\jvm.dll
0x00007ffb161a0000 - 0x00007ffb161a8000 	C:\WINDOWS\System32\PSAPI.DLL
0x00007ffb00600000 - 0x00007ffb00609000 	C:\WINDOWS\SYSTEM32\WSOCK32.dll
0x00007ffb13a60000 - 0x00007ffb13acc000 	C:\WINDOWS\System32\WS2_32.dll
0x00007ffb104a0000 - 0x00007ffb104c3000 	C:\WINDOWS\SYSTEM32\WINMM.dll
0x00007ffb00610000 - 0x00007ffb0061a000 	C:\WINDOWS\SYSTEM32\VERSION.dll
0x00007ffb10410000 - 0x00007ffb1043b000 	C:\WINDOWS\SYSTEM32\WINMMBASE.dll
0x00007ffb13070000 - 0x00007ffb130b9000 	C:\WINDOWS\System32\cfgmgr32.dll
0x00007ffaf3bb0000 - 0x00007ffaf3bbf000 	C:\Program Files\Android\Android Studio\jre\jre\bin\verify.dll
0x00007ffae6400000 - 0x00007ffae6429000 	C:\Program Files\Android\Android Studio\jre\jre\bin\java.dll
0x00007ffaeb470000 - 0x00007ffaeb486000 	C:\Program Files\Android\Android Studio\jre\jre\bin\zip.dll
0x00007ffb14170000 - 0x00007ffb155a7000 	C:\WINDOWS\System32\SHELL32.dll
0x00007ffb16260000 - 0x00007ffb1630a000 	C:\WINDOWS\System32\shcore.dll
0x00007ffb12950000 - 0x00007ffb13042000 	C:\WINDOWS\System32\windows.storage.dll
0x00007ffb13c20000 - 0x00007ffb13c71000 	C:\WINDOWS\System32\shlwapi.dll
0x00007ffb12060000 - 0x00007ffb12071000 	C:\WINDOWS\System32\kernel.appcore.dll
0x00007ffb11fd0000 - 0x00007ffb1201c000 	C:\WINDOWS\System32\powrprof.dll
0x00007ffb12020000 - 0x00007ffb12035000 	C:\WINDOWS\System32\profapi.dll

VM Arguments:
jvm_args: -Djava.awt.headless=true -Xmx1024M -Dfile.encoding=windows-1252 -Duser.country=GT -Duser.language=es -Duser.variant 
java_command: com.android.dx.command.Main --dex --num-threads=4 --output C:\Android Studio WorkSpace\TDPSYNC\app\build\intermediates\pre-dexed\debug\classes_d9ab6c3314d100d14adbc3baf520399e0961aadf.jar C:\Users\Isaias\.android\build-cache\54d5e9ac01ea53e48cbb77ee6b3e21d721fea0e6\output\jars\classes.jar
java_class_path (initial): C:\Users\Isaias\AppData\Local\Android\sdk\build-tools\25.0.0\lib\dx.jar
Launcher Type: SUN_STANDARD

Environment Variables:
PATH=C:\ProgramData\Oracle\Java\javapath;C:\Program Files (x86)\Intel\iCLS Client\;C:\Program Files\Intel\iCLS Client\;C:\WINDOWS\system32;C:\WINDOWS;C:\WINDOWS\System32\Wbem;C:\WINDOWS\System32\WindowsPowerShell\v1.0\;C:\Program Files\Intel\Intel(R) Management Engine Components\DAL;C:\Program Files (x86)\Intel\Intel(R) Management Engine Components\DAL;C:\Program Files\Intel\Intel(R) Management Engine Components\IPT;C:\Program Files (x86)\Intel\Intel(R) Management Engine Components\IPT;C:\Program Files (x86)\Common Files\lenovo\easyplussdk\bin;C:\Program Files (x86)\Lenovo\Password Manager\;C:\Users\Isaias\AppData\Local\Microsoft\WindowsApps;
USERNAME=Isaias
OS=Windows_NT
PROCESSOR_IDENTIFIER=Intel64 Family 6 Model 69 Stepping 1, GenuineIntel



---------------  S Y S T E M  ---------------

OS: Windows 10.0 , 64 bit Build 15063 (10.0.15063.0)

CPU:total 4 (2 cores per cpu, 2 threads per core) family 6 model 69 stepping 1, cmov, cx8, fxsr, mmx, sse, sse2, sse3, ssse3, sse4.1, sse4.2, popcnt, avx, avx2, aes, clmul, erms, lzcnt, ht, tsc, tscinvbit, bmi1, bmi2

Memory: 4k page, physical 4117440k(1094380k free), swap 5548992k(5148k free)

vm_info: OpenJDK 64-Bit Server VM (25.112-b06) for windows-amd64 JRE (1.8.0_112-release-b06), built on Dec  8 2016 00:54:26 by "builder" with MS VC++ 10.0 (VS2010)

time: Fri Apr 28 19:57:58 2017
elapsed time: 2 seconds (0d 0h 0m 2s)

