#
# There is insufficient memory for the Java Runtime Environment to continue.
# Native memory allocation (malloc) failed to allocate 32744 bytes for ChunkPool::allocate
# Possible reasons:
#   The system is out of physical RAM or swap space
#   In 32 bit mode, the process size limit was hit
# Possible solutions:
#   Reduce memory load on the system
#   Increase physical memory or swap space
#   Check if swap backing store is full
#   Use 64 bit Java on a 64 bit OS
#   Decrease Java heap size (-Xmx/-Xms)
#   Decrease number of Java threads
#   Decrease Java thread stack sizes (-Xss)
#   Set larger code cache with -XX:ReservedCodeCacheSize=
# This output file may be truncated or incomplete.
#
#  Out of Memory Error (allocation.cpp:273), pid=8908, tid=0x0000000000001b30
#
# JRE version: OpenJDK Runtime Environment (8.0_112-b06) (build 1.8.0_112-release-b06)
# Java VM: OpenJDK 64-Bit Server VM (25.112-b06 mixed mode windows-amd64 compressed oops)
# Failed to write core dump. Minidumps are not enabled by default on client versions of Windows
#

---------------  T H R E A D  ---------------

Current thread (0x0000000015734000):  JavaThread "C2 CompilerThread1" daemon [_thread_in_native, id=6960, stack(0x0000000016e60000,0x0000000016f60000)]

Stack: [0x0000000016e60000,0x0000000016f60000]
[error occurred during error reporting (printing stack bounds), id 0xc0000005]

Native frames: (J=compiled Java code, j=interpreted, Vv=VM code, C=native code)


Current CompileTask:
C2:   3965  637       4      
[error occurred during error reporting (printing current compile task), id 0xe0000001]


---------------  P R O C E S S  ---------------

Java Threads: ( => current thread )
  0x0000000017323800 JavaThread "pool-1-thread-4" [_thread_in_Java, id=6880, stack(0x0000000017a60000,0x0000000017b60000)]
  0x0000000017323000 JavaThread "pool-1-thread-3" [_thread_in_Java, id=108, stack(0x0000000017960000,0x0000000017a60000)]
  0x0000000017322800 JavaThread "pool-1-thread-2" [_thread_in_Java, id=8448, stack(0x0000000017860000,0x0000000017960000)]
  0x000000001731e800 JavaThread "pool-2-thread-1" [_thread_blocked, id=9276, stack(0x0000000017760000,0x0000000017860000)]
  0x000000001731b000 JavaThread "pool-1-thread-1" [_thread_in_Java, id=2000, stack(0x0000000017660000,0x0000000017760000)]
  0x0000000017069800 JavaThread "Service Thread" daemon [_thread_blocked, id=4652, stack(0x0000000017460000,0x0000000017560000)]
  0x0000000015737000 JavaThread "C1 CompilerThread2" daemon [_thread_in_native, id=7616, stack(0x0000000016f60000,0x0000000017060000)]
=>0x0000000015734000 JavaThread "C2 CompilerThread1" daemon [_thread_in_native, id=6960, stack(0x0000000016e60000,0x0000000016f60000)]
  0x00000000156da800 JavaThread "C2 CompilerThread0" daemon [_thread_in_native, id=7888, stack(0x0000000016d60000,0x0000000016e60000)]
  0x00000000156d9000 JavaThread "Attach Listener" daemon [_thread_blocked, id=8388, stack(0x0000000016c60000,0x0000000016d60000)]
  0x00000000156d8000 JavaThread "Signal Dispatcher" daemon [_thread_blocked, id=10744, stack(0x0000000016b60000,0x0000000016c60000)]
  0x0000000003005800 JavaThread "Finalizer" daemon [_thread_blocked, id=600, stack(0x0000000016950000,0x0000000016a50000)]
  0x0000000003000800 JavaThread "Reference Handler" daemon [_thread_blocked, id=4360, stack(0x0000000016850000,0x0000000016950000)]
  0x0000000002f10800 JavaThread "main" [_thread_in_Java, id=6716, stack(0x0000000002d40000,0x0000000002e40000)]

Other Threads:
  0x00000000156a5800 VMThread [stack: 0x0000000016750000,0x0000000016850000] [id=7232]
  0x0000000017062000 WatcherThread [stack: 0x0000000017560000,0x0000000017660000] [id=8604]

VM state:not at safepoint (normal execution)

VM Mutex/Monitor currently owned by a thread: None

Heap:
 PSYoungGen      total 18944K, used 6056K [0x00000000eab00000, 0x00000000ec000000, 0x0000000100000000)
  eden space 16384K, 21% used [0x00000000eab00000,0x00000000eae70d90,0x00000000ebb00000)
  from space 2560K, 98% used [0x00000000ebb00000,0x00000000ebd79630,0x00000000ebd80000)
  to   space 2560K, 0% used [0x00000000ebd80000,0x00000000ebd80000,0x00000000ec000000)
 ParOldGen       total 44032K, used 500K [0x00000000c0000000, 0x00000000c2b00000, 0x00000000eab00000)
  object space 44032K, 1% used [0x00000000c0000000,0x00000000c007d038,0x00000000c2b00000)
 Metaspace       used 5464K, capacity 6640K, committed 6784K, reserved 1056768K
  class space    used 561K, capacity 616K, committed 640K, reserved 1048576K

Card table byte_map: [0x00000000123d0000,0x00000000125e0000] byte_map_base: 0x0000000011dd0000

Marking Bits: (ParMarkBitMap*) 0x00000000535118f0
 Begin Bits: [0x0000000012b40000, 0x0000000013b40000)
 End Bits:   [0x0000000013b40000, 0x0000000014b40000)

Polling page: 0x0000000000fc0000

CodeCache: size=245760Kb used=2395Kb max_used=2406Kb free=243364Kb
 bounds [0x0000000003010000, 0x0000000003280000, 0x0000000012010000]
 total_blobs=879 nmethods=617 adapters=176
 compilation: enabled

Compilation events (10 events):
Event: 3.941 Thread 0x0000000015737000  591       3       com.android.dx.cf.code.ByteOps::opInfo (6 bytes)
Event: 3.941 Thread 0x0000000015737000 nmethod 591 0x00000000032689d0 code [0x0000000003268b20, 0x0000000003268c70]
Event: 3.941 Thread 0x0000000015737000  592   !   3       com.android.dx.cf.code.BytecodeArray::parseInstruction (2764 bytes)
Event: 3.941 Thread 0x0000000015734000 nmethod 630 0x0000000003267150 code [0x00000000032672a0, 0x0000000003267378]
Event: 3.944 Thread 0x00000000156da800  635       4       java.util.ArrayList::isEmpty (13 bytes)
Event: 3.945 Thread 0x00000000156da800 nmethod 635 0x0000000003257c50 code [0x0000000003257d80, 0x0000000003257df8]
Event: 3.946 Thread 0x0000000015734000  637       4       java.util.HashMap::get (23 bytes)
Event: 3.946 Thread 0x00000000156da800  638       4       java.util.ArrayList$Itr::<init> (6 bytes)
Event: 3.947 Thread 0x00000000156da800 nmethod 638 0x0000000003255110 code [0x0000000003255240, 0x00000000032552d8]
Event: 3.948 Thread 0x00000000156da800  641       4       java.util.HashSet::contains (9 bytes)

GC Heap History (2 events):
Event: 3.793 GC heap before
{Heap before GC invocations=1 (full 0):
 PSYoungGen      total 18944K, used 16384K [0x00000000eab00000, 0x00000000ec000000, 0x0000000100000000)
  eden space 16384K, 100% used [0x00000000eab00000,0x00000000ebb00000,0x00000000ebb00000)
  from space 2560K, 0% used [0x00000000ebd80000,0x00000000ebd80000,0x00000000ec000000)
  to   space 2560K, 0% used [0x00000000ebb00000,0x00000000ebb00000,0x00000000ebd80000)
 ParOldGen       total 44032K, used 0K [0x00000000c0000000, 0x00000000c2b00000, 0x00000000eab00000)
  object space 44032K, 0% used [0x00000000c0000000,0x00000000c0000000,0x00000000c2b00000)
 Metaspace       used 5222K, capacity 6448K, committed 6528K, reserved 1056768K
  class space    used 555K, capacity 616K, committed 640K, reserved 1048576K
Event: 3.808 GC heap after
Heap after GC invocations=1 (full 0):
 PSYoungGen      total 18944K, used 2533K [0x00000000eab00000, 0x00000000ec000000, 0x0000000100000000)
  eden space 16384K, 0% used [0x00000000eab00000,0x00000000eab00000,0x00000000ebb00000)
  from space 2560K, 98% used [0x00000000ebb00000,0x00000000ebd79630,0x00000000ebd80000)
  to   space 2560K, 0% used [0x00000000ebd80000,0x00000000ebd80000,0x00000000ec000000)
 ParOldGen       total 44032K, used 500K [0x00000000c0000000, 0x00000000c2b00000, 0x00000000eab00000)
  object space 44032K, 1% used [0x00000000c0000000,0x00000000c007d038,0x00000000c2b00000)
 Metaspace       used 5222K, capacity 6448K, committed 6528K, reserved 1056768K
  class space    used 555K, capacity 616K, committed 640K, reserved 1048576K
}

Deoptimization events (3 events):
Event: 2.767 Thread 0x0000000002f10800 Uncommon trap: reason=unstable_if action=reinterpret pc=0x0000000003170094 method=java.lang.String.indexOf(II)I @ 49
Event: 3.035 Thread 0x0000000002f10800 Uncommon trap: reason=unstable_if action=reinterpret pc=0x00000000031704d4 method=java.lang.String.compareTo(Ljava/lang/String;)I @ 38
Event: 3.950 Thread 0x0000000002f10800 Uncommon trap: reason=class_check action=maybe_recompile pc=0x000000000325dfb0 method=com.android.dx.ssa.NormalSsaInsn.accept(Lcom/android/dx/ssa/SsaInsn$Visitor;)V @ 9

Internal exceptions (2 events):
Event: 0.468 Thread 0x0000000002f10800 Exception <a 'java/lang/NoSuchMethodError': Method sun.misc.Unsafe.defineClass(Ljava/lang/String;[BII)Ljava/lang/Class; name or signature does not match> (0x00000000eab07c78) thrown at [C:\src\android\AOSP-openjdk\external\jetbrains\jdk\hotspot\src\share\võú•„æúÝ?
Event: 0.468 Thread 0x0000000002f10800 Exception <a 'java/lang/NoSuchMethodError': Method sun.misc.Unsafe.prefetchRead(Ljava/lang/Object;J)V name or signature does not match> (0x00000000eab07f60) thrown at [C:\src\android\AOSP-openjdk\external\jetbrains\jdk\hotspot\src\share\vm\prims\jni.cpp, l

Events (10 events):
Event: 3.880 loading class com/android/dx/cf/attrib/AttRuntimeInvisibleAnnotations done
Event: 3.908 loading class com/android/dx/cf/code/SwitchList
Event: 3.908 loading class com/android/dx/cf/code/SwitchList done
Event: 3.916 loading class java/util/DualPivotQuicksort
Event: 3.917 loading class java/util/DualPivotQuicksort done
Event: 3.946 loading class java/util/ArrayList$1
Event: 3.946 loading class java/util/ArrayList$1 done
Event: 3.950 Thread 0x0000000002f10800 Uncommon trap: trap_request=0xffffffde fr.pc=0x000000000325dfb0
Event: 3.950 Thread 0x0000000002f10800 DEOPT PACKING pc=0x000000000325dfb0 sp=0x0000000002e3e070
Event: 3.950 Thread 0x0000000002f10800 DEOPT UNPACKING pc=0x000000000305556a sp=0x0000000002e3e000 mode 2


Dynamic libraries:
0x00007ff605d70000 - 0x00007ff605da1000 	C:\Program Files\Android\Android Studio\jre\bin\java.exe
0x00007ffb16310000 - 0x00007ffb164eb000 	C:\WINDOWS\SYSTEM32\ntdll.dll
0x00007ffb161b0000 - 0x00007ffb1625e000 	C:\WINDOWS\System32\KERNEL32.DLL
0x00007ffb12320000 - 0x00007ffb12569000 	C:\WINDOWS\System32\KERNELBASE.dll
0x00007ffb160f0000 - 0x00007ffb16191000 	C:\WINDOWS\System32\ADVAPI32.dll
0x00007ffb15f10000 - 0x00007ffb15fad000 	C:\WINDOWS\System32\msvcrt.dll
0x00007ffb158b0000 - 0x00007ffb15909000 	C:\WINDOWS\System32\sechost.dll
0x00007ffb15cc0000 - 0x00007ffb15de5000 	C:\WINDOWS\System32\RPCRT4.dll
0x00007ffb13ad0000 - 0x00007ffb13c1a000 	C:\WINDOWS\System32\USER32.dll
0x00007ffb13050000 - 0x00007ffb1306e000 	C:\WINDOWS\System32\win32u.dll
0x00007ffb15fb0000 - 0x00007ffb15fd7000 	C:\WINDOWS\System32\GDI32.dll
0x00007ffb12710000 - 0x00007ffb12899000 	C:\WINDOWS\System32\gdi32full.dll
0x00007ffb12670000 - 0x00007ffb1270a000 	C:\WINDOWS\System32\msvcp_win.dll
0x00007ffb12570000 - 0x00007ffb12666000 	C:\WINDOWS\System32\ucrtbase.dll
0x00007ffb07c00000 - 0x00007ffb07e67000 	C:\WINDOWS\WinSxS\amd64_microsoft.windows.common-controls_6595b64144ccf1df_6.0.15063.0_none_108e4f62dfe5d999\COMCTL32.dll
0x00007ffb155b0000 - 0x00007ffb158a9000 	C:\WINDOWS\System32\combase.dll
0x00007ffb122b0000 - 0x00007ffb1231a000 	C:\WINDOWS\System32\bcryptPrimitives.dll
0x00007ffb13f70000 - 0x00007ffb13f9d000 	C:\WINDOWS\System32\IMM32.DLL
0x0000000052c70000 - 0x0000000052d42000 	C:\Program Files\Android\Android Studio\jre\jre\bin\msvcr100.dll
0x0000000052d50000 - 0x000000005358c000 	C:\Program Files\Android\Android Studio\jre\jre\bin\server\jvm.dll
0x00007ffb161a0000 - 0x00007ffb161a8000 	C:\WINDOWS\System32\PSAPI.DLL
0x00007ffb00610000 - 0x00007ffb0061a000 	C:\WINDOWS\SYSTEM32\VERSION.dll
0x00007ffb104a0000 - 0x00007ffb104c3000 	C:\WINDOWS\SYSTEM32\WINMM.dll
0x00007ffb10410000 - 0x00007ffb1043b000 	C:\WINDOWS\SYSTEM32\WINMMBASE.dll
0x00007ffb13070000 - 0x00007ffb130b9000 	C:\WINDOWS\System32\cfgmgr32.dll
0x00007ffb00600000 - 0x00007ffb00609000 	C:\WINDOWS\SYSTEM32\WSOCK32.dll
0x00007ffb13a60000 - 0x00007ffb13acc000 	C:\WINDOWS\System32\WS2_32.dll
0x00007ffaf3bb0000 - 0x00007ffaf3bbf000 	C:\Program Files\Android\Android Studio\jre\jre\bin\verify.dll
0x00007ffae6400000 - 0x00007ffae6429000 	C:\Program Files\Android\Android Studio\jre\jre\bin\java.dll
0x00007ffaeb470000 - 0x00007ffaeb486000 	C:\Program Files\Android\Android Studio\jre\jre\bin\zip.dll
0x00007ffb14170000 - 0x00007ffb155a7000 	C:\WINDOWS\System32\SHELL32.dll
0x00007ffb16260000 - 0x00007ffb1630a000 	C:\WINDOWS\System32\shcore.dll
0x00007ffb12950000 - 0x00007ffb13042000 	C:\WINDOWS\System32\windows.storage.dll
0x00007ffb13c20000 - 0x00007ffb13c71000 	C:\WINDOWS\System32\shlwapi.dll
0x00007ffb12060000 - 0x00007ffb12071000 	C:\WINDOWS\System32\kernel.appcore.dll
0x00007ffb11fd0000 - 0x00007ffb1201c000 	C:\WINDOWS\System32\powrprof.dll
0x00007ffb12020000 - 0x00007ffb12035000 	C:\WINDOWS\System32\profapi.dll

VM Arguments:
jvm_args: -Djava.awt.headless=true -Xmx1024M -Dfile.encoding=windows-1252 -Duser.country=GT -Duser.language=es -Duser.variant 
java_command: com.android.dx.command.Main --dex --num-threads=4 --output C:\Android Studio WorkSpace\TDPSYNC\app\build\intermediates\pre-dexed\debug\classes_6855700adf35bad1ffb701163afa1dcf7cd0e057.jar C:\Users\Isaias\.android\build-cache\4dd8bf4a2066541b141cc9aec33a4a404695e7ae\output\jars\classes.jar
java_class_path (initial): C:\Users\Isaias\AppData\Local\Android\sdk\build-tools\25.0.0\lib\dx.jar
Launcher Type: SUN_STANDARD

Environment Variables:
PATH=C:\ProgramData\Oracle\Java\javapath;C:\Program Files (x86)\Intel\iCLS Client\;C:\Program Files\Intel\iCLS Client\;C:\WINDOWS\system32;C:\WINDOWS;C:\WINDOWS\System32\Wbem;C:\WINDOWS\System32\WindowsPowerShell\v1.0\;C:\Program Files\Intel\Intel(R) Management Engine Components\DAL;C:\Program Files (x86)\Intel\Intel(R) Management Engine Components\DAL;C:\Program Files\Intel\Intel(R) Management Engine Components\IPT;C:\Program Files (x86)\Intel\Intel(R) Management Engine Components\IPT;C:\Program Files (x86)\Common Files\lenovo\easyplussdk\bin;C:\Program Files (x86)\Lenovo\Password Manager\;C:\Users\Isaias\AppData\Local\Microsoft\WindowsApps;
USERNAME=Isaias
OS=Windows_NT
PROCESSOR_IDENTIFIER=Intel64 Family 6 Model 69 Stepping 1, GenuineIntel



---------------  S Y S T E M  ---------------

OS: Windows 10.0 , 64 bit Build 15063 (10.0.15063.0)

CPU:total 4 (2 cores per cpu, 2 threads per core) family 6 model 69 stepping 1, cmov, cx8, fxsr, mmx, sse, sse2, sse3, ssse3, sse4.1, sse4.2, popcnt, avx, avx2, aes, clmul, erms, lzcnt, ht, tsc, tscinvbit, bmi1, bmi2

Memory: 4k page, physical 4117440k(1037564k free), swap 5548992k(4116k free)

vm_info: OpenJDK 64-Bit Server VM (25.112-b06) for windows-amd64 JRE (1.8.0_112-release-b06), built on Dec  8 2016 00:54:26 by "builder" with MS VC++ 10.0 (VS2010)

time: Fri Apr 28 19:57:50 2017
elapsed time: 3 seconds (0d 0h 0m 3s)

