#
# There is insufficient memory for the Java Runtime Environment to continue.
# Native memory allocation (malloc) failed to allocate 242416 bytes for Chunk::new
# Possible reasons:
#   The system is out of physical RAM or swap space
#   In 32 bit mode, the process size limit was hit
# Possible solutions:
#   Reduce memory load on the system
#   Increase physical memory or swap space
#   Check if swap backing store is full
#   Use 64 bit Java on a 64 bit OS
#   Decrease Java heap size (-Xmx/-Xms)
#   Decrease number of Java threads
#   Decrease Java thread stack sizes (-Xss)
#   Set larger code cache with -XX:ReservedCodeCacheSize=
# This output file may be truncated or incomplete.
#
#  Out of Memory Error (allocation.cpp:390), pid=10092, tid=0x0000000000002b5c
#
# JRE version: OpenJDK Runtime Environment (8.0_112-b06) (build 1.8.0_112-release-b06)
# Java VM: OpenJDK 64-Bit Server VM (25.112-b06 mixed mode windows-amd64 compressed oops)
# Failed to write core dump. Minidumps are not enabled by default on client versions of Windows
#

---------------  T H R E A D  ---------------

Current thread (0x0000000014cb6000):  JavaThread "C2 CompilerThread1" daemon [_thread_in_native, id=11100, stack(0x00000000163c0000,0x00000000164c0000)]

Stack: [0x00000000163c0000,0x00000000164c0000]
[error occurred during error reporting (printing stack bounds), id 0xc0000005]

Native frames: (J=compiled Java code, j=interpreted, Vv=VM code, C=native code)


Current CompileTask:
C2:   2560 1019       4       com.android.dx.ssa.back.LivenessAnalyzer::handleTailRecursion (94 bytes)


---------------  P R O C E S S  ---------------

Java Threads: ( => current thread )
  0x0000000016813000 JavaThread "pool-1-thread-4" [_thread_in_Java, id=9768, stack(0x0000000016fc0000,0x00000000170c0000)]
  0x0000000016812000 JavaThread "pool-1-thread-3" [_thread_blocked, id=8680, stack(0x0000000016ec0000,0x0000000016fc0000)]
  0x0000000016811800 JavaThread "pool-1-thread-2" [_thread_in_Java, id=7432, stack(0x0000000016dc0000,0x0000000016ec0000)]
  0x000000001680e800 JavaThread "pool-2-thread-1" [_thread_blocked, id=8024, stack(0x0000000016cc0000,0x0000000016dc0000)]
  0x000000001680e000 JavaThread "pool-1-thread-1" [_thread_in_Java, id=10872, stack(0x0000000016bc0000,0x0000000016cc0000)]
  0x00000000165c2800 JavaThread "Service Thread" daemon [_thread_blocked, id=7904, stack(0x00000000169c0000,0x0000000016ac0000)]
  0x0000000014cbc800 JavaThread "C1 CompilerThread2" daemon [_thread_blocked, id=4324, stack(0x00000000164c0000,0x00000000165c0000)]
=>0x0000000014cb6000 JavaThread "C2 CompilerThread1" daemon [_thread_in_native, id=11100, stack(0x00000000163c0000,0x00000000164c0000)]
  0x0000000014c5c800 JavaThread "C2 CompilerThread0" daemon [_thread_in_native, id=7344, stack(0x00000000162c0000,0x00000000163c0000)]
  0x0000000014c5b000 JavaThread "Attach Listener" daemon [_thread_blocked, id=8436, stack(0x00000000161c0000,0x00000000162c0000)]
  0x0000000014c5a000 JavaThread "Signal Dispatcher" daemon [_thread_blocked, id=188, stack(0x00000000160c0000,0x00000000161c0000)]
  0x0000000002585800 JavaThread "Finalizer" daemon [_thread_blocked, id=6676, stack(0x0000000015eb0000,0x0000000015fb0000)]
  0x0000000002580800 JavaThread "Reference Handler" daemon [_thread_blocked, id=8344, stack(0x0000000015db0000,0x0000000015eb0000)]
  0x0000000002490800 JavaThread "main" [_thread_in_Java, id=11232, stack(0x0000000002340000,0x0000000002440000)]

Other Threads:
  0x0000000014c25800 VMThread [stack: 0x0000000015cb0000,0x0000000015db0000] [id=8904]
  0x00000000165c4800 WatcherThread [stack: 0x0000000016ac0000,0x0000000016bc0000] [id=9264]

VM state:not at safepoint (normal execution)

VM Mutex/Monitor currently owned by a thread: None

Heap:
 PSYoungGen      total 18944K, used 11996K [0x00000000eab00000, 0x00000000ec000000, 0x0000000100000000)
  eden space 16384K, 57% used [0x00000000eab00000,0x00000000eb43ed48,0x00000000ebb00000)
  from space 2560K, 98% used [0x00000000ebb00000,0x00000000ebd78450,0x00000000ebd80000)
  to   space 2560K, 0% used [0x00000000ebd80000,0x00000000ebd80000,0x00000000ec000000)
 ParOldGen       total 44032K, used 984K [0x00000000c0000000, 0x00000000c2b00000, 0x00000000eab00000)
  object space 44032K, 2% used [0x00000000c0000000,0x00000000c00f63a0,0x00000000c2b00000)
 Metaspace       used 5710K, capacity 6832K, committed 7040K, reserved 1056768K
  class space    used 563K, capacity 616K, committed 640K, reserved 1048576K

Card table byte_map: [0x0000000011950000,0x0000000011b60000] byte_map_base: 0x0000000011350000

Marking Bits: (ParMarkBitMap*) 0x00000000535118f0
 Begin Bits: [0x00000000120c0000, 0x00000000130c0000)
 End Bits:   [0x00000000130c0000, 0x00000000140c0000)

Polling page: 0x00000000007a0000

CodeCache: size=245760Kb used=4127Kb max_used=4127Kb free=241632Kb
 bounds [0x0000000002590000, 0x00000000029a0000, 0x0000000011590000]
 total_blobs=1307 nmethods=1045 adapters=176
 compilation: enabled

Compilation events (10 events):
Event: 2.553 Thread 0x0000000014cbc800 1049       3       com.android.dx.cf.code.Simulator$SimVisitor::visitConstant (332 bytes)
Event: 2.555 Thread 0x0000000014cbc800 nmethod 1049 0x0000000002997390 code [0x00000000029976c0, 0x00000000029995d8]
Event: 2.555 Thread 0x0000000014cbc800 1036       3       com.android.dx.rop.cst.CstBaseMethodRef::getPrototype (41 bytes)
Event: 2.556 Thread 0x0000000014cbc800 nmethod 1036 0x000000000299a250 code [0x000000000299a3c0, 0x000000000299a7c8]
Event: 2.556 Thread 0x0000000014cbc800  976       1       com.android.dx.ssa.PhiInsn::getOriginalRopInsn (2 bytes)
Event: 2.556 Thread 0x0000000014cbc800 nmethod 976 0x000000000299a8d0 code [0x000000000299aa20, 0x000000000299ab30]
Event: 2.556 Thread 0x0000000014cbc800  994       1       com.android.dx.cf.iface.StdMember::getDefiningClass (5 bytes)
Event: 2.556 Thread 0x0000000014cbc800 nmethod 994 0x000000000299ab90 code [0x000000000299ace0, 0x000000000299adf0]
Event: 2.556 Thread 0x0000000014cbc800 1010       1       com.android.dx.rop.cst.CstKnownNull::hashCode (3 bytes)
Event: 2.556 Thread 0x0000000014cbc800 nmethod 1010 0x000000000299ae50 code [0x000000000299afa0, 0x000000000299b0b0]

GC Heap History (2 events):
Event: 2.271 GC heap before
{Heap before GC invocations=1 (full 0):
 PSYoungGen      total 18944K, used 16384K [0x00000000eab00000, 0x00000000ec000000, 0x0000000100000000)
  eden space 16384K, 100% used [0x00000000eab00000,0x00000000ebb00000,0x00000000ebb00000)
  from space 2560K, 0% used [0x00000000ebd80000,0x00000000ebd80000,0x00000000ec000000)
  to   space 2560K, 0% used [0x00000000ebb00000,0x00000000ebb00000,0x00000000ebd80000)
 ParOldGen       total 44032K, used 0K [0x00000000c0000000, 0x00000000c2b00000, 0x00000000eab00000)
  object space 44032K, 0% used [0x00000000c0000000,0x00000000c0000000,0x00000000c2b00000)
 Metaspace       used 5473K, capacity 6640K, committed 6784K, reserved 1056768K
  class space    used 554K, capacity 616K, committed 640K, reserved 1048576K
Event: 2.298 GC heap after
Heap after GC invocations=1 (full 0):
 PSYoungGen      total 18944K, used 2529K [0x00000000eab00000, 0x00000000ec000000, 0x0000000100000000)
  eden space 16384K, 0% used [0x00000000eab00000,0x00000000eab00000,0x00000000ebb00000)
  from space 2560K, 98% used [0x00000000ebb00000,0x00000000ebd78450,0x00000000ebd80000)
  to   space 2560K, 0% used [0x00000000ebd80000,0x00000000ebd80000,0x00000000ec000000)
 ParOldGen       total 44032K, used 984K [0x00000000c0000000, 0x00000000c2b00000, 0x00000000eab00000)
  object space 44032K, 2% used [0x00000000c0000000,0x00000000c00f63a0,0x00000000c2b00000)
 Metaspace       used 5473K, capacity 6640K, committed 6784K, reserved 1056768K
  class space    used 554K, capacity 616K, committed 640K, reserved 1048576K
}

Deoptimization events (10 events):
Event: 0.939 Thread 0x0000000016813000 Uncommon trap: reason=unstable_if action=reinterpret pc=0x00000000026e8e94 method=java.lang.String.compareTo(Ljava/lang/String;)I @ 38
Event: 2.362 Thread 0x0000000016811800 Uncommon trap: reason=class_check action=maybe_recompile pc=0x00000000028ac06c method=com.android.dx.rop.type.Type.equals(Ljava/lang/Object;)Z @ 8
Event: 2.363 Thread 0x0000000016811800 Uncommon trap: reason=class_check action=maybe_recompile pc=0x00000000028ac06c method=com.android.dx.rop.type.Type.equals(Ljava/lang/Object;)Z @ 8
Event: 2.363 Thread 0x0000000016811800 Uncommon trap: reason=class_check action=maybe_recompile pc=0x00000000028ac06c method=com.android.dx.rop.type.Type.equals(Ljava/lang/Object;)Z @ 8
Event: 2.364 Thread 0x0000000016811800 Uncommon trap: reason=class_check action=maybe_recompile pc=0x00000000028ac06c method=com.android.dx.rop.type.Type.equals(Ljava/lang/Object;)Z @ 8
Event: 2.381 Thread 0x0000000016811800 Uncommon trap: reason=class_check action=maybe_recompile pc=0x00000000027ec844 method=com.android.dx.rop.type.Type.equals(Ljava/lang/Object;)Z @ 8
Event: 2.383 Thread 0x0000000016811800 Uncommon trap: reason=unstable_if action=reinterpret pc=0x000000000279b924 method=java.util.HashMap.getNode(ILjava/lang/Object;)Ljava/util/HashMap$Node; @ 129
Event: 2.405 Thread 0x0000000016811800 Uncommon trap: reason=unstable_if action=reinterpret pc=0x00000000027c7d34 method=java.util.BitSet.ensureCapacity(I)V @ 6
Event: 2.413 Thread 0x0000000016811800 Uncommon trap: reason=unstable_if action=reinterpret pc=0x00000000027a54b0 method=java.util.BitSet.nextSetBit(I)I @ 87
Event: 2.442 Thread 0x0000000016811800 Uncommon trap: reason=unstable_if action=reinterpret pc=0x000000000288e45c method=com.android.dx.rop.cst.Constant.compareTo(Lcom/android/dx/rop/cst/Constant;)I @ 12

Internal exceptions (2 events):
Event: 0.111 Thread 0x0000000002490800 Exception <a 'java/lang/NoSuchMethodError': Method sun.misc.Unsafe.defineClass(Ljava/lang/String;[BII)Ljava/lang/Class; name or signature does not match> (0x00000000eab07c78) thrown at [C:\src\android\AOSP-openjdk\external\jetbrains\jdk\hotspot\src\share\v}³E–ås¼?
Event: 0.111 Thread 0x0000000002490800 Exception <a 'java/lang/NoSuchMethodError': Method sun.misc.Unsafe.prefetchRead(Ljava/lang/Object;J)V name or signature does not match> (0x00000000eab07f60) thrown at [C:\src\android\AOSP-openjdk\external\jetbrains\jdk\hotspot\src\share\vm\prims\jni.cpp, l

Events (10 events):
Event: 2.409 loading class java/util/TreeMap$EntrySet
Event: 2.410 loading class java/util/TreeMap$EntrySet done
Event: 2.410 loading class java/util/TreeMap$EntryIterator
Event: 2.410 loading class java/util/TreeMap$EntryIterator done
Event: 2.413 Thread 0x0000000016811800 Uncommon trap: trap_request=0xffffff65 fr.pc=0x00000000027a54b0
Event: 2.413 Thread 0x0000000016811800 DEOPT PACKING pc=0x00000000027a54b0 sp=0x0000000016ebee20
Event: 2.413 Thread 0x0000000016811800 DEOPT UNPACKING pc=0x00000000025d556a sp=0x0000000016ebedb8 mode 2
Event: 2.442 Thread 0x0000000016811800 Uncommon trap: trap_request=0xffffff65 fr.pc=0x000000000288e45c
Event: 2.442 Thread 0x0000000016811800 DEOPT PACKING pc=0x000000000288e45c sp=0x0000000016ebe9f0
Event: 2.442 Thread 0x0000000016811800 DEOPT UNPACKING pc=0x00000000025d556a sp=0x0000000016ebe990 mode 2


Dynamic libraries:
0x00007ff605d70000 - 0x00007ff605da1000 	C:\Program Files\Android\Android Studio\jre\bin\java.exe
0x00007ffb16310000 - 0x00007ffb164eb000 	C:\WINDOWS\SYSTEM32\ntdll.dll
0x00007ffb161b0000 - 0x00007ffb1625e000 	C:\WINDOWS\System32\KERNEL32.DLL
0x00007ffb12320000 - 0x00007ffb12569000 	C:\WINDOWS\System32\KERNELBASE.dll
0x00007ffb160f0000 - 0x00007ffb16191000 	C:\WINDOWS\System32\ADVAPI32.dll
0x00007ffb15f10000 - 0x00007ffb15fad000 	C:\WINDOWS\System32\msvcrt.dll
0x00007ffb158b0000 - 0x00007ffb15909000 	C:\WINDOWS\System32\sechost.dll
0x00007ffb15cc0000 - 0x00007ffb15de5000 	C:\WINDOWS\System32\RPCRT4.dll
0x00007ffb13ad0000 - 0x00007ffb13c1a000 	C:\WINDOWS\System32\USER32.dll
0x00007ffb13050000 - 0x00007ffb1306e000 	C:\WINDOWS\System32\win32u.dll
0x00007ffb15fb0000 - 0x00007ffb15fd7000 	C:\WINDOWS\System32\GDI32.dll
0x00007ffb12710000 - 0x00007ffb12899000 	C:\WINDOWS\System32\gdi32full.dll
0x00007ffb12670000 - 0x00007ffb1270a000 	C:\WINDOWS\System32\msvcp_win.dll
0x00007ffb12570000 - 0x00007ffb12666000 	C:\WINDOWS\System32\ucrtbase.dll
0x00007ffb07c00000 - 0x00007ffb07e67000 	C:\WINDOWS\WinSxS\amd64_microsoft.windows.common-controls_6595b64144ccf1df_6.0.15063.0_none_108e4f62dfe5d999\COMCTL32.dll
0x00007ffb155b0000 - 0x00007ffb158a9000 	C:\WINDOWS\System32\combase.dll
0x00007ffb122b0000 - 0x00007ffb1231a000 	C:\WINDOWS\System32\bcryptPrimitives.dll
0x00007ffb13f70000 - 0x00007ffb13f9d000 	C:\WINDOWS\System32\IMM32.DLL
0x0000000052c70000 - 0x0000000052d42000 	C:\Program Files\Android\Android Studio\jre\jre\bin\msvcr100.dll
0x0000000052d50000 - 0x000000005358c000 	C:\Program Files\Android\Android Studio\jre\jre\bin\server\jvm.dll
0x00007ffb161a0000 - 0x00007ffb161a8000 	C:\WINDOWS\System32\PSAPI.DLL
0x00007ffb00600000 - 0x00007ffb00609000 	C:\WINDOWS\SYSTEM32\WSOCK32.dll
0x00007ffb13a60000 - 0x00007ffb13acc000 	C:\WINDOWS\System32\WS2_32.dll
0x00007ffb104a0000 - 0x00007ffb104c3000 	C:\WINDOWS\SYSTEM32\WINMM.dll
0x00007ffb00610000 - 0x00007ffb0061a000 	C:\WINDOWS\SYSTEM32\VERSION.dll
0x00007ffb10410000 - 0x00007ffb1043b000 	C:\WINDOWS\SYSTEM32\WINMMBASE.dll
0x00007ffb13070000 - 0x00007ffb130b9000 	C:\WINDOWS\System32\cfgmgr32.dll
0x00007ffaf3bb0000 - 0x00007ffaf3bbf000 	C:\Program Files\Android\Android Studio\jre\jre\bin\verify.dll
0x00007ffae6400000 - 0x00007ffae6429000 	C:\Program Files\Android\Android Studio\jre\jre\bin\java.dll
0x00007ffaeb470000 - 0x00007ffaeb486000 	C:\Program Files\Android\Android Studio\jre\jre\bin\zip.dll
0x00007ffb14170000 - 0x00007ffb155a7000 	C:\WINDOWS\System32\SHELL32.dll
0x00007ffb16260000 - 0x00007ffb1630a000 	C:\WINDOWS\System32\shcore.dll
0x00007ffb12950000 - 0x00007ffb13042000 	C:\WINDOWS\System32\windows.storage.dll
0x00007ffb13c20000 - 0x00007ffb13c71000 	C:\WINDOWS\System32\shlwapi.dll
0x00007ffb12060000 - 0x00007ffb12071000 	C:\WINDOWS\System32\kernel.appcore.dll
0x00007ffb11fd0000 - 0x00007ffb1201c000 	C:\WINDOWS\System32\powrprof.dll
0x00007ffb12020000 - 0x00007ffb12035000 	C:\WINDOWS\System32\profapi.dll

VM Arguments:
jvm_args: -Djava.awt.headless=true -Xmx1024M -Dfile.encoding=windows-1252 -Duser.country=GT -Duser.language=es -Duser.variant 
java_command: com.android.dx.command.Main --dex --num-threads=4 --output C:\Android Studio WorkSpace\TDPSYNC\app\build\intermediates\pre-dexed\debug\internal_impl-24.2.1_ed6f44342c825198998b196c05d55e4c5af5123a.jar C:\Users\Isaias\.android\build-cache\4dd8bf4a2066541b141cc9aec33a4a404695e7ae\output\jars\libs\internal_impl-24.2.1.jar
java_class_path (initial): C:\Users\Isaias\AppData\Local\Android\sdk\build-tools\25.0.0\lib\dx.jar
Launcher Type: SUN_STANDARD

Environment Variables:
PATH=C:\ProgramData\Oracle\Java\javapath;C:\Program Files (x86)\Intel\iCLS Client\;C:\Program Files\Intel\iCLS Client\;C:\WINDOWS\system32;C:\WINDOWS;C:\WINDOWS\System32\Wbem;C:\WINDOWS\System32\WindowsPowerShell\v1.0\;C:\Program Files\Intel\Intel(R) Management Engine Components\DAL;C:\Program Files (x86)\Intel\Intel(R) Management Engine Components\DAL;C:\Program Files\Intel\Intel(R) Management Engine Components\IPT;C:\Program Files (x86)\Intel\Intel(R) Management Engine Components\IPT;C:\Program Files (x86)\Common Files\lenovo\easyplussdk\bin;C:\Program Files (x86)\Lenovo\Password Manager\;C:\Users\Isaias\AppData\Local\Microsoft\WindowsApps;
USERNAME=Isaias
OS=Windows_NT
PROCESSOR_IDENTIFIER=Intel64 Family 6 Model 69 Stepping 1, GenuineIntel



---------------  S Y S T E M  ---------------

OS: Windows 10.0 , 64 bit Build 15063 (10.0.15063.0)

CPU:total 4 (2 cores per cpu, 2 threads per core) family 6 model 69 stepping 1, cmov, cx8, fxsr, mmx, sse, sse2, sse3, ssse3, sse4.1, sse4.2, popcnt, avx, avx2, aes, clmul, erms, lzcnt, ht, tsc, tscinvbit, bmi1, bmi2

Memory: 4k page, physical 4117440k(1082484k free), swap 5548992k(380k free)

vm_info: OpenJDK 64-Bit Server VM (25.112-b06) for windows-amd64 JRE (1.8.0_112-release-b06), built on Dec  8 2016 00:54:26 by "builder" with MS VC++ 10.0 (VS2010)

time: Fri Apr 28 19:57:58 2017
elapsed time: 2 seconds (0d 0h 0m 2s)

