#
# There is insufficient memory for the Java Runtime Environment to continue.
# Native memory allocation (malloc) failed to allocate 32744 bytes for ChunkPool::allocate
# Possible reasons:
#   The system is out of physical RAM or swap space
#   In 32 bit mode, the process size limit was hit
# Possible solutions:
#   Reduce memory load on the system
#   Increase physical memory or swap space
#   Check if swap backing store is full
#   Use 64 bit Java on a 64 bit OS
#   Decrease Java heap size (-Xmx/-Xms)
#   Decrease number of Java threads
#   Decrease Java thread stack sizes (-Xss)
#   Set larger code cache with -XX:ReservedCodeCacheSize=
# This output file may be truncated or incomplete.
#
#  Out of Memory Error (allocation.cpp:273), pid=10576, tid=0x000000000000241c
#
# JRE version: OpenJDK Runtime Environment (8.0_112-b06) (build 1.8.0_112-release-b06)
# Java VM: OpenJDK 64-Bit Server VM (25.112-b06 mixed mode windows-amd64 compressed oops)
# Failed to write core dump. Minidumps are not enabled by default on client versions of Windows
#

---------------  T H R E A D  ---------------

Current thread (0x000000001564a800):  JavaThread "C2 CompilerThread0" daemon [_thread_in_native, id=9244, stack(0x0000000016cd0000,0x0000000016dd0000)]

Stack: [0x0000000016cd0000,0x0000000016dd0000]
[error occurred during error reporting (printing stack bounds), id 0xc0000005]

Native frames: (J=compiled Java code, j=interpreted, Vv=VM code, C=native code)


Current CompileTask:
C2:   1784   98       4       java.lang.String::indexOf (70 bytes)


---------------  P R O C E S S  ---------------

Java Threads: ( => current thread )
  0x0000000016fda800 JavaThread "Service Thread" daemon [_thread_blocked, id=7412, stack(0x00000000173d0000,0x00000000174d0000)]
  0x00000000156aa800 JavaThread "C1 CompilerThread2" daemon [_thread_blocked, id=2104, stack(0x0000000016ed0000,0x0000000016fd0000)]
  0x000000001564d800 JavaThread "C2 CompilerThread1" daemon [_thread_blocked, id=7208, stack(0x0000000016dd0000,0x0000000016ed0000)]
=>0x000000001564a800 JavaThread "C2 CompilerThread0" daemon [_thread_in_native, id=9244, stack(0x0000000016cd0000,0x0000000016dd0000)]
  0x0000000015649000 JavaThread "Attach Listener" daemon [_thread_blocked, id=6716, stack(0x0000000016bd0000,0x0000000016cd0000)]
  0x0000000015648000 JavaThread "Signal Dispatcher" daemon [_thread_blocked, id=8808, stack(0x0000000016ad0000,0x0000000016bd0000)]
  0x0000000002f75800 JavaThread "Finalizer" daemon [_thread_blocked, id=10596, stack(0x00000000168c0000,0x00000000169c0000)]
  0x0000000002f70800 JavaThread "Reference Handler" daemon [_thread_blocked, id=11152, stack(0x00000000167c0000,0x00000000168c0000)]
  0x0000000002e80800 JavaThread "main" [_thread_in_native, id=6940, stack(0x0000000002d80000,0x0000000002e80000)]

Other Threads:
  0x0000000015615800 VMThread [stack: 0x00000000166c0000,0x00000000167c0000] [id=8800]
  0x0000000016fd0800 WatcherThread [stack: 0x00000000174d0000,0x00000000175d0000] [id=7232]

VM state:not at safepoint (normal execution)

VM Mutex/Monitor currently owned by a thread: None

Heap:
 PSYoungGen      total 18944K, used 2318K [0x00000000eab00000, 0x00000000ec000000, 0x0000000100000000)
  eden space 16384K, 14% used [0x00000000eab00000,0x00000000ead43b88,0x00000000ebb00000)
  from space 2560K, 0% used [0x00000000ebd80000,0x00000000ebd80000,0x00000000ec000000)
  to   space 2560K, 0% used [0x00000000ebb00000,0x00000000ebb00000,0x00000000ebd80000)
 ParOldGen       total 44032K, used 0K [0x00000000c0000000, 0x00000000c2b00000, 0x00000000eab00000)
  object space 44032K, 0% used [0x00000000c0000000,0x00000000c0000000,0x00000000c2b00000)
 Metaspace       used 3414K, capacity 4720K, committed 4864K, reserved 1056768K
  class space    used 361K, capacity 424K, committed 512K, reserved 1048576K

Card table byte_map: [0x0000000012340000,0x0000000012550000] byte_map_base: 0x0000000011d40000

Marking Bits: (ParMarkBitMap*) 0x00000000535118f0
 Begin Bits: [0x0000000012ab0000, 0x0000000013ab0000)
 End Bits:   [0x0000000013ab0000, 0x0000000014ab0000)

Polling page: 0x0000000002c20000

CodeCache: size=245760Kb used=1262Kb max_used=1262Kb free=244498Kb
 bounds [0x0000000002f80000, 0x00000000031f0000, 0x0000000011f80000]
 total_blobs=348 nmethods=100 adapters=162
 compilation: enabled

Compilation events (10 events):
Event: 1.694 Thread 0x00000000156aa800   90       3       java.util.regex.Pattern$BnM::optimize (179 bytes)
Event: 1.695 Thread 0x00000000156aa800 nmethod 90 0x00000000030b1b10 code [0x00000000030b1d20, 0x00000000030b2928]
Event: 1.695 Thread 0x00000000156aa800   92       3       java.util.regex.Pattern$Node::<init> (12 bytes)
Event: 1.695 Thread 0x00000000156aa800 nmethod 92 0x00000000030b2ed0 code [0x00000000030b3040, 0x00000000030b3210]
Event: 1.695 Thread 0x00000000156aa800   91       1       java.util.zip.ZipEntry::getName (5 bytes)
Event: 1.695 Thread 0x00000000156aa800 nmethod 91 0x00000000030b32d0 code [0x00000000030b3420, 0x00000000030b3530]
Event: 1.696 Thread 0x00000000156aa800   93       3       java.lang.String::compareTo (78 bytes)
Event: 1.696 Thread 0x00000000156aa800 nmethod 93 0x00000000030b3590 code [0x00000000030b3700, 0x00000000030b3a50]
Event: 1.696 Thread 0x00000000156aa800   96       3       java.util.regex.Pattern::compile (406 bytes)
Event: 1.696 Thread 0x000000001564a800   98       4       java.lang.String::indexOf (70 bytes)

GC Heap History (0 events):
No events

Deoptimization events (0 events):
No events

Internal exceptions (2 events):
Event: 0.083 Thread 0x0000000002e80800 Exception <a 'java/lang/NoSuchMethodError': Method sun.misc.Unsafe.defineClass(Ljava/lang/String;[BII)Ljava/lang/Class; name or signature does not match> (0x00000000eab07c78) thrown at [C:\src\android\AOSP-openjdk\external\jetbrains\jdk\hotspot\src\share\v˜IìËÕ_µ?
Event: 0.083 Thread 0x0000000002e80800 Exception <a 'java/lang/NoSuchMethodError': Method sun.misc.Unsafe.prefetchRead(Ljava/lang/Object;J)V name or signature does not match> (0x00000000eab07f60) thrown at [C:\src\android\AOSP-openjdk\external\jetbrains\jdk\hotspot\src\share\vm\prims\jni.cpp, l

Events (10 events):
Event: 1.689 loading class java/util/regex/Pattern$SliceNode done
Event: 1.689 loading class java/util/regex/Pattern$Slice done
Event: 1.689 loading class java/util/regex/Pattern$BnM
Event: 1.689 loading class java/util/regex/Pattern$BnM done
Event: 1.689 loading class java/util/regex/Pattern$SliceS
Event: 1.689 loading class java/util/regex/Pattern$SliceS done
Event: 1.689 loading class java/util/regex/Matcher
Event: 1.689 loading class java/util/regex/MatchResult
Event: 1.689 loading class java/util/regex/MatchResult done
Event: 1.689 loading class java/util/regex/Matcher done


Dynamic libraries:
0x00007ff605d70000 - 0x00007ff605da1000 	C:\Program Files\Android\Android Studio\jre\bin\java.exe
0x00007ffb16310000 - 0x00007ffb164eb000 	C:\WINDOWS\SYSTEM32\ntdll.dll
0x00007ffb161b0000 - 0x00007ffb1625e000 	C:\WINDOWS\System32\KERNEL32.DLL
0x00007ffb12320000 - 0x00007ffb12569000 	C:\WINDOWS\System32\KERNELBASE.dll
0x00007ffb160f0000 - 0x00007ffb16191000 	C:\WINDOWS\System32\ADVAPI32.dll
0x00007ffb15f10000 - 0x00007ffb15fad000 	C:\WINDOWS\System32\msvcrt.dll
0x00007ffb158b0000 - 0x00007ffb15909000 	C:\WINDOWS\System32\sechost.dll
0x00007ffb15cc0000 - 0x00007ffb15de5000 	C:\WINDOWS\System32\RPCRT4.dll
0x00007ffb13ad0000 - 0x00007ffb13c1a000 	C:\WINDOWS\System32\USER32.dll
0x00007ffb13050000 - 0x00007ffb1306e000 	C:\WINDOWS\System32\win32u.dll
0x00007ffb15fb0000 - 0x00007ffb15fd7000 	C:\WINDOWS\System32\GDI32.dll
0x00007ffb12710000 - 0x00007ffb12899000 	C:\WINDOWS\System32\gdi32full.dll
0x00007ffb12670000 - 0x00007ffb1270a000 	C:\WINDOWS\System32\msvcp_win.dll
0x00007ffb12570000 - 0x00007ffb12666000 	C:\WINDOWS\System32\ucrtbase.dll
0x00007ffb07c00000 - 0x00007ffb07e67000 	C:\WINDOWS\WinSxS\amd64_microsoft.windows.common-controls_6595b64144ccf1df_6.0.15063.0_none_108e4f62dfe5d999\COMCTL32.dll
0x00007ffb155b0000 - 0x00007ffb158a9000 	C:\WINDOWS\System32\combase.dll
0x00007ffb122b0000 - 0x00007ffb1231a000 	C:\WINDOWS\System32\bcryptPrimitives.dll
0x00007ffb13f70000 - 0x00007ffb13f9d000 	C:\WINDOWS\System32\IMM32.DLL
0x0000000052c70000 - 0x0000000052d42000 	C:\Program Files\Android\Android Studio\jre\jre\bin\msvcr100.dll
0x0000000052d50000 - 0x000000005358c000 	C:\Program Files\Android\Android Studio\jre\jre\bin\server\jvm.dll
0x00007ffb161a0000 - 0x00007ffb161a8000 	C:\WINDOWS\System32\PSAPI.DLL
0x00007ffb00600000 - 0x00007ffb00609000 	C:\WINDOWS\SYSTEM32\WSOCK32.dll
0x00007ffb13a60000 - 0x00007ffb13acc000 	C:\WINDOWS\System32\WS2_32.dll
0x00007ffb104a0000 - 0x00007ffb104c3000 	C:\WINDOWS\SYSTEM32\WINMM.dll
0x00007ffb00610000 - 0x00007ffb0061a000 	C:\WINDOWS\SYSTEM32\VERSION.dll
0x00007ffb10410000 - 0x00007ffb1043b000 	C:\WINDOWS\SYSTEM32\WINMMBASE.dll
0x00007ffb13070000 - 0x00007ffb130b9000 	C:\WINDOWS\System32\cfgmgr32.dll
0x00007ffaf3bb0000 - 0x00007ffaf3bbf000 	C:\Program Files\Android\Android Studio\jre\jre\bin\verify.dll
0x00007ffae6400000 - 0x00007ffae6429000 	C:\Program Files\Android\Android Studio\jre\jre\bin\java.dll
0x00007ffaeb470000 - 0x00007ffaeb486000 	C:\Program Files\Android\Android Studio\jre\jre\bin\zip.dll
0x00007ffb14170000 - 0x00007ffb155a7000 	C:\WINDOWS\System32\SHELL32.dll
0x00007ffb16260000 - 0x00007ffb1630a000 	C:\WINDOWS\System32\shcore.dll
0x00007ffb12950000 - 0x00007ffb13042000 	C:\WINDOWS\System32\windows.storage.dll
0x00007ffb13c20000 - 0x00007ffb13c71000 	C:\WINDOWS\System32\shlwapi.dll
0x00007ffb12060000 - 0x00007ffb12071000 	C:\WINDOWS\System32\kernel.appcore.dll
0x00007ffb11fd0000 - 0x00007ffb1201c000 	C:\WINDOWS\System32\powrprof.dll
0x00007ffb12020000 - 0x00007ffb12035000 	C:\WINDOWS\System32\profapi.dll

VM Arguments:
jvm_args: -Djava.awt.headless=true -Xmx1024M -Dfile.encoding=windows-1252 -Duser.country=GT -Duser.language=es -Duser.variant 
java_command: com.android.dx.command.Main --dex --num-threads=4 --output C:\Android Studio WorkSpace\TDPSYNC\app\build\intermediates\pre-dexed\debug\support-annotations-24.2.1_98299755e74545eaae38d43e605e356443165631.jar C:\Users\Isaias\AppData\Local\Android\sdk\extras\android\m2repository\com\android\support\support-annotations\24.2.1\support-annotations-24.2.1.jar
java_class_path (initial): C:\Users\Isaias\AppData\Local\Android\sdk\build-tools\25.0.0\lib\dx.jar
Launcher Type: SUN_STANDARD

Environment Variables:
PATH=C:\ProgramData\Oracle\Java\javapath;C:\Program Files (x86)\Intel\iCLS Client\;C:\Program Files\Intel\iCLS Client\;C:\WINDOWS\system32;C:\WINDOWS;C:\WINDOWS\System32\Wbem;C:\WINDOWS\System32\WindowsPowerShell\v1.0\;C:\Program Files\Intel\Intel(R) Management Engine Components\DAL;C:\Program Files (x86)\Intel\Intel(R) Management Engine Components\DAL;C:\Program Files\Intel\Intel(R) Management Engine Components\IPT;C:\Program Files (x86)\Intel\Intel(R) Management Engine Components\IPT;C:\Program Files (x86)\Common Files\lenovo\easyplussdk\bin;C:\Program Files (x86)\Lenovo\Password Manager\;C:\Users\Isaias\AppData\Local\Microsoft\WindowsApps;
USERNAME=Isaias
OS=Windows_NT
PROCESSOR_IDENTIFIER=Intel64 Family 6 Model 69 Stepping 1, GenuineIntel



---------------  S Y S T E M  ---------------

OS: Windows 10.0 , 64 bit Build 15063 (10.0.15063.0)

CPU:total 4 (2 cores per cpu, 2 threads per core) family 6 model 69 stepping 1, cmov, cx8, fxsr, mmx, sse, sse2, sse3, ssse3, sse4.1, sse4.2, popcnt, avx, avx2, aes, clmul, erms, lzcnt, ht, tsc, tscinvbit, bmi1, bmi2

Memory: 4k page, physical 4117440k(1082936k free), swap 5548992k(380k free)

vm_info: OpenJDK 64-Bit Server VM (25.112-b06) for windows-amd64 JRE (1.8.0_112-release-b06), built on Dec  8 2016 00:54:26 by "builder" with MS VC++ 10.0 (VS2010)

time: Fri Apr 28 19:57:58 2017
elapsed time: 1 seconds (0d 0h 0m 1s)

