#
# There is insufficient memory for the Java Runtime Environment to continue.
# Native memory allocation (malloc) failed to allocate 648656 bytes for Chunk::new
# Possible reasons:
#   The system is out of physical RAM or swap space
#   In 32 bit mode, the process size limit was hit
# Possible solutions:
#   Reduce memory load on the system
#   Increase physical memory or swap space
#   Check if swap backing store is full
#   Use 64 bit Java on a 64 bit OS
#   Decrease Java heap size (-Xmx/-Xms)
#   Decrease number of Java threads
#   Decrease Java thread stack sizes (-Xss)
#   Set larger code cache with -XX:ReservedCodeCacheSize=
# This output file may be truncated or incomplete.
#
#  Out of Memory Error (allocation.cpp:390), pid=6908, tid=0x00000000000012cc
#
# JRE version: OpenJDK Runtime Environment (8.0_112-b06) (build 1.8.0_112-release-b06)
# Java VM: OpenJDK 64-Bit Server VM (25.112-b06 mixed mode windows-amd64 compressed oops)
# Failed to write core dump. Minidumps are not enabled by default on client versions of Windows
#

---------------  T H R E A D  ---------------

Current thread (0x0000000015120000):  JavaThread "C2 CompilerThread1" daemon [_thread_in_native, id=4812, stack(0x0000000016860000,0x0000000016960000)]

Stack: [0x0000000016860000,0x0000000016960000]
[error occurred during error reporting (printing stack bounds), id 0xc0000005]

Native frames: (J=compiled Java code, j=interpreted, Vv=VM code, C=native code)


Current CompileTask:
C2:   7624 1474       4       com.android.dx.ssa.LocalVariableExtractor::processBlock (383 bytes)


---------------  P R O C E S S  ---------------

Java Threads: ( => current thread )
  0x0000000016d0d800 JavaThread "pool-1-thread-4" [_thread_blocked, id=12180, stack(0x0000000017460000,0x0000000017560000)]
  0x0000000016d0c800 JavaThread "pool-1-thread-3" [_thread_blocked, id=4448, stack(0x0000000017360000,0x0000000017460000)]
  0x0000000016d0b000 JavaThread "pool-1-thread-2" [_thread_in_Java, id=11236, stack(0x0000000017260000,0x0000000017360000)]
  0x0000000016d03000 JavaThread "pool-2-thread-1" [_thread_blocked, id=12264, stack(0x0000000017160000,0x0000000017260000)]
  0x0000000016d02800 JavaThread "pool-1-thread-1" [_thread_blocked, id=8680, stack(0x0000000017060000,0x0000000017160000)]
  0x000000001512e000 JavaThread "Service Thread" daemon [_thread_blocked, id=12032, stack(0x0000000016e60000,0x0000000016f60000)]
  0x000000001512b800 JavaThread "C1 CompilerThread2" daemon [_thread_blocked, id=10036, stack(0x0000000016960000,0x0000000016a60000)]
=>0x0000000015120000 JavaThread "C2 CompilerThread1" daemon [_thread_in_native, id=4812, stack(0x0000000016860000,0x0000000016960000)]
  0x00000000150cb800 JavaThread "C2 CompilerThread0" daemon [_thread_blocked, id=11272, stack(0x0000000016760000,0x0000000016860000)]
  0x00000000150ca000 JavaThread "Attach Listener" daemon [_thread_blocked, id=4780, stack(0x0000000016660000,0x0000000016760000)]
  0x00000000150c9000 JavaThread "Signal Dispatcher" daemon [_thread_blocked, id=4188, stack(0x0000000016560000,0x0000000016660000)]
  0x00000000029fb000 JavaThread "Finalizer" daemon [_thread_blocked, id=108, stack(0x0000000016350000,0x0000000016450000)]
  0x00000000029f0800 JavaThread "Reference Handler" daemon [_thread_blocked, id=8404, stack(0x0000000016250000,0x0000000016350000)]
  0x0000000002900800 JavaThread "main" [_thread_in_vm, id=1344, stack(0x0000000002700000,0x0000000002800000)]

Other Threads:
  0x0000000015095800 VMThread [stack: 0x0000000016150000,0x0000000016250000] [id=9532]
  0x0000000016a6c000 WatcherThread [stack: 0x0000000016f60000,0x0000000017060000] [id=11488]

VM state:not at safepoint (normal execution)

VM Mutex/Monitor currently owned by a thread:  ([mutex/lock_event])
[0x0000000000b2b810] CodeCache_lock - owner thread: 0x0000000000000000

Heap:
 PSYoungGen      total 35328K, used 29811K [0x00000000eab00000, 0x00000000ed000000, 0x0000000100000000)
  eden space 32768K, 83% used [0x00000000eab00000,0x00000000ec5a3190,0x00000000ecb00000)
  from space 2560K, 99% used [0x00000000ecd80000,0x00000000ecff9c88,0x00000000ed000000)
  to   space 2560K, 0% used [0x00000000ecb00000,0x00000000ecb00000,0x00000000ecd80000)
 ParOldGen       total 44032K, used 2150K [0x00000000c0000000, 0x00000000c2b00000, 0x00000000eab00000)
  object space 44032K, 4% used [0x00000000c0000000,0x00000000c0219b90,0x00000000c2b00000)
 Metaspace       used 6008K, capacity 7088K, committed 7296K, reserved 1056768K
  class space    used 566K, capacity 616K, committed 640K, reserved 1048576K

Card table byte_map: [0x0000000011dc0000,0x0000000011fd0000] byte_map_base: 0x00000000117c0000

Marking Bits: (ParMarkBitMap*) 0x00000000535118f0
 Begin Bits: [0x0000000012530000, 0x0000000013530000)
 End Bits:   [0x0000000013530000, 0x0000000014530000)

Polling page: 0x00000000007f0000

CodeCache: size=245760Kb used=6518Kb max_used=6528Kb free=239241Kb
 bounds [0x0000000002a00000, 0x0000000003070000, 0x0000000011a00000]
 total_blobs=1772 nmethods=1510 adapters=176
 compilation: enabled

Compilation events (10 events):
Event: 7.602 Thread 0x00000000150cb800 1485       4       java.lang.StringBuilder::append (8 bytes)
Event: 7.612 Thread 0x00000000150cb800 nmethod 1485 0x000000000305dd90 code [0x000000000305dee0, 0x000000000305e318]
Event: 7.612 Thread 0x00000000150cb800 1469       4       com.android.dx.rop.code.Insn::getLocalAssignment (48 bytes)
Event: 7.614 Thread 0x00000000150cb800 nmethod 1469 0x000000000305d990 code [0x000000000305dae0, 0x000000000305dbd8]
Event: 7.614 Thread 0x00000000150cb800 1471       4       com.android.dx.rop.code.ThrowingCstInsn::withNewRegisters (25 bytes)
Event: 7.618 Thread 0x00000000150cb800 nmethod 1471 0x0000000003064dd0 code [0x0000000003064f20, 0x0000000003065158]
Event: 7.618 Thread 0x00000000150cb800 1491       4       com.android.dx.util.ByteArray::getUnsignedByte0 (16 bytes)
Event: 7.619 Thread 0x00000000150cb800 nmethod 1491 0x000000000305b3d0 code [0x000000000305b500, 0x000000000305b598]
Event: 7.619 Thread 0x00000000150cb800 1490       4       com.android.dx.rop.type.Type::isIntlike (56 bytes)
Event: 7.620 Thread 0x00000000150cb800 nmethod 1490 0x0000000002e61fd0 code [0x0000000002e62100, 0x0000000002e62178]

GC Heap History (4 events):
Event: 2.740 GC heap before
{Heap before GC invocations=1 (full 0):
 PSYoungGen      total 18944K, used 16384K [0x00000000eab00000, 0x00000000ec000000, 0x0000000100000000)
  eden space 16384K, 100% used [0x00000000eab00000,0x00000000ebb00000,0x00000000ebb00000)
  from space 2560K, 0% used [0x00000000ebd80000,0x00000000ebd80000,0x00000000ec000000)
  to   space 2560K, 0% used [0x00000000ebb00000,0x00000000ebb00000,0x00000000ebd80000)
 ParOldGen       total 44032K, used 0K [0x00000000c0000000, 0x00000000c2b00000, 0x00000000eab00000)
  object space 44032K, 0% used [0x00000000c0000000,0x00000000c0000000,0x00000000c2b00000)
 Metaspace       used 5265K, capacity 6448K, committed 6528K, reserved 1056768K
  class space    used 556K, capacity 616K, committed 640K, reserved 1048576K
Event: 3.196 GC heap after
Heap after GC invocations=1 (full 0):
 PSYoungGen      total 18944K, used 2552K [0x00000000eab00000, 0x00000000ed000000, 0x0000000100000000)
  eden space 16384K, 0% used [0x00000000eab00000,0x00000000eab00000,0x00000000ebb00000)
  from space 2560K, 99% used [0x00000000ebb00000,0x00000000ebd7e068,0x00000000ebd80000)
  to   space 2560K, 0% used [0x00000000ecd80000,0x00000000ecd80000,0x00000000ed000000)
 ParOldGen       total 44032K, used 555K [0x00000000c0000000, 0x00000000c2b00000, 0x00000000eab00000)
  object space 44032K, 1% used [0x00000000c0000000,0x00000000c008ae08,0x00000000c2b00000)
 Metaspace       used 5265K, capacity 6448K, committed 6528K, reserved 1056768K
  class space    used 556K, capacity 616K, committed 640K, reserved 1048576K
}
Event: 5.349 GC heap before
{Heap before GC invocations=2 (full 0):
 PSYoungGen      total 18944K, used 18936K [0x00000000eab00000, 0x00000000ed000000, 0x0000000100000000)
  eden space 16384K, 100% used [0x00000000eab00000,0x00000000ebb00000,0x00000000ebb00000)
  from space 2560K, 99% used [0x00000000ebb00000,0x00000000ebd7e068,0x00000000ebd80000)
  to   space 2560K, 0% used [0x00000000ecd80000,0x00000000ecd80000,0x00000000ed000000)
 ParOldGen       total 44032K, used 555K [0x00000000c0000000, 0x00000000c2b00000, 0x00000000eab00000)
  object space 44032K, 1% used [0x00000000c0000000,0x00000000c008ae08,0x00000000c2b00000)
 Metaspace       used 5849K, capacity 6960K, committed 7040K, reserved 1056768K
  class space    used 566K, capacity 616K, committed 640K, reserved 1048576K
Event: 5.692 GC heap after
Heap after GC invocations=2 (full 0):
 PSYoungGen      total 35328K, used 2535K [0x00000000eab00000, 0x00000000ed000000, 0x0000000100000000)
  eden space 32768K, 0% used [0x00000000eab00000,0x00000000eab00000,0x00000000ecb00000)
  from space 2560K, 99% used [0x00000000ecd80000,0x00000000ecff9c88,0x00000000ed000000)
  to   space 2560K, 0% used [0x00000000ecb00000,0x00000000ecb00000,0x00000000ecd80000)
 ParOldGen       total 44032K, used 2150K [0x00000000c0000000, 0x00000000c2b00000, 0x00000000eab00000)
  object space 44032K, 4% used [0x00000000c0000000,0x00000000c0219b90,0x00000000c2b00000)
 Metaspace       used 5849K, capacity 6960K, committed 7040K, reserved 1056768K
  class space    used 566K, capacity 616K, committed 640K, reserved 1048576K
}

Deoptimization events (10 events):
Event: 4.216 Thread 0x0000000016d0c800 Uncommon trap: reason=class_check action=maybe_recompile pc=0x0000000002d91c8c method=com.android.dx.rop.type.Type.equals(Ljava/lang/Object;)Z @ 8
Event: 4.216 Thread 0x0000000016d0c800 Uncommon trap: reason=unstable_if action=reinterpret pc=0x0000000002d91c70 method=com.android.dx.rop.code.RegisterSpec.equals(ILcom/android/dx/rop/type/TypeBearer;Lcom/android/dx/rop/code/LocalItem;)Z @ 16
Event: 4.545 Thread 0x0000000016d0b000 Uncommon trap: reason=unstable_if action=reinterpret pc=0x0000000002e0f6ac method=com.android.dx.rop.code.RegisterSpecSet.put(Lcom/android/dx/rop/code/RegisterSpec;)V @ 77
Event: 4.545 Thread 0x0000000016d0b000 Uncommon trap: reason=unstable_if action=reinterpret pc=0x0000000002e2faac method=com.android.dx.rop.code.RegisterSpecSet.put(Lcom/android/dx/rop/code/RegisterSpec;)V @ 77
Event: 6.419 Thread 0x0000000016d0b000 Uncommon trap: reason=null_check action=make_not_entrant pc=0x0000000002cf76e0 method=com.android.dx.ssa.SsaRenamer.getLocalForNewReg(I)Lcom/android/dx/rop/code/LocalItem; @ 19
Event: 7.495 Thread 0x0000000002900800 Uncommon trap: reason=bimorphic action=maybe_recompile pc=0x0000000002fde0c0 method=com.android.dx.cf.code.BytecodeArray.parseInstruction(ILcom/android/dx/cf/code/BytecodeArray$Visitor;)I @ 1130
Event: 7.495 Thread 0x0000000002900800 Uncommon trap: reason=uninitialized action=reinterpret pc=0x0000000002fddc10 method=com.android.dx.cf.code.BytecodeArray.parseInstruction(ILcom/android/dx/cf/code/BytecodeArray$Visitor;)I @ 1047
Event: 7.506 Thread 0x0000000002900800 Uncommon trap: reason=unstable_if action=reinterpret pc=0x0000000002dbc41c method=com.android.dx.rop.cst.Constant.compareTo(Lcom/android/dx/rop/cst/Constant;)I @ 12
Event: 7.510 Thread 0x0000000002900800 Uncommon trap: reason=null_check action=make_not_entrant pc=0x0000000002e35a68 method=com.android.dx.rop.type.Type.equals(Ljava/lang/Object;)Z @ 8
Event: 7.511 Thread 0x0000000002900800 Uncommon trap: reason=unstable_if action=reinterpret pc=0x0000000002ffcb14 method=com.android.dx.ssa.SsaRenamer$BlockRenamer.process()V @ 90

Internal exceptions (4 events):
Event: 0.061 Thread 0x0000000002900800 Exception <a 'java/lang/NoSuchMethodError': Method sun.misc.Unsafe.defineClass(Ljava/lang/String;[BII)Ljava/lang/Class; name or signature does not match> (0x00000000eab07c78) thrown at [C:\src\android\AOSP-openjdk\external\jetbrains\jdk\hotspot\src\share\v¬¨ít.¯?
Event: 0.061 Thread 0x0000000002900800 Exception <a 'java/lang/NoSuchMethodError': Method sun.misc.Unsafe.prefetchRead(Ljava/lang/Object;J)V name or signature does not match> (0x00000000eab07f60) thrown at [C:\src\android\AOSP-openjdk\external\jetbrains\jdk\hotspot\src\share\vm\prims\jni.cpp, lqª˜c$­@
Event: 6.419 Thread 0x0000000016d0b000 Implicit null exception at 0x0000000002cf5431 to 0x0000000002cf76c1
Event: 7.510 Thread 0x0000000002900800 Implicit null exception at 0x0000000002e35962 to 0x0000000002e35a5a

Events (10 events):
Event: 7.495 Thread 0x0000000002900800 DEOPT UNPACKING pc=0x0000000002a4556a sp=0x00000000027fe600 mode 2
Event: 7.506 Thread 0x0000000002900800 Uncommon trap: trap_request=0xffffff65 fr.pc=0x0000000002dbc41c
Event: 7.506 Thread 0x0000000002900800 DEOPT PACKING pc=0x0000000002dbc41c sp=0x00000000027fe160
Event: 7.506 Thread 0x0000000002900800 DEOPT UNPACKING pc=0x0000000002a4556a sp=0x00000000027fe100 mode 2
Event: 7.510 Thread 0x0000000002900800 Uncommon trap: trap_request=0xfffffff4 fr.pc=0x0000000002e35a68
Event: 7.510 Thread 0x0000000002900800 DEOPT PACKING pc=0x0000000002e35a68 sp=0x00000000027fe1f0
Event: 7.510 Thread 0x0000000002900800 DEOPT UNPACKING pc=0x0000000002a4556a sp=0x00000000027fe178 mode 2
Event: 7.511 Thread 0x0000000002900800 Uncommon trap: trap_request=0xffffff65 fr.pc=0x0000000002ffcb14
Event: 7.511 Thread 0x0000000002900800 DEOPT PACKING pc=0x0000000002ffcb14 sp=0x00000000027fe570
Event: 7.511 Thread 0x0000000002900800 DEOPT UNPACKING pc=0x0000000002a4556a sp=0x00000000027fe550 mode 2


Dynamic libraries:
0x00007ff605d70000 - 0x00007ff605da1000 	C:\Program Files\Android\Android Studio\jre\bin\java.exe
0x00007ffb16310000 - 0x00007ffb164eb000 	C:\WINDOWS\SYSTEM32\ntdll.dll
0x00007ffb161b0000 - 0x00007ffb1625e000 	C:\WINDOWS\System32\KERNEL32.DLL
0x00007ffb12320000 - 0x00007ffb12569000 	C:\WINDOWS\System32\KERNELBASE.dll
0x00007ffb160f0000 - 0x00007ffb16191000 	C:\WINDOWS\System32\ADVAPI32.dll
0x00007ffb15f10000 - 0x00007ffb15fad000 	C:\WINDOWS\System32\msvcrt.dll
0x00007ffb158b0000 - 0x00007ffb15909000 	C:\WINDOWS\System32\sechost.dll
0x00007ffb15cc0000 - 0x00007ffb15de5000 	C:\WINDOWS\System32\RPCRT4.dll
0x00007ffb13ad0000 - 0x00007ffb13c1a000 	C:\WINDOWS\System32\USER32.dll
0x00007ffb13050000 - 0x00007ffb1306e000 	C:\WINDOWS\System32\win32u.dll
0x00007ffb15fb0000 - 0x00007ffb15fd7000 	C:\WINDOWS\System32\GDI32.dll
0x00007ffb12710000 - 0x00007ffb12899000 	C:\WINDOWS\System32\gdi32full.dll
0x00007ffb12670000 - 0x00007ffb1270a000 	C:\WINDOWS\System32\msvcp_win.dll
0x00007ffb12570000 - 0x00007ffb12666000 	C:\WINDOWS\System32\ucrtbase.dll
0x00007ffb07c00000 - 0x00007ffb07e67000 	C:\WINDOWS\WinSxS\amd64_microsoft.windows.common-controls_6595b64144ccf1df_6.0.15063.0_none_108e4f62dfe5d999\COMCTL32.dll
0x00007ffb155b0000 - 0x00007ffb158a9000 	C:\WINDOWS\System32\combase.dll
0x00007ffb122b0000 - 0x00007ffb1231a000 	C:\WINDOWS\System32\bcryptPrimitives.dll
0x00007ffb13f70000 - 0x00007ffb13f9d000 	C:\WINDOWS\System32\IMM32.DLL
0x0000000052c70000 - 0x0000000052d42000 	C:\Program Files\Android\Android Studio\jre\jre\bin\msvcr100.dll
0x0000000052d50000 - 0x000000005358c000 	C:\Program Files\Android\Android Studio\jre\jre\bin\server\jvm.dll
0x00007ffb161a0000 - 0x00007ffb161a8000 	C:\WINDOWS\System32\PSAPI.DLL
0x00007ffb00600000 - 0x00007ffb00609000 	C:\WINDOWS\SYSTEM32\WSOCK32.dll
0x00007ffb13a60000 - 0x00007ffb13acc000 	C:\WINDOWS\System32\WS2_32.dll
0x00007ffb104a0000 - 0x00007ffb104c3000 	C:\WINDOWS\SYSTEM32\WINMM.dll
0x00007ffb00610000 - 0x00007ffb0061a000 	C:\WINDOWS\SYSTEM32\VERSION.dll
0x00007ffb10410000 - 0x00007ffb1043b000 	C:\WINDOWS\SYSTEM32\WINMMBASE.dll
0x00007ffb13070000 - 0x00007ffb130b9000 	C:\WINDOWS\System32\cfgmgr32.dll
0x00007ffaf3bb0000 - 0x00007ffaf3bbf000 	C:\Program Files\Android\Android Studio\jre\jre\bin\verify.dll
0x00007ffae6400000 - 0x00007ffae6429000 	C:\Program Files\Android\Android Studio\jre\jre\bin\java.dll
0x00007ffaeb470000 - 0x00007ffaeb486000 	C:\Program Files\Android\Android Studio\jre\jre\bin\zip.dll
0x00007ffb14170000 - 0x00007ffb155a7000 	C:\WINDOWS\System32\SHELL32.dll
0x00007ffb16260000 - 0x00007ffb1630a000 	C:\WINDOWS\System32\shcore.dll
0x00007ffb12950000 - 0x00007ffb13042000 	C:\WINDOWS\System32\windows.storage.dll
0x00007ffb13c20000 - 0x00007ffb13c71000 	C:\WINDOWS\System32\shlwapi.dll
0x00007ffb12060000 - 0x00007ffb12071000 	C:\WINDOWS\System32\kernel.appcore.dll
0x00007ffb11fd0000 - 0x00007ffb1201c000 	C:\WINDOWS\System32\powrprof.dll
0x00007ffb12020000 - 0x00007ffb12035000 	C:\WINDOWS\System32\profapi.dll

VM Arguments:
jvm_args: -Djava.awt.headless=true -Xmx1024M -Dfile.encoding=windows-1252 -Duser.country=GT -Duser.language=es -Duser.variant 
java_command: com.android.dx.command.Main --dex --num-threads=4 --output C:\Android Studio WorkSpace\TDPSYNC\app\build\intermediates\pre-dexed\debug\classes_6855700adf35bad1ffb701163afa1dcf7cd0e057.jar C:\Users\Isaias\.android\build-cache\4dd8bf4a2066541b141cc9aec33a4a404695e7ae\output\jars\classes.jar
java_class_path (initial): C:\Users\Isaias\AppData\Local\Android\sdk\build-tools\25.0.0\lib\dx.jar
Launcher Type: SUN_STANDARD

Environment Variables:
PATH=C:\ProgramData\Oracle\Java\javapath;C:\Program Files (x86)\Intel\iCLS Client\;C:\Program Files\Intel\iCLS Client\;C:\WINDOWS\system32;C:\WINDOWS;C:\WINDOWS\System32\Wbem;C:\WINDOWS\System32\WindowsPowerShell\v1.0\;C:\Program Files\Intel\Intel(R) Management Engine Components\DAL;C:\Program Files (x86)\Intel\Intel(R) Management Engine Components\DAL;C:\Program Files\Intel\Intel(R) Management Engine Components\IPT;C:\Program Files (x86)\Intel\Intel(R) Management Engine Components\IPT;C:\Program Files (x86)\Common Files\lenovo\easyplussdk\bin;C:\Program Files (x86)\Lenovo\Password Manager\;C:\Users\Isaias\AppData\Local\Microsoft\WindowsApps;
USERNAME=Isaias
OS=Windows_NT
PROCESSOR_IDENTIFIER=Intel64 Family 6 Model 69 Stepping 1, GenuineIntel



---------------  S Y S T E M  ---------------

OS: Windows 10.0 , 64 bit Build 15063 (10.0.15063.0)

CPU:total 4 (2 cores per cpu, 2 threads per core) family 6 model 69 stepping 1, cmov, cx8, fxsr, mmx, sse, sse2, sse3, ssse3, sse4.1, sse4.2, popcnt, avx, avx2, aes, clmul, erms, lzcnt, ht, tsc, tscinvbit, bmi1, bmi2

Memory: 4k page, physical 4117440k(918920k free), swap 5548992k(6384k free)

vm_info: OpenJDK 64-Bit Server VM (25.112-b06) for windows-amd64 JRE (1.8.0_112-release-b06), built on Dec  8 2016 00:54:26 by "builder" with MS VC++ 10.0 (VS2010)

time: Fri Apr 28 21:50:11 2017
elapsed time: 7 seconds (0d 0h 0m 7s)

