#
# There is insufficient memory for the Java Runtime Environment to continue.
# Native memory allocation (malloc) failed to allocate 131504 bytes for Chunk::new
# Possible reasons:
#   The system is out of physical RAM or swap space
#   In 32 bit mode, the process size limit was hit
# Possible solutions:
#   Reduce memory load on the system
#   Increase physical memory or swap space
#   Check if swap backing store is full
#   Use 64 bit Java on a 64 bit OS
#   Decrease Java heap size (-Xmx/-Xms)
#   Decrease number of Java threads
#   Decrease Java thread stack sizes (-Xss)
#   Set larger code cache with -XX:ReservedCodeCacheSize=
# This output file may be truncated or incomplete.
#
#  Out of Memory Error (allocation.cpp:390), pid=7908, tid=0x000000000000075c
#
# JRE version: OpenJDK Runtime Environment (8.0_112-b06) (build 1.8.0_112-release-b06)
# Java VM: OpenJDK 64-Bit Server VM (25.112-b06 mixed mode windows-amd64 compressed oops)
# Failed to write core dump. Minidumps are not enabled by default on client versions of Windows
#

---------------  T H R E A D  ---------------

Current thread (0x0000000015518000):  JavaThread "C2 CompilerThread1" daemon [_thread_in_native, id=1884, stack(0x0000000016cb0000,0x0000000016db0000)]

Stack: [0x0000000016cb0000,0x0000000016db0000]
[error occurred during error reporting (printing stack bounds), id 0xc0000005]

Native frames: (J=compiled Java code, j=interpreted, Vv=VM code, C=native code)


Current CompileTask:
C2:   2308 1139       4       com.android.dx.ssa.back.LivenessAnalyzer::run (231 bytes)


---------------  P R O C E S S  ---------------

Java Threads: ( => current thread )
  0x000000001712d800 JavaThread "pool-1-thread-4" [_thread_in_Java, id=7956, stack(0x00000000178b0000,0x00000000179b0000)]
  0x000000001712a000 JavaThread "pool-1-thread-3" [_thread_blocked, id=9828, stack(0x00000000177b0000,0x00000000178b0000)]
  0x0000000017124800 JavaThread "pool-1-thread-2" [_thread_in_Java, id=8692, stack(0x00000000176b0000,0x00000000177b0000)]
  0x0000000017115000 JavaThread "pool-2-thread-1" [_thread_blocked, id=4812, stack(0x00000000175b0000,0x00000000176b0000)]
  0x0000000017110800 JavaThread "pool-1-thread-1" [_thread_in_vm, id=2876, stack(0x00000000174b0000,0x00000000175b0000)]
  0x000000001557d800 JavaThread "Service Thread" daemon [_thread_blocked, id=7928, stack(0x00000000172b0000,0x00000000173b0000)]
  0x000000001551e800 JavaThread "C1 CompilerThread2" daemon [_thread_blocked, id=3228, stack(0x0000000016db0000,0x0000000016eb0000)]
=>0x0000000015518000 JavaThread "C2 CompilerThread1" daemon [_thread_in_native, id=1884, stack(0x0000000016cb0000,0x0000000016db0000)]
  0x0000000015527800 JavaThread "C2 CompilerThread0" daemon [_thread_blocked, id=4724, stack(0x0000000016bb0000,0x0000000016cb0000)]
  0x0000000015526000 JavaThread "Attach Listener" daemon [_thread_blocked, id=7516, stack(0x0000000016ab0000,0x0000000016bb0000)]
  0x0000000015524800 JavaThread "Signal Dispatcher" daemon [_thread_blocked, id=8356, stack(0x00000000169b0000,0x0000000016ab0000)]
  0x0000000002e4c000 JavaThread "Finalizer" daemon [_thread_blocked, id=5360, stack(0x00000000167a0000,0x00000000168a0000)]
  0x0000000002e41800 JavaThread "Reference Handler" daemon [_thread_blocked, id=6884, stack(0x00000000166a0000,0x00000000167a0000)]
  0x0000000002d50800 JavaThread "main" [_thread_blocked, id=3644, stack(0x0000000002c50000,0x0000000002d50000)]

Other Threads:
  0x00000000154e5800 VMThread [stack: 0x00000000165a0000,0x00000000166a0000] [id=10888]
  0x0000000016eba000 WatcherThread [stack: 0x00000000173b0000,0x00000000174b0000] [id=2832]

VM state:not at safepoint (normal execution)

VM Mutex/Monitor currently owned by a thread: None

Heap:
 PSYoungGen      total 35328K, used 9012K [0x00000000eab00000, 0x00000000ed000000, 0x0000000100000000)
  eden space 32768K, 19% used [0x00000000eab00000,0x00000000eb1512b8,0x00000000ecb00000)
  from space 2560K, 99% used [0x00000000ecd80000,0x00000000ecffc038,0x00000000ed000000)
  to   space 2560K, 0% used [0x00000000ecb00000,0x00000000ecb00000,0x00000000ecd80000)
 ParOldGen       total 44032K, used 3345K [0x00000000c0000000, 0x00000000c2b00000, 0x00000000eab00000)
  object space 44032K, 7% used [0x00000000c0000000,0x00000000c03446f8,0x00000000c2b00000)
 Metaspace       used 5755K, capacity 6896K, committed 7040K, reserved 1056768K
  class space    used 560K, capacity 616K, committed 640K, reserved 1048576K

Card table byte_map: [0x0000000012210000,0x0000000012420000] byte_map_base: 0x0000000011c10000

Marking Bits: (ParMarkBitMap*) 0x00000000535118f0
 Begin Bits: [0x0000000012980000, 0x0000000013980000)
 End Bits:   [0x0000000013980000, 0x0000000014980000)

Polling page: 0x0000000000ef0000

CodeCache: size=245760Kb used=4576Kb max_used=4576Kb free=241183Kb
 bounds [0x0000000002e50000, 0x00000000032d0000, 0x0000000011e50000]
 total_blobs=1404 nmethods=1142 adapters=176
 compilation: enabled

Compilation events (10 events):
Event: 2.298 Thread 0x000000001551e800 1151       3       com.android.dx.ssa.SsaBasicBlock::replaceSuccessor (125 bytes)
Event: 2.300 Thread 0x000000001551e800 nmethod 1151 0x00000000032ad690 code [0x00000000032ad920, 0x00000000032ae798]
Event: 2.300 Thread 0x000000001551e800 1149       3       com.android.dx.ssa.ConstCollector::updateConstUses (248 bytes)
Event: 2.304 Thread 0x000000001551e800 nmethod 1149 0x00000000032c6850 code [0x00000000032c6c20, 0x00000000032c9258]
Event: 2.304 Thread 0x000000001551e800 1154       3       com.android.dx.rop.cst.CstMemberRef::<init> (43 bytes)
Event: 2.304 Thread 0x000000001551e800 nmethod 1154 0x00000000032ace90 code [0x00000000032ad040, 0x00000000032ad4b8]
Event: 2.304 Thread 0x000000001551e800 1156       3       com.android.dx.cf.code.LocalVariableList$Item::<init> (115 bytes)
Event: 2.305 Thread 0x000000001551e800 nmethod 1156 0x00000000032ca950 code [0x00000000032cab40, 0x00000000032cb228]
Event: 2.305 Thread 0x000000001551e800 1157       3       com.android.dx.rop.type.StdTypeList::getType (6 bytes)
Event: 2.305 Thread 0x000000001551e800 nmethod 1157 0x00000000032ac850 code [0x00000000032ac9c0, 0x00000000032acd88]

GC Heap History (4 events):
Event: 0.973 GC heap before
{Heap before GC invocations=1 (full 0):
 PSYoungGen      total 18944K, used 16384K [0x00000000eab00000, 0x00000000ec000000, 0x0000000100000000)
  eden space 16384K, 100% used [0x00000000eab00000,0x00000000ebb00000,0x00000000ebb00000)
  from space 2560K, 0% used [0x00000000ebd80000,0x00000000ebd80000,0x00000000ec000000)
  to   space 2560K, 0% used [0x00000000ebb00000,0x00000000ebb00000,0x00000000ebd80000)
 ParOldGen       total 44032K, used 0K [0x00000000c0000000, 0x00000000c2b00000, 0x00000000eab00000)
  object space 44032K, 0% used [0x00000000c0000000,0x00000000c0000000,0x00000000c2b00000)
 Metaspace       used 5522K, capacity 6704K, committed 6784K, reserved 1056768K
  class space    used 558K, capacity 616K, committed 640K, reserved 1048576K
Event: 1.001 GC heap after
Heap after GC invocations=1 (full 0):
 PSYoungGen      total 18944K, used 2538K [0x00000000eab00000, 0x00000000ed000000, 0x0000000100000000)
  eden space 16384K, 0% used [0x00000000eab00000,0x00000000eab00000,0x00000000ebb00000)
  from space 2560K, 99% used [0x00000000ebb00000,0x00000000ebd7aaa8,0x00000000ebd80000)
  to   space 2560K, 0% used [0x00000000ecd80000,0x00000000ecd80000,0x00000000ed000000)
 ParOldGen       total 44032K, used 1520K [0x00000000c0000000, 0x00000000c2b00000, 0x00000000eab00000)
  object space 44032K, 3% used [0x00000000c0000000,0x00000000c017c090,0x00000000c2b00000)
 Metaspace       used 5522K, capacity 6704K, committed 6784K, reserved 1056768K
  class space    used 558K, capacity 616K, committed 640K, reserved 1048576K
}
Event: 1.812 GC heap before
{Heap before GC invocations=2 (full 0):
 PSYoungGen      total 18944K, used 18922K [0x00000000eab00000, 0x00000000ed000000, 0x0000000100000000)
  eden space 16384K, 100% used [0x00000000eab00000,0x00000000ebb00000,0x00000000ebb00000)
  from space 2560K, 99% used [0x00000000ebb00000,0x00000000ebd7aaa8,0x00000000ebd80000)
  to   space 2560K, 0% used [0x00000000ecd80000,0x00000000ecd80000,0x00000000ed000000)
 ParOldGen       total 44032K, used 1520K [0x00000000c0000000, 0x00000000c2b00000, 0x00000000eab00000)
  object space 44032K, 3% used [0x00000000c0000000,0x00000000c017c090,0x00000000c2b00000)
 Metaspace       used 5694K, capacity 6832K, committed 7040K, reserved 1056768K
  class space    used 560K, capacity 616K, committed 640K, reserved 1048576K
Event: 1.872 GC heap after
Heap after GC invocations=2 (full 0):
 PSYoungGen      total 35328K, used 2544K [0x00000000eab00000, 0x00000000ed000000, 0x0000000100000000)
  eden space 32768K, 0% used [0x00000000eab00000,0x00000000eab00000,0x00000000ecb00000)
  from space 2560K, 99% used [0x00000000ecd80000,0x00000000ecffc038,0x00000000ed000000)
  to   space 2560K, 0% used [0x00000000ecb00000,0x00000000ecb00000,0x00000000ecd80000)
 ParOldGen       total 44032K, used 3345K [0x00000000c0000000, 0x00000000c2b00000, 0x00000000eab00000)
  object space 44032K, 7% used [0x00000000c0000000,0x00000000c03446f8,0x00000000c2b00000)
 Metaspace       used 5694K, capacity 6832K, committed 7040K, reserved 1056768K
  class space    used 560K, capacity 616K, committed 640K, reserved 1048576K
}

Deoptimization events (10 events):
Event: 0.971 Thread 0x0000000017124800 Uncommon trap: reason=unstable_if action=reinterpret pc=0x00000000030cd9b8 method=java.util.HashMap.getNode(ILjava/lang/Object;)Ljava/util/HashMap$Node; @ 129
Event: 1.099 Thread 0x0000000017110800 Uncommon trap: reason=unstable_if action=reinterpret pc=0x000000000306eab4 method=java.util.BitSet.ensureCapacity(I)V @ 6
Event: 1.205 Thread 0x000000001712d800 Uncommon trap: reason=class_check action=maybe_recompile pc=0x00000000030dff78 method=com.android.dx.rop.type.Type.equals(Ljava/lang/Object;)Z @ 8
Event: 1.205 Thread 0x000000001712d800 Uncommon trap: reason=unstable_if action=reinterpret pc=0x0000000003160dc8 method=com.android.dx.rop.code.RegisterSpec.equals(ILcom/android/dx/rop/type/TypeBearer;Lcom/android/dx/rop/code/LocalItem;)Z @ 16
Event: 1.205 Thread 0x000000001712d800 Uncommon trap: reason=class_check action=maybe_recompile pc=0x00000000030dff78 method=com.android.dx.rop.type.Type.equals(Ljava/lang/Object;)Z @ 8
Event: 1.205 Thread 0x000000001712d800 Uncommon trap: reason=class_check action=maybe_recompile pc=0x00000000030dff78 method=com.android.dx.rop.type.Type.equals(Ljava/lang/Object;)Z @ 8
Event: 1.205 Thread 0x000000001712d800 Uncommon trap: reason=class_check action=maybe_recompile pc=0x00000000030dff78 method=com.android.dx.rop.type.Type.equals(Ljava/lang/Object;)Z @ 8
Event: 1.364 Thread 0x000000001712d800 Uncommon trap: reason=null_check action=make_not_entrant pc=0x000000000317fe0c method=com.android.dx.ssa.SsaRenamer.getLocalForNewReg(I)Lcom/android/dx/rop/code/LocalItem; @ 19
Event: 1.364 Thread 0x000000001712d800 Uncommon trap: reason=null_check action=make_not_entrant pc=0x00000000030e92ec method=com.android.dx.ssa.SsaRenamer.getLocalForNewReg(I)Lcom/android/dx/rop/code/LocalItem; @ 19
Event: 1.664 Thread 0x000000001712d800 Uncommon trap: reason=unstable_if action=reinterpret pc=0x00000000030e209c method=com.android.dx.rop.cst.Constant.compareTo(Lcom/android/dx/rop/cst/Constant;)I @ 12

Internal exceptions (4 events):
Event: 0.059 Thread 0x0000000002d50800 Exception <a 'java/lang/NoSuchMethodError': Method sun.misc.Unsafe.defineClass(Ljava/lang/String;[BII)Ljava/lang/Class; name or signature does not match> (0x00000000eab07c78) thrown at [C:\src\android\AOSP-openjdk\external\jetbrains\jdk\hotspot\src\share\v"Ù­½×ƒ®?
Event: 0.060 Thread 0x0000000002d50800 Exception <a 'java/lang/NoSuchMethodError': Method sun.misc.Unsafe.prefetchRead(Ljava/lang/Object;J)V name or signature does not match> (0x00000000eab07f60) thrown at [C:\src\android\AOSP-openjdk\external\jetbrains\jdk\hotspot\src\share\vm\prims\jni.cpp, lLÂ–2ŽÒõ?
Event: 1.364 Thread 0x000000001712d800 Implicit null exception at 0x000000000317d730 to 0x000000000317fdc1
Event: 1.364 Thread 0x000000001712d800 Implicit null exception at 0x00000000030e68e8 to 0x00000000030e92cd

Events (10 events):
Event: 1.364 Thread 0x000000001712d800 DEOPT UNPACKING pc=0x0000000002e9556a sp=0x00000000179ae728 mode 2
Event: 1.588 Executing VM operation: ForceSafepoint
Event: 1.626 Executing VM operation: ForceSafepoint done
Event: 1.664 Thread 0x000000001712d800 Uncommon trap: trap_request=0xffffff65 fr.pc=0x00000000030e209c
Event: 1.664 Thread 0x000000001712d800 DEOPT PACKING pc=0x00000000030e209c sp=0x00000000179ae6c0
Event: 1.664 Thread 0x000000001712d800 DEOPT UNPACKING pc=0x0000000002e9556a sp=0x00000000179ae660 mode 2
Event: 1.690 Executing VM operation: ParallelGCFailedAllocation
Event: 1.872 Executing VM operation: ParallelGCFailedAllocation done
Event: 2.081 Thread 0x0000000002d50800 DEOPT PACKING pc=0x000000000318d3cd sp=0x0000000002d4e7c0
Event: 2.082 Thread 0x0000000002d50800 DEOPT UNPACKING pc=0x0000000002e975bf sp=0x0000000002d4e530 mode 0


Dynamic libraries:
0x00007ff605d70000 - 0x00007ff605da1000 	C:\Program Files\Android\Android Studio\jre\bin\java.exe
0x00007ffb16310000 - 0x00007ffb164eb000 	C:\WINDOWS\SYSTEM32\ntdll.dll
0x00007ffb161b0000 - 0x00007ffb1625e000 	C:\WINDOWS\System32\KERNEL32.DLL
0x00007ffb12320000 - 0x00007ffb12569000 	C:\WINDOWS\System32\KERNELBASE.dll
0x00007ffb160f0000 - 0x00007ffb16191000 	C:\WINDOWS\System32\ADVAPI32.dll
0x00007ffb15f10000 - 0x00007ffb15fad000 	C:\WINDOWS\System32\msvcrt.dll
0x00007ffb158b0000 - 0x00007ffb15909000 	C:\WINDOWS\System32\sechost.dll
0x00007ffb15cc0000 - 0x00007ffb15de5000 	C:\WINDOWS\System32\RPCRT4.dll
0x00007ffb13ad0000 - 0x00007ffb13c1a000 	C:\WINDOWS\System32\USER32.dll
0x00007ffb13050000 - 0x00007ffb1306e000 	C:\WINDOWS\System32\win32u.dll
0x00007ffb15fb0000 - 0x00007ffb15fd7000 	C:\WINDOWS\System32\GDI32.dll
0x00007ffb12710000 - 0x00007ffb12899000 	C:\WINDOWS\System32\gdi32full.dll
0x00007ffb12670000 - 0x00007ffb1270a000 	C:\WINDOWS\System32\msvcp_win.dll
0x00007ffb12570000 - 0x00007ffb12666000 	C:\WINDOWS\System32\ucrtbase.dll
0x00007ffb07c00000 - 0x00007ffb07e67000 	C:\WINDOWS\WinSxS\amd64_microsoft.windows.common-controls_6595b64144ccf1df_6.0.15063.0_none_108e4f62dfe5d999\COMCTL32.dll
0x00007ffb155b0000 - 0x00007ffb158a9000 	C:\WINDOWS\System32\combase.dll
0x00007ffb122b0000 - 0x00007ffb1231a000 	C:\WINDOWS\System32\bcryptPrimitives.dll
0x00007ffb13f70000 - 0x00007ffb13f9d000 	C:\WINDOWS\System32\IMM32.DLL
0x0000000052c70000 - 0x0000000052d42000 	C:\Program Files\Android\Android Studio\jre\jre\bin\msvcr100.dll
0x0000000052d50000 - 0x000000005358c000 	C:\Program Files\Android\Android Studio\jre\jre\bin\server\jvm.dll
0x00007ffb161a0000 - 0x00007ffb161a8000 	C:\WINDOWS\System32\PSAPI.DLL
0x00007ffb00600000 - 0x00007ffb00609000 	C:\WINDOWS\SYSTEM32\WSOCK32.dll
0x00007ffb13a60000 - 0x00007ffb13acc000 	C:\WINDOWS\System32\WS2_32.dll
0x00007ffb104a0000 - 0x00007ffb104c3000 	C:\WINDOWS\SYSTEM32\WINMM.dll
0x00007ffb10410000 - 0x00007ffb1043b000 	C:\WINDOWS\SYSTEM32\WINMMBASE.dll
0x00007ffb13070000 - 0x00007ffb130b9000 	C:\WINDOWS\System32\cfgmgr32.dll
0x00007ffb00610000 - 0x00007ffb0061a000 	C:\WINDOWS\SYSTEM32\VERSION.dll
0x00007ffaf3bb0000 - 0x00007ffaf3bbf000 	C:\Program Files\Android\Android Studio\jre\jre\bin\verify.dll
0x00007ffae6400000 - 0x00007ffae6429000 	C:\Program Files\Android\Android Studio\jre\jre\bin\java.dll
0x00007ffaeb470000 - 0x00007ffaeb486000 	C:\Program Files\Android\Android Studio\jre\jre\bin\zip.dll
0x00007ffb14170000 - 0x00007ffb155a7000 	C:\WINDOWS\System32\SHELL32.dll
0x00007ffb16260000 - 0x00007ffb1630a000 	C:\WINDOWS\System32\shcore.dll
0x00007ffb12950000 - 0x00007ffb13042000 	C:\WINDOWS\System32\windows.storage.dll
0x00007ffb13c20000 - 0x00007ffb13c71000 	C:\WINDOWS\System32\shlwapi.dll
0x00007ffb12060000 - 0x00007ffb12071000 	C:\WINDOWS\System32\kernel.appcore.dll
0x00007ffb11fd0000 - 0x00007ffb1201c000 	C:\WINDOWS\System32\powrprof.dll
0x00007ffb12020000 - 0x00007ffb12035000 	C:\WINDOWS\System32\profapi.dll

VM Arguments:
jvm_args: -Djava.awt.headless=true -Xmx1024M -Dfile.encoding=windows-1252 -Duser.country=GT -Duser.language=es -Duser.variant 
java_command: com.android.dx.command.Main --dex --num-threads=4 --output C:\Android Studio WorkSpace\TDPSYNC\app\build\intermediates\pre-dexed\debug\classes_b52610c1c8e8eeacd06c7e92ede889d3667a9ec3.jar C:\Users\Isaias\.android\build-cache\4b5e74c33245f6778b8cd3f504248201370b971b\output\jars\classes.jar
java_class_path (initial): C:\Users\Isaias\AppData\Local\Android\sdk\build-tools\25.0.0\lib\dx.jar
Launcher Type: SUN_STANDARD

Environment Variables:
PATH=C:\ProgramData\Oracle\Java\javapath;C:\Program Files (x86)\Intel\iCLS Client\;C:\Program Files\Intel\iCLS Client\;C:\WINDOWS\system32;C:\WINDOWS;C:\WINDOWS\System32\Wbem;C:\WINDOWS\System32\WindowsPowerShell\v1.0\;C:\Program Files\Intel\Intel(R) Management Engine Components\DAL;C:\Program Files (x86)\Intel\Intel(R) Management Engine Components\DAL;C:\Program Files\Intel\Intel(R) Management Engine Components\IPT;C:\Program Files (x86)\Intel\Intel(R) Management Engine Components\IPT;C:\Program Files (x86)\Common Files\lenovo\easyplussdk\bin;C:\Program Files (x86)\Lenovo\Password Manager\;C:\Users\Isaias\AppData\Local\Microsoft\WindowsApps;
USERNAME=Isaias
OS=Windows_NT
PROCESSOR_IDENTIFIER=Intel64 Family 6 Model 69 Stepping 1, GenuineIntel



---------------  S Y S T E M  ---------------

OS: Windows 10.0 , 64 bit Build 15063 (10.0.15063.0)

CPU:total 4 (2 cores per cpu, 2 threads per core) family 6 model 69 stepping 1, cmov, cx8, fxsr, mmx, sse, sse2, sse3, ssse3, sse4.1, sse4.2, popcnt, avx, avx2, aes, clmul, erms, lzcnt, ht, tsc, tscinvbit, bmi1, bmi2

Memory: 4k page, physical 4117440k(1074576k free), swap 5548992k(3720k free)

vm_info: OpenJDK 64-Bit Server VM (25.112-b06) for windows-amd64 JRE (1.8.0_112-release-b06), built on Dec  8 2016 00:54:26 by "builder" with MS VC++ 10.0 (VS2010)

time: Fri Apr 28 19:57:54 2017
elapsed time: 2 seconds (0d 0h 0m 2s)

