#
# There is insufficient memory for the Java Runtime Environment to continue.
# Native memory allocation (malloc) failed to allocate 41616 bytes for Chunk::new
# Possible reasons:
#   The system is out of physical RAM or swap space
#   In 32 bit mode, the process size limit was hit
# Possible solutions:
#   Reduce memory load on the system
#   Increase physical memory or swap space
#   Check if swap backing store is full
#   Use 64 bit Java on a 64 bit OS
#   Decrease Java heap size (-Xmx/-Xms)
#   Decrease number of Java threads
#   Decrease Java thread stack sizes (-Xss)
#   Set larger code cache with -XX:ReservedCodeCacheSize=
# This output file may be truncated or incomplete.
#
#  Out of Memory Error (allocation.cpp:390), pid=6236, tid=0x00000000000010ec
#
# JRE version: OpenJDK Runtime Environment (8.0_112-b06) (build 1.8.0_112-release-b06)
# Java VM: OpenJDK 64-Bit Server VM (25.112-b06 mixed mode windows-amd64 compressed oops)
# Failed to write core dump. Minidumps are not enabled by default on client versions of Windows
#

---------------  T H R E A D  ---------------

Current thread (0x000000001540d800):  JavaThread "C2 CompilerThread1" daemon [_thread_in_native, id=4332, stack(0x0000000016b70000,0x0000000016c70000)]

Stack: [0x0000000016b70000,0x0000000016c70000]
[error occurred during error reporting (printing stack bounds), id 0xc0000005]

Native frames: (J=compiled Java code, j=interpreted, Vv=VM code, C=native code)


Current CompileTask:
C2:   7202 1318       4       com.android.dx.ssa.InterferenceRegisterMapper::interferes (78 bytes)


---------------  P R O C E S S  ---------------

Java Threads: ( => current thread )
  0x0000000017016000 JavaThread "pool-1-thread-4" [_thread_in_vm, id=6940, stack(0x0000000017770000,0x0000000017870000)]
  0x0000000017015000 JavaThread "pool-1-thread-3" [_thread_in_Java, id=8904, stack(0x0000000017670000,0x0000000017770000)]
  0x0000000016fc0800 JavaThread "pool-1-thread-2" [_thread_blocked, id=8344, stack(0x0000000017570000,0x0000000017670000)]
  0x0000000016fb3000 JavaThread "pool-2-thread-1" [_thread_blocked, id=11136, stack(0x0000000017470000,0x0000000017570000)]
  0x0000000016fcc800 JavaThread "pool-1-thread-1" [_thread_blocked, id=7460, stack(0x0000000017370000,0x0000000017470000)]
  0x0000000016d8b000 JavaThread "Service Thread" daemon [_thread_blocked, id=3240, stack(0x0000000017170000,0x0000000017270000)]
  0x0000000015411800 JavaThread "C1 CompilerThread2" daemon [_thread_blocked, id=4188, stack(0x0000000016c70000,0x0000000016d70000)]
=>0x000000001540d800 JavaThread "C2 CompilerThread1" daemon [_thread_in_native, id=4332, stack(0x0000000016b70000,0x0000000016c70000)]
  0x000000001540a800 JavaThread "C2 CompilerThread0" daemon [_thread_in_native, id=11152, stack(0x0000000016a70000,0x0000000016b70000)]
  0x0000000015409000 JavaThread "Attach Listener" daemon [_thread_blocked, id=7344, stack(0x0000000016970000,0x0000000016a70000)]
  0x0000000015408000 JavaThread "Signal Dispatcher" daemon [_thread_blocked, id=10516, stack(0x0000000016870000,0x0000000016970000)]
  0x0000000002d3b000 JavaThread "Finalizer" daemon [_thread_blocked, id=8916, stack(0x0000000016660000,0x0000000016760000)]
  0x0000000002d30800 JavaThread "Reference Handler" daemon [_thread_blocked, id=2564, stack(0x0000000016560000,0x0000000016660000)]
  0x0000000002c40800 JavaThread "main" [_thread_in_vm, id=6880, stack(0x0000000002b00000,0x0000000002c00000)]

Other Threads:
  0x00000000153d4800 VMThread [stack: 0x0000000016460000,0x0000000016560000] [id=10872]
  0x0000000016d81000 WatcherThread [stack: 0x0000000017270000,0x0000000017370000] [id=6720]

VM state:not at safepoint (normal execution)

VM Mutex/Monitor currently owned by a thread: None

Heap:
 PSYoungGen      total 35328K, used 13287K [0x00000000eab00000, 0x00000000ed000000, 0x0000000100000000)
  eden space 32768K, 32% used [0x00000000eab00000,0x00000000eb581e18,0x00000000ecb00000)
  from space 2560K, 98% used [0x00000000ecd80000,0x00000000ecff8018,0x00000000ed000000)
  to   space 2560K, 0% used [0x00000000ecb00000,0x00000000ecb00000,0x00000000ecd80000)
 ParOldGen       total 44032K, used 3488K [0x00000000c0000000, 0x00000000c2b00000, 0x00000000eab00000)
  object space 44032K, 7% used [0x00000000c0000000,0x00000000c0368390,0x00000000c2b00000)
 Metaspace       used 5852K, capacity 6960K, committed 7040K, reserved 1056768K
  class space    used 562K, capacity 616K, committed 640K, reserved 1048576K

Card table byte_map: [0x0000000012100000,0x0000000012310000] byte_map_base: 0x0000000011b00000

Marking Bits: (ParMarkBitMap*) 0x00000000535118f0
 Begin Bits: [0x0000000012870000, 0x0000000013870000)
 End Bits:   [0x0000000013870000, 0x0000000014870000)

Polling page: 0x0000000001240000

CodeCache: size=245760Kb used=5694Kb max_used=5731Kb free=240065Kb
 bounds [0x0000000002d40000, 0x00000000032f0000, 0x0000000011d40000]
 total_blobs=1575 nmethods=1313 adapters=176
 compilation: enabled

Compilation events (10 events):
Event: 6.038 Thread 0x000000001540a800 nmethod 1297% 0x00000000032b9550 code [0x00000000032b9720, 0x00000000032ba558]
Event: 6.038 Thread 0x000000001540a800 1295       4       com.android.dx.ssa.SsaRenamer$BlockRenamer$RenamingMapper::map (28 bytes)
Event: 6.040 Thread 0x000000001540a800 nmethod 1295 0x00000000032b6450 code [0x00000000032b65a0, 0x00000000032b66a8]
Event: 6.616 Thread 0x000000001540d800 nmethod 1300 0x00000000032d0390 code [0x00000000032d1c80, 0x00000000032d9de8]
Event: 7.198 Thread 0x000000001540a800 1317       4       com.android.dx.ssa.SsaMethod::indexListFromLabelList (47 bytes)
Event: 7.198 Thread 0x000000001540d800 1318       4       com.android.dx.ssa.InterferenceRegisterMapper::interferes (78 bytes)
Event: 7.198 Thread 0x0000000015411800 1320       3       com.android.dx.rop.cst.CstLong::getType (4 bytes)
Event: 7.198 Thread 0x0000000015411800 nmethod 1320 0x00000000032b6110 code [0x00000000032b6260, 0x00000000032b63b0]
Event: 7.198 Thread 0x0000000015411800 1321       3       com.android.dx.rop.code.RegisterSpec::withType (13 bytes)
Event: 7.198 Thread 0x0000000015411800 nmethod 1321 0x00000000032b5cd0 code [0x00000000032b5e40, 0x00000000032b6028]

GC Heap History (4 events):
Event: 3.419 GC heap before
{Heap before GC invocations=1 (full 0):
 PSYoungGen      total 18944K, used 16384K [0x00000000eab00000, 0x00000000ec000000, 0x0000000100000000)
  eden space 16384K, 100% used [0x00000000eab00000,0x00000000ebb00000,0x00000000ebb00000)
  from space 2560K, 0% used [0x00000000ebd80000,0x00000000ebd80000,0x00000000ec000000)
  to   space 2560K, 0% used [0x00000000ebb00000,0x00000000ebb00000,0x00000000ebd80000)
 ParOldGen       total 44032K, used 0K [0x00000000c0000000, 0x00000000c2b00000, 0x00000000eab00000)
  object space 44032K, 0% used [0x00000000c0000000,0x00000000c0000000,0x00000000c2b00000)
 Metaspace       used 5526K, capacity 6704K, committed 6784K, reserved 1056768K
  class space    used 558K, capacity 616K, committed 640K, reserved 1048576K
Event: 3.582 GC heap after
Heap after GC invocations=1 (full 0):
 PSYoungGen      total 18944K, used 2538K [0x00000000eab00000, 0x00000000ed000000, 0x0000000100000000)
  eden space 16384K, 0% used [0x00000000eab00000,0x00000000eab00000,0x00000000ebb00000)
  from space 2560K, 99% used [0x00000000ebb00000,0x00000000ebd7aaa8,0x00000000ebd80000)
  to   space 2560K, 0% used [0x00000000ecd80000,0x00000000ecd80000,0x00000000ed000000)
 ParOldGen       total 44032K, used 1358K [0x00000000c0000000, 0x00000000c2b00000, 0x00000000eab00000)
  object space 44032K, 3% used [0x00000000c0000000,0x00000000c0153a80,0x00000000c2b00000)
 Metaspace       used 5526K, capacity 6704K, committed 6784K, reserved 1056768K
  class space    used 558K, capacity 616K, committed 640K, reserved 1048576K
}
Event: 5.514 GC heap before
{Heap before GC invocations=2 (full 0):
 PSYoungGen      total 18944K, used 18922K [0x00000000eab00000, 0x00000000ed000000, 0x0000000100000000)
  eden space 16384K, 100% used [0x00000000eab00000,0x00000000ebb00000,0x00000000ebb00000)
  from space 2560K, 99% used [0x00000000ebb00000,0x00000000ebd7aaa8,0x00000000ebd80000)
  to   space 2560K, 0% used [0x00000000ecd80000,0x00000000ecd80000,0x00000000ed000000)
 ParOldGen       total 44032K, used 1358K [0x00000000c0000000, 0x00000000c2b00000, 0x00000000eab00000)
  object space 44032K, 3% used [0x00000000c0000000,0x00000000c0153a80,0x00000000c2b00000)
 Metaspace       used 5835K, capacity 6960K, committed 7040K, reserved 1056768K
  class space    used 562K, capacity 616K, committed 640K, reserved 1048576K
Event: 5.672 GC heap after
Heap after GC invocations=2 (full 0):
 PSYoungGen      total 35328K, used 2528K [0x00000000eab00000, 0x00000000ed000000, 0x0000000100000000)
  eden space 32768K, 0% used [0x00000000eab00000,0x00000000eab00000,0x00000000ecb00000)
  from space 2560K, 98% used [0x00000000ecd80000,0x00000000ecff8018,0x00000000ed000000)
  to   space 2560K, 0% used [0x00000000ecb00000,0x00000000ecb00000,0x00000000ecd80000)
 ParOldGen       total 44032K, used 3488K [0x00000000c0000000, 0x00000000c2b00000, 0x00000000eab00000)
  object space 44032K, 7% used [0x00000000c0000000,0x00000000c0368390,0x00000000c2b00000)
 Metaspace       used 5835K, capacity 6960K, committed 7040K, reserved 1056768K
  class space    used 562K, capacity 616K, committed 640K, reserved 1048576K
}

Deoptimization events (10 events):
Event: 4.392 Thread 0x0000000002c40800 Uncommon trap: reason=unstable_if action=reinterpret pc=0x000000000306c420 method=com.android.dx.rop.code.RegisterSpecSet.put(Lcom/android/dx/rop/code/RegisterSpec;)V @ 77
Event: 5.715 Thread 0x0000000017015000 Uncommon trap: reason=bimorphic action=maybe_recompile pc=0x0000000003109f14 method=java.util.HashMap.getNode(ILjava/lang/Object;)Ljava/util/HashMap$Node; @ 126
Event: 5.715 Thread 0x0000000017015000 Uncommon trap: reason=class_check action=maybe_recompile pc=0x0000000003253f94 method=java.util.HashMap.putVal(ILjava/lang/Object;Ljava/lang/Object;ZZ)Ljava/lang/Object; @ 203
Event: 5.718 Thread 0x0000000017015000 Uncommon trap: reason=bimorphic action=maybe_recompile pc=0x0000000003109f14 method=java.util.HashMap.getNode(ILjava/lang/Object;)Ljava/util/HashMap$Node; @ 126
Event: 5.718 Thread 0x0000000017015000 Uncommon trap: reason=class_check action=maybe_recompile pc=0x0000000003253f94 method=java.util.HashMap.putVal(ILjava/lang/Object;Ljava/lang/Object;ZZ)Ljava/lang/Object; @ 203
Event: 5.719 Thread 0x0000000017015000 Uncommon trap: reason=bimorphic action=maybe_recompile pc=0x0000000003109f14 method=java.util.HashMap.getNode(ILjava/lang/Object;)Ljava/util/HashMap$Node; @ 126
Event: 5.719 Thread 0x0000000017015000 Uncommon trap: reason=class_check action=maybe_recompile pc=0x0000000003253f94 method=java.util.HashMap.putVal(ILjava/lang/Object;Ljava/lang/Object;ZZ)Ljava/lang/Object; @ 203
Event: 5.773 Thread 0x0000000017016000 Uncommon trap: reason=unstable_if action=reinterpret pc=0x000000000306bfdc method=com.android.dx.rop.cst.Constant.compareTo(Lcom/android/dx/rop/cst/Constant;)I @ 12
Event: 7.197 Thread 0x0000000017015000 Uncommon trap: reason=bimorphic action=maybe_recompile pc=0x0000000003109f14 method=java.util.HashMap.getNode(ILjava/lang/Object;)Ljava/util/HashMap$Node; @ 126
Event: 7.197 Thread 0x0000000017015000 Uncommon trap: reason=class_check action=maybe_recompile pc=0x0000000003253f94 method=java.util.HashMap.putVal(ILjava/lang/Object;Ljava/lang/Object;ZZ)Ljava/lang/Object; @ 203

Internal exceptions (4 events):
Event: 0.066 Thread 0x0000000002c40800 Exception <a 'java/lang/NoSuchMethodError': Method sun.misc.Unsafe.defineClass(Ljava/lang/String;[BII)Ljava/lang/Class; name or signature does not match> (0x00000000eab07c78) thrown at [C:\src\android\AOSP-openjdk\external\jetbrains\jdk\hotspot\src\share\vºNžè°?
Event: 0.066 Thread 0x0000000002c40800 Exception <a 'java/lang/NoSuchMethodError': Method sun.misc.Unsafe.prefetchRead(Ljava/lang/Object;J)V name or signature does not match> (0x00000000eab07f60) thrown at [C:\src\android\AOSP-openjdk\external\jetbrains\jdk\hotspot\src\share\vm\prims\jni.cpp, lûº¤MQÐ@
Event: 3.852 Thread 0x0000000016fcc800 Implicit null exception at 0x0000000002fea4d8 to 0x0000000002fecac9
Event: 3.852 Thread 0x0000000016fcc800 Implicit null exception at 0x0000000002fc110c to 0x0000000002fc3019

Events (10 events):
Event: 5.773 Thread 0x0000000017016000 Uncommon trap: trap_request=0xffffff65 fr.pc=0x000000000306bfdc
Event: 5.773 Thread 0x0000000017016000 DEOPT PACKING pc=0x000000000306bfdc sp=0x000000001786e410
Event: 5.773 Thread 0x0000000017016000 DEOPT UNPACKING pc=0x0000000002d8556a sp=0x000000001786e3b0 mode 2
Event: 7.197 Thread 0x0000000017015000 DEOPT UNPACKING pc=0x0000000002d8556a sp=0x000000001776eaf8 mode 2
Event: 7.197 Thread 0x0000000017015000 Uncommon trap: trap_request=0xffffffc6 fr.pc=0x0000000003109f14
Event: 7.197 Thread 0x0000000017015000 DEOPT PACKING pc=0x0000000003109f14 sp=0x000000001776eba0
Event: 7.197 Thread 0x0000000017015000 DEOPT UNPACKING pc=0x0000000002d8556a sp=0x000000001776eb20 mode 2
Event: 7.197 Thread 0x0000000017015000 Uncommon trap: trap_request=0xffffffde fr.pc=0x0000000003253f94
Event: 7.197 Thread 0x0000000017015000 DEOPT PACKING pc=0x0000000003253f94 sp=0x000000001776eb70
Event: 7.197 Thread 0x0000000017015000 DEOPT UNPACKING pc=0x0000000002d8556a sp=0x000000001776eaf8 mode 2


Dynamic libraries:
0x00007ff605d70000 - 0x00007ff605da1000 	C:\Program Files\Android\Android Studio\jre\bin\java.exe
0x00007ffb16310000 - 0x00007ffb164eb000 	C:\WINDOWS\SYSTEM32\ntdll.dll
0x00007ffb161b0000 - 0x00007ffb1625e000 	C:\WINDOWS\System32\KERNEL32.DLL
0x00007ffb12320000 - 0x00007ffb12569000 	C:\WINDOWS\System32\KERNELBASE.dll
0x00007ffb160f0000 - 0x00007ffb16191000 	C:\WINDOWS\System32\ADVAPI32.dll
0x00007ffb15f10000 - 0x00007ffb15fad000 	C:\WINDOWS\System32\msvcrt.dll
0x00007ffb158b0000 - 0x00007ffb15909000 	C:\WINDOWS\System32\sechost.dll
0x00007ffb15cc0000 - 0x00007ffb15de5000 	C:\WINDOWS\System32\RPCRT4.dll
0x00007ffb13ad0000 - 0x00007ffb13c1a000 	C:\WINDOWS\System32\USER32.dll
0x00007ffb13050000 - 0x00007ffb1306e000 	C:\WINDOWS\System32\win32u.dll
0x00007ffb15fb0000 - 0x00007ffb15fd7000 	C:\WINDOWS\System32\GDI32.dll
0x00007ffb12710000 - 0x00007ffb12899000 	C:\WINDOWS\System32\gdi32full.dll
0x00007ffb12670000 - 0x00007ffb1270a000 	C:\WINDOWS\System32\msvcp_win.dll
0x00007ffb12570000 - 0x00007ffb12666000 	C:\WINDOWS\System32\ucrtbase.dll
0x00007ffb07c00000 - 0x00007ffb07e67000 	C:\WINDOWS\WinSxS\amd64_microsoft.windows.common-controls_6595b64144ccf1df_6.0.15063.0_none_108e4f62dfe5d999\COMCTL32.dll
0x00007ffb155b0000 - 0x00007ffb158a9000 	C:\WINDOWS\System32\combase.dll
0x00007ffb122b0000 - 0x00007ffb1231a000 	C:\WINDOWS\System32\bcryptPrimitives.dll
0x00007ffb13f70000 - 0x00007ffb13f9d000 	C:\WINDOWS\System32\IMM32.DLL
0x0000000052c70000 - 0x0000000052d42000 	C:\Program Files\Android\Android Studio\jre\jre\bin\msvcr100.dll
0x0000000052d50000 - 0x000000005358c000 	C:\Program Files\Android\Android Studio\jre\jre\bin\server\jvm.dll
0x00007ffb161a0000 - 0x00007ffb161a8000 	C:\WINDOWS\System32\PSAPI.DLL
0x00007ffb00600000 - 0x00007ffb00609000 	C:\WINDOWS\SYSTEM32\WSOCK32.dll
0x00007ffb13a60000 - 0x00007ffb13acc000 	C:\WINDOWS\System32\WS2_32.dll
0x00007ffb104a0000 - 0x00007ffb104c3000 	C:\WINDOWS\SYSTEM32\WINMM.dll
0x00007ffb00610000 - 0x00007ffb0061a000 	C:\WINDOWS\SYSTEM32\VERSION.dll
0x00007ffb10410000 - 0x00007ffb1043b000 	C:\WINDOWS\SYSTEM32\WINMMBASE.dll
0x00007ffb13070000 - 0x00007ffb130b9000 	C:\WINDOWS\System32\cfgmgr32.dll
0x00007ffaf3bb0000 - 0x00007ffaf3bbf000 	C:\Program Files\Android\Android Studio\jre\jre\bin\verify.dll
0x00007ffae6400000 - 0x00007ffae6429000 	C:\Program Files\Android\Android Studio\jre\jre\bin\java.dll
0x00007ffaeb470000 - 0x00007ffaeb486000 	C:\Program Files\Android\Android Studio\jre\jre\bin\zip.dll
0x00007ffb14170000 - 0x00007ffb155a7000 	C:\WINDOWS\System32\SHELL32.dll
0x00007ffb16260000 - 0x00007ffb1630a000 	C:\WINDOWS\System32\shcore.dll
0x00007ffb12950000 - 0x00007ffb13042000 	C:\WINDOWS\System32\windows.storage.dll
0x00007ffb13c20000 - 0x00007ffb13c71000 	C:\WINDOWS\System32\shlwapi.dll
0x00007ffb12060000 - 0x00007ffb12071000 	C:\WINDOWS\System32\kernel.appcore.dll
0x00007ffb11fd0000 - 0x00007ffb1201c000 	C:\WINDOWS\System32\powrprof.dll
0x00007ffb12020000 - 0x00007ffb12035000 	C:\WINDOWS\System32\profapi.dll

VM Arguments:
jvm_args: -Djava.awt.headless=true -Xmx1024M -Dfile.encoding=windows-1252 -Duser.country=GT -Duser.language=es -Duser.variant 
java_command: com.android.dx.command.Main --dex --num-threads=4 --output C:\Android Studio WorkSpace\TDPSYNC\app\build\intermediates\pre-dexed\debug\classes_b52610c1c8e8eeacd06c7e92ede889d3667a9ec3.jar C:\Users\Isaias\.android\build-cache\4b5e74c33245f6778b8cd3f504248201370b971b\output\jars\classes.jar
java_class_path (initial): C:\Users\Isaias\AppData\Local\Android\sdk\build-tools\25.0.0\lib\dx.jar
Launcher Type: SUN_STANDARD

Environment Variables:
PATH=C:\ProgramData\Oracle\Java\javapath;C:\Program Files (x86)\Intel\iCLS Client\;C:\Program Files\Intel\iCLS Client\;C:\WINDOWS\system32;C:\WINDOWS;C:\WINDOWS\System32\Wbem;C:\WINDOWS\System32\WindowsPowerShell\v1.0\;C:\Program Files\Intel\Intel(R) Management Engine Components\DAL;C:\Program Files (x86)\Intel\Intel(R) Management Engine Components\DAL;C:\Program Files\Intel\Intel(R) Management Engine Components\IPT;C:\Program Files (x86)\Intel\Intel(R) Management Engine Components\IPT;C:\Program Files (x86)\Common Files\lenovo\easyplussdk\bin;C:\Program Files (x86)\Lenovo\Password Manager\;C:\Users\Isaias\AppData\Local\Microsoft\WindowsApps;
USERNAME=Isaias
OS=Windows_NT
PROCESSOR_IDENTIFIER=Intel64 Family 6 Model 69 Stepping 1, GenuineIntel



---------------  S Y S T E M  ---------------

OS: Windows 10.0 , 64 bit Build 15063 (10.0.15063.0)

CPU:total 4 (2 cores per cpu, 2 threads per core) family 6 model 69 stepping 1, cmov, cx8, fxsr, mmx, sse, sse2, sse3, ssse3, sse4.1, sse4.2, popcnt, avx, avx2, aes, clmul, erms, lzcnt, ht, tsc, tscinvbit, bmi1, bmi2

Memory: 4k page, physical 4117440k(1032960k free), swap 5548992k(2332k free)

vm_info: OpenJDK 64-Bit Server VM (25.112-b06) for windows-amd64 JRE (1.8.0_112-release-b06), built on Dec  8 2016 00:54:26 by "builder" with MS VC++ 10.0 (VS2010)

time: Fri Apr 28 20:01:21 2017
elapsed time: 7 seconds (0d 0h 0m 7s)

