JvmtiExport can_access_local_variables 0
JvmtiExport can_hotswap_or_post_breakpoint 0
JvmtiExport can_post_on_exceptions 0
# 499 ciObject found
ciMethod java/lang/Object <init> ()V 4097 1 2690592 0 0
ciMethod java/lang/Object equals (Ljava/lang/Object;)Z 4097 1 16542 0 -1
ciMethod java/lang/String charAt (I)C 4097 1 110709 0 128
ciMethod java/lang/String equals (Ljava/lang/Object;)Z 2225 12705 3323 0 -1
ciMethod java/lang/String substring (I)Ljava/lang/String; 329 1 23723 0 -1
ciMethod java/lang/System arraycopy (Ljava/lang/Object;ILjava/lang/Object;II)V 4097 1 512 0 -1
ciMethod java/lang/RuntimeException <init> (Ljava/lang/String;)V 0 0 3 0 -1
ciMethod java/util/Map get (Ljava/lang/Object;)Ljava/lang/Object; 0 0 1 0 -1
ciMethod java/util/Map put (Ljava/lang/Object;Ljava/lang/Object;)Ljava/lang/Object; 0 0 1 0 -1
ciMethod java/lang/StringBuilder <init> ()V 737 1 24877 0 -1
ciMethod java/lang/StringBuilder append (Ljava/lang/String;)Ljava/lang/StringBuilder; 1537 1 72797 0 -1
ciMethod java/lang/StringBuilder append (C)Ljava/lang/StringBuilder; 2625 1 1872 0 -1
ciMethod java/lang/StringBuilder toString ()Ljava/lang/String; 825 1 24897 0 -1
ciMethod java/lang/NullPointerException <init> (Ljava/lang/String;)V 0 0 1 0 -1
ciMethod java/util/ArrayList ensureCapacityInternal (I)V 337 1 806731 0 -1
ciMethod java/util/ArrayList size ()I 1113 1 139 0 0
ciMethod java/util/ArrayList elementData (I)Ljava/lang/Object; 2209 1 2453700 0 0
ciMethod java/util/ArrayList get (I)Ljava/lang/Object; 2209 1 2456366 0 128
ciMethod java/util/ArrayList set (ILjava/lang/Object;)Ljava/lang/Object; 2401 1 3622 0 0
ciMethod java/util/ArrayList add (Ljava/lang/Object;)Z 337 1 784166 0 -1
ciMethod java/util/ArrayList remove (I)Ljava/lang/Object; 3209 1 9784 0 -1
ciMethod java/util/ArrayList clear ()V 3473 8193 34701 0 0
ciMethod java/util/ArrayList rangeCheck (I)V 2209 1 2484750 0 64
ciMethod java/util/ArrayList iterator ()Ljava/util/Iterator; 2153 1 439040 0 192
ciMethod java/util/ArrayList access$100 (Ljava/util/ArrayList;)I 1425 1 178 0 0
ciMethod java/util/HashMap <init> ()V 137 1 188026 0 -1
ciMethod java/util/Iterator hasNext ()Z 0 0 1 0 -1
ciMethod java/util/Iterator next ()Ljava/lang/Object; 0 0 1 0 -1
ciMethodData java/lang/Object <init> ()V 2 2690606 orig 264 8 110 46 90 0 0 0 0 128 4 156 20 0 0 0 0 32 1 0 0 0 0 0 0 0 0 0 0 0 0 0 0 0 0 0 0 0 0 0 0 0 0 0 0 0 0 0 0 0 0 0 0 0 0 0 0 0 0 0 0 0 0 0 0 0 0 0 0 0 0 0 0 0 0 0 0 0 0 0 0 77 68 79 32 101 120 116 114 97 32 100 97 116 97 32 108 111 99 107 0 0 0 0 0 0 0 0 0 0 0 0 0 0 0 0 0 0 0 0 0 0 0 0 0 0 0 0 0 0 0 0 0 0 0 0 0 0 0 0 0 0 0 0 0 0 0 0 0 0 0 0 0 0 0 0 0 0 0 0 0 0 0 0 0 0 0 0 0 0 0 0 0 0 0 0 0 0 0 0 0 0 0 0 0 1 0 0 0 0 0 0 0 1 0 0 0 0 0 0 0 1 0 0 0 0 0 0 0 0 0 0 0 0 0 0 0 0 2 0 0 89 97 72 1 1 0 0 0 0 0 0 0 0 0 0 0 2 0 0 0 0 0 3 0 1 0 0 0 0 0 0 0 255 255 255 255 0 0 0 0 0 0 0 0 data 0 oops 0
ciMethod java/lang/IllegalArgumentException <init> (Ljava/lang/String;)V 0 0 1 0 -1
ciMethodData java/lang/String charAt (I)C 2 110709 orig 264 8 110 46 90 0 0 0 0 176 61 156 20 0 0 0 0 120 1 0 0 32 0 0 0 0 0 0 0 0 0 0 0 0 0 0 0 0 0 0 0 0 0 0 0 0 0 0 0 0 0 0 0 0 0 0 0 0 0 0 0 0 0 0 0 0 0 0 0 0 0 0 0 0 0 0 0 0 0 0 0 77 68 79 32 101 120 116 114 97 32 100 97 116 97 32 108 111 99 107 0 0 0 0 0 0 0 0 0 0 0 0 0 0 0 0 0 0 0 0 0 0 0 0 0 0 0 0 0 0 0 0 0 0 0 0 0 0 0 0 0 0 0 0 0 0 0 0 0 0 0 0 0 0 0 0 0 0 0 0 0 0 0 0 0 0 0 0 0 0 0 0 0 0 0 0 0 0 0 0 0 0 0 0 0 0 0 0 0 0 0 0 0 0 0 0 0 0 0 0 0 0 0 0 0 0 0 0 0 0 0 0 0 0 0 0 0 0 2 0 0 169 115 13 0 1 0 0 0 0 0 0 0 0 0 0 0 2 0 0 0 0 0 8 0 2 0 0 0 80 0 0 0 255 255 255 255 7 0 1 0 0 0 0 0 data 10 0x10007 0x0 0x40 0x1ae76 0xa0007 0x1ae77 0x30 0x0 0x120002 0x0 oops 0
ciMethodData java/util/ArrayList add (Ljava/lang/Object;)Z 2 795460 orig 264 8 110 46 90 0 0 0 0 120 237 168 20 0 0 0 0 144 1 0 0 0 0 0 0 0 0 0 0 0 0 0 0 0 0 0 0 0 0 0 0 0 0 0 0 0 0 0 0 0 0 0 0 0 0 0 0 0 0 0 0 0 0 0 0 0 0 0 0 0 0 0 0 0 0 0 0 0 0 0 0 77 68 79 32 101 120 116 114 97 32 100 97 116 97 32 108 111 99 107 0 0 0 0 0 0 0 0 0 0 0 0 0 0 0 0 0 0 0 0 0 0 0 0 0 0 0 0 0 0 0 0 0 0 0 0 0 0 0 0 0 0 0 0 0 0 0 0 0 0 0 0 0 0 